[36mINFO[0m[2025-04-14 12:54:51] --- Khởi chạy Gateway Modbus ---             
[33mWARN[0m[2025-04-14 12:54:51] Thiết bị 'Schneider_PM_COM3' đang bị vô hiệu hóa trong cấu hình. 
[36mINFO[0m[2025-04-14 12:54:51] Đã đọc 85 thanh ghi cho thiết bị 'Schneider_PM_COM3_Device2' 
[36mINFO[0m[2025-04-14 12:54:51] Đã khởi chạy 1 goroutine cho các thiết bị. Nhấn Ctrl+C để dừng. 
[36mINFO[0m[2025-04-14 12:54:51] Bắt đầu vòng lặp đọc dữ liệu...               [36mdevice[0m=Schneider_PM_COM3_Device2
[36mINFO[0m[2025-04-14 12:54:51] Đang thử kết nối tới COM3 (Path: \\.\COM3)...  [36mdevice[0m=Schneider_PM_COM3_Device2
[36mINFO[0m[2025-04-14 12:54:51] >>> Kết nối Modbus thành công!                [36mdevice[0m=Schneider_PM_COM3_Device2
[36mINFO[0m[2025-04-14 12:54:56] Hoàn thành chu kỳ đọc và ghi dữ liệu          [36mdevice[0m=Schneider_PM_COM3_Device2 [36mduration_ms[0m=4255
[36mINFO[0m[2025-04-14 12:55:00] Hoàn thành chu kỳ đọc và ghi dữ liệu          [36mdevice[0m=Schneider_PM_COM3_Device2 [36mduration_ms[0m=4188
[36mINFO[0m[2025-04-14 12:55:05] Hoàn thành chu kỳ đọc và ghi dữ liệu          [36mdevice[0m=Schneider_PM_COM3_Device2 [36mduration_ms[0m=4211
[36mINFO[0m[2025-04-14 12:55:09] Hoàn thành chu kỳ đọc và ghi dữ liệu          [36mdevice[0m=Schneider_PM_COM3_Device2 [36mduration_ms[0m=4220
[36mINFO[0m[2025-04-14 12:55:13] Hoàn thành chu kỳ đọc và ghi dữ liệu          [36mdevice[0m=Schneider_PM_COM3_Device2 [36mduration_ms[0m=4239
[36mINFO[0m[2025-04-14 12:55:17] Hoàn thành chu kỳ đọc và ghi dữ liệu          [36mdevice[0m=Schneider_PM_COM3_Device2 [36mduration_ms[0m=4184
[36mINFO[0m[2025-04-14 12:55:21] Hoàn thành chu kỳ đọc và ghi dữ liệu          [36mdevice[0m=Schneider_PM_COM3_Device2 [36mduration_ms[0m=4252
[36mINFO[0m[2025-04-14 12:55:26] Hoàn thành chu kỳ đọc và ghi dữ liệu          [36mdevice[0m=Schneider_PM_COM3_Device2 [36mduration_ms[0m=4216
[36mINFO[0m[2025-04-14 12:55:30] Hoàn thành chu kỳ đọc và ghi dữ liệu          [36mdevice[0m=Schneider_PM_COM3_Device2 [36mduration_ms[0m=4201
[36mINFO[0m[2025-04-14 12:55:34] Hoàn thành chu kỳ đọc và ghi dữ liệu          [36mdevice[0m=Schneider_PM_COM3_Device2 [36mduration_ms[0m=4227
[36mINFO[0m[2025-04-14 12:55:38] Hoàn thành chu kỳ đọc và ghi dữ liệu          [36mdevice[0m=Schneider_PM_COM3_Device2 [36mduration_ms[0m=4248
[36mINFO[0m[2025-04-14 12:55:43] Hoàn thành chu kỳ đọc và ghi dữ liệu          [36mdevice[0m=Schneider_PM_COM3_Device2 [36mduration_ms[0m=4218
[36mINFO[0m[2025-04-14 12:55:47] Hoàn thành chu kỳ đọc và ghi dữ liệu          [36mdevice[0m=Schneider_PM_COM3_Device2 [36mduration_ms[0m=4245
[36mINFO[0m[2025-04-14 12:55:51] Hoàn thành chu kỳ đọc và ghi dữ liệu          [36mdevice[0m=Schneider_PM_COM3_Device2 [36mduration_ms[0m=4290
[36mINFO[0m[2025-04-14 12:55:55] Hoàn thành chu kỳ đọc và ghi dữ liệu          [36mdevice[0m=Schneider_PM_COM3_Device2 [36mduration_ms[0m=4220
[36mINFO[0m[2025-04-14 12:56:00] Hoàn thành chu kỳ đọc và ghi dữ liệu          [36mdevice[0m=Schneider_PM_COM3_Device2 [36mduration_ms[0m=4219
[36mINFO[0m[2025-04-14 12:56:04] Hoàn thành chu kỳ đọc và ghi dữ liệu          [36mdevice[0m=Schneider_PM_COM3_Device2 [36mduration_ms[0m=4258
[36mINFO[0m[2025-04-14 12:56:08] Hoàn thành chu kỳ đọc và ghi dữ liệu          [36mdevice[0m=Schneider_PM_COM3_Device2 [36mduration_ms[0m=4243
[36mINFO[0m[2025-04-14 12:56:12] Hoàn thành chu kỳ đọc và ghi dữ liệu          [36mdevice[0m=Schneider_PM_COM3_Device2 [36mduration_ms[0m=4217
[36mINFO[0m[2025-04-14 12:56:16] Hoàn thành chu kỳ đọc và ghi dữ liệu          [36mdevice[0m=Schneider_PM_COM3_Device2 [36mduration_ms[0m=4238
[36mINFO[0m[2025-04-14 12:56:21] Hoàn thành chu kỳ đọc và ghi dữ liệu          [36mdevice[0m=Schneider_PM_COM3_Device2 [36mduration_ms[0m=4213
[36mINFO[0m[2025-04-14 12:56:25] Hoàn thành chu kỳ đọc và ghi dữ liệu          [36mdevice[0m=Schneider_PM_COM3_Device2 [36mduration_ms[0m=4197
[36mINFO[0m[2025-04-14 12:56:29] Hoàn thành chu kỳ đọc và ghi dữ liệu          [36mdevice[0m=Schneider_PM_COM3_Device2 [36mduration_ms[0m=4214
[36mINFO[0m[2025-04-14 12:56:33] Hoàn thành chu kỳ đọc và ghi dữ liệu          [36mdevice[0m=Schneider_PM_COM3_Device2 [36mduration_ms[0m=4254
[36mINFO[0m[2025-04-14 12:56:38] Hoàn thành chu kỳ đọc và ghi dữ liệu          [36mdevice[0m=Schneider_PM_COM3_Device2 [36mduration_ms[0m=4216
[36mINFO[0m[2025-04-14 12:56:42] Hoàn thành chu kỳ đọc và ghi dữ liệu          [36mdevice[0m=Schneider_PM_COM3_Device2 [36mduration_ms[0m=4249
[36mINFO[0m[2025-04-14 12:56:46] Hoàn thành chu kỳ đọc và ghi dữ liệu          [36mdevice[0m=Schneider_PM_COM3_Device2 [36mduration_ms[0m=4221
[36mINFO[0m[2025-04-14 12:56:50] Hoàn thành chu kỳ đọc và ghi dữ liệu          [36mdevice[0m=Schneider_PM_COM3_Device2 [36mduration_ms[0m=4426
[36mINFO[0m[2025-04-14 12:56:55] Hoàn thành chu kỳ đọc và ghi dữ liệu          [36mdevice[0m=Schneider_PM_COM3_Device2 [36mduration_ms[0m=4452
[33mWARN[0m[2025-04-14 12:56:59] Đã nhận tín hiệu dừng. Đang yêu cầu các goroutine kết thúc... 
[36mINFO[0m[2025-04-14 12:56:59] Đang chờ các goroutine hoàn thành...         
[36mINFO[0m[2025-04-14 12:56:59] Hoàn thành chu kỳ đọc và ghi dữ liệu          [36mdevice[0m=Schneider_PM_COM3_Device2 [36mduration_ms[0m=4371
[36mINFO[0m[2025-04-14 12:56:59] Nhận tín hiệu dừng, kết thúc vòng lặp đọc.    [36mdevice[0m=Schneider_PM_COM3_Device2
[36mINFO[0m[2025-04-14 12:56:59] Đang đóng kết nối Modbus...                   [36mdevice[0m=Schneider_PM_COM3_Device2
[36mINFO[0m[2025-04-14 12:56:59] Tất cả goroutine đã dừng. Chương trình kết thúc. 
[36mINFO[0m[2025-04-14 12:56:59] Đang đóng các file CSV...                    
[36mINFO[0m[2025-04-14 12:56:59] Đã đóng các file CSV.                        
[36mINFO[0m[2025-04-14 12:56:59] Đang đóng các storage data writers...        
[36mINFO[0m[2025-04-14 12:56:59] Đã đóng các storage data writers.            
