[36mINFO[0m[2025-04-13 21:42:36] --- Khởi chạy Gateway Modbus ---             
[36mINFO[0m[2025-04-13 21:42:36] Đã đọc 85 thanh ghi cho thiết bị 'Schneider_PM_COM3' 
[36mINFO[0m[2025-04-13 21:42:36] Đã khởi chạy 1 goroutine cho các thiết bị. Nhấn Ctrl+C để dừng. 
[36mINFO[0m[2025-04-13 21:42:36] Bắt đầu vòng lặp đọc dữ liệu...               [36mdevice[0m=Schneider_PM_COM3
[36mINFO[0m[2025-04-13 21:42:36] Đang thử kết nối tới COM3 (Path: \\.\COM3)...  [36mdevice[0m=Schneider_PM_COM3
[36mINFO[0m[2025-04-13 21:42:36] >>> Kết nối Modbus thành công!                [36mdevice[0m=Schneider_PM_COM3
[36mINFO[0m[2025-04-13 21:42:41] Hoàn thành chu kỳ đọc và ghi dữ liệu          [36mdevice[0m=Schneider_PM_COM3 [36mduration_ms[0m=4177
[36mINFO[0m[2025-04-13 21:42:45] Hoàn thành chu kỳ đọc và ghi dữ liệu          [36mdevice[0m=Schneider_PM_COM3 [36mduration_ms[0m=4223
[36mINFO[0m[2025-04-13 21:42:49] Hoàn thành chu kỳ đọc và ghi dữ liệu          [36mdevice[0m=Schneider_PM_COM3 [36mduration_ms[0m=3936
[36mINFO[0m[2025-04-13 21:42:53] Hoàn thành chu kỳ đọc và ghi dữ liệu          [36mdevice[0m=Schneider_PM_COM3 [36mduration_ms[0m=4147
[36mINFO[0m[2025-04-13 21:42:57] Hoàn thành chu kỳ đọc và ghi dữ liệu          [36mdevice[0m=Schneider_PM_COM3 [36mduration_ms[0m=4014
[36mINFO[0m[2025-04-13 21:43:01] Hoàn thành chu kỳ đọc và ghi dữ liệu          [36mdevice[0m=Schneider_PM_COM3 [36mduration_ms[0m=4169
[36mINFO[0m[2025-04-13 21:43:06] Hoàn thành chu kỳ đọc và ghi dữ liệu          [36mdevice[0m=Schneider_PM_COM3 [36mduration_ms[0m=4256
[36mINFO[0m[2025-04-13 21:43:10] Hoàn thành chu kỳ đọc và ghi dữ liệu          [36mdevice[0m=Schneider_PM_COM3 [36mduration_ms[0m=4191
[36mINFO[0m[2025-04-13 21:43:14] Hoàn thành chu kỳ đọc và ghi dữ liệu          [36mdevice[0m=Schneider_PM_COM3 [36mduration_ms[0m=4119
[36mINFO[0m[2025-04-13 21:43:18] Hoàn thành chu kỳ đọc và ghi dữ liệu          [36mdevice[0m=Schneider_PM_COM3 [36mduration_ms[0m=4240
[36mINFO[0m[2025-04-13 21:43:23] Hoàn thành chu kỳ đọc và ghi dữ liệu          [36mdevice[0m=Schneider_PM_COM3 [36mduration_ms[0m=4375
[36mINFO[0m[2025-04-13 21:43:27] Hoàn thành chu kỳ đọc và ghi dữ liệu          [36mdevice[0m=Schneider_PM_COM3 [36mduration_ms[0m=4371
[33mWARN[0m[2025-04-13 21:43:30] Đã nhận tín hiệu dừng. Đang yêu cầu các goroutine kết thúc... 
[36mINFO[0m[2025-04-13 21:43:30] Đang chờ các goroutine hoàn thành...         
[36mINFO[0m[2025-04-13 21:43:31] Hoàn thành chu kỳ đọc và ghi dữ liệu          [36mdevice[0m=Schneider_PM_COM3 [36mduration_ms[0m=4223
[36mINFO[0m[2025-04-13 21:43:31] Nhận tín hiệu dừng, kết thúc vòng lặp đọc.    [36mdevice[0m=Schneider_PM_COM3
[36mINFO[0m[2025-04-13 21:43:31] Đang đóng kết nối Modbus...                   [36mdevice[0m=Schneider_PM_COM3
[36mINFO[0m[2025-04-13 21:43:31] Tất cả goroutine đã dừng. Chương trình kết thúc. 
[36mINFO[0m[2025-04-13 21:43:31] Đang đóng các file CSV...                    
[36mINFO[0m[2025-04-13 21:43:31] Đã đóng các file CSV.                        
[36mINFO[0m[2025-04-13 21:43:31] Đang đóng các storage data writers...        
[36mINFO[0m[2025-04-13 21:43:31] Đã đóng các storage data writers.            
