[36mINFO[0m[2025-04-14 12:35:55] --- Khởi chạy Gateway Modbus ---             
[33mWARN[0m[2025-04-14 12:35:55] Thiết bị 'Schneider_PM_COM3' đang bị vô hiệu hóa trong cấu hình. 
[36mINFO[0m[2025-04-14 12:35:55] Đã đọc 85 thanh ghi cho thiết bị 'Schneider_PM_COM3_Device2' 
[36mINFO[0m[2025-04-14 12:35:55] Đã khởi chạy 1 goroutine cho các thiết bị. Nhấn Ctrl+C để dừng. 
[36mINFO[0m[2025-04-14 12:35:55] Bắt đầu vòng lặp đọc dữ liệu...               [36mdevice[0m=Schneider_PM_COM3_Device2
[36mINFO[0m[2025-04-14 12:35:55] Đang thử kết nối tới COM3 (Path: \\.\COM3)...  [36mdevice[0m=Schneider_PM_COM3_Device2
[36mINFO[0m[2025-04-14 12:35:55] >>> Kết nối Modbus thành công!                [36mdevice[0m=Schneider_PM_COM3_Device2
[33mWARN[0m[2025-04-14 12:36:02] Lỗi giao tiếp khác                            [33mdevice[0m=Schneider_PM_COM3_Device2 [33merror[0m="serial: timeout" [33merror_type[0m="*errors.errorString"
[33mWARN[0m[2025-04-14 12:36:04] Lỗi giao tiếp khác                            [33mdevice[0m=Schneider_PM_COM3_Device2 [33merror[0m="serial: timeout" [33merror_type[0m="*errors.errorString"
[33mWARN[0m[2025-04-14 12:36:05] Lỗi giao tiếp khác                            [33mdevice[0m=Schneider_PM_COM3_Device2 [33merror[0m="serial: timeout" [33merror_type[0m="*errors.errorString"
[33mWARN[0m[2025-04-14 12:36:07] Lỗi giao tiếp khác                            [33mdevice[0m=Schneider_PM_COM3_Device2 [33merror[0m="serial: timeout" [33merror_type[0m="*errors.errorString"
[33mWARN[0m[2025-04-14 12:36:08] Lỗi giao tiếp khác                            [33mdevice[0m=Schneider_PM_COM3_Device2 [33merror[0m="serial: timeout" [33merror_type[0m="*errors.errorString"
[33mWARN[0m[2025-04-14 12:36:10] Lỗi giao tiếp khác                            [33mdevice[0m=Schneider_PM_COM3_Device2 [33merror[0m="serial: timeout" [33merror_type[0m="*errors.errorString"
[33mWARN[0m[2025-04-14 12:36:12] Lỗi giao tiếp khác                            [33mdevice[0m=Schneider_PM_COM3_Device2 [33merror[0m="serial: timeout" [33merror_type[0m="*errors.errorString"
[33mWARN[0m[2025-04-14 12:36:13] Lỗi giao tiếp khác                            [33mdevice[0m=Schneider_PM_COM3_Device2 [33merror[0m="serial: timeout" [33merror_type[0m="*errors.errorString"
[33mWARN[0m[2025-04-14 12:36:15] Lỗi giao tiếp khác                            [33mdevice[0m=Schneider_PM_COM3_Device2 [33merror[0m="serial: timeout" [33merror_type[0m="*errors.errorString"
[33mWARN[0m[2025-04-14 12:36:16] Lỗi giao tiếp khác                            [33mdevice[0m=Schneider_PM_COM3_Device2 [33merror[0m="serial: timeout" [33merror_type[0m="*errors.errorString"
[33mWARN[0m[2025-04-14 12:36:18] Lỗi giao tiếp khác                            [33mdevice[0m=Schneider_PM_COM3_Device2 [33merror[0m="serial: timeout" [33merror_type[0m="*errors.errorString"
[33mWARN[0m[2025-04-14 12:36:19] Lỗi giao tiếp khác                            [33mdevice[0m=Schneider_PM_COM3_Device2 [33merror[0m="serial: timeout" [33merror_type[0m="*errors.errorString"
[33mWARN[0m[2025-04-14 12:36:21] Lỗi giao tiếp khác                            [33mdevice[0m=Schneider_PM_COM3_Device2 [33merror[0m="serial: timeout" [33merror_type[0m="*errors.errorString"
[33mWARN[0m[2025-04-14 12:36:23] Lỗi giao tiếp khác                            [33mdevice[0m=Schneider_PM_COM3_Device2 [33merror[0m="serial: timeout" [33merror_type[0m="*errors.errorString"
[33mWARN[0m[2025-04-14 12:36:24] Lỗi giao tiếp khác                            [33mdevice[0m=Schneider_PM_COM3_Device2 [33merror[0m="serial: timeout" [33merror_type[0m="*errors.errorString"
[33mWARN[0m[2025-04-14 12:36:26] Lỗi giao tiếp khác                            [33mdevice[0m=Schneider_PM_COM3_Device2 [33merror[0m="serial: timeout" [33merror_type[0m="*errors.errorString"
[33mWARN[0m[2025-04-14 12:36:27] Lỗi giao tiếp khác                            [33mdevice[0m=Schneider_PM_COM3_Device2 [33merror[0m="serial: timeout" [33merror_type[0m="*errors.errorString"
[33mWARN[0m[2025-04-14 12:36:29] Lỗi giao tiếp khác                            [33mdevice[0m=Schneider_PM_COM3_Device2 [33merror[0m="serial: timeout" [33merror_type[0m="*errors.errorString"
[33mWARN[0m[2025-04-14 12:36:31] Lỗi giao tiếp khác                            [33mdevice[0m=Schneider_PM_COM3_Device2 [33merror[0m="serial: timeout" [33merror_type[0m="*errors.errorString"
[33mWARN[0m[2025-04-14 12:36:32] Lỗi giao tiếp khác                            [33mdevice[0m=Schneider_PM_COM3_Device2 [33merror[0m="serial: timeout" [33merror_type[0m="*errors.errorString"
[33mWARN[0m[2025-04-14 12:36:34] Lỗi giao tiếp khác                            [33mdevice[0m=Schneider_PM_COM3_Device2 [33merror[0m="serial: timeout" [33merror_type[0m="*errors.errorString"
[33mWARN[0m[2025-04-14 12:36:36] Lỗi giao tiếp khác                            [33mdevice[0m=Schneider_PM_COM3_Device2 [33merror[0m="serial: timeout" [33merror_type[0m="*errors.errorString"
[33mWARN[0m[2025-04-14 12:36:37] Lỗi giao tiếp khác                            [33mdevice[0m=Schneider_PM_COM3_Device2 [33merror[0m="serial: timeout" [33merror_type[0m="*errors.errorString"
[33mWARN[0m[2025-04-14 12:36:39] Lỗi giao tiếp khác                            [33mdevice[0m=Schneider_PM_COM3_Device2 [33merror[0m="serial: timeout" [33merror_type[0m="*errors.errorString"
[33mWARN[0m[2025-04-14 12:36:41] Lỗi giao tiếp khác                            [33mdevice[0m=Schneider_PM_COM3_Device2 [33merror[0m="serial: timeout" [33merror_type[0m="*errors.errorString"
[33mWARN[0m[2025-04-14 12:36:42] Lỗi giao tiếp khác                            [33mdevice[0m=Schneider_PM_COM3_Device2 [33merror[0m="serial: timeout" [33merror_type[0m="*errors.errorString"
[33mWARN[0m[2025-04-14 12:36:44] Lỗi giao tiếp khác                            [33mdevice[0m=Schneider_PM_COM3_Device2 [33merror[0m="serial: timeout" [33merror_type[0m="*errors.errorString"
[33mWARN[0m[2025-04-14 12:36:45] Lỗi giao tiếp khác                            [33mdevice[0m=Schneider_PM_COM3_Device2 [33merror[0m="serial: timeout" [33merror_type[0m="*errors.errorString"
[33mWARN[0m[2025-04-14 12:36:47] Lỗi giao tiếp khác                            [33mdevice[0m=Schneider_PM_COM3_Device2 [33merror[0m="serial: timeout" [33merror_type[0m="*errors.errorString"
[33mWARN[0m[2025-04-14 12:36:49] Lỗi giao tiếp khác                            [33mdevice[0m=Schneider_PM_COM3_Device2 [33merror[0m="serial: timeout" [33merror_type[0m="*errors.errorString"
[33mWARN[0m[2025-04-14 12:36:50] Lỗi giao tiếp khác                            [33mdevice[0m=Schneider_PM_COM3_Device2 [33merror[0m="serial: timeout" [33merror_type[0m="*errors.errorString"
[33mWARN[0m[2025-04-14 12:36:52] Lỗi giao tiếp khác                            [33mdevice[0m=Schneider_PM_COM3_Device2 [33merror[0m="serial: timeout" [33merror_type[0m="*errors.errorString"
[33mWARN[0m[2025-04-14 12:36:53] Lỗi giao tiếp khác                            [33mdevice[0m=Schneider_PM_COM3_Device2 [33merror[0m="serial: timeout" [33merror_type[0m="*errors.errorString"
[33mWARN[0m[2025-04-14 12:36:55] Lỗi giao tiếp khác                            [33mdevice[0m=Schneider_PM_COM3_Device2 [33merror[0m="serial: timeout" [33merror_type[0m="*errors.errorString"
[33mWARN[0m[2025-04-14 12:36:57] Lỗi giao tiếp khác                            [33mdevice[0m=Schneider_PM_COM3_Device2 [33merror[0m="serial: timeout" [33merror_type[0m="*errors.errorString"
[33mWARN[0m[2025-04-14 12:36:58] Lỗi giao tiếp khác                            [33mdevice[0m=Schneider_PM_COM3_Device2 [33merror[0m="serial: timeout" [33merror_type[0m="*errors.errorString"
[33mWARN[0m[2025-04-14 12:37:00] Lỗi giao tiếp khác                            [33mdevice[0m=Schneider_PM_COM3_Device2 [33merror[0m="serial: timeout" [33merror_type[0m="*errors.errorString"
[33mWARN[0m[2025-04-14 12:37:01] Lỗi giao tiếp khác                            [33mdevice[0m=Schneider_PM_COM3_Device2 [33merror[0m="serial: timeout" [33merror_type[0m="*errors.errorString"
[33mWARN[0m[2025-04-14 12:37:03] Đã nhận tín hiệu dừng. Đang yêu cầu các goroutine kết thúc... 
[36mINFO[0m[2025-04-14 12:37:03] Đang chờ các goroutine hoàn thành...         
[33mWARN[0m[2025-04-14 12:37:03] Lỗi giao tiếp khác                            [33mdevice[0m=Schneider_PM_COM3_Device2 [33merror[0m="serial: timeout" [33merror_type[0m="*errors.errorString"
[33mWARN[0m[2025-04-14 12:37:04] Lỗi giao tiếp khác                            [33mdevice[0m=Schneider_PM_COM3_Device2 [33merror[0m="serial: timeout" [33merror_type[0m="*errors.errorString"
[33mWARN[0m[2025-04-14 12:37:06] Lỗi giao tiếp khác                            [33mdevice[0m=Schneider_PM_COM3_Device2 [33merror[0m="serial: timeout" [33merror_type[0m="*errors.errorString"
[33mWARN[0m[2025-04-14 12:37:08] Lỗi giao tiếp khác                            [33mdevice[0m=Schneider_PM_COM3_Device2 [33merror[0m="serial: timeout" [33merror_type[0m="*errors.errorString"
[33mWARN[0m[2025-04-14 12:37:09] Lỗi giao tiếp khác                            [33mdevice[0m=Schneider_PM_COM3_Device2 [33merror[0m="serial: timeout" [33merror_type[0m="*errors.errorString"
[33mWARN[0m[2025-04-14 12:37:11] Lỗi giao tiếp khác                            [33mdevice[0m=Schneider_PM_COM3_Device2 [33merror[0m="serial: timeout" [33merror_type[0m="*errors.errorString"
[33mWARN[0m[2025-04-14 12:37:12] Lỗi giao tiếp khác                            [33mdevice[0m=Schneider_PM_COM3_Device2 [33merror[0m="serial: timeout" [33merror_type[0m="*errors.errorString"
[33mWARN[0m[2025-04-14 12:37:14] Lỗi giao tiếp khác                            [33mdevice[0m=Schneider_PM_COM3_Device2 [33merror[0m="serial: timeout" [33merror_type[0m="*errors.errorString"
[33mWARN[0m[2025-04-14 12:37:16] Lỗi giao tiếp khác                            [33mdevice[0m=Schneider_PM_COM3_Device2 [33merror[0m="serial: timeout" [33merror_type[0m="*errors.errorString"
[33mWARN[0m[2025-04-14 12:37:17] Lỗi giao tiếp khác                            [33mdevice[0m=Schneider_PM_COM3_Device2 [33merror[0m="serial: timeout" [33merror_type[0m="*errors.errorString"
[33mWARN[0m[2025-04-14 12:37:19] Lỗi giao tiếp khác                            [33mdevice[0m=Schneider_PM_COM3_Device2 [33merror[0m="serial: timeout" [33merror_type[0m="*errors.errorString"
[33mWARN[0m[2025-04-14 12:37:20] Lỗi giao tiếp khác                            [33mdevice[0m=Schneider_PM_COM3_Device2 [33merror[0m="serial: timeout" [33merror_type[0m="*errors.errorString"
[33mWARN[0m[2025-04-14 12:37:22] Lỗi giao tiếp khác                            [33mdevice[0m=Schneider_PM_COM3_Device2 [33merror[0m="serial: timeout" [33merror_type[0m="*errors.errorString"
[33mWARN[0m[2025-04-14 12:37:23] Lỗi giao tiếp khác                            [33mdevice[0m=Schneider_PM_COM3_Device2 [33merror[0m="serial: timeout" [33merror_type[0m="*errors.errorString"
[33mWARN[0m[2025-04-14 12:37:25] Lỗi giao tiếp khác                            [33mdevice[0m=Schneider_PM_COM3_Device2 [33merror[0m="serial: timeout" [33merror_type[0m="*errors.errorString"
[33mWARN[0m[2025-04-14 12:37:27] Lỗi giao tiếp khác                            [33mdevice[0m=Schneider_PM_COM3_Device2 [33merror[0m="serial: timeout" [33merror_type[0m="*errors.errorString"
[33mWARN[0m[2025-04-14 12:37:28] Lỗi giao tiếp khác                            [33mdevice[0m=Schneider_PM_COM3_Device2 [33merror[0m="serial: timeout" [33merror_type[0m="*errors.errorString"
[33mWARN[0m[2025-04-14 12:37:30] Lỗi giao tiếp khác                            [33mdevice[0m=Schneider_PM_COM3_Device2 [33merror[0m="serial: timeout" [33merror_type[0m="*errors.errorString"
[33mWARN[0m[2025-04-14 12:37:31] Lỗi giao tiếp khác                            [33mdevice[0m=Schneider_PM_COM3_Device2 [33merror[0m="serial: timeout" [33merror_type[0m="*errors.errorString"
[33mWARN[0m[2025-04-14 12:37:33] Lỗi giao tiếp khác                            [33mdevice[0m=Schneider_PM_COM3_Device2 [33merror[0m="serial: timeout" [33merror_type[0m="*errors.errorString"
[33mWARN[0m[2025-04-14 12:37:35] Lỗi giao tiếp khác                            [33mdevice[0m=Schneider_PM_COM3_Device2 [33merror[0m="serial: timeout" [33merror_type[0m="*errors.errorString"
[33mWARN[0m[2025-04-14 12:37:36] Lỗi giao tiếp khác                            [33mdevice[0m=Schneider_PM_COM3_Device2 [33merror[0m="serial: timeout" [33merror_type[0m="*errors.errorString"
[33mWARN[0m[2025-04-14 12:37:38] Lỗi giao tiếp khác                            [33mdevice[0m=Schneider_PM_COM3_Device2 [33merror[0m="serial: timeout" [33merror_type[0m="*errors.errorString"
[33mWARN[0m[2025-04-14 12:37:39] Lỗi giao tiếp khác                            [33mdevice[0m=Schneider_PM_COM3_Device2 [33merror[0m="serial: timeout" [33merror_type[0m="*errors.errorString"
[33mWARN[0m[2025-04-14 12:37:41] Lỗi giao tiếp khác                            [33mdevice[0m=Schneider_PM_COM3_Device2 [33merror[0m="serial: timeout" [33merror_type[0m="*errors.errorString"
[33mWARN[0m[2025-04-14 12:37:42] Lỗi giao tiếp khác                            [33mdevice[0m=Schneider_PM_COM3_Device2 [33merror[0m="serial: timeout" [33merror_type[0m="*errors.errorString"
[33mWARN[0m[2025-04-14 12:37:44] Lỗi giao tiếp khác                            [33mdevice[0m=Schneider_PM_COM3_Device2 [33merror[0m="serial: timeout" [33merror_type[0m="*errors.errorString"
[33mWARN[0m[2025-04-14 12:37:46] Lỗi giao tiếp khác                            [33mdevice[0m=Schneider_PM_COM3_Device2 [33merror[0m="serial: timeout" [33merror_type[0m="*errors.errorString"
[33mWARN[0m[2025-04-14 12:37:47] Lỗi giao tiếp khác                            [33mdevice[0m=Schneider_PM_COM3_Device2 [33merror[0m="serial: timeout" [33merror_type[0m="*errors.errorString"
[33mWARN[0m[2025-04-14 12:37:49] Lỗi giao tiếp khác                            [33mdevice[0m=Schneider_PM_COM3_Device2 [33merror[0m="serial: timeout" [33merror_type[0m="*errors.errorString"
[33mWARN[0m[2025-04-14 12:37:51] Lỗi giao tiếp khác                            [33mdevice[0m=Schneider_PM_COM3_Device2 [33merror[0m="serial: timeout" [33merror_type[0m="*errors.errorString"
[33mWARN[0m[2025-04-14 12:37:52] Lỗi giao tiếp khác                            [33mdevice[0m=Schneider_PM_COM3_Device2 [33merror[0m="serial: timeout" [33merror_type[0m="*errors.errorString"
[33mWARN[0m[2025-04-14 12:37:54] Lỗi giao tiếp khác                            [33mdevice[0m=Schneider_PM_COM3_Device2 [33merror[0m="serial: timeout" [33merror_type[0m="*errors.errorString"
[33mWARN[0m[2025-04-14 12:37:55] Lỗi giao tiếp khác                            [33mdevice[0m=Schneider_PM_COM3_Device2 [33merror[0m="serial: timeout" [33merror_type[0m="*errors.errorString"
[33mWARN[0m[2025-04-14 12:37:57] Lỗi giao tiếp khác                            [33mdevice[0m=Schneider_PM_COM3_Device2 [33merror[0m="serial: timeout" [33merror_type[0m="*errors.errorString"
[33mWARN[0m[2025-04-14 12:37:59] Lỗi giao tiếp khác                            [33mdevice[0m=Schneider_PM_COM3_Device2 [33merror[0m="serial: timeout" [33merror_type[0m="*errors.errorString"
[33mWARN[0m[2025-04-14 12:38:00] Lỗi giao tiếp khác                            [33mdevice[0m=Schneider_PM_COM3_Device2 [33merror[0m="serial: timeout" [33merror_type[0m="*errors.errorString"
[33mWARN[0m[2025-04-14 12:38:02] Lỗi giao tiếp khác                            [33mdevice[0m=Schneider_PM_COM3_Device2 [33merror[0m="serial: timeout" [33merror_type[0m="*errors.errorString"
[33mWARN[0m[2025-04-14 12:38:03] Lỗi giao tiếp khác                            [33mdevice[0m=Schneider_PM_COM3_Device2 [33merror[0m="serial: timeout" [33merror_type[0m="*errors.errorString"
[33mWARN[0m[2025-04-14 12:38:05] Lỗi giao tiếp khác                            [33mdevice[0m=Schneider_PM_COM3_Device2 [33merror[0m="serial: timeout" [33merror_type[0m="*errors.errorString"
[33mWARN[0m[2025-04-14 12:38:07] Lỗi giao tiếp khác                            [33mdevice[0m=Schneider_PM_COM3_Device2 [33merror[0m="serial: timeout" [33merror_type[0m="*errors.errorString"
[33mWARN[0m[2025-04-14 12:38:08] Lỗi giao tiếp khác                            [33mdevice[0m=Schneider_PM_COM3_Device2 [33merror[0m="serial: timeout" [33merror_type[0m="*errors.errorString"
[33mWARN[0m[2025-04-14 12:38:10] Lỗi giao tiếp khác                            [33mdevice[0m=Schneider_PM_COM3_Device2 [33merror[0m="serial: timeout" [33merror_type[0m="*errors.errorString"
[33mWARN[0m[2025-04-14 12:38:11] Lỗi giao tiếp khác                            [33mdevice[0m=Schneider_PM_COM3_Device2 [33merror[0m="serial: timeout" [33merror_type[0m="*errors.errorString"
[33mWARN[0m[2025-04-14 12:38:13] Lỗi giao tiếp khác                            [33mdevice[0m=Schneider_PM_COM3_Device2 [33merror[0m="serial: timeout" [33merror_type[0m="*errors.errorString"
