[36mINFO[0m[2025-04-14 12:40:43] --- Khởi chạy Gateway Modbus ---             
[33mWARN[0m[2025-04-14 12:40:43] Thiết bị 'Schneider_PM_COM3' đang bị vô hiệu hóa trong cấu hình. 
[36mINFO[0m[2025-04-14 12:40:43] Đã đọc 85 thanh ghi cho thiết bị 'Schneider_PM_COM3_Device2' 
[36mINFO[0m[2025-04-14 12:40:43] Đã khởi chạy 1 goroutine cho các thiết bị. Nhấn Ctrl+C để dừng. 
[36mINFO[0m[2025-04-14 12:40:43] Bắt đầu vòng lặp đọc dữ liệu...               [36mdevice[0m=Schneider_PM_COM3_Device2
[36mINFO[0m[2025-04-14 12:40:43] Đang thử kết nối tới COM3 (Path: \\.\COM3)...  [36mdevice[0m=Schneider_PM_COM3_Device2
[36mINFO[0m[2025-04-14 12:40:43] >>> Kết nối Modbus thành công!                [36mdevice[0m=Schneider_PM_COM3_Device2
[33mWARN[0m[2025-04-14 12:40:45] Lỗi giao tiếp khác                            [33mdevice[0m=Schneider_PM_COM3_Device2 [33merror[0m="serial: timeout" [33merror_type[0m="*errors.errorString"
[33mWARN[0m[2025-04-14 12:40:46] Lỗi giao tiếp khác                            [33mdevice[0m=Schneider_PM_COM3_Device2 [33merror[0m="serial: timeout" [33merror_type[0m="*errors.errorString"
[33mWARN[0m[2025-04-14 12:40:47] Lỗi giao tiếp khác                            [33mdevice[0m=Schneider_PM_COM3_Device2 [33merror[0m="serial: timeout" [33merror_type[0m="*errors.errorString"
[33mWARN[0m[2025-04-14 12:40:48] Lỗi giao tiếp khác                            [33mdevice[0m=Schneider_PM_COM3_Device2 [33merror[0m="serial: timeout" [33merror_type[0m="*errors.errorString"
[33mWARN[0m[2025-04-14 12:40:49] Lỗi giao tiếp khác                            [33mdevice[0m=Schneider_PM_COM3_Device2 [33merror[0m="serial: timeout" [33merror_type[0m="*errors.errorString"
[33mWARN[0m[2025-04-14 12:40:51] Lỗi giao tiếp khác                            [33mdevice[0m=Schneider_PM_COM3_Device2 [33merror[0m="serial: timeout" [33merror_type[0m="*errors.errorString"
[33mWARN[0m[2025-04-14 12:40:52] Lỗi giao tiếp khác                            [33mdevice[0m=Schneider_PM_COM3_Device2 [33merror[0m="serial: timeout" [33merror_type[0m="*errors.errorString"
[33mWARN[0m[2025-04-14 12:40:53] Lỗi giao tiếp khác                            [33mdevice[0m=Schneider_PM_COM3_Device2 [33merror[0m="serial: timeout" [33merror_type[0m="*errors.errorString"
[33mWARN[0m[2025-04-14 12:40:54] Lỗi giao tiếp khác                            [33mdevice[0m=Schneider_PM_COM3_Device2 [33merror[0m="serial: timeout" [33merror_type[0m="*errors.errorString"
[33mWARN[0m[2025-04-14 12:40:55] Lỗi giao tiếp khác                            [33mdevice[0m=Schneider_PM_COM3_Device2 [33merror[0m="serial: timeout" [33merror_type[0m="*errors.errorString"
[33mWARN[0m[2025-04-14 12:40:56] Lỗi giao tiếp khác                            [33mdevice[0m=Schneider_PM_COM3_Device2 [33merror[0m="serial: timeout" [33merror_type[0m="*errors.errorString"
[33mWARN[0m[2025-04-14 12:40:57] Lỗi giao tiếp khác                            [33mdevice[0m=Schneider_PM_COM3_Device2 [33merror[0m="serial: timeout" [33merror_type[0m="*errors.errorString"
[33mWARN[0m[2025-04-14 12:40:58] Lỗi giao tiếp khác                            [33mdevice[0m=Schneider_PM_COM3_Device2 [33merror[0m="serial: timeout" [33merror_type[0m="*errors.errorString"
[33mWARN[0m[2025-04-14 12:40:59] Lỗi giao tiếp khác                            [33mdevice[0m=Schneider_PM_COM3_Device2 [33merror[0m="serial: timeout" [33merror_type[0m="*errors.errorString"
[33mWARN[0m[2025-04-14 12:41:00] Lỗi giao tiếp khác                            [33mdevice[0m=Schneider_PM_COM3_Device2 [33merror[0m="serial: timeout" [33merror_type[0m="*errors.errorString"
[33mWARN[0m[2025-04-14 12:41:01] Lỗi giao tiếp khác                            [33mdevice[0m=Schneider_PM_COM3_Device2 [33merror[0m="serial: timeout" [33merror_type[0m="*errors.errorString"
[33mWARN[0m[2025-04-14 12:41:02] Lỗi giao tiếp khác                            [33mdevice[0m=Schneider_PM_COM3_Device2 [33merror[0m="serial: timeout" [33merror_type[0m="*errors.errorString"
[33mWARN[0m[2025-04-14 12:41:03] Lỗi giao tiếp khác                            [33mdevice[0m=Schneider_PM_COM3_Device2 [33merror[0m="serial: timeout" [33merror_type[0m="*errors.errorString"
[33mWARN[0m[2025-04-14 12:41:05] Lỗi giao tiếp khác                            [33mdevice[0m=Schneider_PM_COM3_Device2 [33merror[0m="serial: timeout" [33merror_type[0m="*errors.errorString"
[33mWARN[0m[2025-04-14 12:41:06] Lỗi giao tiếp khác                            [33mdevice[0m=Schneider_PM_COM3_Device2 [33merror[0m="serial: timeout" [33merror_type[0m="*errors.errorString"
[33mWARN[0m[2025-04-14 12:41:07] Lỗi giao tiếp khác                            [33mdevice[0m=Schneider_PM_COM3_Device2 [33merror[0m="serial: timeout" [33merror_type[0m="*errors.errorString"
[33mWARN[0m[2025-04-14 12:41:08] Lỗi giao tiếp khác                            [33mdevice[0m=Schneider_PM_COM3_Device2 [33merror[0m="serial: timeout" [33merror_type[0m="*errors.errorString"
[33mWARN[0m[2025-04-14 12:41:09] Lỗi giao tiếp khác                            [33mdevice[0m=Schneider_PM_COM3_Device2 [33merror[0m="serial: timeout" [33merror_type[0m="*errors.errorString"
[33mWARN[0m[2025-04-14 12:41:10] Lỗi giao tiếp khác                            [33mdevice[0m=Schneider_PM_COM3_Device2 [33merror[0m="serial: timeout" [33merror_type[0m="*errors.errorString"
[33mWARN[0m[2025-04-14 12:41:11] Lỗi giao tiếp khác                            [33mdevice[0m=Schneider_PM_COM3_Device2 [33merror[0m="serial: timeout" [33merror_type[0m="*errors.errorString"
[33mWARN[0m[2025-04-14 12:41:12] Lỗi giao tiếp khác                            [33mdevice[0m=Schneider_PM_COM3_Device2 [33merror[0m="serial: timeout" [33merror_type[0m="*errors.errorString"
[33mWARN[0m[2025-04-14 12:41:13] Lỗi giao tiếp khác                            [33mdevice[0m=Schneider_PM_COM3_Device2 [33merror[0m="serial: timeout" [33merror_type[0m="*errors.errorString"
[33mWARN[0m[2025-04-14 12:41:14] Lỗi giao tiếp khác                            [33mdevice[0m=Schneider_PM_COM3_Device2 [33merror[0m="serial: timeout" [33merror_type[0m="*errors.errorString"
[33mWARN[0m[2025-04-14 12:41:15] Lỗi giao tiếp khác                            [33mdevice[0m=Schneider_PM_COM3_Device2 [33merror[0m="serial: timeout" [33merror_type[0m="*errors.errorString"
[33mWARN[0m[2025-04-14 12:41:16] Lỗi giao tiếp khác                            [33mdevice[0m=Schneider_PM_COM3_Device2 [33merror[0m="serial: timeout" [33merror_type[0m="*errors.errorString"
[33mWARN[0m[2025-04-14 12:41:18] Lỗi giao tiếp khác                            [33mdevice[0m=Schneider_PM_COM3_Device2 [33merror[0m="serial: timeout" [33merror_type[0m="*errors.errorString"
[33mWARN[0m[2025-04-14 12:41:19] Lỗi giao tiếp khác                            [33mdevice[0m=Schneider_PM_COM3_Device2 [33merror[0m="serial: timeout" [33merror_type[0m="*errors.errorString"
[33mWARN[0m[2025-04-14 12:41:20] Lỗi giao tiếp khác                            [33mdevice[0m=Schneider_PM_COM3_Device2 [33merror[0m="serial: timeout" [33merror_type[0m="*errors.errorString"
[33mWARN[0m[2025-04-14 12:41:21] Lỗi giao tiếp khác                            [33mdevice[0m=Schneider_PM_COM3_Device2 [33merror[0m="serial: timeout" [33merror_type[0m="*errors.errorString"
[33mWARN[0m[2025-04-14 12:41:22] Lỗi giao tiếp khác                            [33mdevice[0m=Schneider_PM_COM3_Device2 [33merror[0m="serial: timeout" [33merror_type[0m="*errors.errorString"
[33mWARN[0m[2025-04-14 12:41:23] Lỗi giao tiếp khác                            [33mdevice[0m=Schneider_PM_COM3_Device2 [33merror[0m="serial: timeout" [33merror_type[0m="*errors.errorString"
[33mWARN[0m[2025-04-14 12:41:24] Lỗi giao tiếp khác                            [33mdevice[0m=Schneider_PM_COM3_Device2 [33merror[0m="serial: timeout" [33merror_type[0m="*errors.errorString"
[33mWARN[0m[2025-04-14 12:41:25] Lỗi giao tiếp khác                            [33mdevice[0m=Schneider_PM_COM3_Device2 [33merror[0m="serial: timeout" [33merror_type[0m="*errors.errorString"
[33mWARN[0m[2025-04-14 12:41:26] Lỗi giao tiếp khác                            [33mdevice[0m=Schneider_PM_COM3_Device2 [33merror[0m="serial: timeout" [33merror_type[0m="*errors.errorString"
[33mWARN[0m[2025-04-14 12:41:27] Lỗi giao tiếp khác                            [33mdevice[0m=Schneider_PM_COM3_Device2 [33merror[0m="serial: timeout" [33merror_type[0m="*errors.errorString"
[33mWARN[0m[2025-04-14 12:41:28] Lỗi giao tiếp khác                            [33mdevice[0m=Schneider_PM_COM3_Device2 [33merror[0m="serial: timeout" [33merror_type[0m="*errors.errorString"
[33mWARN[0m[2025-04-14 12:41:29] Lỗi giao tiếp khác                            [33mdevice[0m=Schneider_PM_COM3_Device2 [33merror[0m="serial: timeout" [33merror_type[0m="*errors.errorString"
[33mWARN[0m[2025-04-14 12:41:31] Lỗi giao tiếp khác                            [33mdevice[0m=Schneider_PM_COM3_Device2 [33merror[0m="serial: timeout" [33merror_type[0m="*errors.errorString"
[33mWARN[0m[2025-04-14 12:41:32] Lỗi giao tiếp khác                            [33mdevice[0m=Schneider_PM_COM3_Device2 [33merror[0m="serial: timeout" [33merror_type[0m="*errors.errorString"
[33mWARN[0m[2025-04-14 12:41:33] Lỗi giao tiếp khác                            [33mdevice[0m=Schneider_PM_COM3_Device2 [33merror[0m="serial: timeout" [33merror_type[0m="*errors.errorString"
[33mWARN[0m[2025-04-14 12:41:34] Lỗi giao tiếp khác                            [33mdevice[0m=Schneider_PM_COM3_Device2 [33merror[0m="serial: timeout" [33merror_type[0m="*errors.errorString"
[33mWARN[0m[2025-04-14 12:41:35] Lỗi giao tiếp khác                            [33mdevice[0m=Schneider_PM_COM3_Device2 [33merror[0m="serial: timeout" [33merror_type[0m="*errors.errorString"
[33mWARN[0m[2025-04-14 12:41:36] Lỗi giao tiếp khác                            [33mdevice[0m=Schneider_PM_COM3_Device2 [33merror[0m="serial: timeout" [33merror_type[0m="*errors.errorString"
[33mWARN[0m[2025-04-14 12:41:37] Lỗi giao tiếp khác                            [33mdevice[0m=Schneider_PM_COM3_Device2 [33merror[0m="serial: timeout" [33merror_type[0m="*errors.errorString"
[33mWARN[0m[2025-04-14 12:41:38] Lỗi giao tiếp khác                            [33mdevice[0m=Schneider_PM_COM3_Device2 [33merror[0m="serial: timeout" [33merror_type[0m="*errors.errorString"
[33mWARN[0m[2025-04-14 12:41:39] Lỗi giao tiếp khác                            [33mdevice[0m=Schneider_PM_COM3_Device2 [33merror[0m="serial: timeout" [33merror_type[0m="*errors.errorString"
[33mWARN[0m[2025-04-14 12:41:41] Lỗi giao tiếp khác                            [33mdevice[0m=Schneider_PM_COM3_Device2 [33merror[0m="serial: timeout" [33merror_type[0m="*errors.errorString"
[33mWARN[0m[2025-04-14 12:41:42] Lỗi giao tiếp khác                            [33mdevice[0m=Schneider_PM_COM3_Device2 [33merror[0m="serial: timeout" [33merror_type[0m="*errors.errorString"
[33mWARN[0m[2025-04-14 12:41:43] Lỗi giao tiếp khác                            [33mdevice[0m=Schneider_PM_COM3_Device2 [33merror[0m="serial: timeout" [33merror_type[0m="*errors.errorString"
[33mWARN[0m[2025-04-14 12:41:44] Lỗi giao tiếp khác                            [33mdevice[0m=Schneider_PM_COM3_Device2 [33merror[0m="serial: timeout" [33merror_type[0m="*errors.errorString"
[33mWARN[0m[2025-04-14 12:41:45] Lỗi giao tiếp khác                            [33mdevice[0m=Schneider_PM_COM3_Device2 [33merror[0m="serial: timeout" [33merror_type[0m="*errors.errorString"
[33mWARN[0m[2025-04-14 12:41:46] Lỗi giao tiếp khác                            [33mdevice[0m=Schneider_PM_COM3_Device2 [33merror[0m="serial: timeout" [33merror_type[0m="*errors.errorString"
[33mWARN[0m[2025-04-14 12:41:47] Lỗi giao tiếp khác                            [33mdevice[0m=Schneider_PM_COM3_Device2 [33merror[0m="serial: timeout" [33merror_type[0m="*errors.errorString"
[33mWARN[0m[2025-04-14 12:41:48] Lỗi giao tiếp khác                            [33mdevice[0m=Schneider_PM_COM3_Device2 [33merror[0m="serial: timeout" [33merror_type[0m="*errors.errorString"
[33mWARN[0m[2025-04-14 12:41:49] Lỗi giao tiếp khác                            [33mdevice[0m=Schneider_PM_COM3_Device2 [33merror[0m="serial: timeout" [33merror_type[0m="*errors.errorString"
[33mWARN[0m[2025-04-14 12:41:50] Lỗi giao tiếp khác                            [33mdevice[0m=Schneider_PM_COM3_Device2 [33merror[0m="serial: timeout" [33merror_type[0m="*errors.errorString"
[33mWARN[0m[2025-04-14 12:41:52] Lỗi giao tiếp khác                            [33mdevice[0m=Schneider_PM_COM3_Device2 [33merror[0m="serial: timeout" [33merror_type[0m="*errors.errorString"
[33mWARN[0m[2025-04-14 12:41:53] Lỗi giao tiếp khác                            [33mdevice[0m=Schneider_PM_COM3_Device2 [33merror[0m="serial: timeout" [33merror_type[0m="*errors.errorString"
[33mWARN[0m[2025-04-14 12:41:54] Lỗi giao tiếp khác                            [33mdevice[0m=Schneider_PM_COM3_Device2 [33merror[0m="serial: timeout" [33merror_type[0m="*errors.errorString"
[33mWARN[0m[2025-04-14 12:41:55] Lỗi giao tiếp khác                            [33mdevice[0m=Schneider_PM_COM3_Device2 [33merror[0m="serial: timeout" [33merror_type[0m="*errors.errorString"
[33mWARN[0m[2025-04-14 12:41:56] Lỗi giao tiếp khác                            [33mdevice[0m=Schneider_PM_COM3_Device2 [33merror[0m="serial: timeout" [33merror_type[0m="*errors.errorString"
[33mWARN[0m[2025-04-14 12:41:57] Lỗi giao tiếp khác                            [33mdevice[0m=Schneider_PM_COM3_Device2 [33merror[0m="serial: timeout" [33merror_type[0m="*errors.errorString"
[33mWARN[0m[2025-04-14 12:41:58] Lỗi giao tiếp khác                            [33mdevice[0m=Schneider_PM_COM3_Device2 [33merror[0m="serial: timeout" [33merror_type[0m="*errors.errorString"
[33mWARN[0m[2025-04-14 12:41:59] Lỗi giao tiếp khác                            [33mdevice[0m=Schneider_PM_COM3_Device2 [33merror[0m="serial: timeout" [33merror_type[0m="*errors.errorString"
[33mWARN[0m[2025-04-14 12:42:00] Lỗi giao tiếp khác                            [33mdevice[0m=Schneider_PM_COM3_Device2 [33merror[0m="serial: timeout" [33merror_type[0m="*errors.errorString"
[33mWARN[0m[2025-04-14 12:42:01] Lỗi giao tiếp khác                            [33mdevice[0m=Schneider_PM_COM3_Device2 [33merror[0m="serial: timeout" [33merror_type[0m="*errors.errorString"
[33mWARN[0m[2025-04-14 12:42:02] Lỗi giao tiếp khác                            [33mdevice[0m=Schneider_PM_COM3_Device2 [33merror[0m="serial: timeout" [33merror_type[0m="*errors.errorString"
[33mWARN[0m[2025-04-14 12:42:04] Lỗi giao tiếp khác                            [33mdevice[0m=Schneider_PM_COM3_Device2 [33merror[0m="serial: timeout" [33merror_type[0m="*errors.errorString"
[33mWARN[0m[2025-04-14 12:42:05] Lỗi giao tiếp khác                            [33mdevice[0m=Schneider_PM_COM3_Device2 [33merror[0m="serial: timeout" [33merror_type[0m="*errors.errorString"
[33mWARN[0m[2025-04-14 12:42:06] Lỗi giao tiếp khác                            [33mdevice[0m=Schneider_PM_COM3_Device2 [33merror[0m="serial: timeout" [33merror_type[0m="*errors.errorString"
[33mWARN[0m[2025-04-14 12:42:07] Lỗi giao tiếp khác                            [33mdevice[0m=Schneider_PM_COM3_Device2 [33merror[0m="serial: timeout" [33merror_type[0m="*errors.errorString"
[33mWARN[0m[2025-04-14 12:42:08] Lỗi giao tiếp khác                            [33mdevice[0m=Schneider_PM_COM3_Device2 [33merror[0m="serial: timeout" [33merror_type[0m="*errors.errorString"
[33mWARN[0m[2025-04-14 12:42:09] Lỗi giao tiếp khác                            [33mdevice[0m=Schneider_PM_COM3_Device2 [33merror[0m="serial: timeout" [33merror_type[0m="*errors.errorString"
[33mWARN[0m[2025-04-14 12:42:10] Lỗi giao tiếp khác                            [33mdevice[0m=Schneider_PM_COM3_Device2 [33merror[0m="serial: timeout" [33merror_type[0m="*errors.errorString"
[33mWARN[0m[2025-04-14 12:42:11] Lỗi giao tiếp khác                            [33mdevice[0m=Schneider_PM_COM3_Device2 [33merror[0m="serial: timeout" [33merror_type[0m="*errors.errorString"
[33mWARN[0m[2025-04-14 12:42:12] Lỗi giao tiếp khác                            [33mdevice[0m=Schneider_PM_COM3_Device2 [33merror[0m="serial: timeout" [33merror_type[0m="*errors.errorString"
[33mWARN[0m[2025-04-14 12:42:13] Lỗi giao tiếp khác                            [33mdevice[0m=Schneider_PM_COM3_Device2 [33merror[0m="serial: timeout" [33merror_type[0m="*errors.errorString"
[33mWARN[0m[2025-04-14 12:42:14] Lỗi giao tiếp khác                            [33mdevice[0m=Schneider_PM_COM3_Device2 [33merror[0m="serial: timeout" [33merror_type[0m="*errors.errorString"
[33mWARN[0m[2025-04-14 12:42:16] Lỗi giao tiếp khác                            [33mdevice[0m=Schneider_PM_COM3_Device2 [33merror[0m="serial: timeout" [33merror_type[0m="*errors.errorString"
[33mWARN[0m[2025-04-14 12:42:17] Lỗi giao tiếp khác                            [33mdevice[0m=Schneider_PM_COM3_Device2 [33merror[0m="serial: timeout" [33merror_type[0m="*errors.errorString"
[36mINFO[0m[2025-04-14 12:42:17] Hoàn thành chu kỳ đọc và ghi dữ liệu          [36mdevice[0m=Schneider_PM_COM3_Device2 [36mduration_ms[0m=92680
[33mWARN[0m[2025-04-14 12:42:18] Lỗi giao tiếp khác                            [33mdevice[0m=Schneider_PM_COM3_Device2 [33merror[0m="serial: timeout" [33merror_type[0m="*errors.errorString"
[33mWARN[0m[2025-04-14 12:42:19] Lỗi giao tiếp khác                            [33mdevice[0m=Schneider_PM_COM3_Device2 [33merror[0m="serial: timeout" [33merror_type[0m="*errors.errorString"
[33mWARN[0m[2025-04-14 12:42:20] Lỗi giao tiếp khác                            [33mdevice[0m=Schneider_PM_COM3_Device2 [33merror[0m="serial: timeout" [33merror_type[0m="*errors.errorString"
[33mWARN[0m[2025-04-14 12:42:21] Lỗi giao tiếp khác                            [33mdevice[0m=Schneider_PM_COM3_Device2 [33merror[0m="serial: timeout" [33merror_type[0m="*errors.errorString"
[33mWARN[0m[2025-04-14 12:42:22] Lỗi giao tiếp khác                            [33mdevice[0m=Schneider_PM_COM3_Device2 [33merror[0m="serial: timeout" [33merror_type[0m="*errors.errorString"
[33mWARN[0m[2025-04-14 12:42:23] Lỗi giao tiếp khác                            [33mdevice[0m=Schneider_PM_COM3_Device2 [33merror[0m="serial: timeout" [33merror_type[0m="*errors.errorString"
[33mWARN[0m[2025-04-14 12:42:24] Lỗi giao tiếp khác                            [33mdevice[0m=Schneider_PM_COM3_Device2 [33merror[0m="serial: timeout" [33merror_type[0m="*errors.errorString"
[33mWARN[0m[2025-04-14 12:42:25] Lỗi giao tiếp khác                            [33mdevice[0m=Schneider_PM_COM3_Device2 [33merror[0m="serial: timeout" [33merror_type[0m="*errors.errorString"
[33mWARN[0m[2025-04-14 12:42:26] Lỗi giao tiếp khác                            [33mdevice[0m=Schneider_PM_COM3_Device2 [33merror[0m="serial: timeout" [33merror_type[0m="*errors.errorString"
[33mWARN[0m[2025-04-14 12:42:27] Lỗi giao tiếp khác                            [33mdevice[0m=Schneider_PM_COM3_Device2 [33merror[0m="serial: timeout" [33merror_type[0m="*errors.errorString"
[33mWARN[0m[2025-04-14 12:42:29] Lỗi giao tiếp khác                            [33mdevice[0m=Schneider_PM_COM3_Device2 [33merror[0m="serial: timeout" [33merror_type[0m="*errors.errorString"
[33mWARN[0m[2025-04-14 12:42:30] Lỗi giao tiếp khác                            [33mdevice[0m=Schneider_PM_COM3_Device2 [33merror[0m="serial: timeout" [33merror_type[0m="*errors.errorString"
[33mWARN[0m[2025-04-14 12:42:31] Lỗi giao tiếp khác                            [33mdevice[0m=Schneider_PM_COM3_Device2 [33merror[0m="serial: timeout" [33merror_type[0m="*errors.errorString"
[33mWARN[0m[2025-04-14 12:42:32] Lỗi giao tiếp khác                            [33mdevice[0m=Schneider_PM_COM3_Device2 [33merror[0m="serial: timeout" [33merror_type[0m="*errors.errorString"
[33mWARN[0m[2025-04-14 12:42:33] Lỗi giao tiếp khác                            [33mdevice[0m=Schneider_PM_COM3_Device2 [33merror[0m="serial: timeout" [33merror_type[0m="*errors.errorString"
[33mWARN[0m[2025-04-14 12:42:34] Lỗi giao tiếp khác                            [33mdevice[0m=Schneider_PM_COM3_Device2 [33merror[0m="serial: timeout" [33merror_type[0m="*errors.errorString"
[33mWARN[0m[2025-04-14 12:42:35] Lỗi giao tiếp khác                            [33mdevice[0m=Schneider_PM_COM3_Device2 [33merror[0m="serial: timeout" [33merror_type[0m="*errors.errorString"
[33mWARN[0m[2025-04-14 12:42:36] Lỗi giao tiếp khác                            [33mdevice[0m=Schneider_PM_COM3_Device2 [33merror[0m="serial: timeout" [33merror_type[0m="*errors.errorString"
[33mWARN[0m[2025-04-14 12:42:37] Lỗi giao tiếp khác                            [33mdevice[0m=Schneider_PM_COM3_Device2 [33merror[0m="serial: timeout" [33merror_type[0m="*errors.errorString"
[33mWARN[0m[2025-04-14 12:42:38] Lỗi giao tiếp khác                            [33mdevice[0m=Schneider_PM_COM3_Device2 [33merror[0m="serial: timeout" [33merror_type[0m="*errors.errorString"
[33mWARN[0m[2025-04-14 12:42:39] Lỗi giao tiếp khác                            [33mdevice[0m=Schneider_PM_COM3_Device2 [33merror[0m="serial: timeout" [33merror_type[0m="*errors.errorString"
[33mWARN[0m[2025-04-14 12:42:40] Lỗi giao tiếp khác                            [33mdevice[0m=Schneider_PM_COM3_Device2 [33merror[0m="serial: timeout" [33merror_type[0m="*errors.errorString"
[33mWARN[0m[2025-04-14 12:42:42] Lỗi giao tiếp khác                            [33mdevice[0m=Schneider_PM_COM3_Device2 [33merror[0m="serial: timeout" [33merror_type[0m="*errors.errorString"
[33mWARN[0m[2025-04-14 12:42:43] Lỗi giao tiếp khác                            [33mdevice[0m=Schneider_PM_COM3_Device2 [33merror[0m="serial: timeout" [33merror_type[0m="*errors.errorString"
[33mWARN[0m[2025-04-14 12:42:44] Lỗi giao tiếp khác                            [33mdevice[0m=Schneider_PM_COM3_Device2 [33merror[0m="serial: timeout" [33merror_type[0m="*errors.errorString"
[33mWARN[0m[2025-04-14 12:42:45] Lỗi giao tiếp khác                            [33mdevice[0m=Schneider_PM_COM3_Device2 [33merror[0m="serial: timeout" [33merror_type[0m="*errors.errorString"
[33mWARN[0m[2025-04-14 12:42:46] Lỗi giao tiếp khác                            [33mdevice[0m=Schneider_PM_COM3_Device2 [33merror[0m="serial: timeout" [33merror_type[0m="*errors.errorString"
[33mWARN[0m[2025-04-14 12:42:47] Lỗi giao tiếp khác                            [33mdevice[0m=Schneider_PM_COM3_Device2 [33merror[0m="serial: timeout" [33merror_type[0m="*errors.errorString"
[33mWARN[0m[2025-04-14 12:42:48] Lỗi giao tiếp khác                            [33mdevice[0m=Schneider_PM_COM3_Device2 [33merror[0m="serial: timeout" [33merror_type[0m="*errors.errorString"
[33mWARN[0m[2025-04-14 12:42:49] Lỗi giao tiếp khác                            [33mdevice[0m=Schneider_PM_COM3_Device2 [33merror[0m="serial: timeout" [33merror_type[0m="*errors.errorString"
[33mWARN[0m[2025-04-14 12:42:50] Lỗi giao tiếp khác                            [33mdevice[0m=Schneider_PM_COM3_Device2 [33merror[0m="serial: timeout" [33merror_type[0m="*errors.errorString"
[33mWARN[0m[2025-04-14 12:42:51] Lỗi giao tiếp khác                            [33mdevice[0m=Schneider_PM_COM3_Device2 [33merror[0m="serial: timeout" [33merror_type[0m="*errors.errorString"
[33mWARN[0m[2025-04-14 12:42:52] Lỗi giao tiếp khác                            [33mdevice[0m=Schneider_PM_COM3_Device2 [33merror[0m="serial: timeout" [33merror_type[0m="*errors.errorString"
[33mWARN[0m[2025-04-14 12:42:53] Lỗi giao tiếp khác                            [33mdevice[0m=Schneider_PM_COM3_Device2 [33merror[0m="serial: timeout" [33merror_type[0m="*errors.errorString"
[33mWARN[0m[2025-04-14 12:42:55] Lỗi giao tiếp khác                            [33mdevice[0m=Schneider_PM_COM3_Device2 [33merror[0m="serial: timeout" [33merror_type[0m="*errors.errorString"
[33mWARN[0m[2025-04-14 12:42:56] Lỗi giao tiếp khác                            [33mdevice[0m=Schneider_PM_COM3_Device2 [33merror[0m="serial: timeout" [33merror_type[0m="*errors.errorString"
[33mWARN[0m[2025-04-14 12:42:57] Lỗi giao tiếp khác                            [33mdevice[0m=Schneider_PM_COM3_Device2 [33merror[0m="serial: timeout" [33merror_type[0m="*errors.errorString"
[33mWARN[0m[2025-04-14 12:42:58] Lỗi giao tiếp khác                            [33mdevice[0m=Schneider_PM_COM3_Device2 [33merror[0m="serial: timeout" [33merror_type[0m="*errors.errorString"
[33mWARN[0m[2025-04-14 12:42:59] Lỗi giao tiếp khác                            [33mdevice[0m=Schneider_PM_COM3_Device2 [33merror[0m="serial: timeout" [33merror_type[0m="*errors.errorString"
[33mWARN[0m[2025-04-14 12:43:00] Lỗi giao tiếp khác                            [33mdevice[0m=Schneider_PM_COM3_Device2 [33merror[0m="serial: timeout" [33merror_type[0m="*errors.errorString"
[33mWARN[0m[2025-04-14 12:43:01] Lỗi giao tiếp khác                            [33mdevice[0m=Schneider_PM_COM3_Device2 [33merror[0m="serial: timeout" [33merror_type[0m="*errors.errorString"
[33mWARN[0m[2025-04-14 12:43:02] Lỗi giao tiếp khác                            [33mdevice[0m=Schneider_PM_COM3_Device2 [33merror[0m="serial: timeout" [33merror_type[0m="*errors.errorString"
[33mWARN[0m[2025-04-14 12:43:03] Lỗi giao tiếp khác                            [33mdevice[0m=Schneider_PM_COM3_Device2 [33merror[0m="serial: timeout" [33merror_type[0m="*errors.errorString"
[33mWARN[0m[2025-04-14 12:43:04] Lỗi giao tiếp khác                            [33mdevice[0m=Schneider_PM_COM3_Device2 [33merror[0m="serial: timeout" [33merror_type[0m="*errors.errorString"
[33mWARN[0m[2025-04-14 12:43:05] Lỗi giao tiếp khác                            [33mdevice[0m=Schneider_PM_COM3_Device2 [33merror[0m="serial: timeout" [33merror_type[0m="*errors.errorString"
[33mWARN[0m[2025-04-14 12:43:07] Lỗi giao tiếp khác                            [33mdevice[0m=Schneider_PM_COM3_Device2 [33merror[0m="serial: timeout" [33merror_type[0m="*errors.errorString"
[33mWARN[0m[2025-04-14 12:43:08] Lỗi giao tiếp khác                            [33mdevice[0m=Schneider_PM_COM3_Device2 [33merror[0m="serial: timeout" [33merror_type[0m="*errors.errorString"
[33mWARN[0m[2025-04-14 12:43:09] Lỗi giao tiếp khác                            [33mdevice[0m=Schneider_PM_COM3_Device2 [33merror[0m="serial: timeout" [33merror_type[0m="*errors.errorString"
[33mWARN[0m[2025-04-14 12:43:10] Lỗi giao tiếp khác                            [33mdevice[0m=Schneider_PM_COM3_Device2 [33merror[0m="serial: timeout" [33merror_type[0m="*errors.errorString"
[33mWARN[0m[2025-04-14 12:43:11] Lỗi giao tiếp khác                            [33mdevice[0m=Schneider_PM_COM3_Device2 [33merror[0m="serial: timeout" [33merror_type[0m="*errors.errorString"
[33mWARN[0m[2025-04-14 12:43:12] Lỗi giao tiếp khác                            [33mdevice[0m=Schneider_PM_COM3_Device2 [33merror[0m="serial: timeout" [33merror_type[0m="*errors.errorString"
[33mWARN[0m[2025-04-14 12:43:13] Lỗi giao tiếp khác                            [33mdevice[0m=Schneider_PM_COM3_Device2 [33merror[0m="serial: timeout" [33merror_type[0m="*errors.errorString"
[33mWARN[0m[2025-04-14 12:43:14] Lỗi giao tiếp khác                            [33mdevice[0m=Schneider_PM_COM3_Device2 [33merror[0m="serial: timeout" [33merror_type[0m="*errors.errorString"
[33mWARN[0m[2025-04-14 12:43:15] Lỗi giao tiếp khác                            [33mdevice[0m=Schneider_PM_COM3_Device2 [33merror[0m="serial: timeout" [33merror_type[0m="*errors.errorString"
[33mWARN[0m[2025-04-14 12:43:16] Lỗi giao tiếp khác                            [33mdevice[0m=Schneider_PM_COM3_Device2 [33merror[0m="serial: timeout" [33merror_type[0m="*errors.errorString"
[33mWARN[0m[2025-04-14 12:43:17] Lỗi giao tiếp khác                            [33mdevice[0m=Schneider_PM_COM3_Device2 [33merror[0m="serial: timeout" [33merror_type[0m="*errors.errorString"
[33mWARN[0m[2025-04-14 12:43:18] Lỗi giao tiếp khác                            [33mdevice[0m=Schneider_PM_COM3_Device2 [33merror[0m="serial: timeout" [33merror_type[0m="*errors.errorString"
[33mWARN[0m[2025-04-14 12:43:20] Lỗi giao tiếp khác                            [33mdevice[0m=Schneider_PM_COM3_Device2 [33merror[0m="serial: timeout" [33merror_type[0m="*errors.errorString"
[33mWARN[0m[2025-04-14 12:43:21] Lỗi giao tiếp khác                            [33mdevice[0m=Schneider_PM_COM3_Device2 [33merror[0m="serial: timeout" [33merror_type[0m="*errors.errorString"
[33mWARN[0m[2025-04-14 12:43:22] Lỗi giao tiếp khác                            [33mdevice[0m=Schneider_PM_COM3_Device2 [33merror[0m="serial: timeout" [33merror_type[0m="*errors.errorString"
[33mWARN[0m[2025-04-14 12:43:23] Lỗi giao tiếp khác                            [33mdevice[0m=Schneider_PM_COM3_Device2 [33merror[0m="serial: timeout" [33merror_type[0m="*errors.errorString"
[33mWARN[0m[2025-04-14 12:43:24] Lỗi giao tiếp khác                            [33mdevice[0m=Schneider_PM_COM3_Device2 [33merror[0m="serial: timeout" [33merror_type[0m="*errors.errorString"
[33mWARN[0m[2025-04-14 12:43:25] Lỗi giao tiếp khác                            [33mdevice[0m=Schneider_PM_COM3_Device2 [33merror[0m="serial: timeout" [33merror_type[0m="*errors.errorString"
[33mWARN[0m[2025-04-14 12:43:26] Lỗi giao tiếp khác                            [33mdevice[0m=Schneider_PM_COM3_Device2 [33merror[0m="serial: timeout" [33merror_type[0m="*errors.errorString"
[33mWARN[0m[2025-04-14 12:43:27] Lỗi giao tiếp khác                            [33mdevice[0m=Schneider_PM_COM3_Device2 [33merror[0m="serial: timeout" [33merror_type[0m="*errors.errorString"
[33mWARN[0m[2025-04-14 12:43:28] Lỗi giao tiếp khác                            [33mdevice[0m=Schneider_PM_COM3_Device2 [33merror[0m="serial: timeout" [33merror_type[0m="*errors.errorString"
[33mWARN[0m[2025-04-14 12:43:29] Lỗi giao tiếp khác                            [33mdevice[0m=Schneider_PM_COM3_Device2 [33merror[0m="serial: timeout" [33merror_type[0m="*errors.errorString"
[33mWARN[0m[2025-04-14 12:43:30] Lỗi giao tiếp khác                            [33mdevice[0m=Schneider_PM_COM3_Device2 [33merror[0m="serial: timeout" [33merror_type[0m="*errors.errorString"
[33mWARN[0m[2025-04-14 12:43:31] Lỗi giao tiếp khác                            [33mdevice[0m=Schneider_PM_COM3_Device2 [33merror[0m="serial: timeout" [33merror_type[0m="*errors.errorString"
[33mWARN[0m[2025-04-14 12:43:33] Lỗi giao tiếp khác                            [33mdevice[0m=Schneider_PM_COM3_Device2 [33merror[0m="serial: timeout" [33merror_type[0m="*errors.errorString"
[33mWARN[0m[2025-04-14 12:43:34] Lỗi giao tiếp khác                            [33mdevice[0m=Schneider_PM_COM3_Device2 [33merror[0m="serial: timeout" [33merror_type[0m="*errors.errorString"
[33mWARN[0m[2025-04-14 12:43:35] Lỗi giao tiếp khác                            [33mdevice[0m=Schneider_PM_COM3_Device2 [33merror[0m="serial: timeout" [33merror_type[0m="*errors.errorString"
[33mWARN[0m[2025-04-14 12:43:36] Lỗi giao tiếp khác                            [33mdevice[0m=Schneider_PM_COM3_Device2 [33merror[0m="serial: timeout" [33merror_type[0m="*errors.errorString"
[33mWARN[0m[2025-04-14 12:43:37] Lỗi giao tiếp khác                            [33mdevice[0m=Schneider_PM_COM3_Device2 [33merror[0m="serial: timeout" [33merror_type[0m="*errors.errorString"
[33mWARN[0m[2025-04-14 12:43:38] Lỗi giao tiếp khác                            [33mdevice[0m=Schneider_PM_COM3_Device2 [33merror[0m="serial: timeout" [33merror_type[0m="*errors.errorString"
[33mWARN[0m[2025-04-14 12:43:39] Lỗi giao tiếp khác                            [33mdevice[0m=Schneider_PM_COM3_Device2 [33merror[0m="serial: timeout" [33merror_type[0m="*errors.errorString"
[33mWARN[0m[2025-04-14 12:43:40] Lỗi giao tiếp khác                            [33mdevice[0m=Schneider_PM_COM3_Device2 [33merror[0m="serial: timeout" [33merror_type[0m="*errors.errorString"
[33mWARN[0m[2025-04-14 12:43:41] Lỗi giao tiếp khác                            [33mdevice[0m=Schneider_PM_COM3_Device2 [33merror[0m="serial: timeout" [33merror_type[0m="*errors.errorString"
[33mWARN[0m[2025-04-14 12:43:43] Lỗi giao tiếp khác                            [33mdevice[0m=Schneider_PM_COM3_Device2 [33merror[0m="serial: timeout" [33merror_type[0m="*errors.errorString"
[33mWARN[0m[2025-04-14 12:43:44] Lỗi giao tiếp khác                            [33mdevice[0m=Schneider_PM_COM3_Device2 [33merror[0m="serial: timeout" [33merror_type[0m="*errors.errorString"
[33mWARN[0m[2025-04-14 12:43:45] Lỗi giao tiếp khác                            [33mdevice[0m=Schneider_PM_COM3_Device2 [33merror[0m="serial: timeout" [33merror_type[0m="*errors.errorString"
[33mWARN[0m[2025-04-14 12:43:46] Lỗi giao tiếp khác                            [33mdevice[0m=Schneider_PM_COM3_Device2 [33merror[0m="serial: timeout" [33merror_type[0m="*errors.errorString"
[33mWARN[0m[2025-04-14 12:43:47] Lỗi giao tiếp khác                            [33mdevice[0m=Schneider_PM_COM3_Device2 [33merror[0m="serial: timeout" [33merror_type[0m="*errors.errorString"
[33mWARN[0m[2025-04-14 12:43:48] Lỗi giao tiếp khác                            [33mdevice[0m=Schneider_PM_COM3_Device2 [33merror[0m="serial: timeout" [33merror_type[0m="*errors.errorString"
[33mWARN[0m[2025-04-14 12:43:49] Lỗi giao tiếp khác                            [33mdevice[0m=Schneider_PM_COM3_Device2 [33merror[0m="serial: timeout" [33merror_type[0m="*errors.errorString"
[36mINFO[0m[2025-04-14 12:43:49] Hoàn thành chu kỳ đọc và ghi dữ liệu          [36mdevice[0m=Schneider_PM_COM3_Device2 [36mduration_ms[0m=92432
[33mWARN[0m[2025-04-14 12:43:50] Lỗi giao tiếp khác                            [33mdevice[0m=Schneider_PM_COM3_Device2 [33merror[0m="serial: timeout" [33merror_type[0m="*errors.errorString"
[33mWARN[0m[2025-04-14 12:43:51] Lỗi giao tiếp khác                            [33mdevice[0m=Schneider_PM_COM3_Device2 [33merror[0m="serial: timeout" [33merror_type[0m="*errors.errorString"
[33mWARN[0m[2025-04-14 12:43:52] Lỗi giao tiếp khác                            [33mdevice[0m=Schneider_PM_COM3_Device2 [33merror[0m="serial: timeout" [33merror_type[0m="*errors.errorString"
[33mWARN[0m[2025-04-14 12:43:53] Lỗi giao tiếp khác                            [33mdevice[0m=Schneider_PM_COM3_Device2 [33merror[0m="serial: timeout" [33merror_type[0m="*errors.errorString"
[33mWARN[0m[2025-04-14 12:43:54] Lỗi giao tiếp khác                            [33mdevice[0m=Schneider_PM_COM3_Device2 [33merror[0m="serial: timeout" [33merror_type[0m="*errors.errorString"
[33mWARN[0m[2025-04-14 12:43:56] Lỗi giao tiếp khác                            [33mdevice[0m=Schneider_PM_COM3_Device2 [33merror[0m="serial: timeout" [33merror_type[0m="*errors.errorString"
[33mWARN[0m[2025-04-14 12:43:57] Lỗi giao tiếp khác                            [33mdevice[0m=Schneider_PM_COM3_Device2 [33merror[0m="serial: timeout" [33merror_type[0m="*errors.errorString"
[33mWARN[0m[2025-04-14 12:43:58] Lỗi giao tiếp khác                            [33mdevice[0m=Schneider_PM_COM3_Device2 [33merror[0m="serial: timeout" [33merror_type[0m="*errors.errorString"
[33mWARN[0m[2025-04-14 12:43:59] Lỗi giao tiếp khác                            [33mdevice[0m=Schneider_PM_COM3_Device2 [33merror[0m="serial: timeout" [33merror_type[0m="*errors.errorString"
[33mWARN[0m[2025-04-14 12:44:00] Lỗi giao tiếp khác                            [33mdevice[0m=Schneider_PM_COM3_Device2 [33merror[0m="serial: timeout" [33merror_type[0m="*errors.errorString"
[33mWARN[0m[2025-04-14 12:44:01] Lỗi giao tiếp khác                            [33mdevice[0m=Schneider_PM_COM3_Device2 [33merror[0m="serial: timeout" [33merror_type[0m="*errors.errorString"
[33mWARN[0m[2025-04-14 12:44:02] Lỗi giao tiếp khác                            [33mdevice[0m=Schneider_PM_COM3_Device2 [33merror[0m="serial: timeout" [33merror_type[0m="*errors.errorString"
[33mWARN[0m[2025-04-14 12:44:03] Lỗi giao tiếp khác                            [33mdevice[0m=Schneider_PM_COM3_Device2 [33merror[0m="serial: timeout" [33merror_type[0m="*errors.errorString"
[33mWARN[0m[2025-04-14 12:44:04] Lỗi giao tiếp khác                            [33mdevice[0m=Schneider_PM_COM3_Device2 [33merror[0m="serial: timeout" [33merror_type[0m="*errors.errorString"
[33mWARN[0m[2025-04-14 12:44:05] Lỗi giao tiếp khác                            [33mdevice[0m=Schneider_PM_COM3_Device2 [33merror[0m="serial: timeout" [33merror_type[0m="*errors.errorString"
[33mWARN[0m[2025-04-14 12:44:06] Lỗi giao tiếp khác                            [33mdevice[0m=Schneider_PM_COM3_Device2 [33merror[0m="serial: timeout" [33merror_type[0m="*errors.errorString"
[33mWARN[0m[2025-04-14 12:44:07] Lỗi giao tiếp khác                            [33mdevice[0m=Schneider_PM_COM3_Device2 [33merror[0m="serial: timeout" [33merror_type[0m="*errors.errorString"
[33mWARN[0m[2025-04-14 12:44:09] Lỗi giao tiếp khác                            [33mdevice[0m=Schneider_PM_COM3_Device2 [33merror[0m="serial: timeout" [33merror_type[0m="*errors.errorString"
[33mWARN[0m[2025-04-14 12:44:10] Lỗi giao tiếp khác                            [33mdevice[0m=Schneider_PM_COM3_Device2 [33merror[0m="serial: timeout" [33merror_type[0m="*errors.errorString"
[33mWARN[0m[2025-04-14 12:44:11] Lỗi giao tiếp khác                            [33mdevice[0m=Schneider_PM_COM3_Device2 [33merror[0m="serial: timeout" [33merror_type[0m="*errors.errorString"
[33mWARN[0m[2025-04-14 12:44:12] Lỗi giao tiếp khác                            [33mdevice[0m=Schneider_PM_COM3_Device2 [33merror[0m="serial: timeout" [33merror_type[0m="*errors.errorString"
[33mWARN[0m[2025-04-14 12:44:13] Lỗi giao tiếp khác                            [33mdevice[0m=Schneider_PM_COM3_Device2 [33merror[0m="serial: timeout" [33merror_type[0m="*errors.errorString"
[33mWARN[0m[2025-04-14 12:44:14] Lỗi giao tiếp khác                            [33mdevice[0m=Schneider_PM_COM3_Device2 [33merror[0m="serial: timeout" [33merror_type[0m="*errors.errorString"
[33mWARN[0m[2025-04-14 12:44:15] Lỗi giao tiếp khác                            [33mdevice[0m=Schneider_PM_COM3_Device2 [33merror[0m="serial: timeout" [33merror_type[0m="*errors.errorString"
[33mWARN[0m[2025-04-14 12:44:16] Lỗi giao tiếp khác                            [33mdevice[0m=Schneider_PM_COM3_Device2 [33merror[0m="serial: timeout" [33merror_type[0m="*errors.errorString"
[33mWARN[0m[2025-04-14 12:44:17] Lỗi giao tiếp khác                            [33mdevice[0m=Schneider_PM_COM3_Device2 [33merror[0m="serial: timeout" [33merror_type[0m="*errors.errorString"
[33mWARN[0m[2025-04-14 12:44:18] Lỗi giao tiếp khác                            [33mdevice[0m=Schneider_PM_COM3_Device2 [33merror[0m="serial: timeout" [33merror_type[0m="*errors.errorString"
[33mWARN[0m[2025-04-14 12:44:19] Lỗi giao tiếp khác                            [33mdevice[0m=Schneider_PM_COM3_Device2 [33merror[0m="serial: timeout" [33merror_type[0m="*errors.errorString"
[33mWARN[0m[2025-04-14 12:44:21] Lỗi giao tiếp khác                            [33mdevice[0m=Schneider_PM_COM3_Device2 [33merror[0m="serial: timeout" [33merror_type[0m="*errors.errorString"
[33mWARN[0m[2025-04-14 12:44:22] Lỗi giao tiếp khác                            [33mdevice[0m=Schneider_PM_COM3_Device2 [33merror[0m="serial: timeout" [33merror_type[0m="*errors.errorString"
[33mWARN[0m[2025-04-14 12:44:23] Lỗi giao tiếp khác                            [33mdevice[0m=Schneider_PM_COM3_Device2 [33merror[0m="serial: timeout" [33merror_type[0m="*errors.errorString"
[33mWARN[0m[2025-04-14 12:44:24] Lỗi giao tiếp khác                            [33mdevice[0m=Schneider_PM_COM3_Device2 [33merror[0m="serial: timeout" [33merror_type[0m="*errors.errorString"
[33mWARN[0m[2025-04-14 12:44:25] Lỗi giao tiếp khác                            [33mdevice[0m=Schneider_PM_COM3_Device2 [33merror[0m="serial: timeout" [33merror_type[0m="*errors.errorString"
[33mWARN[0m[2025-04-14 12:44:26] Lỗi giao tiếp khác                            [33mdevice[0m=Schneider_PM_COM3_Device2 [33merror[0m="serial: timeout" [33merror_type[0m="*errors.errorString"
[33mWARN[0m[2025-04-14 12:44:27] Lỗi giao tiếp khác                            [33mdevice[0m=Schneider_PM_COM3_Device2 [33merror[0m="serial: timeout" [33merror_type[0m="*errors.errorString"
[33mWARN[0m[2025-04-14 12:44:28] Lỗi giao tiếp khác                            [33mdevice[0m=Schneider_PM_COM3_Device2 [33merror[0m="serial: timeout" [33merror_type[0m="*errors.errorString"
[33mWARN[0m[2025-04-14 12:44:29] Lỗi giao tiếp khác                            [33mdevice[0m=Schneider_PM_COM3_Device2 [33merror[0m="serial: timeout" [33merror_type[0m="*errors.errorString"
[33mWARN[0m[2025-04-14 12:44:30] Lỗi giao tiếp khác                            [33mdevice[0m=Schneider_PM_COM3_Device2 [33merror[0m="serial: timeout" [33merror_type[0m="*errors.errorString"
[33mWARN[0m[2025-04-14 12:44:31] Lỗi giao tiếp khác                            [33mdevice[0m=Schneider_PM_COM3_Device2 [33merror[0m="serial: timeout" [33merror_type[0m="*errors.errorString"
[33mWARN[0m[2025-04-14 12:44:32] Lỗi giao tiếp khác                            [33mdevice[0m=Schneider_PM_COM3_Device2 [33merror[0m="serial: timeout" [33merror_type[0m="*errors.errorString"
[33mWARN[0m[2025-04-14 12:44:34] Lỗi giao tiếp khác                            [33mdevice[0m=Schneider_PM_COM3_Device2 [33merror[0m="serial: timeout" [33merror_type[0m="*errors.errorString"
[33mWARN[0m[2025-04-14 12:44:35] Lỗi giao tiếp khác                            [33mdevice[0m=Schneider_PM_COM3_Device2 [33merror[0m="serial: timeout" [33merror_type[0m="*errors.errorString"
[33mWARN[0m[2025-04-14 12:44:36] Lỗi giao tiếp khác                            [33mdevice[0m=Schneider_PM_COM3_Device2 [33merror[0m="serial: timeout" [33merror_type[0m="*errors.errorString"
[33mWARN[0m[2025-04-14 12:44:37] Lỗi giao tiếp khác                            [33mdevice[0m=Schneider_PM_COM3_Device2 [33merror[0m="serial: timeout" [33merror_type[0m="*errors.errorString"
[33mWARN[0m[2025-04-14 12:44:38] Lỗi giao tiếp khác                            [33mdevice[0m=Schneider_PM_COM3_Device2 [33merror[0m="serial: timeout" [33merror_type[0m="*errors.errorString"
[33mWARN[0m[2025-04-14 12:44:39] Lỗi giao tiếp khác                            [33mdevice[0m=Schneider_PM_COM3_Device2 [33merror[0m="serial: timeout" [33merror_type[0m="*errors.errorString"
[33mWARN[0m[2025-04-14 12:44:40] Lỗi giao tiếp khác                            [33mdevice[0m=Schneider_PM_COM3_Device2 [33merror[0m="serial: timeout" [33merror_type[0m="*errors.errorString"
[33mWARN[0m[2025-04-14 12:44:41] Lỗi giao tiếp khác                            [33mdevice[0m=Schneider_PM_COM3_Device2 [33merror[0m="serial: timeout" [33merror_type[0m="*errors.errorString"
[33mWARN[0m[2025-04-14 12:44:42] Lỗi giao tiếp khác                            [33mdevice[0m=Schneider_PM_COM3_Device2 [33merror[0m="serial: timeout" [33merror_type[0m="*errors.errorString"
[33mWARN[0m[2025-04-14 12:44:43] Lỗi giao tiếp khác                            [33mdevice[0m=Schneider_PM_COM3_Device2 [33merror[0m="serial: timeout" [33merror_type[0m="*errors.errorString"
[33mWARN[0m[2025-04-14 12:44:44] Lỗi giao tiếp khác                            [33mdevice[0m=Schneider_PM_COM3_Device2 [33merror[0m="serial: timeout" [33merror_type[0m="*errors.errorString"
[33mWARN[0m[2025-04-14 12:44:45] Lỗi giao tiếp khác                            [33mdevice[0m=Schneider_PM_COM3_Device2 [33merror[0m="serial: timeout" [33merror_type[0m="*errors.errorString"
[33mWARN[0m[2025-04-14 12:44:47] Lỗi giao tiếp khác                            [33mdevice[0m=Schneider_PM_COM3_Device2 [33merror[0m="serial: timeout" [33merror_type[0m="*errors.errorString"
[33mWARN[0m[2025-04-14 12:44:48] Lỗi giao tiếp khác                            [33mdevice[0m=Schneider_PM_COM3_Device2 [33merror[0m="serial: timeout" [33merror_type[0m="*errors.errorString"
[33mWARN[0m[2025-04-14 12:44:49] Lỗi giao tiếp khác                            [33mdevice[0m=Schneider_PM_COM3_Device2 [33merror[0m="serial: timeout" [33merror_type[0m="*errors.errorString"
[33mWARN[0m[2025-04-14 12:44:50] Lỗi giao tiếp khác                            [33mdevice[0m=Schneider_PM_COM3_Device2 [33merror[0m="serial: timeout" [33merror_type[0m="*errors.errorString"
[33mWARN[0m[2025-04-14 12:44:51] Lỗi giao tiếp khác                            [33mdevice[0m=Schneider_PM_COM3_Device2 [33merror[0m="serial: timeout" [33merror_type[0m="*errors.errorString"
[33mWARN[0m[2025-04-14 12:44:52] Lỗi giao tiếp khác                            [33mdevice[0m=Schneider_PM_COM3_Device2 [33merror[0m="serial: timeout" [33merror_type[0m="*errors.errorString"
[33mWARN[0m[2025-04-14 12:44:53] Lỗi giao tiếp khác                            [33mdevice[0m=Schneider_PM_COM3_Device2 [33merror[0m="serial: timeout" [33merror_type[0m="*errors.errorString"
[33mWARN[0m[2025-04-14 12:44:54] Lỗi giao tiếp khác                            [33mdevice[0m=Schneider_PM_COM3_Device2 [33merror[0m="serial: timeout" [33merror_type[0m="*errors.errorString"
[33mWARN[0m[2025-04-14 12:44:55] Lỗi giao tiếp khác                            [33mdevice[0m=Schneider_PM_COM3_Device2 [33merror[0m="serial: timeout" [33merror_type[0m="*errors.errorString"
[33mWARN[0m[2025-04-14 12:44:56] Lỗi giao tiếp khác                            [33mdevice[0m=Schneider_PM_COM3_Device2 [33merror[0m="serial: timeout" [33merror_type[0m="*errors.errorString"
[33mWARN[0m[2025-04-14 12:44:57] Lỗi giao tiếp khác                            [33mdevice[0m=Schneider_PM_COM3_Device2 [33merror[0m="serial: timeout" [33merror_type[0m="*errors.errorString"
[33mWARN[0m[2025-04-14 12:44:59] Lỗi giao tiếp khác                            [33mdevice[0m=Schneider_PM_COM3_Device2 [33merror[0m="serial: timeout" [33merror_type[0m="*errors.errorString"
[33mWARN[0m[2025-04-14 12:45:00] Lỗi giao tiếp khác                            [33mdevice[0m=Schneider_PM_COM3_Device2 [33merror[0m="serial: timeout" [33merror_type[0m="*errors.errorString"
[33mWARN[0m[2025-04-14 12:45:01] Lỗi giao tiếp khác                            [33mdevice[0m=Schneider_PM_COM3_Device2 [33merror[0m="serial: timeout" [33merror_type[0m="*errors.errorString"
[33mWARN[0m[2025-04-14 12:45:02] Lỗi giao tiếp khác                            [33mdevice[0m=Schneider_PM_COM3_Device2 [33merror[0m="serial: timeout" [33merror_type[0m="*errors.errorString"
[33mWARN[0m[2025-04-14 12:45:03] Lỗi giao tiếp khác                            [33mdevice[0m=Schneider_PM_COM3_Device2 [33merror[0m="serial: timeout" [33merror_type[0m="*errors.errorString"
[33mWARN[0m[2025-04-14 12:45:04] Lỗi giao tiếp khác                            [33mdevice[0m=Schneider_PM_COM3_Device2 [33merror[0m="serial: timeout" [33merror_type[0m="*errors.errorString"
[33mWARN[0m[2025-04-14 12:45:05] Lỗi giao tiếp khác                            [33mdevice[0m=Schneider_PM_COM3_Device2 [33merror[0m="serial: timeout" [33merror_type[0m="*errors.errorString"
[33mWARN[0m[2025-04-14 12:45:06] Lỗi giao tiếp khác                            [33mdevice[0m=Schneider_PM_COM3_Device2 [33merror[0m="serial: timeout" [33merror_type[0m="*errors.errorString"
[33mWARN[0m[2025-04-14 12:45:07] Lỗi giao tiếp khác                            [33mdevice[0m=Schneider_PM_COM3_Device2 [33merror[0m="serial: timeout" [33merror_type[0m="*errors.errorString"
[33mWARN[0m[2025-04-14 12:45:08] Lỗi giao tiếp khác                            [33mdevice[0m=Schneider_PM_COM3_Device2 [33merror[0m="serial: timeout" [33merror_type[0m="*errors.errorString"
[33mWARN[0m[2025-04-14 12:45:09] Lỗi giao tiếp khác                            [33mdevice[0m=Schneider_PM_COM3_Device2 [33merror[0m="serial: timeout" [33merror_type[0m="*errors.errorString"
[33mWARN[0m[2025-04-14 12:45:11] Lỗi giao tiếp khác                            [33mdevice[0m=Schneider_PM_COM3_Device2 [33merror[0m="serial: timeout" [33merror_type[0m="*errors.errorString"
[33mWARN[0m[2025-04-14 12:45:12] Lỗi giao tiếp khác                            [33mdevice[0m=Schneider_PM_COM3_Device2 [33merror[0m="serial: timeout" [33merror_type[0m="*errors.errorString"
[33mWARN[0m[2025-04-14 12:45:13] Lỗi giao tiếp khác                            [33mdevice[0m=Schneider_PM_COM3_Device2 [33merror[0m="serial: timeout" [33merror_type[0m="*errors.errorString"
[33mWARN[0m[2025-04-14 12:45:14] Lỗi giao tiếp khác                            [33mdevice[0m=Schneider_PM_COM3_Device2 [33merror[0m="serial: timeout" [33merror_type[0m="*errors.errorString"
[33mWARN[0m[2025-04-14 12:45:15] Lỗi giao tiếp khác                            [33mdevice[0m=Schneider_PM_COM3_Device2 [33merror[0m="serial: timeout" [33merror_type[0m="*errors.errorString"
[33mWARN[0m[2025-04-14 12:45:16] Lỗi giao tiếp khác                            [33mdevice[0m=Schneider_PM_COM3_Device2 [33merror[0m="serial: timeout" [33merror_type[0m="*errors.errorString"
[33mWARN[0m[2025-04-14 12:45:17] Lỗi giao tiếp khác                            [33mdevice[0m=Schneider_PM_COM3_Device2 [33merror[0m="serial: timeout" [33merror_type[0m="*errors.errorString"
[33mWARN[0m[2025-04-14 12:45:18] Lỗi giao tiếp khác                            [33mdevice[0m=Schneider_PM_COM3_Device2 [33merror[0m="serial: timeout" [33merror_type[0m="*errors.errorString"
[33mWARN[0m[2025-04-14 12:45:19] Lỗi giao tiếp khác                            [33mdevice[0m=Schneider_PM_COM3_Device2 [33merror[0m="serial: timeout" [33merror_type[0m="*errors.errorString"
[33mWARN[0m[2025-04-14 12:45:20] Lỗi giao tiếp khác                            [33mdevice[0m=Schneider_PM_COM3_Device2 [33merror[0m="serial: timeout" [33merror_type[0m="*errors.errorString"
[33mWARN[0m[2025-04-14 12:45:21] Lỗi giao tiếp khác                            [33mdevice[0m=Schneider_PM_COM3_Device2 [33merror[0m="serial: timeout" [33merror_type[0m="*errors.errorString"
[36mINFO[0m[2025-04-14 12:45:21] Hoàn thành chu kỳ đọc và ghi dữ liệu          [36mdevice[0m=Schneider_PM_COM3_Device2 [36mduration_ms[0m=92337
[33mWARN[0m[2025-04-14 12:45:22] Lỗi giao tiếp khác                            [33mdevice[0m=Schneider_PM_COM3_Device2 [33merror[0m="serial: timeout" [33merror_type[0m="*errors.errorString"
[33mWARN[0m[2025-04-14 12:45:24] Lỗi giao tiếp khác                            [33mdevice[0m=Schneider_PM_COM3_Device2 [33merror[0m="serial: timeout" [33merror_type[0m="*errors.errorString"
[33mWARN[0m[2025-04-14 12:45:25] Lỗi giao tiếp khác                            [33mdevice[0m=Schneider_PM_COM3_Device2 [33merror[0m="serial: timeout" [33merror_type[0m="*errors.errorString"
[33mWARN[0m[2025-04-14 12:45:26] Lỗi giao tiếp khác                            [33mdevice[0m=Schneider_PM_COM3_Device2 [33merror[0m="serial: timeout" [33merror_type[0m="*errors.errorString"
[33mWARN[0m[2025-04-14 12:45:27] Lỗi giao tiếp khác                            [33mdevice[0m=Schneider_PM_COM3_Device2 [33merror[0m="serial: timeout" [33merror_type[0m="*errors.errorString"
[33mWARN[0m[2025-04-14 12:45:28] Lỗi giao tiếp khác                            [33mdevice[0m=Schneider_PM_COM3_Device2 [33merror[0m="serial: timeout" [33merror_type[0m="*errors.errorString"
[33mWARN[0m[2025-04-14 12:45:29] Lỗi giao tiếp khác                            [33mdevice[0m=Schneider_PM_COM3_Device2 [33merror[0m="serial: timeout" [33merror_type[0m="*errors.errorString"
[33mWARN[0m[2025-04-14 12:45:30] Lỗi giao tiếp khác                            [33mdevice[0m=Schneider_PM_COM3_Device2 [33merror[0m="serial: timeout" [33merror_type[0m="*errors.errorString"
[33mWARN[0m[2025-04-14 12:45:31] Lỗi giao tiếp khác                            [33mdevice[0m=Schneider_PM_COM3_Device2 [33merror[0m="serial: timeout" [33merror_type[0m="*errors.errorString"
[33mWARN[0m[2025-04-14 12:45:32] Lỗi giao tiếp khác                            [33mdevice[0m=Schneider_PM_COM3_Device2 [33merror[0m="serial: timeout" [33merror_type[0m="*errors.errorString"
[33mWARN[0m[2025-04-14 12:45:33] Lỗi giao tiếp khác                            [33mdevice[0m=Schneider_PM_COM3_Device2 [33merror[0m="serial: timeout" [33merror_type[0m="*errors.errorString"
[33mWARN[0m[2025-04-14 12:45:34] Lỗi giao tiếp khác                            [33mdevice[0m=Schneider_PM_COM3_Device2 [33merror[0m="serial: timeout" [33merror_type[0m="*errors.errorString"
[33mWARN[0m[2025-04-14 12:45:36] Lỗi giao tiếp khác                            [33mdevice[0m=Schneider_PM_COM3_Device2 [33merror[0m="serial: timeout" [33merror_type[0m="*errors.errorString"
[33mWARN[0m[2025-04-14 12:45:37] Lỗi giao tiếp khác                            [33mdevice[0m=Schneider_PM_COM3_Device2 [33merror[0m="serial: timeout" [33merror_type[0m="*errors.errorString"
[33mWARN[0m[2025-04-14 12:45:37] Đã nhận tín hiệu dừng. Đang yêu cầu các goroutine kết thúc... 
[36mINFO[0m[2025-04-14 12:45:37] Đang chờ các goroutine hoàn thành...         
[33mWARN[0m[2025-04-14 12:45:38] Lỗi giao tiếp khác                            [33mdevice[0m=Schneider_PM_COM3_Device2 [33merror[0m="serial: timeout" [33merror_type[0m="*errors.errorString"
[33mWARN[0m[2025-04-14 12:45:39] Lỗi giao tiếp khác                            [33mdevice[0m=Schneider_PM_COM3_Device2 [33merror[0m="serial: timeout" [33merror_type[0m="*errors.errorString"
[33mWARN[0m[2025-04-14 12:45:40] Lỗi giao tiếp khác                            [33mdevice[0m=Schneider_PM_COM3_Device2 [33merror[0m="serial: timeout" [33merror_type[0m="*errors.errorString"
[33mWARN[0m[2025-04-14 12:45:41] Lỗi giao tiếp khác                            [33mdevice[0m=Schneider_PM_COM3_Device2 [33merror[0m="serial: timeout" [33merror_type[0m="*errors.errorString"
[33mWARN[0m[2025-04-14 12:45:42] Lỗi giao tiếp khác                            [33mdevice[0m=Schneider_PM_COM3_Device2 [33merror[0m="serial: timeout" [33merror_type[0m="*errors.errorString"
[33mWARN[0m[2025-04-14 12:45:43] Lỗi giao tiếp khác                            [33mdevice[0m=Schneider_PM_COM3_Device2 [33merror[0m="serial: timeout" [33merror_type[0m="*errors.errorString"
[33mWARN[0m[2025-04-14 12:45:44] Lỗi giao tiếp khác                            [33mdevice[0m=Schneider_PM_COM3_Device2 [33merror[0m="serial: timeout" [33merror_type[0m="*errors.errorString"
[33mWARN[0m[2025-04-14 12:45:45] Lỗi giao tiếp khác                            [33mdevice[0m=Schneider_PM_COM3_Device2 [33merror[0m="serial: timeout" [33merror_type[0m="*errors.errorString"
[33mWARN[0m[2025-04-14 12:45:46] Lỗi giao tiếp khác                            [33mdevice[0m=Schneider_PM_COM3_Device2 [33merror[0m="serial: timeout" [33merror_type[0m="*errors.errorString"
[33mWARN[0m[2025-04-14 12:45:47] Lỗi giao tiếp khác                            [33mdevice[0m=Schneider_PM_COM3_Device2 [33merror[0m="serial: timeout" [33merror_type[0m="*errors.errorString"
[33mWARN[0m[2025-04-14 12:45:49] Lỗi giao tiếp khác                            [33mdevice[0m=Schneider_PM_COM3_Device2 [33merror[0m="serial: timeout" [33merror_type[0m="*errors.errorString"
[33mWARN[0m[2025-04-14 12:45:50] Lỗi giao tiếp khác                            [33mdevice[0m=Schneider_PM_COM3_Device2 [33merror[0m="serial: timeout" [33merror_type[0m="*errors.errorString"
[33mWARN[0m[2025-04-14 12:45:51] Lỗi giao tiếp khác                            [33mdevice[0m=Schneider_PM_COM3_Device2 [33merror[0m="serial: timeout" [33merror_type[0m="*errors.errorString"
[33mWARN[0m[2025-04-14 12:45:52] Lỗi giao tiếp khác                            [33mdevice[0m=Schneider_PM_COM3_Device2 [33merror[0m="serial: timeout" [33merror_type[0m="*errors.errorString"
[33mWARN[0m[2025-04-14 12:45:53] Lỗi giao tiếp khác                            [33mdevice[0m=Schneider_PM_COM3_Device2 [33merror[0m="serial: timeout" [33merror_type[0m="*errors.errorString"
[33mWARN[0m[2025-04-14 12:45:54] Lỗi giao tiếp khác                            [33mdevice[0m=Schneider_PM_COM3_Device2 [33merror[0m="serial: timeout" [33merror_type[0m="*errors.errorString"
[33mWARN[0m[2025-04-14 12:45:55] Lỗi giao tiếp khác                            [33mdevice[0m=Schneider_PM_COM3_Device2 [33merror[0m="serial: timeout" [33merror_type[0m="*errors.errorString"
[33mWARN[0m[2025-04-14 12:45:56] Lỗi giao tiếp khác                            [33mdevice[0m=Schneider_PM_COM3_Device2 [33merror[0m="serial: timeout" [33merror_type[0m="*errors.errorString"
[33mWARN[0m[2025-04-14 12:45:57] Lỗi giao tiếp khác                            [33mdevice[0m=Schneider_PM_COM3_Device2 [33merror[0m="serial: timeout" [33merror_type[0m="*errors.errorString"
[33mWARN[0m[2025-04-14 12:45:58] Lỗi giao tiếp khác                            [33mdevice[0m=Schneider_PM_COM3_Device2 [33merror[0m="serial: timeout" [33merror_type[0m="*errors.errorString"
[33mWARN[0m[2025-04-14 12:45:59] Lỗi giao tiếp khác                            [33mdevice[0m=Schneider_PM_COM3_Device2 [33merror[0m="serial: timeout" [33merror_type[0m="*errors.errorString"
[33mWARN[0m[2025-04-14 12:46:00] Lỗi giao tiếp khác                            [33mdevice[0m=Schneider_PM_COM3_Device2 [33merror[0m="serial: timeout" [33merror_type[0m="*errors.errorString"
[33mWARN[0m[2025-04-14 12:46:02] Lỗi giao tiếp khác                            [33mdevice[0m=Schneider_PM_COM3_Device2 [33merror[0m="serial: timeout" [33merror_type[0m="*errors.errorString"
[33mWARN[0m[2025-04-14 12:46:03] Lỗi giao tiếp khác                            [33mdevice[0m=Schneider_PM_COM3_Device2 [33merror[0m="serial: timeout" [33merror_type[0m="*errors.errorString"
[33mWARN[0m[2025-04-14 12:46:04] Lỗi giao tiếp khác                            [33mdevice[0m=Schneider_PM_COM3_Device2 [33merror[0m="serial: timeout" [33merror_type[0m="*errors.errorString"
[33mWARN[0m[2025-04-14 12:46:05] Lỗi giao tiếp khác                            [33mdevice[0m=Schneider_PM_COM3_Device2 [33merror[0m="serial: timeout" [33merror_type[0m="*errors.errorString"
[33mWARN[0m[2025-04-14 12:46:06] Lỗi giao tiếp khác                            [33mdevice[0m=Schneider_PM_COM3_Device2 [33merror[0m="serial: timeout" [33merror_type[0m="*errors.errorString"
[33mWARN[0m[2025-04-14 12:46:07] Lỗi giao tiếp khác                            [33mdevice[0m=Schneider_PM_COM3_Device2 [33merror[0m="serial: timeout" [33merror_type[0m="*errors.errorString"
[33mWARN[0m[2025-04-14 12:46:08] Lỗi giao tiếp khác                            [33mdevice[0m=Schneider_PM_COM3_Device2 [33merror[0m="serial: timeout" [33merror_type[0m="*errors.errorString"
