[36mINFO[0m[2025-04-14 13:35:07] --- Khởi chạy Gateway Modbus (Refactored + PortManager) --- 
[36mINFO[0m[2025-04-14 13:35:07] Khởi tạo Port Manager cho cổng COM3...       
[36mINFO[0m[2025-04-14 13:35:07] Port Manager bắt đầu hoạt động...             [36mport[0m=COM3
[36mINFO[0m[2025-04-14 13:35:07] Khởi tạo handler cho \\.\COM3                 [36mport[0m=COM3
[36mINFO[0m[2025-04-14 13:35:07] Đã đọc 85 thanh ghi cho thiết bị 'Schneider_PM_COM3_ID1' 
[36mINFO[0m[2025-04-14 13:35:07] Bắt đầu vòng lặp đọc dữ liệu...               [36mdevice[0m=Schneider_PM_COM3_ID1 [36mtag_location[0m=Tu_Dien_Chinh [36mtag_panel[0m=Panel_1 [36mtag_slave_id_tag[0m=1
[36mINFO[0m[2025-04-14 13:35:07] Đã đọc 85 thanh ghi cho thiết bị 'Schneider_PM_COM3_ID2' 
[36mINFO[0m[2025-04-14 13:35:07] Đã khởi chạy 2 goroutine cho các thiết bị. Nhấn Ctrl+C để dừng. 
[36mINFO[0m[2025-04-14 13:35:07] Bắt đầu vòng lặp đọc dữ liệu...               [36mdevice[0m=Schneider_PM_COM3_ID2 [36mtag_location[0m=Tu_Dien_Chinh [36mtag_panel[0m=Panel_2 [36mtag_slave_id_tag[0m=2
[36mINFO[0m[2025-04-14 13:35:16] Hoàn thành chu kỳ đọc và ghi dữ liệu          [36mdevice[0m=Schneider_PM_COM3_ID1 [36mduration_ms[0m=8359 [36merrors[0m=0 [36mtag_location[0m=Tu_Dien_Chinh [36mtag_panel[0m=Panel_1 [36mtag_slave_id_tag[0m=1
[36mINFO[0m[2025-04-14 13:35:17] Hoàn thành chu kỳ đọc và ghi dữ liệu          [36mdevice[0m=Schneider_PM_COM3_ID2 [36mduration_ms[0m=8548 [36merrors[0m=0 [36mtag_location[0m=Tu_Dien_Chinh [36mtag_panel[0m=Panel_2 [36mtag_slave_id_tag[0m=2
[36mINFO[0m[2025-04-14 13:35:25] Hoàn thành chu kỳ đọc và ghi dữ liệu          [36mdevice[0m=Schneider_PM_COM3_ID1 [36mduration_ms[0m=8673 [36merrors[0m=0 [36mtag_location[0m=Tu_Dien_Chinh [36mtag_panel[0m=Panel_1 [36mtag_slave_id_tag[0m=1
[36mINFO[0m[2025-04-14 13:35:25] Hoàn thành chu kỳ đọc và ghi dữ liệu          [36mdevice[0m=Schneider_PM_COM3_ID2 [36mduration_ms[0m=8655 [36merrors[0m=0 [36mtag_location[0m=Tu_Dien_Chinh [36mtag_panel[0m=Panel_2 [36mtag_slave_id_tag[0m=2
[36mINFO[0m[2025-04-14 13:35:34] Hoàn thành chu kỳ đọc và ghi dữ liệu          [36mdevice[0m=Schneider_PM_COM3_ID1 [36mduration_ms[0m=8665 [36merrors[0m=0 [36mtag_location[0m=Tu_Dien_Chinh [36mtag_panel[0m=Panel_1 [36mtag_slave_id_tag[0m=1
[36mINFO[0m[2025-04-14 13:35:34] Hoàn thành chu kỳ đọc và ghi dữ liệu          [36mdevice[0m=Schneider_PM_COM3_ID2 [36mduration_ms[0m=8682 [36merrors[0m=0 [36mtag_location[0m=Tu_Dien_Chinh [36mtag_panel[0m=Panel_2 [36mtag_slave_id_tag[0m=2
[36mINFO[0m[2025-04-14 13:35:42] Hoàn thành chu kỳ đọc và ghi dữ liệu          [36mdevice[0m=Schneider_PM_COM3_ID1 [36mduration_ms[0m=8583 [36merrors[0m=0 [36mtag_location[0m=Tu_Dien_Chinh [36mtag_panel[0m=Panel_1 [36mtag_slave_id_tag[0m=1
[36mINFO[0m[2025-04-14 13:35:43] Hoàn thành chu kỳ đọc và ghi dữ liệu          [36mdevice[0m=Schneider_PM_COM3_ID2 [36mduration_ms[0m=8565 [36merrors[0m=0 [36mtag_location[0m=Tu_Dien_Chinh [36mtag_panel[0m=Panel_2 [36mtag_slave_id_tag[0m=2
[36mINFO[0m[2025-04-14 13:35:51] Hoàn thành chu kỳ đọc và ghi dữ liệu          [36mdevice[0m=Schneider_PM_COM3_ID1 [36mduration_ms[0m=8653 [36merrors[0m=0 [36mtag_location[0m=Tu_Dien_Chinh [36mtag_panel[0m=Panel_1 [36mtag_slave_id_tag[0m=1
[36mINFO[0m[2025-04-14 13:35:51] Hoàn thành chu kỳ đọc và ghi dữ liệu          [36mdevice[0m=Schneider_PM_COM3_ID2 [36mduration_ms[0m=8656 [36merrors[0m=0 [36mtag_location[0m=Tu_Dien_Chinh [36mtag_panel[0m=Panel_2 [36mtag_slave_id_tag[0m=2
[36mINFO[0m[2025-04-14 13:36:00] Hoàn thành chu kỳ đọc và ghi dữ liệu          [36mdevice[0m=Schneider_PM_COM3_ID1 [36mduration_ms[0m=8539 [36merrors[0m=0 [36mtag_location[0m=Tu_Dien_Chinh [36mtag_panel[0m=Panel_1 [36mtag_slave_id_tag[0m=1
[36mINFO[0m[2025-04-14 13:36:00] Hoàn thành chu kỳ đọc và ghi dữ liệu          [36mdevice[0m=Schneider_PM_COM3_ID2 [36mduration_ms[0m=8538 [36merrors[0m=0 [36mtag_location[0m=Tu_Dien_Chinh [36mtag_panel[0m=Panel_2 [36mtag_slave_id_tag[0m=2
[36mINFO[0m[2025-04-14 13:36:08] Hoàn thành chu kỳ đọc và ghi dữ liệu          [36mdevice[0m=Schneider_PM_COM3_ID1 [36mduration_ms[0m=8579 [36merrors[0m=0 [36mtag_location[0m=Tu_Dien_Chinh [36mtag_panel[0m=Panel_1 [36mtag_slave_id_tag[0m=1
[36mINFO[0m[2025-04-14 13:36:08] Hoàn thành chu kỳ đọc và ghi dữ liệu          [36mdevice[0m=Schneider_PM_COM3_ID2 [36mduration_ms[0m=8582 [36merrors[0m=0 [36mtag_location[0m=Tu_Dien_Chinh [36mtag_panel[0m=Panel_2 [36mtag_slave_id_tag[0m=2
[36mINFO[0m[2025-04-14 13:36:17] Hoàn thành chu kỳ đọc và ghi dữ liệu          [36mdevice[0m=Schneider_PM_COM3_ID1 [36mduration_ms[0m=8642 [36merrors[0m=0 [36mtag_location[0m=Tu_Dien_Chinh [36mtag_panel[0m=Panel_1 [36mtag_slave_id_tag[0m=1
[36mINFO[0m[2025-04-14 13:36:17] Hoàn thành chu kỳ đọc và ghi dữ liệu          [36mdevice[0m=Schneider_PM_COM3_ID2 [36mduration_ms[0m=8642 [36merrors[0m=0 [36mtag_location[0m=Tu_Dien_Chinh [36mtag_panel[0m=Panel_2 [36mtag_slave_id_tag[0m=2
[36mINFO[0m[2025-04-14 13:36:25] Hoàn thành chu kỳ đọc và ghi dữ liệu          [36mdevice[0m=Schneider_PM_COM3_ID1 [36mduration_ms[0m=8579 [36merrors[0m=0 [36mtag_location[0m=Tu_Dien_Chinh [36mtag_panel[0m=Panel_1 [36mtag_slave_id_tag[0m=1
[36mINFO[0m[2025-04-14 13:36:26] Hoàn thành chu kỳ đọc và ghi dữ liệu          [36mdevice[0m=Schneider_PM_COM3_ID2 [36mduration_ms[0m=8577 [36merrors[0m=0 [36mtag_location[0m=Tu_Dien_Chinh [36mtag_panel[0m=Panel_2 [36mtag_slave_id_tag[0m=2
[36mINFO[0m[2025-04-14 13:36:34] Hoàn thành chu kỳ đọc và ghi dữ liệu          [36mdevice[0m=Schneider_PM_COM3_ID1 [36mduration_ms[0m=8585 [36merrors[0m=0 [36mtag_location[0m=Tu_Dien_Chinh [36mtag_panel[0m=Panel_1 [36mtag_slave_id_tag[0m=1
[36mINFO[0m[2025-04-14 13:36:34] Hoàn thành chu kỳ đọc và ghi dữ liệu          [36mdevice[0m=Schneider_PM_COM3_ID2 [36mduration_ms[0m=8586 [36merrors[0m=0 [36mtag_location[0m=Tu_Dien_Chinh [36mtag_panel[0m=Panel_2 [36mtag_slave_id_tag[0m=2
[36mINFO[0m[2025-04-14 13:36:42] Hoàn thành chu kỳ đọc và ghi dữ liệu          [36mdevice[0m=Schneider_PM_COM3_ID1 [36mduration_ms[0m=8563 [36merrors[0m=0 [36mtag_location[0m=Tu_Dien_Chinh [36mtag_panel[0m=Panel_1 [36mtag_slave_id_tag[0m=1
[36mINFO[0m[2025-04-14 13:36:43] Hoàn thành chu kỳ đọc và ghi dữ liệu          [36mdevice[0m=Schneider_PM_COM3_ID2 [36mduration_ms[0m=8559 [36merrors[0m=0 [36mtag_location[0m=Tu_Dien_Chinh [36mtag_panel[0m=Panel_2 [36mtag_slave_id_tag[0m=2
[36mINFO[0m[2025-04-14 13:36:51] Hoàn thành chu kỳ đọc và ghi dữ liệu          [36mdevice[0m=Schneider_PM_COM3_ID1 [36mduration_ms[0m=8588 [36merrors[0m=0 [36mtag_location[0m=Tu_Dien_Chinh [36mtag_panel[0m=Panel_1 [36mtag_slave_id_tag[0m=1
[36mINFO[0m[2025-04-14 13:36:51] Hoàn thành chu kỳ đọc và ghi dữ liệu          [36mdevice[0m=Schneider_PM_COM3_ID2 [36mduration_ms[0m=8591 [36merrors[0m=0 [36mtag_location[0m=Tu_Dien_Chinh [36mtag_panel[0m=Panel_2 [36mtag_slave_id_tag[0m=2
[36mINFO[0m[2025-04-14 13:37:00] Hoàn thành chu kỳ đọc và ghi dữ liệu          [36mdevice[0m=Schneider_PM_COM3_ID1 [36mduration_ms[0m=8565 [36merrors[0m=0 [36mtag_location[0m=Tu_Dien_Chinh [36mtag_panel[0m=Panel_1 [36mtag_slave_id_tag[0m=1
[36mINFO[0m[2025-04-14 13:37:00] Hoàn thành chu kỳ đọc và ghi dữ liệu          [36mdevice[0m=Schneider_PM_COM3_ID2 [36mduration_ms[0m=8564 [36merrors[0m=0 [36mtag_location[0m=Tu_Dien_Chinh [36mtag_panel[0m=Panel_2 [36mtag_slave_id_tag[0m=2
[36mINFO[0m[2025-04-14 13:37:08] Hoàn thành chu kỳ đọc và ghi dữ liệu          [36mdevice[0m=Schneider_PM_COM3_ID1 [36mduration_ms[0m=8551 [36merrors[0m=0 [36mtag_location[0m=Tu_Dien_Chinh [36mtag_panel[0m=Panel_1 [36mtag_slave_id_tag[0m=1
[36mINFO[0m[2025-04-14 13:37:09] Hoàn thành chu kỳ đọc và ghi dữ liệu          [36mdevice[0m=Schneider_PM_COM3_ID2 [36mduration_ms[0m=8550 [36merrors[0m=0 [36mtag_location[0m=Tu_Dien_Chinh [36mtag_panel[0m=Panel_2 [36mtag_slave_id_tag[0m=2
[36mINFO[0m[2025-04-14 13:37:17] Hoàn thành chu kỳ đọc và ghi dữ liệu          [36mdevice[0m=Schneider_PM_COM3_ID1 [36mduration_ms[0m=8538 [36merrors[0m=0 [36mtag_location[0m=Tu_Dien_Chinh [36mtag_panel[0m=Panel_1 [36mtag_slave_id_tag[0m=1
[36mINFO[0m[2025-04-14 13:37:17] Hoàn thành chu kỳ đọc và ghi dữ liệu          [36mdevice[0m=Schneider_PM_COM3_ID2 [36mduration_ms[0m=8536 [36merrors[0m=0 [36mtag_location[0m=Tu_Dien_Chinh [36mtag_panel[0m=Panel_2 [36mtag_slave_id_tag[0m=2
[36mINFO[0m[2025-04-14 13:37:25] Hoàn thành chu kỳ đọc và ghi dữ liệu          [36mdevice[0m=Schneider_PM_COM3_ID1 [36mduration_ms[0m=8531 [36merrors[0m=0 [36mtag_location[0m=Tu_Dien_Chinh [36mtag_panel[0m=Panel_1 [36mtag_slave_id_tag[0m=1
[36mINFO[0m[2025-04-14 13:37:26] Hoàn thành chu kỳ đọc và ghi dữ liệu          [36mdevice[0m=Schneider_PM_COM3_ID2 [36mduration_ms[0m=8535 [36merrors[0m=0 [36mtag_location[0m=Tu_Dien_Chinh [36mtag_panel[0m=Panel_2 [36mtag_slave_id_tag[0m=2
[36mINFO[0m[2025-04-14 13:37:34] Hoàn thành chu kỳ đọc và ghi dữ liệu          [36mdevice[0m=Schneider_PM_COM3_ID1 [36mduration_ms[0m=8610 [36merrors[0m=0 [36mtag_location[0m=Tu_Dien_Chinh [36mtag_panel[0m=Panel_1 [36mtag_slave_id_tag[0m=1
[36mINFO[0m[2025-04-14 13:37:34] Hoàn thành chu kỳ đọc và ghi dữ liệu          [36mdevice[0m=Schneider_PM_COM3_ID2 [36mduration_ms[0m=8609 [36merrors[0m=0 [36mtag_location[0m=Tu_Dien_Chinh [36mtag_panel[0m=Panel_2 [36mtag_slave_id_tag[0m=2
[36mINFO[0m[2025-04-14 13:37:42] Hoàn thành chu kỳ đọc và ghi dữ liệu          [36mdevice[0m=Schneider_PM_COM3_ID1 [36mduration_ms[0m=8537 [36merrors[0m=0 [36mtag_location[0m=Tu_Dien_Chinh [36mtag_panel[0m=Panel_1 [36mtag_slave_id_tag[0m=1
[36mINFO[0m[2025-04-14 13:37:43] Hoàn thành chu kỳ đọc và ghi dữ liệu          [36mdevice[0m=Schneider_PM_COM3_ID2 [36mduration_ms[0m=8536 [36merrors[0m=0 [36mtag_location[0m=Tu_Dien_Chinh [36mtag_panel[0m=Panel_2 [36mtag_slave_id_tag[0m=2
[36mINFO[0m[2025-04-14 13:37:51] Hoàn thành chu kỳ đọc và ghi dữ liệu          [36mdevice[0m=Schneider_PM_COM3_ID1 [36mduration_ms[0m=8616 [36merrors[0m=0 [36mtag_location[0m=Tu_Dien_Chinh [36mtag_panel[0m=Panel_1 [36mtag_slave_id_tag[0m=1
[36mINFO[0m[2025-04-14 13:37:51] Hoàn thành chu kỳ đọc và ghi dữ liệu          [36mdevice[0m=Schneider_PM_COM3_ID2 [36mduration_ms[0m=8613 [36merrors[0m=0 [36mtag_location[0m=Tu_Dien_Chinh [36mtag_panel[0m=Panel_2 [36mtag_slave_id_tag[0m=2
[36mINFO[0m[2025-04-14 13:38:00] Hoàn thành chu kỳ đọc và ghi dữ liệu          [36mdevice[0m=Schneider_PM_COM3_ID1 [36mduration_ms[0m=8617 [36merrors[0m=0 [36mtag_location[0m=Tu_Dien_Chinh [36mtag_panel[0m=Panel_1 [36mtag_slave_id_tag[0m=1
[36mINFO[0m[2025-04-14 13:38:00] Hoàn thành chu kỳ đọc và ghi dữ liệu          [36mdevice[0m=Schneider_PM_COM3_ID2 [36mduration_ms[0m=8619 [36merrors[0m=0 [36mtag_location[0m=Tu_Dien_Chinh [36mtag_panel[0m=Panel_2 [36mtag_slave_id_tag[0m=2
[36mINFO[0m[2025-04-14 13:38:08] Hoàn thành chu kỳ đọc và ghi dữ liệu          [36mdevice[0m=Schneider_PM_COM3_ID1 [36mduration_ms[0m=8665 [36merrors[0m=0 [36mtag_location[0m=Tu_Dien_Chinh [36mtag_panel[0m=Panel_1 [36mtag_slave_id_tag[0m=1
[36mINFO[0m[2025-04-14 13:38:09] Hoàn thành chu kỳ đọc và ghi dữ liệu          [36mdevice[0m=Schneider_PM_COM3_ID2 [36mduration_ms[0m=8668 [36merrors[0m=0 [36mtag_location[0m=Tu_Dien_Chinh [36mtag_panel[0m=Panel_2 [36mtag_slave_id_tag[0m=2
[36mINFO[0m[2025-04-14 13:38:17] Hoàn thành chu kỳ đọc và ghi dữ liệu          [36mdevice[0m=Schneider_PM_COM3_ID1 [36mduration_ms[0m=8765 [36merrors[0m=0 [36mtag_location[0m=Tu_Dien_Chinh [36mtag_panel[0m=Panel_1 [36mtag_slave_id_tag[0m=1
[36mINFO[0m[2025-04-14 13:38:17] Hoàn thành chu kỳ đọc và ghi dữ liệu          [36mdevice[0m=Schneider_PM_COM3_ID2 [36mduration_ms[0m=8762 [36merrors[0m=0 [36mtag_location[0m=Tu_Dien_Chinh [36mtag_panel[0m=Panel_2 [36mtag_slave_id_tag[0m=2
[36mINFO[0m[2025-04-14 13:38:26] Hoàn thành chu kỳ đọc và ghi dữ liệu          [36mdevice[0m=Schneider_PM_COM3_ID1 [36mduration_ms[0m=8744 [36merrors[0m=0 [36mtag_location[0m=Tu_Dien_Chinh [36mtag_panel[0m=Panel_1 [36mtag_slave_id_tag[0m=1
[36mINFO[0m[2025-04-14 13:38:26] Hoàn thành chu kỳ đọc và ghi dữ liệu          [36mdevice[0m=Schneider_PM_COM3_ID2 [36mduration_ms[0m=8744 [36merrors[0m=0 [36mtag_location[0m=Tu_Dien_Chinh [36mtag_panel[0m=Panel_2 [36mtag_slave_id_tag[0m=2
[36mINFO[0m[2025-04-14 13:38:35] Hoàn thành chu kỳ đọc và ghi dữ liệu          [36mdevice[0m=Schneider_PM_COM3_ID1 [36mduration_ms[0m=8684 [36merrors[0m=0 [36mtag_location[0m=Tu_Dien_Chinh [36mtag_panel[0m=Panel_1 [36mtag_slave_id_tag[0m=1
[36mINFO[0m[2025-04-14 13:38:35] Hoàn thành chu kỳ đọc và ghi dữ liệu          [36mdevice[0m=Schneider_PM_COM3_ID2 [36mduration_ms[0m=8691 [36merrors[0m=0 [36mtag_location[0m=Tu_Dien_Chinh [36mtag_panel[0m=Panel_2 [36mtag_slave_id_tag[0m=2
[36mINFO[0m[2025-04-14 13:38:43] Hoàn thành chu kỳ đọc và ghi dữ liệu          [36mdevice[0m=Schneider_PM_COM3_ID1 [36mduration_ms[0m=8857 [36merrors[0m=0 [36mtag_location[0m=Tu_Dien_Chinh [36mtag_panel[0m=Panel_1 [36mtag_slave_id_tag[0m=1
[36mINFO[0m[2025-04-14 13:38:44] Hoàn thành chu kỳ đọc và ghi dữ liệu          [36mdevice[0m=Schneider_PM_COM3_ID2 [36mduration_ms[0m=8845 [36merrors[0m=0 [36mtag_location[0m=Tu_Dien_Chinh [36mtag_panel[0m=Panel_2 [36mtag_slave_id_tag[0m=2
[36mINFO[0m[2025-04-14 13:38:53] Hoàn thành chu kỳ đọc và ghi dữ liệu          [36mdevice[0m=Schneider_PM_COM3_ID1 [36mduration_ms[0m=9271 [36merrors[0m=0 [36mtag_location[0m=Tu_Dien_Chinh [36mtag_panel[0m=Panel_1 [36mtag_slave_id_tag[0m=1
[36mINFO[0m[2025-04-14 13:38:53] Hoàn thành chu kỳ đọc và ghi dữ liệu          [36mdevice[0m=Schneider_PM_COM3_ID2 [36mduration_ms[0m=9273 [36merrors[0m=0 [36mtag_location[0m=Tu_Dien_Chinh [36mtag_panel[0m=Panel_2 [36mtag_slave_id_tag[0m=2
[36mINFO[0m[2025-04-14 13:39:02] Hoàn thành chu kỳ đọc và ghi dữ liệu          [36mdevice[0m=Schneider_PM_COM3_ID1 [36mduration_ms[0m=9006 [36merrors[0m=0 [36mtag_location[0m=Tu_Dien_Chinh [36mtag_panel[0m=Panel_1 [36mtag_slave_id_tag[0m=1
[36mINFO[0m[2025-04-14 13:39:02] Hoàn thành chu kỳ đọc và ghi dữ liệu          [36mdevice[0m=Schneider_PM_COM3_ID2 [36mduration_ms[0m=9000 [36merrors[0m=0 [36mtag_location[0m=Tu_Dien_Chinh [36mtag_panel[0m=Panel_2 [36mtag_slave_id_tag[0m=2
[36mINFO[0m[2025-04-14 13:39:11] Hoàn thành chu kỳ đọc và ghi dữ liệu          [36mdevice[0m=Schneider_PM_COM3_ID1 [36mduration_ms[0m=8913 [36merrors[0m=0 [36mtag_location[0m=Tu_Dien_Chinh [36mtag_panel[0m=Panel_1 [36mtag_slave_id_tag[0m=1
[36mINFO[0m[2025-04-14 13:39:11] Hoàn thành chu kỳ đọc và ghi dữ liệu          [36mdevice[0m=Schneider_PM_COM3_ID2 [36mduration_ms[0m=8923 [36merrors[0m=0 [36mtag_location[0m=Tu_Dien_Chinh [36mtag_panel[0m=Panel_2 [36mtag_slave_id_tag[0m=2
[36mINFO[0m[2025-04-14 13:39:19] Hoàn thành chu kỳ đọc và ghi dữ liệu          [36mdevice[0m=Schneider_PM_COM3_ID1 [36mduration_ms[0m=8815 [36merrors[0m=0 [36mtag_location[0m=Tu_Dien_Chinh [36mtag_panel[0m=Panel_1 [36mtag_slave_id_tag[0m=1
[36mINFO[0m[2025-04-14 13:39:20] Hoàn thành chu kỳ đọc và ghi dữ liệu          [36mdevice[0m=Schneider_PM_COM3_ID2 [36mduration_ms[0m=8819 [36merrors[0m=0 [36mtag_location[0m=Tu_Dien_Chinh [36mtag_panel[0m=Panel_2 [36mtag_slave_id_tag[0m=2
[36mINFO[0m[2025-04-14 13:39:28] Hoàn thành chu kỳ đọc và ghi dữ liệu          [36mdevice[0m=Schneider_PM_COM3_ID1 [36mduration_ms[0m=8555 [36merrors[0m=0 [36mtag_location[0m=Tu_Dien_Chinh [36mtag_panel[0m=Panel_1 [36mtag_slave_id_tag[0m=1
[36mINFO[0m[2025-04-14 13:39:28] Hoàn thành chu kỳ đọc và ghi dữ liệu          [36mdevice[0m=Schneider_PM_COM3_ID2 [36mduration_ms[0m=8552 [36merrors[0m=0 [36mtag_location[0m=Tu_Dien_Chinh [36mtag_panel[0m=Panel_2 [36mtag_slave_id_tag[0m=2
[36mINFO[0m[2025-04-14 13:39:36] Hoàn thành chu kỳ đọc và ghi dữ liệu          [36mdevice[0m=Schneider_PM_COM3_ID1 [36mduration_ms[0m=8543 [36merrors[0m=0 [36mtag_location[0m=Tu_Dien_Chinh [36mtag_panel[0m=Panel_1 [36mtag_slave_id_tag[0m=1
[36mINFO[0m[2025-04-14 13:39:37] Hoàn thành chu kỳ đọc và ghi dữ liệu          [36mdevice[0m=Schneider_PM_COM3_ID2 [36mduration_ms[0m=8543 [36merrors[0m=0 [36mtag_location[0m=Tu_Dien_Chinh [36mtag_panel[0m=Panel_2 [36mtag_slave_id_tag[0m=2
[36mINFO[0m[2025-04-14 13:39:45] Hoàn thành chu kỳ đọc và ghi dữ liệu          [36mdevice[0m=Schneider_PM_COM3_ID1 [36mduration_ms[0m=8606 [36merrors[0m=0 [36mtag_location[0m=Tu_Dien_Chinh [36mtag_panel[0m=Panel_1 [36mtag_slave_id_tag[0m=1
[36mINFO[0m[2025-04-14 13:39:45] Hoàn thành chu kỳ đọc và ghi dữ liệu          [36mdevice[0m=Schneider_PM_COM3_ID2 [36mduration_ms[0m=8604 [36merrors[0m=0 [36mtag_location[0m=Tu_Dien_Chinh [36mtag_panel[0m=Panel_2 [36mtag_slave_id_tag[0m=2
[31mERRO[0m[2025-04-14 13:39:49] Port Manager: Giao dịch Modbus thất bại       [31maddr[0m=3049 [31merror[0m="modbus: response crc '65307' does not match expected '27'" [31mfc[0m=3 [31mport[0m=COM3 [31mqty[0m=2 [31mslave_id[0m=1
[33mWARN[0m[2025-04-14 13:39:49] Lỗi giao tiếp khác                            [33mdevice[0m=Schneider_PM_COM3_ID1 [33merror[0m="modbus: response crc '65307' does not match expected '27'" [33merror_type[0m="*errors.errorString" [33mtag_location[0m=Tu_Dien_Chinh [33mtag_panel[0m=Panel_1 [33mtag_slave_id_tag[0m=1
[36mINFO[0m[2025-04-14 13:39:54] Hoàn thành chu kỳ đọc và ghi dữ liệu          [36mdevice[0m=Schneider_PM_COM3_ID1 [36mduration_ms[0m=8578 [36merrors[0m=1 [36mtag_location[0m=Tu_Dien_Chinh [36mtag_panel[0m=Panel_1 [36mtag_slave_id_tag[0m=1
[36mINFO[0m[2025-04-14 13:39:54] Hoàn thành chu kỳ đọc và ghi dữ liệu          [36mdevice[0m=Schneider_PM_COM3_ID2 [36mduration_ms[0m=8580 [36merrors[0m=0 [36mtag_location[0m=Tu_Dien_Chinh [36mtag_panel[0m=Panel_2 [36mtag_slave_id_tag[0m=2
[36mINFO[0m[2025-04-14 13:40:02] Hoàn thành chu kỳ đọc và ghi dữ liệu          [36mdevice[0m=Schneider_PM_COM3_ID1 [36mduration_ms[0m=8567 [36merrors[0m=0 [36mtag_location[0m=Tu_Dien_Chinh [36mtag_panel[0m=Panel_1 [36mtag_slave_id_tag[0m=1
[36mINFO[0m[2025-04-14 13:40:03] Hoàn thành chu kỳ đọc và ghi dữ liệu          [36mdevice[0m=Schneider_PM_COM3_ID2 [36mduration_ms[0m=8565 [36merrors[0m=0 [36mtag_location[0m=Tu_Dien_Chinh [36mtag_panel[0m=Panel_2 [36mtag_slave_id_tag[0m=2
[36mINFO[0m[2025-04-14 13:40:11] Hoàn thành chu kỳ đọc và ghi dữ liệu          [36mdevice[0m=Schneider_PM_COM3_ID1 [36mduration_ms[0m=8560 [36merrors[0m=0 [36mtag_location[0m=Tu_Dien_Chinh [36mtag_panel[0m=Panel_1 [36mtag_slave_id_tag[0m=1
[36mINFO[0m[2025-04-14 13:40:11] Hoàn thành chu kỳ đọc và ghi dữ liệu          [36mdevice[0m=Schneider_PM_COM3_ID2 [36mduration_ms[0m=8559 [36merrors[0m=0 [36mtag_location[0m=Tu_Dien_Chinh [36mtag_panel[0m=Panel_2 [36mtag_slave_id_tag[0m=2
[36mINFO[0m[2025-04-14 13:40:19] Hoàn thành chu kỳ đọc và ghi dữ liệu          [36mdevice[0m=Schneider_PM_COM3_ID1 [36mduration_ms[0m=8509 [36merrors[0m=0 [36mtag_location[0m=Tu_Dien_Chinh [36mtag_panel[0m=Panel_1 [36mtag_slave_id_tag[0m=1
[36mINFO[0m[2025-04-14 13:40:20] Hoàn thành chu kỳ đọc và ghi dữ liệu          [36mdevice[0m=Schneider_PM_COM3_ID2 [36mduration_ms[0m=8513 [36merrors[0m=0 [36mtag_location[0m=Tu_Dien_Chinh [36mtag_panel[0m=Panel_2 [36mtag_slave_id_tag[0m=2
[36mINFO[0m[2025-04-14 13:40:28] Hoàn thành chu kỳ đọc và ghi dữ liệu          [36mdevice[0m=Schneider_PM_COM3_ID1 [36mduration_ms[0m=8548 [36merrors[0m=0 [36mtag_location[0m=Tu_Dien_Chinh [36mtag_panel[0m=Panel_1 [36mtag_slave_id_tag[0m=1
[36mINFO[0m[2025-04-14 13:40:28] Hoàn thành chu kỳ đọc và ghi dữ liệu          [36mdevice[0m=Schneider_PM_COM3_ID2 [36mduration_ms[0m=8546 [36merrors[0m=0 [36mtag_location[0m=Tu_Dien_Chinh [36mtag_panel[0m=Panel_2 [36mtag_slave_id_tag[0m=2
[36mINFO[0m[2025-04-14 13:40:36] Hoàn thành chu kỳ đọc và ghi dữ liệu          [36mdevice[0m=Schneider_PM_COM3_ID1 [36mduration_ms[0m=8573 [36merrors[0m=0 [36mtag_location[0m=Tu_Dien_Chinh [36mtag_panel[0m=Panel_1 [36mtag_slave_id_tag[0m=1
[36mINFO[0m[2025-04-14 13:40:37] Hoàn thành chu kỳ đọc và ghi dữ liệu          [36mdevice[0m=Schneider_PM_COM3_ID2 [36mduration_ms[0m=8572 [36merrors[0m=0 [36mtag_location[0m=Tu_Dien_Chinh [36mtag_panel[0m=Panel_2 [36mtag_slave_id_tag[0m=2
[36mINFO[0m[2025-04-14 13:40:45] Hoàn thành chu kỳ đọc và ghi dữ liệu          [36mdevice[0m=Schneider_PM_COM3_ID1 [36mduration_ms[0m=8570 [36merrors[0m=0 [36mtag_location[0m=Tu_Dien_Chinh [36mtag_panel[0m=Panel_1 [36mtag_slave_id_tag[0m=1
[36mINFO[0m[2025-04-14 13:40:45] Hoàn thành chu kỳ đọc và ghi dữ liệu          [36mdevice[0m=Schneider_PM_COM3_ID2 [36mduration_ms[0m=8569 [36merrors[0m=0 [36mtag_location[0m=Tu_Dien_Chinh [36mtag_panel[0m=Panel_2 [36mtag_slave_id_tag[0m=2
[36mINFO[0m[2025-04-14 13:40:54] Hoàn thành chu kỳ đọc và ghi dữ liệu          [36mdevice[0m=Schneider_PM_COM3_ID1 [36mduration_ms[0m=8523 [36merrors[0m=0 [36mtag_location[0m=Tu_Dien_Chinh [36mtag_panel[0m=Panel_1 [36mtag_slave_id_tag[0m=1
[36mINFO[0m[2025-04-14 13:40:54] Hoàn thành chu kỳ đọc và ghi dữ liệu          [36mdevice[0m=Schneider_PM_COM3_ID2 [36mduration_ms[0m=8526 [36merrors[0m=0 [36mtag_location[0m=Tu_Dien_Chinh [36mtag_panel[0m=Panel_2 [36mtag_slave_id_tag[0m=2
[36mINFO[0m[2025-04-14 13:41:02] Hoàn thành chu kỳ đọc và ghi dữ liệu          [36mdevice[0m=Schneider_PM_COM3_ID1 [36mduration_ms[0m=8514 [36merrors[0m=0 [36mtag_location[0m=Tu_Dien_Chinh [36mtag_panel[0m=Panel_1 [36mtag_slave_id_tag[0m=1
[36mINFO[0m[2025-04-14 13:41:02] Hoàn thành chu kỳ đọc và ghi dữ liệu          [36mdevice[0m=Schneider_PM_COM3_ID2 [36mduration_ms[0m=8512 [36merrors[0m=0 [36mtag_location[0m=Tu_Dien_Chinh [36mtag_panel[0m=Panel_2 [36mtag_slave_id_tag[0m=2
[36mINFO[0m[2025-04-14 13:41:11] Hoàn thành chu kỳ đọc và ghi dữ liệu          [36mdevice[0m=Schneider_PM_COM3_ID1 [36mduration_ms[0m=8527 [36merrors[0m=0 [36mtag_location[0m=Tu_Dien_Chinh [36mtag_panel[0m=Panel_1 [36mtag_slave_id_tag[0m=1
[36mINFO[0m[2025-04-14 13:41:11] Hoàn thành chu kỳ đọc và ghi dữ liệu          [36mdevice[0m=Schneider_PM_COM3_ID2 [36mduration_ms[0m=8528 [36merrors[0m=0 [36mtag_location[0m=Tu_Dien_Chinh [36mtag_panel[0m=Panel_2 [36mtag_slave_id_tag[0m=2
[36mINFO[0m[2025-04-14 13:41:19] Hoàn thành chu kỳ đọc và ghi dữ liệu          [36mdevice[0m=Schneider_PM_COM3_ID1 [36mduration_ms[0m=8543 [36merrors[0m=0 [36mtag_location[0m=Tu_Dien_Chinh [36mtag_panel[0m=Panel_1 [36mtag_slave_id_tag[0m=1
[36mINFO[0m[2025-04-14 13:41:19] Hoàn thành chu kỳ đọc và ghi dữ liệu          [36mdevice[0m=Schneider_PM_COM3_ID2 [36mduration_ms[0m=8540 [36merrors[0m=0 [36mtag_location[0m=Tu_Dien_Chinh [36mtag_panel[0m=Panel_2 [36mtag_slave_id_tag[0m=2
[33mWARN[0m[2025-04-14 13:41:23] Đã nhận tín hiệu dừng. Đang yêu cầu các goroutine kết thúc... 
[36mINFO[0m[2025-04-14 13:41:23] Đang chờ các goroutine Device hoàn thành...  
[33mWARN[0m[2025-04-14 13:41:23] Bị hủy khi đang chờ phản hồi cho thanh ghi Voltage_Unbalance_CN  [33mdevice[0m=Schneider_PM_COM3_ID2 [33mtag_location[0m=Tu_Dien_Chinh [33mtag_panel[0m=Panel_2 [33mtag_slave_id_tag[0m=2
[36mINFO[0m[2025-04-14 13:41:23] Context bị hủy trong quá trình đọc thanh ghi.  [36mdevice[0m=Schneider_PM_COM3_ID2 [36mtag_location[0m=Tu_Dien_Chinh [36mtag_panel[0m=Panel_2 [36mtag_slave_id_tag[0m=2
[33mWARN[0m[2025-04-14 13:41:23] Chu kỳ đọc bị hủy, không ghi dữ liệu.         [33mdevice[0m=Schneider_PM_COM3_ID2 [33mtag_location[0m=Tu_Dien_Chinh [33mtag_panel[0m=Panel_2 [33mtag_slave_id_tag[0m=2
[33mWARN[0m[2025-04-14 13:41:23] Bị hủy khi đang chờ phản hồi cho thanh ghi ActivePower_B  [33mdevice[0m=Schneider_PM_COM3_ID1 [33mtag_location[0m=Tu_Dien_Chinh [33mtag_panel[0m=Panel_1 [33mtag_slave_id_tag[0m=1
[36mINFO[0m[2025-04-14 13:41:23] Context bị hủy trong quá trình đọc thanh ghi.  [36mdevice[0m=Schneider_PM_COM3_ID1 [36mtag_location[0m=Tu_Dien_Chinh [36mtag_panel[0m=Panel_1 [36mtag_slave_id_tag[0m=1
[33mWARN[0m[2025-04-14 13:41:23] Chu kỳ đọc bị hủy, không ghi dữ liệu.         [33mdevice[0m=Schneider_PM_COM3_ID1 [33mtag_location[0m=Tu_Dien_Chinh [33mtag_panel[0m=Panel_1 [33mtag_slave_id_tag[0m=1
[36mINFO[0m[2025-04-14 13:41:23] Nhận tín hiệu dừng, kết thúc vòng lặp đọc.    [36mdevice[0m=Schneider_PM_COM3_ID1 [36mtag_location[0m=Tu_Dien_Chinh [36mtag_panel[0m=Panel_1 [36mtag_slave_id_tag[0m=1
[36mINFO[0m[2025-04-14 13:41:23] Context bị hủy trong quá trình đọc thanh ghi.  [36mdevice[0m=Schneider_PM_COM3_ID2 [36mtag_location[0m=Tu_Dien_Chinh [36mtag_panel[0m=Panel_2 [36mtag_slave_id_tag[0m=2
[33mWARN[0m[2025-04-14 13:41:23] Chu kỳ đọc bị hủy, không ghi dữ liệu.         [33mdevice[0m=Schneider_PM_COM3_ID2 [33mtag_location[0m=Tu_Dien_Chinh [33mtag_panel[0m=Panel_2 [33mtag_slave_id_tag[0m=2
[36mINFO[0m[2025-04-14 13:41:23] Nhận tín hiệu dừng, kết thúc vòng lặp đọc.    [36mdevice[0m=Schneider_PM_COM3_ID2 [36mtag_location[0m=Tu_Dien_Chinh [36mtag_panel[0m=Panel_2 [36mtag_slave_id_tag[0m=2
[36mINFO[0m[2025-04-14 13:41:23] Các goroutine Device đã dừng.                
[36mINFO[0m[2025-04-14 13:41:23] Chương trình kết thúc.                       
[36mINFO[0m[2025-04-14 13:41:23] Đang đóng các file CSV...                    
[36mINFO[0m[2025-04-14 13:41:23] Đã đóng các file CSV.                        
