[36mINFO[0m[2025-04-14 15:42:55] --- Khởi chạy Gateway Modbus (Refactored + PortManager) --- 
[36mINFO[0m[2025-04-14 15:42:55] Khởi tạo Port Manager cho cổng COM3...       
[36mINFO[0m[2025-04-14 15:42:55] Port Manager bắt đầu hoạt động...             [36mport[0m=COM3
[36mINFO[0m[2025-04-14 15:42:55] Khởi tạo handler cho \\.\COM3                 [36mport[0m=COM3
[36mINFO[0m[2025-04-14 15:42:55] Đã đọc 85 thanh ghi cho thiết bị 'Schneider_PM_COM3_ID1' 
[36mINFO[0m[2025-04-14 15:42:55] Bắt đầu vòng lặp đọc dữ liệu...               [36mdevice[0m=Schneider_PM_COM3_ID1 [36mtag_location[0m=Tu_Tu_Bu_Ung_Dong [36mtag_panel[0m=Panel_1 [36mtag_slave_id_tag[0m=1
[36mINFO[0m[2025-04-14 15:42:55] Đã đọc 85 thanh ghi cho thiết bị 'Schneider_PM_COM3_ID2' 
[36mINFO[0m[2025-04-14 15:42:55] Đã khởi chạy 2 goroutine cho các thiết bị. Nhấn Ctrl+C để dừng. 
[36mINFO[0m[2025-04-14 15:42:55] Bắt đầu vòng lặp đọc dữ liệu...               [36mdevice[0m=Schneider_PM_COM3_ID2 [36mtag_location[0m=Tu_Tu_Bu_Ung_Dong [36mtag_panel[0m=Panel_2 [36mtag_slave_id_tag[0m=2
[33mWARN[0m[2025-04-14 15:42:57] Giá trị N/A (0xFFC00000) được trả về cho FLOAT32  [33mdevice[0m=Schneider_PM_COM3_ID2 [33mregister_name[0m=Current_B [33mtag_location[0m=Tu_Tu_Bu_Ung_Dong [33mtag_panel[0m=Panel_2 [33mtag_slave_id_tag[0m=2
[33mWARN[0m[2025-04-14 15:42:57] Giá trị N/A (0xFFC00000) được trả về cho FLOAT32  [33mdevice[0m=Schneider_PM_COM3_ID1 [33mregister_name[0m=Current_B [33mtag_location[0m=Tu_Tu_Bu_Ung_Dong [33mtag_panel[0m=Panel_1 [33mtag_slave_id_tag[0m=1
[33mWARN[0m[2025-04-14 15:42:57] Giá trị N/A (0xFFC00000) được trả về cho FLOAT32  [33mdevice[0m=Schneider_PM_COM3_ID2 [33mregister_name[0m=Current_C [33mtag_location[0m=Tu_Tu_Bu_Ung_Dong [33mtag_panel[0m=Panel_2 [33mtag_slave_id_tag[0m=2
[33mWARN[0m[2025-04-14 15:42:57] Giá trị N/A (0xFFC00000) được trả về cho FLOAT32  [33mdevice[0m=Schneider_PM_COM3_ID1 [33mregister_name[0m=Current_C [33mtag_location[0m=Tu_Tu_Bu_Ung_Dong [33mtag_panel[0m=Panel_1 [33mtag_slave_id_tag[0m=1
[33mWARN[0m[2025-04-14 15:42:57] Giá trị N/A (0xFFC00000) được trả về cho FLOAT32  [33mdevice[0m=Schneider_PM_COM3_ID2 [33mregister_name[0m=Current_N [33mtag_location[0m=Tu_Tu_Bu_Ung_Dong [33mtag_panel[0m=Panel_2 [33mtag_slave_id_tag[0m=2
[33mWARN[0m[2025-04-14 15:42:57] Giá trị N/A (0xFFC00000) được trả về cho FLOAT32  [33mdevice[0m=Schneider_PM_COM3_ID1 [33mregister_name[0m=Current_N [33mtag_location[0m=Tu_Tu_Bu_Ung_Dong [33mtag_panel[0m=Panel_1 [33mtag_slave_id_tag[0m=1
[33mWARN[0m[2025-04-14 15:42:57] Giá trị N/A (0xFFC00000) được trả về cho FLOAT32  [33mdevice[0m=Schneider_PM_COM3_ID2 [33mregister_name[0m=Current_G [33mtag_location[0m=Tu_Tu_Bu_Ung_Dong [33mtag_panel[0m=Panel_2 [33mtag_slave_id_tag[0m=2
[33mWARN[0m[2025-04-14 15:42:57] Giá trị N/A (0xFFC00000) được trả về cho FLOAT32  [33mdevice[0m=Schneider_PM_COM3_ID1 [33mregister_name[0m=Current_G [33mtag_location[0m=Tu_Tu_Bu_Ung_Dong [33mtag_panel[0m=Panel_1 [33mtag_slave_id_tag[0m=1
[33mWARN[0m[2025-04-14 15:42:57] Giá trị N/A (0xFFC00000) được trả về cho FLOAT32  [33mdevice[0m=Schneider_PM_COM3_ID2 [33mregister_name[0m=Current_Unbalance_A [33mtag_location[0m=Tu_Tu_Bu_Ung_Dong [33mtag_panel[0m=Panel_2 [33mtag_slave_id_tag[0m=2
[33mWARN[0m[2025-04-14 15:42:57] Giá trị N/A (0xFFC00000) được trả về cho FLOAT32  [33mdevice[0m=Schneider_PM_COM3_ID1 [33mregister_name[0m=Current_Unbalance_A [33mtag_location[0m=Tu_Tu_Bu_Ung_Dong [33mtag_panel[0m=Panel_1 [33mtag_slave_id_tag[0m=1
[33mWARN[0m[2025-04-14 15:42:57] Giá trị N/A (0xFFC00000) được trả về cho FLOAT32  [33mdevice[0m=Schneider_PM_COM3_ID2 [33mregister_name[0m=Current_Unbalance_B [33mtag_location[0m=Tu_Tu_Bu_Ung_Dong [33mtag_panel[0m=Panel_2 [33mtag_slave_id_tag[0m=2
[33mWARN[0m[2025-04-14 15:42:58] Giá trị N/A (0xFFC00000) được trả về cho FLOAT32  [33mdevice[0m=Schneider_PM_COM3_ID1 [33mregister_name[0m=Current_Unbalance_B [33mtag_location[0m=Tu_Tu_Bu_Ung_Dong [33mtag_panel[0m=Panel_1 [33mtag_slave_id_tag[0m=1
[33mWARN[0m[2025-04-14 15:42:58] Giá trị N/A (0xFFC00000) được trả về cho FLOAT32  [33mdevice[0m=Schneider_PM_COM3_ID2 [33mregister_name[0m=Current_Unbalance_C [33mtag_location[0m=Tu_Tu_Bu_Ung_Dong [33mtag_panel[0m=Panel_2 [33mtag_slave_id_tag[0m=2
[33mWARN[0m[2025-04-14 15:42:58] Giá trị N/A (0xFFC00000) được trả về cho FLOAT32  [33mdevice[0m=Schneider_PM_COM3_ID1 [33mregister_name[0m=Current_Unbalance_C [33mtag_location[0m=Tu_Tu_Bu_Ung_Dong [33mtag_panel[0m=Panel_1 [33mtag_slave_id_tag[0m=1
[33mWARN[0m[2025-04-14 15:42:58] Giá trị N/A (0xFFC00000) được trả về cho FLOAT32  [33mdevice[0m=Schneider_PM_COM3_ID2 [33mregister_name[0m=Current_Unbalance_Worst [33mtag_location[0m=Tu_Tu_Bu_Ung_Dong [33mtag_panel[0m=Panel_2 [33mtag_slave_id_tag[0m=2
[33mWARN[0m[2025-04-14 15:42:58] Giá trị N/A (0xFFC00000) được trả về cho FLOAT32  [33mdevice[0m=Schneider_PM_COM3_ID1 [33mregister_name[0m=Current_Unbalance_Worst [33mtag_location[0m=Tu_Tu_Bu_Ung_Dong [33mtag_panel[0m=Panel_1 [33mtag_slave_id_tag[0m=1
[33mWARN[0m[2025-04-14 15:42:58] Giá trị N/A (0xFFC00000) được trả về cho FLOAT32  [33mdevice[0m=Schneider_PM_COM3_ID2 [33mregister_name[0m=Voltage_AB [33mtag_location[0m=Tu_Tu_Bu_Ung_Dong [33mtag_panel[0m=Panel_2 [33mtag_slave_id_tag[0m=2
[33mWARN[0m[2025-04-14 15:42:58] Giá trị N/A (0xFFC00000) được trả về cho FLOAT32  [33mdevice[0m=Schneider_PM_COM3_ID1 [33mregister_name[0m=Voltage_AB [33mtag_location[0m=Tu_Tu_Bu_Ung_Dong [33mtag_panel[0m=Panel_1 [33mtag_slave_id_tag[0m=1
[33mWARN[0m[2025-04-14 15:42:58] Giá trị N/A (0xFFC00000) được trả về cho FLOAT32  [33mdevice[0m=Schneider_PM_COM3_ID2 [33mregister_name[0m=Voltage_BC [33mtag_location[0m=Tu_Tu_Bu_Ung_Dong [33mtag_panel[0m=Panel_2 [33mtag_slave_id_tag[0m=2
[33mWARN[0m[2025-04-14 15:42:58] Giá trị N/A (0xFFC00000) được trả về cho FLOAT32  [33mdevice[0m=Schneider_PM_COM3_ID1 [33mregister_name[0m=Voltage_BC [33mtag_location[0m=Tu_Tu_Bu_Ung_Dong [33mtag_panel[0m=Panel_1 [33mtag_slave_id_tag[0m=1
[33mWARN[0m[2025-04-14 15:42:58] Giá trị N/A (0xFFC00000) được trả về cho FLOAT32  [33mdevice[0m=Schneider_PM_COM3_ID2 [33mregister_name[0m=Voltage_CA [33mtag_location[0m=Tu_Tu_Bu_Ung_Dong [33mtag_panel[0m=Panel_2 [33mtag_slave_id_tag[0m=2
[33mWARN[0m[2025-04-14 15:42:58] Giá trị N/A (0xFFC00000) được trả về cho FLOAT32  [33mdevice[0m=Schneider_PM_COM3_ID1 [33mregister_name[0m=Voltage_CA [33mtag_location[0m=Tu_Tu_Bu_Ung_Dong [33mtag_panel[0m=Panel_1 [33mtag_slave_id_tag[0m=1
[33mWARN[0m[2025-04-14 15:42:58] Giá trị N/A (0xFFC00000) được trả về cho FLOAT32  [33mdevice[0m=Schneider_PM_COM3_ID2 [33mregister_name[0m=Voltage_LLAvg [33mtag_location[0m=Tu_Tu_Bu_Ung_Dong [33mtag_panel[0m=Panel_2 [33mtag_slave_id_tag[0m=2
[33mWARN[0m[2025-04-14 15:42:58] Giá trị N/A (0xFFC00000) được trả về cho FLOAT32  [33mdevice[0m=Schneider_PM_COM3_ID1 [33mregister_name[0m=Voltage_LLAvg [33mtag_location[0m=Tu_Tu_Bu_Ung_Dong [33mtag_panel[0m=Panel_1 [33mtag_slave_id_tag[0m=1
[33mWARN[0m[2025-04-14 15:42:58] Giá trị N/A (0xFFC00000) được trả về cho FLOAT32  [33mdevice[0m=Schneider_PM_COM3_ID2 [33mregister_name[0m=Voltage_BN [33mtag_location[0m=Tu_Tu_Bu_Ung_Dong [33mtag_panel[0m=Panel_2 [33mtag_slave_id_tag[0m=2
[33mWARN[0m[2025-04-14 15:42:58] Giá trị N/A (0xFFC00000) được trả về cho FLOAT32  [33mdevice[0m=Schneider_PM_COM3_ID1 [33mregister_name[0m=Voltage_BN [33mtag_location[0m=Tu_Tu_Bu_Ung_Dong [33mtag_panel[0m=Panel_1 [33mtag_slave_id_tag[0m=1
[33mWARN[0m[2025-04-14 15:42:58] Giá trị N/A (0xFFC00000) được trả về cho FLOAT32  [33mdevice[0m=Schneider_PM_COM3_ID2 [33mregister_name[0m=Voltage_CN [33mtag_location[0m=Tu_Tu_Bu_Ung_Dong [33mtag_panel[0m=Panel_2 [33mtag_slave_id_tag[0m=2
[33mWARN[0m[2025-04-14 15:42:58] Giá trị N/A (0xFFC00000) được trả về cho FLOAT32  [33mdevice[0m=Schneider_PM_COM3_ID1 [33mregister_name[0m=Voltage_CN [33mtag_location[0m=Tu_Tu_Bu_Ung_Dong [33mtag_panel[0m=Panel_1 [33mtag_slave_id_tag[0m=1
[33mWARN[0m[2025-04-14 15:42:59] Giá trị N/A (0xFFC00000) được trả về cho FLOAT32  [33mdevice[0m=Schneider_PM_COM3_ID2 [33mregister_name[0m=Voltage_Unbalance_AB [33mtag_location[0m=Tu_Tu_Bu_Ung_Dong [33mtag_panel[0m=Panel_2 [33mtag_slave_id_tag[0m=2
[33mWARN[0m[2025-04-14 15:42:59] Giá trị N/A (0xFFC00000) được trả về cho FLOAT32  [33mdevice[0m=Schneider_PM_COM3_ID1 [33mregister_name[0m=Voltage_Unbalance_AB [33mtag_location[0m=Tu_Tu_Bu_Ung_Dong [33mtag_panel[0m=Panel_1 [33mtag_slave_id_tag[0m=1
[33mWARN[0m[2025-04-14 15:42:59] Giá trị N/A (0xFFC00000) được trả về cho FLOAT32  [33mdevice[0m=Schneider_PM_COM3_ID2 [33mregister_name[0m=Voltage_Unbalance_BC [33mtag_location[0m=Tu_Tu_Bu_Ung_Dong [33mtag_panel[0m=Panel_2 [33mtag_slave_id_tag[0m=2
[33mWARN[0m[2025-04-14 15:42:59] Giá trị N/A (0xFFC00000) được trả về cho FLOAT32  [33mdevice[0m=Schneider_PM_COM3_ID1 [33mregister_name[0m=Voltage_Unbalance_BC [33mtag_location[0m=Tu_Tu_Bu_Ung_Dong [33mtag_panel[0m=Panel_1 [33mtag_slave_id_tag[0m=1
[33mWARN[0m[2025-04-14 15:42:59] Giá trị N/A (0xFFC00000) được trả về cho FLOAT32  [33mdevice[0m=Schneider_PM_COM3_ID2 [33mregister_name[0m=Voltage_Unbalance_CA [33mtag_location[0m=Tu_Tu_Bu_Ung_Dong [33mtag_panel[0m=Panel_2 [33mtag_slave_id_tag[0m=2
[33mWARN[0m[2025-04-14 15:42:59] Giá trị N/A (0xFFC00000) được trả về cho FLOAT32  [33mdevice[0m=Schneider_PM_COM3_ID1 [33mregister_name[0m=Voltage_Unbalance_CA [33mtag_location[0m=Tu_Tu_Bu_Ung_Dong [33mtag_panel[0m=Panel_1 [33mtag_slave_id_tag[0m=1
[33mWARN[0m[2025-04-14 15:42:59] Giá trị N/A (0xFFC00000) được trả về cho FLOAT32  [33mdevice[0m=Schneider_PM_COM3_ID2 [33mregister_name[0m=Voltage_Unbalance_LL_Worst [33mtag_location[0m=Tu_Tu_Bu_Ung_Dong [33mtag_panel[0m=Panel_2 [33mtag_slave_id_tag[0m=2
[33mWARN[0m[2025-04-14 15:42:59] Giá trị N/A (0xFFC00000) được trả về cho FLOAT32  [33mdevice[0m=Schneider_PM_COM3_ID1 [33mregister_name[0m=Voltage_Unbalance_LL_Worst [33mtag_location[0m=Tu_Tu_Bu_Ung_Dong [33mtag_panel[0m=Panel_1 [33mtag_slave_id_tag[0m=1
[33mWARN[0m[2025-04-14 15:42:59] Giá trị N/A (0xFFC00000) được trả về cho FLOAT32  [33mdevice[0m=Schneider_PM_COM3_ID2 [33mregister_name[0m=Voltage_Unbalance_AN [33mtag_location[0m=Tu_Tu_Bu_Ung_Dong [33mtag_panel[0m=Panel_2 [33mtag_slave_id_tag[0m=2
[33mWARN[0m[2025-04-14 15:42:59] Giá trị N/A (0xFFC00000) được trả về cho FLOAT32  [33mdevice[0m=Schneider_PM_COM3_ID1 [33mregister_name[0m=Voltage_Unbalance_AN [33mtag_location[0m=Tu_Tu_Bu_Ung_Dong [33mtag_panel[0m=Panel_1 [33mtag_slave_id_tag[0m=1
[33mWARN[0m[2025-04-14 15:42:59] Giá trị N/A (0xFFC00000) được trả về cho FLOAT32  [33mdevice[0m=Schneider_PM_COM3_ID2 [33mregister_name[0m=Voltage_Unbalance_BN [33mtag_location[0m=Tu_Tu_Bu_Ung_Dong [33mtag_panel[0m=Panel_2 [33mtag_slave_id_tag[0m=2
[33mWARN[0m[2025-04-14 15:42:59] Giá trị N/A (0xFFC00000) được trả về cho FLOAT32  [33mdevice[0m=Schneider_PM_COM3_ID1 [33mregister_name[0m=Voltage_Unbalance_BN [33mtag_location[0m=Tu_Tu_Bu_Ung_Dong [33mtag_panel[0m=Panel_1 [33mtag_slave_id_tag[0m=1
[33mWARN[0m[2025-04-14 15:42:59] Giá trị N/A (0xFFC00000) được trả về cho FLOAT32  [33mdevice[0m=Schneider_PM_COM3_ID2 [33mregister_name[0m=Voltage_Unbalance_CN [33mtag_location[0m=Tu_Tu_Bu_Ung_Dong [33mtag_panel[0m=Panel_2 [33mtag_slave_id_tag[0m=2
[33mWARN[0m[2025-04-14 15:42:59] Giá trị N/A (0xFFC00000) được trả về cho FLOAT32  [33mdevice[0m=Schneider_PM_COM3_ID1 [33mregister_name[0m=Voltage_Unbalance_CN [33mtag_location[0m=Tu_Tu_Bu_Ung_Dong [33mtag_panel[0m=Panel_1 [33mtag_slave_id_tag[0m=1
[33mWARN[0m[2025-04-14 15:42:59] Giá trị N/A (0xFFC00000) được trả về cho FLOAT32  [33mdevice[0m=Schneider_PM_COM3_ID2 [33mregister_name[0m=Voltage_Unbalance_LN_Worst [33mtag_location[0m=Tu_Tu_Bu_Ung_Dong [33mtag_panel[0m=Panel_2 [33mtag_slave_id_tag[0m=2
[33mWARN[0m[2025-04-14 15:42:59] Giá trị N/A (0xFFC00000) được trả về cho FLOAT32  [33mdevice[0m=Schneider_PM_COM3_ID1 [33mregister_name[0m=Voltage_Unbalance_LN_Worst [33mtag_location[0m=Tu_Tu_Bu_Ung_Dong [33mtag_panel[0m=Panel_1 [33mtag_slave_id_tag[0m=1
[33mWARN[0m[2025-04-14 15:42:59] Giá trị N/A (0xFFC00000) được trả về cho FLOAT32  [33mdevice[0m=Schneider_PM_COM3_ID2 [33mregister_name[0m=ActivePower_B [33mtag_location[0m=Tu_Tu_Bu_Ung_Dong [33mtag_panel[0m=Panel_2 [33mtag_slave_id_tag[0m=2
[33mWARN[0m[2025-04-14 15:42:59] Giá trị N/A (0xFFC00000) được trả về cho FLOAT32  [33mdevice[0m=Schneider_PM_COM3_ID1 [33mregister_name[0m=ActivePower_B [33mtag_location[0m=Tu_Tu_Bu_Ung_Dong [33mtag_panel[0m=Panel_1 [33mtag_slave_id_tag[0m=1
[33mWARN[0m[2025-04-14 15:42:59] Giá trị N/A (0xFFC00000) được trả về cho FLOAT32  [33mdevice[0m=Schneider_PM_COM3_ID2 [33mregister_name[0m=ActivePower_C [33mtag_location[0m=Tu_Tu_Bu_Ung_Dong [33mtag_panel[0m=Panel_2 [33mtag_slave_id_tag[0m=2
[33mWARN[0m[2025-04-14 15:43:00] Giá trị N/A (0xFFC00000) được trả về cho FLOAT32  [33mdevice[0m=Schneider_PM_COM3_ID1 [33mregister_name[0m=ActivePower_C [33mtag_location[0m=Tu_Tu_Bu_Ung_Dong [33mtag_panel[0m=Panel_1 [33mtag_slave_id_tag[0m=1
[33mWARN[0m[2025-04-14 15:43:00] Giá trị N/A (0xFFC00000) được trả về cho FLOAT32  [33mdevice[0m=Schneider_PM_COM3_ID2 [33mregister_name[0m=ReactivePower_B [33mtag_location[0m=Tu_Tu_Bu_Ung_Dong [33mtag_panel[0m=Panel_2 [33mtag_slave_id_tag[0m=2
[33mWARN[0m[2025-04-14 15:43:00] Giá trị N/A (0xFFC00000) được trả về cho FLOAT32  [33mdevice[0m=Schneider_PM_COM3_ID1 [33mregister_name[0m=ReactivePower_B [33mtag_location[0m=Tu_Tu_Bu_Ung_Dong [33mtag_panel[0m=Panel_1 [33mtag_slave_id_tag[0m=1
[33mWARN[0m[2025-04-14 15:43:00] Giá trị N/A (0xFFC00000) được trả về cho FLOAT32  [33mdevice[0m=Schneider_PM_COM3_ID2 [33mregister_name[0m=ReactivePower_C [33mtag_location[0m=Tu_Tu_Bu_Ung_Dong [33mtag_panel[0m=Panel_2 [33mtag_slave_id_tag[0m=2
[33mWARN[0m[2025-04-14 15:43:00] Giá trị N/A (0xFFC00000) được trả về cho FLOAT32  [33mdevice[0m=Schneider_PM_COM3_ID1 [33mregister_name[0m=ReactivePower_C [33mtag_location[0m=Tu_Tu_Bu_Ung_Dong [33mtag_panel[0m=Panel_1 [33mtag_slave_id_tag[0m=1
[33mWARN[0m[2025-04-14 15:43:00] Giá trị N/A (0xFFC00000) được trả về cho FLOAT32  [33mdevice[0m=Schneider_PM_COM3_ID2 [33mregister_name[0m=ApparentPower_B [33mtag_location[0m=Tu_Tu_Bu_Ung_Dong [33mtag_panel[0m=Panel_2 [33mtag_slave_id_tag[0m=2
[33mWARN[0m[2025-04-14 15:43:00] Giá trị N/A (0xFFC00000) được trả về cho FLOAT32  [33mdevice[0m=Schneider_PM_COM3_ID1 [33mregister_name[0m=ApparentPower_B [33mtag_location[0m=Tu_Tu_Bu_Ung_Dong [33mtag_panel[0m=Panel_1 [33mtag_slave_id_tag[0m=1
[33mWARN[0m[2025-04-14 15:43:00] Giá trị N/A (0xFFC00000) được trả về cho FLOAT32  [33mdevice[0m=Schneider_PM_COM3_ID2 [33mregister_name[0m=ApparentPower_C [33mtag_location[0m=Tu_Tu_Bu_Ung_Dong [33mtag_panel[0m=Panel_2 [33mtag_slave_id_tag[0m=2
[33mWARN[0m[2025-04-14 15:43:00] Giá trị N/A (0xFFC00000) được trả về cho FLOAT32  [33mdevice[0m=Schneider_PM_COM3_ID1 [33mregister_name[0m=ApparentPower_C [33mtag_location[0m=Tu_Tu_Bu_Ung_Dong [33mtag_panel[0m=Panel_1 [33mtag_slave_id_tag[0m=1
[33mWARN[0m[2025-04-14 15:43:01] Giá trị N/A (0xFFC00000) được trả về cho FLOAT32  [33mdevice[0m=Schneider_PM_COM3_ID2 [33mregister_name[0m=PF_B [33mtag_location[0m=Tu_Tu_Bu_Ung_Dong [33mtag_panel[0m=Panel_2 [33mtag_slave_id_tag[0m=2
[33mWARN[0m[2025-04-14 15:43:01] Giá trị N/A (0xFFC00000) được trả về cho FLOAT32  [33mdevice[0m=Schneider_PM_COM3_ID1 [33mregister_name[0m=PF_B [33mtag_location[0m=Tu_Tu_Bu_Ung_Dong [33mtag_panel[0m=Panel_1 [33mtag_slave_id_tag[0m=1
[33mWARN[0m[2025-04-14 15:43:01] Giá trị N/A (0xFFC00000) được trả về cho FLOAT32  [33mdevice[0m=Schneider_PM_COM3_ID2 [33mregister_name[0m=PF_C [33mtag_location[0m=Tu_Tu_Bu_Ung_Dong [33mtag_panel[0m=Panel_2 [33mtag_slave_id_tag[0m=2
[33mWARN[0m[2025-04-14 15:43:01] Giá trị N/A (0xFFC00000) được trả về cho FLOAT32  [33mdevice[0m=Schneider_PM_COM3_ID1 [33mregister_name[0m=PF_C [33mtag_location[0m=Tu_Tu_Bu_Ung_Dong [33mtag_panel[0m=Panel_1 [33mtag_slave_id_tag[0m=1
[33mWARN[0m[2025-04-14 15:43:01] Giá trị N/A (0xFFC00000) được trả về cho FLOAT32  [33mdevice[0m=Schneider_PM_COM3_ID2 [33mregister_name[0m=DPF_B [33mtag_location[0m=Tu_Tu_Bu_Ung_Dong [33mtag_panel[0m=Panel_2 [33mtag_slave_id_tag[0m=2
[33mWARN[0m[2025-04-14 15:43:01] Giá trị N/A (0xFFC00000) được trả về cho FLOAT32  [33mdevice[0m=Schneider_PM_COM3_ID1 [33mregister_name[0m=DPF_B [33mtag_location[0m=Tu_Tu_Bu_Ung_Dong [33mtag_panel[0m=Panel_1 [33mtag_slave_id_tag[0m=1
[33mWARN[0m[2025-04-14 15:43:01] Giá trị N/A (0xFFC00000) được trả về cho FLOAT32  [33mdevice[0m=Schneider_PM_COM3_ID2 [33mregister_name[0m=DPF_C [33mtag_location[0m=Tu_Tu_Bu_Ung_Dong [33mtag_panel[0m=Panel_2 [33mtag_slave_id_tag[0m=2
[33mWARN[0m[2025-04-14 15:43:01] Giá trị N/A (0xFFC00000) được trả về cho FLOAT32  [33mdevice[0m=Schneider_PM_COM3_ID1 [33mregister_name[0m=DPF_C [33mtag_location[0m=Tu_Tu_Bu_Ung_Dong [33mtag_panel[0m=Panel_1 [33mtag_slave_id_tag[0m=1
[36mINFO[0m[2025-04-14 15:43:04] Hoàn thành chu kỳ đọc và ghi dữ liệu          [36mdevice[0m=Schneider_PM_COM3_ID2 [36mduration_ms[0m=8477 [36merrors[0m=0 [36mtag_location[0m=Tu_Tu_Bu_Ung_Dong [36mtag_panel[0m=Panel_2 [36mtag_slave_id_tag[0m=2
[36mINFO[0m[2025-04-14 15:43:04] Hoàn thành chu kỳ đọc và ghi dữ liệu          [36mdevice[0m=Schneider_PM_COM3_ID1 [36mduration_ms[0m=8524 [36merrors[0m=0 [36mtag_location[0m=Tu_Tu_Bu_Ung_Dong [36mtag_panel[0m=Panel_1 [36mtag_slave_id_tag[0m=1
[33mWARN[0m[2025-04-14 15:43:05] Giá trị N/A (0xFFC00000) được trả về cho FLOAT32  [33mdevice[0m=Schneider_PM_COM3_ID2 [33mregister_name[0m=Current_B [33mtag_location[0m=Tu_Tu_Bu_Ung_Dong [33mtag_panel[0m=Panel_2 [33mtag_slave_id_tag[0m=2
[33mWARN[0m[2025-04-14 15:43:06] Giá trị N/A (0xFFC00000) được trả về cho FLOAT32  [33mdevice[0m=Schneider_PM_COM3_ID1 [33mregister_name[0m=Current_B [33mtag_location[0m=Tu_Tu_Bu_Ung_Dong [33mtag_panel[0m=Panel_1 [33mtag_slave_id_tag[0m=1
[33mWARN[0m[2025-04-14 15:43:06] Giá trị N/A (0xFFC00000) được trả về cho FLOAT32  [33mdevice[0m=Schneider_PM_COM3_ID2 [33mregister_name[0m=Current_C [33mtag_location[0m=Tu_Tu_Bu_Ung_Dong [33mtag_panel[0m=Panel_2 [33mtag_slave_id_tag[0m=2
[33mWARN[0m[2025-04-14 15:43:06] Giá trị N/A (0xFFC00000) được trả về cho FLOAT32  [33mdevice[0m=Schneider_PM_COM3_ID1 [33mregister_name[0m=Current_C [33mtag_location[0m=Tu_Tu_Bu_Ung_Dong [33mtag_panel[0m=Panel_1 [33mtag_slave_id_tag[0m=1
[33mWARN[0m[2025-04-14 15:43:06] Giá trị N/A (0xFFC00000) được trả về cho FLOAT32  [33mdevice[0m=Schneider_PM_COM3_ID2 [33mregister_name[0m=Current_N [33mtag_location[0m=Tu_Tu_Bu_Ung_Dong [33mtag_panel[0m=Panel_2 [33mtag_slave_id_tag[0m=2
[33mWARN[0m[2025-04-14 15:43:06] Giá trị N/A (0xFFC00000) được trả về cho FLOAT32  [33mdevice[0m=Schneider_PM_COM3_ID1 [33mregister_name[0m=Current_N [33mtag_location[0m=Tu_Tu_Bu_Ung_Dong [33mtag_panel[0m=Panel_1 [33mtag_slave_id_tag[0m=1
[33mWARN[0m[2025-04-14 15:43:06] Giá trị N/A (0xFFC00000) được trả về cho FLOAT32  [33mdevice[0m=Schneider_PM_COM3_ID2 [33mregister_name[0m=Current_G [33mtag_location[0m=Tu_Tu_Bu_Ung_Dong [33mtag_panel[0m=Panel_2 [33mtag_slave_id_tag[0m=2
[33mWARN[0m[2025-04-14 15:43:06] Giá trị N/A (0xFFC00000) được trả về cho FLOAT32  [33mdevice[0m=Schneider_PM_COM3_ID1 [33mregister_name[0m=Current_G [33mtag_location[0m=Tu_Tu_Bu_Ung_Dong [33mtag_panel[0m=Panel_1 [33mtag_slave_id_tag[0m=1
[33mWARN[0m[2025-04-14 15:43:06] Giá trị N/A (0xFFC00000) được trả về cho FLOAT32  [33mdevice[0m=Schneider_PM_COM3_ID2 [33mregister_name[0m=Current_Unbalance_A [33mtag_location[0m=Tu_Tu_Bu_Ung_Dong [33mtag_panel[0m=Panel_2 [33mtag_slave_id_tag[0m=2
[33mWARN[0m[2025-04-14 15:43:06] Giá trị N/A (0xFFC00000) được trả về cho FLOAT32  [33mdevice[0m=Schneider_PM_COM3_ID1 [33mregister_name[0m=Current_Unbalance_A [33mtag_location[0m=Tu_Tu_Bu_Ung_Dong [33mtag_panel[0m=Panel_1 [33mtag_slave_id_tag[0m=1
[33mWARN[0m[2025-04-14 15:43:06] Giá trị N/A (0xFFC00000) được trả về cho FLOAT32  [33mdevice[0m=Schneider_PM_COM3_ID2 [33mregister_name[0m=Current_Unbalance_B [33mtag_location[0m=Tu_Tu_Bu_Ung_Dong [33mtag_panel[0m=Panel_2 [33mtag_slave_id_tag[0m=2
[33mWARN[0m[2025-04-14 15:43:06] Giá trị N/A (0xFFC00000) được trả về cho FLOAT32  [33mdevice[0m=Schneider_PM_COM3_ID1 [33mregister_name[0m=Current_Unbalance_B [33mtag_location[0m=Tu_Tu_Bu_Ung_Dong [33mtag_panel[0m=Panel_1 [33mtag_slave_id_tag[0m=1
[33mWARN[0m[2025-04-14 15:43:06] Giá trị N/A (0xFFC00000) được trả về cho FLOAT32  [33mdevice[0m=Schneider_PM_COM3_ID2 [33mregister_name[0m=Current_Unbalance_C [33mtag_location[0m=Tu_Tu_Bu_Ung_Dong [33mtag_panel[0m=Panel_2 [33mtag_slave_id_tag[0m=2
[33mWARN[0m[2025-04-14 15:43:06] Giá trị N/A (0xFFC00000) được trả về cho FLOAT32  [33mdevice[0m=Schneider_PM_COM3_ID1 [33mregister_name[0m=Current_Unbalance_C [33mtag_location[0m=Tu_Tu_Bu_Ung_Dong [33mtag_panel[0m=Panel_1 [33mtag_slave_id_tag[0m=1
[33mWARN[0m[2025-04-14 15:43:06] Giá trị N/A (0xFFC00000) được trả về cho FLOAT32  [33mdevice[0m=Schneider_PM_COM3_ID2 [33mregister_name[0m=Current_Unbalance_Worst [33mtag_location[0m=Tu_Tu_Bu_Ung_Dong [33mtag_panel[0m=Panel_2 [33mtag_slave_id_tag[0m=2
[33mWARN[0m[2025-04-14 15:43:06] Giá trị N/A (0xFFC00000) được trả về cho FLOAT32  [33mdevice[0m=Schneider_PM_COM3_ID1 [33mregister_name[0m=Current_Unbalance_Worst [33mtag_location[0m=Tu_Tu_Bu_Ung_Dong [33mtag_panel[0m=Panel_1 [33mtag_slave_id_tag[0m=1
[33mWARN[0m[2025-04-14 15:43:06] Giá trị N/A (0xFFC00000) được trả về cho FLOAT32  [33mdevice[0m=Schneider_PM_COM3_ID2 [33mregister_name[0m=Voltage_AB [33mtag_location[0m=Tu_Tu_Bu_Ung_Dong [33mtag_panel[0m=Panel_2 [33mtag_slave_id_tag[0m=2
[33mWARN[0m[2025-04-14 15:43:06] Giá trị N/A (0xFFC00000) được trả về cho FLOAT32  [33mdevice[0m=Schneider_PM_COM3_ID1 [33mregister_name[0m=Voltage_AB [33mtag_location[0m=Tu_Tu_Bu_Ung_Dong [33mtag_panel[0m=Panel_1 [33mtag_slave_id_tag[0m=1
[33mWARN[0m[2025-04-14 15:43:06] Giá trị N/A (0xFFC00000) được trả về cho FLOAT32  [33mdevice[0m=Schneider_PM_COM3_ID2 [33mregister_name[0m=Voltage_BC [33mtag_location[0m=Tu_Tu_Bu_Ung_Dong [33mtag_panel[0m=Panel_2 [33mtag_slave_id_tag[0m=2
[33mWARN[0m[2025-04-14 15:43:06] Giá trị N/A (0xFFC00000) được trả về cho FLOAT32  [33mdevice[0m=Schneider_PM_COM3_ID1 [33mregister_name[0m=Voltage_BC [33mtag_location[0m=Tu_Tu_Bu_Ung_Dong [33mtag_panel[0m=Panel_1 [33mtag_slave_id_tag[0m=1
[33mWARN[0m[2025-04-14 15:43:07] Giá trị N/A (0xFFC00000) được trả về cho FLOAT32  [33mdevice[0m=Schneider_PM_COM3_ID2 [33mregister_name[0m=Voltage_CA [33mtag_location[0m=Tu_Tu_Bu_Ung_Dong [33mtag_panel[0m=Panel_2 [33mtag_slave_id_tag[0m=2
[33mWARN[0m[2025-04-14 15:43:07] Giá trị N/A (0xFFC00000) được trả về cho FLOAT32  [33mdevice[0m=Schneider_PM_COM3_ID1 [33mregister_name[0m=Voltage_CA [33mtag_location[0m=Tu_Tu_Bu_Ung_Dong [33mtag_panel[0m=Panel_1 [33mtag_slave_id_tag[0m=1
[33mWARN[0m[2025-04-14 15:43:07] Giá trị N/A (0xFFC00000) được trả về cho FLOAT32  [33mdevice[0m=Schneider_PM_COM3_ID2 [33mregister_name[0m=Voltage_LLAvg [33mtag_location[0m=Tu_Tu_Bu_Ung_Dong [33mtag_panel[0m=Panel_2 [33mtag_slave_id_tag[0m=2
[33mWARN[0m[2025-04-14 15:43:07] Giá trị N/A (0xFFC00000) được trả về cho FLOAT32  [33mdevice[0m=Schneider_PM_COM3_ID1 [33mregister_name[0m=Voltage_LLAvg [33mtag_location[0m=Tu_Tu_Bu_Ung_Dong [33mtag_panel[0m=Panel_1 [33mtag_slave_id_tag[0m=1
[33mWARN[0m[2025-04-14 15:43:07] Giá trị N/A (0xFFC00000) được trả về cho FLOAT32  [33mdevice[0m=Schneider_PM_COM3_ID2 [33mregister_name[0m=Voltage_BN [33mtag_location[0m=Tu_Tu_Bu_Ung_Dong [33mtag_panel[0m=Panel_2 [33mtag_slave_id_tag[0m=2
[33mWARN[0m[2025-04-14 15:43:07] Giá trị N/A (0xFFC00000) được trả về cho FLOAT32  [33mdevice[0m=Schneider_PM_COM3_ID1 [33mregister_name[0m=Voltage_BN [33mtag_location[0m=Tu_Tu_Bu_Ung_Dong [33mtag_panel[0m=Panel_1 [33mtag_slave_id_tag[0m=1
[33mWARN[0m[2025-04-14 15:43:07] Giá trị N/A (0xFFC00000) được trả về cho FLOAT32  [33mdevice[0m=Schneider_PM_COM3_ID2 [33mregister_name[0m=Voltage_CN [33mtag_location[0m=Tu_Tu_Bu_Ung_Dong [33mtag_panel[0m=Panel_2 [33mtag_slave_id_tag[0m=2
[33mWARN[0m[2025-04-14 15:43:07] Giá trị N/A (0xFFC00000) được trả về cho FLOAT32  [33mdevice[0m=Schneider_PM_COM3_ID1 [33mregister_name[0m=Voltage_CN [33mtag_location[0m=Tu_Tu_Bu_Ung_Dong [33mtag_panel[0m=Panel_1 [33mtag_slave_id_tag[0m=1
[33mWARN[0m[2025-04-14 15:43:07] Giá trị N/A (0xFFC00000) được trả về cho FLOAT32  [33mdevice[0m=Schneider_PM_COM3_ID2 [33mregister_name[0m=Voltage_Unbalance_AB [33mtag_location[0m=Tu_Tu_Bu_Ung_Dong [33mtag_panel[0m=Panel_2 [33mtag_slave_id_tag[0m=2
[33mWARN[0m[2025-04-14 15:43:07] Giá trị N/A (0xFFC00000) được trả về cho FLOAT32  [33mdevice[0m=Schneider_PM_COM3_ID1 [33mregister_name[0m=Voltage_Unbalance_AB [33mtag_location[0m=Tu_Tu_Bu_Ung_Dong [33mtag_panel[0m=Panel_1 [33mtag_slave_id_tag[0m=1
[33mWARN[0m[2025-04-14 15:43:07] Giá trị N/A (0xFFC00000) được trả về cho FLOAT32  [33mdevice[0m=Schneider_PM_COM3_ID2 [33mregister_name[0m=Voltage_Unbalance_BC [33mtag_location[0m=Tu_Tu_Bu_Ung_Dong [33mtag_panel[0m=Panel_2 [33mtag_slave_id_tag[0m=2
[33mWARN[0m[2025-04-14 15:43:07] Giá trị N/A (0xFFC00000) được trả về cho FLOAT32  [33mdevice[0m=Schneider_PM_COM3_ID1 [33mregister_name[0m=Voltage_Unbalance_BC [33mtag_location[0m=Tu_Tu_Bu_Ung_Dong [33mtag_panel[0m=Panel_1 [33mtag_slave_id_tag[0m=1
[33mWARN[0m[2025-04-14 15:43:07] Giá trị N/A (0xFFC00000) được trả về cho FLOAT32  [33mdevice[0m=Schneider_PM_COM3_ID2 [33mregister_name[0m=Voltage_Unbalance_CA [33mtag_location[0m=Tu_Tu_Bu_Ung_Dong [33mtag_panel[0m=Panel_2 [33mtag_slave_id_tag[0m=2
[33mWARN[0m[2025-04-14 15:43:07] Giá trị N/A (0xFFC00000) được trả về cho FLOAT32  [33mdevice[0m=Schneider_PM_COM3_ID1 [33mregister_name[0m=Voltage_Unbalance_CA [33mtag_location[0m=Tu_Tu_Bu_Ung_Dong [33mtag_panel[0m=Panel_1 [33mtag_slave_id_tag[0m=1
[33mWARN[0m[2025-04-14 15:43:07] Giá trị N/A (0xFFC00000) được trả về cho FLOAT32  [33mdevice[0m=Schneider_PM_COM3_ID2 [33mregister_name[0m=Voltage_Unbalance_LL_Worst [33mtag_location[0m=Tu_Tu_Bu_Ung_Dong [33mtag_panel[0m=Panel_2 [33mtag_slave_id_tag[0m=2
[33mWARN[0m[2025-04-14 15:43:07] Giá trị N/A (0xFFC00000) được trả về cho FLOAT32  [33mdevice[0m=Schneider_PM_COM3_ID1 [33mregister_name[0m=Voltage_Unbalance_LL_Worst [33mtag_location[0m=Tu_Tu_Bu_Ung_Dong [33mtag_panel[0m=Panel_1 [33mtag_slave_id_tag[0m=1
[33mWARN[0m[2025-04-14 15:43:07] Giá trị N/A (0xFFC00000) được trả về cho FLOAT32  [33mdevice[0m=Schneider_PM_COM3_ID2 [33mregister_name[0m=Voltage_Unbalance_AN [33mtag_location[0m=Tu_Tu_Bu_Ung_Dong [33mtag_panel[0m=Panel_2 [33mtag_slave_id_tag[0m=2
[33mWARN[0m[2025-04-14 15:43:08] Giá trị N/A (0xFFC00000) được trả về cho FLOAT32  [33mdevice[0m=Schneider_PM_COM3_ID1 [33mregister_name[0m=Voltage_Unbalance_AN [33mtag_location[0m=Tu_Tu_Bu_Ung_Dong [33mtag_panel[0m=Panel_1 [33mtag_slave_id_tag[0m=1
[33mWARN[0m[2025-04-14 15:43:08] Giá trị N/A (0xFFC00000) được trả về cho FLOAT32  [33mdevice[0m=Schneider_PM_COM3_ID2 [33mregister_name[0m=Voltage_Unbalance_BN [33mtag_location[0m=Tu_Tu_Bu_Ung_Dong [33mtag_panel[0m=Panel_2 [33mtag_slave_id_tag[0m=2
[33mWARN[0m[2025-04-14 15:43:08] Giá trị N/A (0xFFC00000) được trả về cho FLOAT32  [33mdevice[0m=Schneider_PM_COM3_ID1 [33mregister_name[0m=Voltage_Unbalance_BN [33mtag_location[0m=Tu_Tu_Bu_Ung_Dong [33mtag_panel[0m=Panel_1 [33mtag_slave_id_tag[0m=1
[33mWARN[0m[2025-04-14 15:43:08] Giá trị N/A (0xFFC00000) được trả về cho FLOAT32  [33mdevice[0m=Schneider_PM_COM3_ID2 [33mregister_name[0m=Voltage_Unbalance_CN [33mtag_location[0m=Tu_Tu_Bu_Ung_Dong [33mtag_panel[0m=Panel_2 [33mtag_slave_id_tag[0m=2
[33mWARN[0m[2025-04-14 15:43:08] Giá trị N/A (0xFFC00000) được trả về cho FLOAT32  [33mdevice[0m=Schneider_PM_COM3_ID1 [33mregister_name[0m=Voltage_Unbalance_CN [33mtag_location[0m=Tu_Tu_Bu_Ung_Dong [33mtag_panel[0m=Panel_1 [33mtag_slave_id_tag[0m=1
[33mWARN[0m[2025-04-14 15:43:08] Giá trị N/A (0xFFC00000) được trả về cho FLOAT32  [33mdevice[0m=Schneider_PM_COM3_ID2 [33mregister_name[0m=Voltage_Unbalance_LN_Worst [33mtag_location[0m=Tu_Tu_Bu_Ung_Dong [33mtag_panel[0m=Panel_2 [33mtag_slave_id_tag[0m=2
[33mWARN[0m[2025-04-14 15:43:08] Giá trị N/A (0xFFC00000) được trả về cho FLOAT32  [33mdevice[0m=Schneider_PM_COM3_ID1 [33mregister_name[0m=Voltage_Unbalance_LN_Worst [33mtag_location[0m=Tu_Tu_Bu_Ung_Dong [33mtag_panel[0m=Panel_1 [33mtag_slave_id_tag[0m=1
[33mWARN[0m[2025-04-14 15:43:08] Giá trị N/A (0xFFC00000) được trả về cho FLOAT32  [33mdevice[0m=Schneider_PM_COM3_ID2 [33mregister_name[0m=ActivePower_B [33mtag_location[0m=Tu_Tu_Bu_Ung_Dong [33mtag_panel[0m=Panel_2 [33mtag_slave_id_tag[0m=2
[33mWARN[0m[2025-04-14 15:43:08] Giá trị N/A (0xFFC00000) được trả về cho FLOAT32  [33mdevice[0m=Schneider_PM_COM3_ID1 [33mregister_name[0m=ActivePower_B [33mtag_location[0m=Tu_Tu_Bu_Ung_Dong [33mtag_panel[0m=Panel_1 [33mtag_slave_id_tag[0m=1
[33mWARN[0m[2025-04-14 15:43:08] Giá trị N/A (0xFFC00000) được trả về cho FLOAT32  [33mdevice[0m=Schneider_PM_COM3_ID2 [33mregister_name[0m=ActivePower_C [33mtag_location[0m=Tu_Tu_Bu_Ung_Dong [33mtag_panel[0m=Panel_2 [33mtag_slave_id_tag[0m=2
[33mWARN[0m[2025-04-14 15:43:08] Giá trị N/A (0xFFC00000) được trả về cho FLOAT32  [33mdevice[0m=Schneider_PM_COM3_ID1 [33mregister_name[0m=ActivePower_C [33mtag_location[0m=Tu_Tu_Bu_Ung_Dong [33mtag_panel[0m=Panel_1 [33mtag_slave_id_tag[0m=1
[33mWARN[0m[2025-04-14 15:43:08] Giá trị N/A (0xFFC00000) được trả về cho FLOAT32  [33mdevice[0m=Schneider_PM_COM3_ID2 [33mregister_name[0m=ReactivePower_B [33mtag_location[0m=Tu_Tu_Bu_Ung_Dong [33mtag_panel[0m=Panel_2 [33mtag_slave_id_tag[0m=2
[33mWARN[0m[2025-04-14 15:43:08] Giá trị N/A (0xFFC00000) được trả về cho FLOAT32  [33mdevice[0m=Schneider_PM_COM3_ID1 [33mregister_name[0m=ReactivePower_B [33mtag_location[0m=Tu_Tu_Bu_Ung_Dong [33mtag_panel[0m=Panel_1 [33mtag_slave_id_tag[0m=1
[33mWARN[0m[2025-04-14 15:43:08] Giá trị N/A (0xFFC00000) được trả về cho FLOAT32  [33mdevice[0m=Schneider_PM_COM3_ID2 [33mregister_name[0m=ReactivePower_C [33mtag_location[0m=Tu_Tu_Bu_Ung_Dong [33mtag_panel[0m=Panel_2 [33mtag_slave_id_tag[0m=2
[33mWARN[0m[2025-04-14 15:43:08] Giá trị N/A (0xFFC00000) được trả về cho FLOAT32  [33mdevice[0m=Schneider_PM_COM3_ID1 [33mregister_name[0m=ReactivePower_C [33mtag_location[0m=Tu_Tu_Bu_Ung_Dong [33mtag_panel[0m=Panel_1 [33mtag_slave_id_tag[0m=1
[33mWARN[0m[2025-04-14 15:43:09] Giá trị N/A (0xFFC00000) được trả về cho FLOAT32  [33mdevice[0m=Schneider_PM_COM3_ID2 [33mregister_name[0m=ApparentPower_B [33mtag_location[0m=Tu_Tu_Bu_Ung_Dong [33mtag_panel[0m=Panel_2 [33mtag_slave_id_tag[0m=2
[33mWARN[0m[2025-04-14 15:43:09] Giá trị N/A (0xFFC00000) được trả về cho FLOAT32  [33mdevice[0m=Schneider_PM_COM3_ID1 [33mregister_name[0m=ApparentPower_B [33mtag_location[0m=Tu_Tu_Bu_Ung_Dong [33mtag_panel[0m=Panel_1 [33mtag_slave_id_tag[0m=1
[33mWARN[0m[2025-04-14 15:43:09] Giá trị N/A (0xFFC00000) được trả về cho FLOAT32  [33mdevice[0m=Schneider_PM_COM3_ID2 [33mregister_name[0m=ApparentPower_C [33mtag_location[0m=Tu_Tu_Bu_Ung_Dong [33mtag_panel[0m=Panel_2 [33mtag_slave_id_tag[0m=2
[33mWARN[0m[2025-04-14 15:43:09] Giá trị N/A (0xFFC00000) được trả về cho FLOAT32  [33mdevice[0m=Schneider_PM_COM3_ID1 [33mregister_name[0m=ApparentPower_C [33mtag_location[0m=Tu_Tu_Bu_Ung_Dong [33mtag_panel[0m=Panel_1 [33mtag_slave_id_tag[0m=1
[33mWARN[0m[2025-04-14 15:43:09] Giá trị N/A (0xFFC00000) được trả về cho FLOAT32  [33mdevice[0m=Schneider_PM_COM3_ID2 [33mregister_name[0m=PF_B [33mtag_location[0m=Tu_Tu_Bu_Ung_Dong [33mtag_panel[0m=Panel_2 [33mtag_slave_id_tag[0m=2
[33mWARN[0m[2025-04-14 15:43:09] Giá trị N/A (0xFFC00000) được trả về cho FLOAT32  [33mdevice[0m=Schneider_PM_COM3_ID1 [33mregister_name[0m=PF_B [33mtag_location[0m=Tu_Tu_Bu_Ung_Dong [33mtag_panel[0m=Panel_1 [33mtag_slave_id_tag[0m=1
[33mWARN[0m[2025-04-14 15:43:09] Giá trị N/A (0xFFC00000) được trả về cho FLOAT32  [33mdevice[0m=Schneider_PM_COM3_ID2 [33mregister_name[0m=PF_C [33mtag_location[0m=Tu_Tu_Bu_Ung_Dong [33mtag_panel[0m=Panel_2 [33mtag_slave_id_tag[0m=2
[33mWARN[0m[2025-04-14 15:43:09] Giá trị N/A (0xFFC00000) được trả về cho FLOAT32  [33mdevice[0m=Schneider_PM_COM3_ID1 [33mregister_name[0m=PF_C [33mtag_location[0m=Tu_Tu_Bu_Ung_Dong [33mtag_panel[0m=Panel_1 [33mtag_slave_id_tag[0m=1
[33mWARN[0m[2025-04-14 15:43:10] Giá trị N/A (0xFFC00000) được trả về cho FLOAT32  [33mdevice[0m=Schneider_PM_COM3_ID2 [33mregister_name[0m=DPF_B [33mtag_location[0m=Tu_Tu_Bu_Ung_Dong [33mtag_panel[0m=Panel_2 [33mtag_slave_id_tag[0m=2
[33mWARN[0m[2025-04-14 15:43:10] Giá trị N/A (0xFFC00000) được trả về cho FLOAT32  [33mdevice[0m=Schneider_PM_COM3_ID1 [33mregister_name[0m=DPF_B [33mtag_location[0m=Tu_Tu_Bu_Ung_Dong [33mtag_panel[0m=Panel_1 [33mtag_slave_id_tag[0m=1
[33mWARN[0m[2025-04-14 15:43:10] Giá trị N/A (0xFFC00000) được trả về cho FLOAT32  [33mdevice[0m=Schneider_PM_COM3_ID2 [33mregister_name[0m=DPF_C [33mtag_location[0m=Tu_Tu_Bu_Ung_Dong [33mtag_panel[0m=Panel_2 [33mtag_slave_id_tag[0m=2
[33mWARN[0m[2025-04-14 15:43:10] Giá trị N/A (0xFFC00000) được trả về cho FLOAT32  [33mdevice[0m=Schneider_PM_COM3_ID1 [33mregister_name[0m=DPF_C [33mtag_location[0m=Tu_Tu_Bu_Ung_Dong [33mtag_panel[0m=Panel_1 [33mtag_slave_id_tag[0m=1
[36mINFO[0m[2025-04-14 15:43:12] Hoàn thành chu kỳ đọc và ghi dữ liệu          [36mdevice[0m=Schneider_PM_COM3_ID2 [36mduration_ms[0m=8608 [36merrors[0m=0 [36mtag_location[0m=Tu_Tu_Bu_Ung_Dong [36mtag_panel[0m=Panel_2 [36mtag_slave_id_tag[0m=2
[36mINFO[0m[2025-04-14 15:43:12] Hoàn thành chu kỳ đọc và ghi dữ liệu          [36mdevice[0m=Schneider_PM_COM3_ID1 [36mduration_ms[0m=8607 [36merrors[0m=0 [36mtag_location[0m=Tu_Tu_Bu_Ung_Dong [36mtag_panel[0m=Panel_1 [36mtag_slave_id_tag[0m=1
[33mWARN[0m[2025-04-14 15:43:14] Giá trị N/A (0xFFC00000) được trả về cho FLOAT32  [33mdevice[0m=Schneider_PM_COM3_ID2 [33mregister_name[0m=Current_B [33mtag_location[0m=Tu_Tu_Bu_Ung_Dong [33mtag_panel[0m=Panel_2 [33mtag_slave_id_tag[0m=2
[33mWARN[0m[2025-04-14 15:43:14] Giá trị N/A (0xFFC00000) được trả về cho FLOAT32  [33mdevice[0m=Schneider_PM_COM3_ID1 [33mregister_name[0m=Current_B [33mtag_location[0m=Tu_Tu_Bu_Ung_Dong [33mtag_panel[0m=Panel_1 [33mtag_slave_id_tag[0m=1
[33mWARN[0m[2025-04-14 15:43:14] Giá trị N/A (0xFFC00000) được trả về cho FLOAT32  [33mdevice[0m=Schneider_PM_COM3_ID2 [33mregister_name[0m=Current_C [33mtag_location[0m=Tu_Tu_Bu_Ung_Dong [33mtag_panel[0m=Panel_2 [33mtag_slave_id_tag[0m=2
[33mWARN[0m[2025-04-14 15:43:14] Giá trị N/A (0xFFC00000) được trả về cho FLOAT32  [33mdevice[0m=Schneider_PM_COM3_ID1 [33mregister_name[0m=Current_C [33mtag_location[0m=Tu_Tu_Bu_Ung_Dong [33mtag_panel[0m=Panel_1 [33mtag_slave_id_tag[0m=1
[33mWARN[0m[2025-04-14 15:43:14] Giá trị N/A (0xFFC00000) được trả về cho FLOAT32  [33mdevice[0m=Schneider_PM_COM3_ID2 [33mregister_name[0m=Current_N [33mtag_location[0m=Tu_Tu_Bu_Ung_Dong [33mtag_panel[0m=Panel_2 [33mtag_slave_id_tag[0m=2
[33mWARN[0m[2025-04-14 15:43:14] Giá trị N/A (0xFFC00000) được trả về cho FLOAT32  [33mdevice[0m=Schneider_PM_COM3_ID1 [33mregister_name[0m=Current_N [33mtag_location[0m=Tu_Tu_Bu_Ung_Dong [33mtag_panel[0m=Panel_1 [33mtag_slave_id_tag[0m=1
[33mWARN[0m[2025-04-14 15:43:14] Giá trị N/A (0xFFC00000) được trả về cho FLOAT32  [33mdevice[0m=Schneider_PM_COM3_ID2 [33mregister_name[0m=Current_G [33mtag_location[0m=Tu_Tu_Bu_Ung_Dong [33mtag_panel[0m=Panel_2 [33mtag_slave_id_tag[0m=2
[33mWARN[0m[2025-04-14 15:43:14] Giá trị N/A (0xFFC00000) được trả về cho FLOAT32  [33mdevice[0m=Schneider_PM_COM3_ID1 [33mregister_name[0m=Current_G [33mtag_location[0m=Tu_Tu_Bu_Ung_Dong [33mtag_panel[0m=Panel_1 [33mtag_slave_id_tag[0m=1
[33mWARN[0m[2025-04-14 15:43:15] Giá trị N/A (0xFFC00000) được trả về cho FLOAT32  [33mdevice[0m=Schneider_PM_COM3_ID2 [33mregister_name[0m=Current_Unbalance_A [33mtag_location[0m=Tu_Tu_Bu_Ung_Dong [33mtag_panel[0m=Panel_2 [33mtag_slave_id_tag[0m=2
[33mWARN[0m[2025-04-14 15:43:15] Giá trị N/A (0xFFC00000) được trả về cho FLOAT32  [33mdevice[0m=Schneider_PM_COM3_ID1 [33mregister_name[0m=Current_Unbalance_A [33mtag_location[0m=Tu_Tu_Bu_Ung_Dong [33mtag_panel[0m=Panel_1 [33mtag_slave_id_tag[0m=1
[33mWARN[0m[2025-04-14 15:43:15] Giá trị N/A (0xFFC00000) được trả về cho FLOAT32  [33mdevice[0m=Schneider_PM_COM3_ID2 [33mregister_name[0m=Current_Unbalance_B [33mtag_location[0m=Tu_Tu_Bu_Ung_Dong [33mtag_panel[0m=Panel_2 [33mtag_slave_id_tag[0m=2
[33mWARN[0m[2025-04-14 15:43:15] Giá trị N/A (0xFFC00000) được trả về cho FLOAT32  [33mdevice[0m=Schneider_PM_COM3_ID1 [33mregister_name[0m=Current_Unbalance_B [33mtag_location[0m=Tu_Tu_Bu_Ung_Dong [33mtag_panel[0m=Panel_1 [33mtag_slave_id_tag[0m=1
[33mWARN[0m[2025-04-14 15:43:15] Giá trị N/A (0xFFC00000) được trả về cho FLOAT32  [33mdevice[0m=Schneider_PM_COM3_ID2 [33mregister_name[0m=Current_Unbalance_C [33mtag_location[0m=Tu_Tu_Bu_Ung_Dong [33mtag_panel[0m=Panel_2 [33mtag_slave_id_tag[0m=2
[33mWARN[0m[2025-04-14 15:43:15] Giá trị N/A (0xFFC00000) được trả về cho FLOAT32  [33mdevice[0m=Schneider_PM_COM3_ID1 [33mregister_name[0m=Current_Unbalance_C [33mtag_location[0m=Tu_Tu_Bu_Ung_Dong [33mtag_panel[0m=Panel_1 [33mtag_slave_id_tag[0m=1
[33mWARN[0m[2025-04-14 15:43:15] Giá trị N/A (0xFFC00000) được trả về cho FLOAT32  [33mdevice[0m=Schneider_PM_COM3_ID2 [33mregister_name[0m=Current_Unbalance_Worst [33mtag_location[0m=Tu_Tu_Bu_Ung_Dong [33mtag_panel[0m=Panel_2 [33mtag_slave_id_tag[0m=2
[33mWARN[0m[2025-04-14 15:43:15] Giá trị N/A (0xFFC00000) được trả về cho FLOAT32  [33mdevice[0m=Schneider_PM_COM3_ID1 [33mregister_name[0m=Current_Unbalance_Worst [33mtag_location[0m=Tu_Tu_Bu_Ung_Dong [33mtag_panel[0m=Panel_1 [33mtag_slave_id_tag[0m=1
[33mWARN[0m[2025-04-14 15:43:15] Giá trị N/A (0xFFC00000) được trả về cho FLOAT32  [33mdevice[0m=Schneider_PM_COM3_ID2 [33mregister_name[0m=Voltage_AB [33mtag_location[0m=Tu_Tu_Bu_Ung_Dong [33mtag_panel[0m=Panel_2 [33mtag_slave_id_tag[0m=2
[33mWARN[0m[2025-04-14 15:43:15] Giá trị N/A (0xFFC00000) được trả về cho FLOAT32  [33mdevice[0m=Schneider_PM_COM3_ID1 [33mregister_name[0m=Voltage_AB [33mtag_location[0m=Tu_Tu_Bu_Ung_Dong [33mtag_panel[0m=Panel_1 [33mtag_slave_id_tag[0m=1
[33mWARN[0m[2025-04-14 15:43:15] Giá trị N/A (0xFFC00000) được trả về cho FLOAT32  [33mdevice[0m=Schneider_PM_COM3_ID2 [33mregister_name[0m=Voltage_BC [33mtag_location[0m=Tu_Tu_Bu_Ung_Dong [33mtag_panel[0m=Panel_2 [33mtag_slave_id_tag[0m=2
[33mWARN[0m[2025-04-14 15:43:15] Giá trị N/A (0xFFC00000) được trả về cho FLOAT32  [33mdevice[0m=Schneider_PM_COM3_ID1 [33mregister_name[0m=Voltage_BC [33mtag_location[0m=Tu_Tu_Bu_Ung_Dong [33mtag_panel[0m=Panel_1 [33mtag_slave_id_tag[0m=1
[33mWARN[0m[2025-04-14 15:43:15] Giá trị N/A (0xFFC00000) được trả về cho FLOAT32  [33mdevice[0m=Schneider_PM_COM3_ID2 [33mregister_name[0m=Voltage_CA [33mtag_location[0m=Tu_Tu_Bu_Ung_Dong [33mtag_panel[0m=Panel_2 [33mtag_slave_id_tag[0m=2
[33mWARN[0m[2025-04-14 15:43:15] Giá trị N/A (0xFFC00000) được trả về cho FLOAT32  [33mdevice[0m=Schneider_PM_COM3_ID1 [33mregister_name[0m=Voltage_CA [33mtag_location[0m=Tu_Tu_Bu_Ung_Dong [33mtag_panel[0m=Panel_1 [33mtag_slave_id_tag[0m=1
[33mWARN[0m[2025-04-14 15:43:15] Giá trị N/A (0xFFC00000) được trả về cho FLOAT32  [33mdevice[0m=Schneider_PM_COM3_ID2 [33mregister_name[0m=Voltage_LLAvg [33mtag_location[0m=Tu_Tu_Bu_Ung_Dong [33mtag_panel[0m=Panel_2 [33mtag_slave_id_tag[0m=2
[33mWARN[0m[2025-04-14 15:43:15] Giá trị N/A (0xFFC00000) được trả về cho FLOAT32  [33mdevice[0m=Schneider_PM_COM3_ID1 [33mregister_name[0m=Voltage_LLAvg [33mtag_location[0m=Tu_Tu_Bu_Ung_Dong [33mtag_panel[0m=Panel_1 [33mtag_slave_id_tag[0m=1
[33mWARN[0m[2025-04-14 15:43:15] Giá trị N/A (0xFFC00000) được trả về cho FLOAT32  [33mdevice[0m=Schneider_PM_COM3_ID2 [33mregister_name[0m=Voltage_BN [33mtag_location[0m=Tu_Tu_Bu_Ung_Dong [33mtag_panel[0m=Panel_2 [33mtag_slave_id_tag[0m=2
[33mWARN[0m[2025-04-14 15:43:15] Giá trị N/A (0xFFC00000) được trả về cho FLOAT32  [33mdevice[0m=Schneider_PM_COM3_ID1 [33mregister_name[0m=Voltage_BN [33mtag_location[0m=Tu_Tu_Bu_Ung_Dong [33mtag_panel[0m=Panel_1 [33mtag_slave_id_tag[0m=1
[33mWARN[0m[2025-04-14 15:43:16] Giá trị N/A (0xFFC00000) được trả về cho FLOAT32  [33mdevice[0m=Schneider_PM_COM3_ID2 [33mregister_name[0m=Voltage_CN [33mtag_location[0m=Tu_Tu_Bu_Ung_Dong [33mtag_panel[0m=Panel_2 [33mtag_slave_id_tag[0m=2
[33mWARN[0m[2025-04-14 15:43:16] Giá trị N/A (0xFFC00000) được trả về cho FLOAT32  [33mdevice[0m=Schneider_PM_COM3_ID1 [33mregister_name[0m=Voltage_CN [33mtag_location[0m=Tu_Tu_Bu_Ung_Dong [33mtag_panel[0m=Panel_1 [33mtag_slave_id_tag[0m=1
[33mWARN[0m[2025-04-14 15:43:16] Giá trị N/A (0xFFC00000) được trả về cho FLOAT32  [33mdevice[0m=Schneider_PM_COM3_ID2 [33mregister_name[0m=Voltage_Unbalance_AB [33mtag_location[0m=Tu_Tu_Bu_Ung_Dong [33mtag_panel[0m=Panel_2 [33mtag_slave_id_tag[0m=2
[33mWARN[0m[2025-04-14 15:43:16] Giá trị N/A (0xFFC00000) được trả về cho FLOAT32  [33mdevice[0m=Schneider_PM_COM3_ID1 [33mregister_name[0m=Voltage_Unbalance_AB [33mtag_location[0m=Tu_Tu_Bu_Ung_Dong [33mtag_panel[0m=Panel_1 [33mtag_slave_id_tag[0m=1
[33mWARN[0m[2025-04-14 15:43:16] Giá trị N/A (0xFFC00000) được trả về cho FLOAT32  [33mdevice[0m=Schneider_PM_COM3_ID2 [33mregister_name[0m=Voltage_Unbalance_BC [33mtag_location[0m=Tu_Tu_Bu_Ung_Dong [33mtag_panel[0m=Panel_2 [33mtag_slave_id_tag[0m=2
[33mWARN[0m[2025-04-14 15:43:16] Giá trị N/A (0xFFC00000) được trả về cho FLOAT32  [33mdevice[0m=Schneider_PM_COM3_ID1 [33mregister_name[0m=Voltage_Unbalance_BC [33mtag_location[0m=Tu_Tu_Bu_Ung_Dong [33mtag_panel[0m=Panel_1 [33mtag_slave_id_tag[0m=1
[33mWARN[0m[2025-04-14 15:43:16] Giá trị N/A (0xFFC00000) được trả về cho FLOAT32  [33mdevice[0m=Schneider_PM_COM3_ID2 [33mregister_name[0m=Voltage_Unbalance_CA [33mtag_location[0m=Tu_Tu_Bu_Ung_Dong [33mtag_panel[0m=Panel_2 [33mtag_slave_id_tag[0m=2
[33mWARN[0m[2025-04-14 15:43:16] Giá trị N/A (0xFFC00000) được trả về cho FLOAT32  [33mdevice[0m=Schneider_PM_COM3_ID1 [33mregister_name[0m=Voltage_Unbalance_CA [33mtag_location[0m=Tu_Tu_Bu_Ung_Dong [33mtag_panel[0m=Panel_1 [33mtag_slave_id_tag[0m=1
[33mWARN[0m[2025-04-14 15:43:16] Giá trị N/A (0xFFC00000) được trả về cho FLOAT32  [33mdevice[0m=Schneider_PM_COM3_ID2 [33mregister_name[0m=Voltage_Unbalance_LL_Worst [33mtag_location[0m=Tu_Tu_Bu_Ung_Dong [33mtag_panel[0m=Panel_2 [33mtag_slave_id_tag[0m=2
[33mWARN[0m[2025-04-14 15:43:16] Giá trị N/A (0xFFC00000) được trả về cho FLOAT32  [33mdevice[0m=Schneider_PM_COM3_ID1 [33mregister_name[0m=Voltage_Unbalance_LL_Worst [33mtag_location[0m=Tu_Tu_Bu_Ung_Dong [33mtag_panel[0m=Panel_1 [33mtag_slave_id_tag[0m=1
[33mWARN[0m[2025-04-14 15:43:16] Giá trị N/A (0xFFC00000) được trả về cho FLOAT32  [33mdevice[0m=Schneider_PM_COM3_ID2 [33mregister_name[0m=Voltage_Unbalance_AN [33mtag_location[0m=Tu_Tu_Bu_Ung_Dong [33mtag_panel[0m=Panel_2 [33mtag_slave_id_tag[0m=2
[33mWARN[0m[2025-04-14 15:43:16] Giá trị N/A (0xFFC00000) được trả về cho FLOAT32  [33mdevice[0m=Schneider_PM_COM3_ID1 [33mregister_name[0m=Voltage_Unbalance_AN [33mtag_location[0m=Tu_Tu_Bu_Ung_Dong [33mtag_panel[0m=Panel_1 [33mtag_slave_id_tag[0m=1
[33mWARN[0m[2025-04-14 15:43:16] Giá trị N/A (0xFFC00000) được trả về cho FLOAT32  [33mdevice[0m=Schneider_PM_COM3_ID2 [33mregister_name[0m=Voltage_Unbalance_BN [33mtag_location[0m=Tu_Tu_Bu_Ung_Dong [33mtag_panel[0m=Panel_2 [33mtag_slave_id_tag[0m=2
[33mWARN[0m[2025-04-14 15:43:16] Giá trị N/A (0xFFC00000) được trả về cho FLOAT32  [33mdevice[0m=Schneider_PM_COM3_ID1 [33mregister_name[0m=Voltage_Unbalance_BN [33mtag_location[0m=Tu_Tu_Bu_Ung_Dong [33mtag_panel[0m=Panel_1 [33mtag_slave_id_tag[0m=1
[33mWARN[0m[2025-04-14 15:43:16] Giá trị N/A (0xFFC00000) được trả về cho FLOAT32  [33mdevice[0m=Schneider_PM_COM3_ID2 [33mregister_name[0m=Voltage_Unbalance_CN [33mtag_location[0m=Tu_Tu_Bu_Ung_Dong [33mtag_panel[0m=Panel_2 [33mtag_slave_id_tag[0m=2
[33mWARN[0m[2025-04-14 15:43:16] Giá trị N/A (0xFFC00000) được trả về cho FLOAT32  [33mdevice[0m=Schneider_PM_COM3_ID1 [33mregister_name[0m=Voltage_Unbalance_CN [33mtag_location[0m=Tu_Tu_Bu_Ung_Dong [33mtag_panel[0m=Panel_1 [33mtag_slave_id_tag[0m=1
[33mWARN[0m[2025-04-14 15:43:16] Giá trị N/A (0xFFC00000) được trả về cho FLOAT32  [33mdevice[0m=Schneider_PM_COM3_ID2 [33mregister_name[0m=Voltage_Unbalance_LN_Worst [33mtag_location[0m=Tu_Tu_Bu_Ung_Dong [33mtag_panel[0m=Panel_2 [33mtag_slave_id_tag[0m=2
[33mWARN[0m[2025-04-14 15:43:16] Giá trị N/A (0xFFC00000) được trả về cho FLOAT32  [33mdevice[0m=Schneider_PM_COM3_ID1 [33mregister_name[0m=Voltage_Unbalance_LN_Worst [33mtag_location[0m=Tu_Tu_Bu_Ung_Dong [33mtag_panel[0m=Panel_1 [33mtag_slave_id_tag[0m=1
[33mWARN[0m[2025-04-14 15:43:17] Giá trị N/A (0xFFC00000) được trả về cho FLOAT32  [33mdevice[0m=Schneider_PM_COM3_ID2 [33mregister_name[0m=ActivePower_B [33mtag_location[0m=Tu_Tu_Bu_Ung_Dong [33mtag_panel[0m=Panel_2 [33mtag_slave_id_tag[0m=2
[33mWARN[0m[2025-04-14 15:43:17] Giá trị N/A (0xFFC00000) được trả về cho FLOAT32  [33mdevice[0m=Schneider_PM_COM3_ID1 [33mregister_name[0m=ActivePower_B [33mtag_location[0m=Tu_Tu_Bu_Ung_Dong [33mtag_panel[0m=Panel_1 [33mtag_slave_id_tag[0m=1
[33mWARN[0m[2025-04-14 15:43:17] Giá trị N/A (0xFFC00000) được trả về cho FLOAT32  [33mdevice[0m=Schneider_PM_COM3_ID2 [33mregister_name[0m=ActivePower_C [33mtag_location[0m=Tu_Tu_Bu_Ung_Dong [33mtag_panel[0m=Panel_2 [33mtag_slave_id_tag[0m=2
[33mWARN[0m[2025-04-14 15:43:17] Giá trị N/A (0xFFC00000) được trả về cho FLOAT32  [33mdevice[0m=Schneider_PM_COM3_ID1 [33mregister_name[0m=ActivePower_C [33mtag_location[0m=Tu_Tu_Bu_Ung_Dong [33mtag_panel[0m=Panel_1 [33mtag_slave_id_tag[0m=1
[33mWARN[0m[2025-04-14 15:43:17] Giá trị N/A (0xFFC00000) được trả về cho FLOAT32  [33mdevice[0m=Schneider_PM_COM3_ID2 [33mregister_name[0m=ReactivePower_B [33mtag_location[0m=Tu_Tu_Bu_Ung_Dong [33mtag_panel[0m=Panel_2 [33mtag_slave_id_tag[0m=2
[33mWARN[0m[2025-04-14 15:43:17] Giá trị N/A (0xFFC00000) được trả về cho FLOAT32  [33mdevice[0m=Schneider_PM_COM3_ID1 [33mregister_name[0m=ReactivePower_B [33mtag_location[0m=Tu_Tu_Bu_Ung_Dong [33mtag_panel[0m=Panel_1 [33mtag_slave_id_tag[0m=1
[33mWARN[0m[2025-04-14 15:43:17] Giá trị N/A (0xFFC00000) được trả về cho FLOAT32  [33mdevice[0m=Schneider_PM_COM3_ID2 [33mregister_name[0m=ReactivePower_C [33mtag_location[0m=Tu_Tu_Bu_Ung_Dong [33mtag_panel[0m=Panel_2 [33mtag_slave_id_tag[0m=2
[33mWARN[0m[2025-04-14 15:43:17] Giá trị N/A (0xFFC00000) được trả về cho FLOAT32  [33mdevice[0m=Schneider_PM_COM3_ID1 [33mregister_name[0m=ReactivePower_C [33mtag_location[0m=Tu_Tu_Bu_Ung_Dong [33mtag_panel[0m=Panel_1 [33mtag_slave_id_tag[0m=1
[33mWARN[0m[2025-04-14 15:43:17] Giá trị N/A (0xFFC00000) được trả về cho FLOAT32  [33mdevice[0m=Schneider_PM_COM3_ID2 [33mregister_name[0m=ApparentPower_B [33mtag_location[0m=Tu_Tu_Bu_Ung_Dong [33mtag_panel[0m=Panel_2 [33mtag_slave_id_tag[0m=2
[33mWARN[0m[2025-04-14 15:43:17] Giá trị N/A (0xFFC00000) được trả về cho FLOAT32  [33mdevice[0m=Schneider_PM_COM3_ID1 [33mregister_name[0m=ApparentPower_B [33mtag_location[0m=Tu_Tu_Bu_Ung_Dong [33mtag_panel[0m=Panel_1 [33mtag_slave_id_tag[0m=1
[33mWARN[0m[2025-04-14 15:43:17] Giá trị N/A (0xFFC00000) được trả về cho FLOAT32  [33mdevice[0m=Schneider_PM_COM3_ID2 [33mregister_name[0m=ApparentPower_C [33mtag_location[0m=Tu_Tu_Bu_Ung_Dong [33mtag_panel[0m=Panel_2 [33mtag_slave_id_tag[0m=2
[33mWARN[0m[2025-04-14 15:43:18] Giá trị N/A (0xFFC00000) được trả về cho FLOAT32  [33mdevice[0m=Schneider_PM_COM3_ID1 [33mregister_name[0m=ApparentPower_C [33mtag_location[0m=Tu_Tu_Bu_Ung_Dong [33mtag_panel[0m=Panel_1 [33mtag_slave_id_tag[0m=1
[33mWARN[0m[2025-04-14 15:43:18] Giá trị N/A (0xFFC00000) được trả về cho FLOAT32  [33mdevice[0m=Schneider_PM_COM3_ID2 [33mregister_name[0m=PF_B [33mtag_location[0m=Tu_Tu_Bu_Ung_Dong [33mtag_panel[0m=Panel_2 [33mtag_slave_id_tag[0m=2
[33mWARN[0m[2025-04-14 15:43:18] Giá trị N/A (0xFFC00000) được trả về cho FLOAT32  [33mdevice[0m=Schneider_PM_COM3_ID1 [33mregister_name[0m=PF_B [33mtag_location[0m=Tu_Tu_Bu_Ung_Dong [33mtag_panel[0m=Panel_1 [33mtag_slave_id_tag[0m=1
[33mWARN[0m[2025-04-14 15:43:18] Giá trị N/A (0xFFC00000) được trả về cho FLOAT32  [33mdevice[0m=Schneider_PM_COM3_ID2 [33mregister_name[0m=PF_C [33mtag_location[0m=Tu_Tu_Bu_Ung_Dong [33mtag_panel[0m=Panel_2 [33mtag_slave_id_tag[0m=2
[33mWARN[0m[2025-04-14 15:43:18] Giá trị N/A (0xFFC00000) được trả về cho FLOAT32  [33mdevice[0m=Schneider_PM_COM3_ID1 [33mregister_name[0m=PF_C [33mtag_location[0m=Tu_Tu_Bu_Ung_Dong [33mtag_panel[0m=Panel_1 [33mtag_slave_id_tag[0m=1
[33mWARN[0m[2025-04-14 15:43:18] Giá trị N/A (0xFFC00000) được trả về cho FLOAT32  [33mdevice[0m=Schneider_PM_COM3_ID2 [33mregister_name[0m=DPF_B [33mtag_location[0m=Tu_Tu_Bu_Ung_Dong [33mtag_panel[0m=Panel_2 [33mtag_slave_id_tag[0m=2
[33mWARN[0m[2025-04-14 15:43:18] Giá trị N/A (0xFFC00000) được trả về cho FLOAT32  [33mdevice[0m=Schneider_PM_COM3_ID1 [33mregister_name[0m=DPF_B [33mtag_location[0m=Tu_Tu_Bu_Ung_Dong [33mtag_panel[0m=Panel_1 [33mtag_slave_id_tag[0m=1
[33mWARN[0m[2025-04-14 15:43:18] Giá trị N/A (0xFFC00000) được trả về cho FLOAT32  [33mdevice[0m=Schneider_PM_COM3_ID2 [33mregister_name[0m=DPF_C [33mtag_location[0m=Tu_Tu_Bu_Ung_Dong [33mtag_panel[0m=Panel_2 [33mtag_slave_id_tag[0m=2
[33mWARN[0m[2025-04-14 15:43:18] Giá trị N/A (0xFFC00000) được trả về cho FLOAT32  [33mdevice[0m=Schneider_PM_COM3_ID1 [33mregister_name[0m=DPF_C [33mtag_location[0m=Tu_Tu_Bu_Ung_Dong [33mtag_panel[0m=Panel_1 [33mtag_slave_id_tag[0m=1
[33mWARN[0m[2025-04-14 15:43:19] Đã nhận tín hiệu dừng. Đang yêu cầu các goroutine kết thúc... 
[36mINFO[0m[2025-04-14 15:43:19] Đang chờ các goroutine Device hoàn thành...  
[33mWARN[0m[2025-04-14 15:43:19] Bị hủy khi đang chờ phản hồi cho thanh ghi Accum_RE_Del  [33mdevice[0m=Schneider_PM_COM3_ID2 [33mtag_location[0m=Tu_Tu_Bu_Ung_Dong [33mtag_panel[0m=Panel_2 [33mtag_slave_id_tag[0m=2
[33mWARN[0m[2025-04-14 15:43:19] Chu kỳ đọc bị hủy, không ghi dữ liệu.         [33mdevice[0m=Schneider_PM_COM3_ID2 [33mtag_location[0m=Tu_Tu_Bu_Ung_Dong [33mtag_panel[0m=Panel_2 [33mtag_slave_id_tag[0m=2
[36mINFO[0m[2025-04-14 15:43:19] Nhận tín hiệu dừng, kết thúc vòng lặp đọc.    [36mdevice[0m=Schneider_PM_COM3_ID2 [36mtag_location[0m=Tu_Tu_Bu_Ung_Dong [36mtag_panel[0m=Panel_2 [36mtag_slave_id_tag[0m=2
[33mWARN[0m[2025-04-14 15:43:19] Bị hủy khi đang chờ phản hồi cho thanh ghi Accum_AE_Net  [33mdevice[0m=Schneider_PM_COM3_ID1 [33mtag_location[0m=Tu_Tu_Bu_Ung_Dong [33mtag_panel[0m=Panel_1 [33mtag_slave_id_tag[0m=1
[33mWARN[0m[2025-04-14 15:43:19] Chu kỳ đọc bị hủy, không ghi dữ liệu.         [33mdevice[0m=Schneider_PM_COM3_ID1 [33mtag_location[0m=Tu_Tu_Bu_Ung_Dong [33mtag_panel[0m=Panel_1 [33mtag_slave_id_tag[0m=1
[36mINFO[0m[2025-04-14 15:43:19] Context bị hủy trong quá trình đọc thanh ghi.  [36mdevice[0m=Schneider_PM_COM3_ID1 [36mtag_location[0m=Tu_Tu_Bu_Ung_Dong [36mtag_panel[0m=Panel_1 [36mtag_slave_id_tag[0m=1
[33mWARN[0m[2025-04-14 15:43:19] Chu kỳ đọc bị hủy, không ghi dữ liệu.         [33mdevice[0m=Schneider_PM_COM3_ID1 [33mtag_location[0m=Tu_Tu_Bu_Ung_Dong [33mtag_panel[0m=Panel_1 [33mtag_slave_id_tag[0m=1
[36mINFO[0m[2025-04-14 15:43:19] Nhận tín hiệu dừng, kết thúc vòng lặp đọc.    [36mdevice[0m=Schneider_PM_COM3_ID1 [36mtag_location[0m=Tu_Tu_Bu_Ung_Dong [36mtag_panel[0m=Panel_1 [36mtag_slave_id_tag[0m=1
[36mINFO[0m[2025-04-14 15:43:19] Các goroutine Device đã dừng.                
[36mINFO[0m[2025-04-14 15:43:19] Chương trình kết thúc.                       
[36mINFO[0m[2025-04-14 15:43:19] Đang đóng các file CSV...                    
[36mINFO[0m[2025-04-14 15:43:19] Đã đóng các file CSV.                        
