[36mINFO[0m[2025-04-14 16:26:05] --- Khởi chạy Gateway Modbus (Refactored + PortManager) --- 
[36mINFO[0m[2025-04-14 16:26:05] Khởi tạo Port Manager cho cổng COM3...       
[36mINFO[0m[2025-04-14 16:26:05] Port Manager bắt đầu hoạt động...             [36mport[0m=COM3
[36mINFO[0m[2025-04-14 16:26:05] Khởi tạo handler cho \\.\COM3                 [36mport[0m=COM3
[36mINFO[0m[2025-04-14 16:26:05] Đã đọc 85 thanh ghi cho thiết bị 'Schneider_PM_COM3_ID1' 
[36mINFO[0m[2025-04-14 16:26:05] Bắt đầu vòng lặp đọc dữ liệu...               [36mdevice[0m=Schneider_PM_COM3_ID1 [36mtag_location[0m=Tu_Tu_Bu_Ung_Dong [36mtag_panel[0m=Panel_1 [36mtag_slave_id_tag[0m=1
[36mINFO[0m[2025-04-14 16:26:05] Đã đọc 85 thanh ghi cho thiết bị 'Schneider_PM_COM3_ID2' 
[36mINFO[0m[2025-04-14 16:26:05] Đã khởi chạy 2 goroutine cho các thiết bị. Nhấn Ctrl+C để dừng. 
[36mINFO[0m[2025-04-14 16:26:05] Bắt đầu vòng lặp đọc dữ liệu...               [36mdevice[0m=Schneider_PM_COM3_ID2 [36mtag_location[0m=Tu_Tu_Bu_Ung_Dong [36mtag_panel[0m=Panel_2 [36mtag_slave_id_tag[0m=2
[33mWARN[0m[2025-04-14 16:26:08] Giá trị N/A (0xFFC00000) được trả về cho FLOAT32  [33mdevice[0m=Schneider_PM_COM3_ID1 [33mregister_name[0m=Current_B [33mtag_location[0m=Tu_Tu_Bu_Ung_Dong [33mtag_panel[0m=Panel_1 [33mtag_slave_id_tag[0m=1
[33mWARN[0m[2025-04-14 16:26:08] Giá trị N/A (0xFFC00000) được trả về cho FLOAT32  [33mdevice[0m=Schneider_PM_COM3_ID1 [33mregister_name[0m=Current_C [33mtag_location[0m=Tu_Tu_Bu_Ung_Dong [33mtag_panel[0m=Panel_1 [33mtag_slave_id_tag[0m=1
[33mWARN[0m[2025-04-14 16:26:08] Giá trị N/A (0xFFC00000) được trả về cho FLOAT32  [33mdevice[0m=Schneider_PM_COM3_ID1 [33mregister_name[0m=Current_N [33mtag_location[0m=Tu_Tu_Bu_Ung_Dong [33mtag_panel[0m=Panel_1 [33mtag_slave_id_tag[0m=1
[33mWARN[0m[2025-04-14 16:26:08] Giá trị N/A (0xFFC00000) được trả về cho FLOAT32  [33mdevice[0m=Schneider_PM_COM3_ID1 [33mregister_name[0m=Current_G [33mtag_location[0m=Tu_Tu_Bu_Ung_Dong [33mtag_panel[0m=Panel_1 [33mtag_slave_id_tag[0m=1
[33mWARN[0m[2025-04-14 16:26:09] Giá trị N/A (0xFFC00000) được trả về cho FLOAT32  [33mdevice[0m=Schneider_PM_COM3_ID2 [33mregister_name[0m=Current_B [33mtag_location[0m=Tu_Tu_Bu_Ung_Dong [33mtag_panel[0m=Panel_2 [33mtag_slave_id_tag[0m=2
[33mWARN[0m[2025-04-14 16:26:09] Giá trị N/A (0xFFC00000) được trả về cho FLOAT32  [33mdevice[0m=Schneider_PM_COM3_ID2 [33mregister_name[0m=Current_C [33mtag_location[0m=Tu_Tu_Bu_Ung_Dong [33mtag_panel[0m=Panel_2 [33mtag_slave_id_tag[0m=2
[33mWARN[0m[2025-04-14 16:26:09] Giá trị N/A (0xFFC00000) được trả về cho FLOAT32  [33mdevice[0m=Schneider_PM_COM3_ID1 [33mregister_name[0m=Current_Unbalance_A [33mtag_location[0m=Tu_Tu_Bu_Ung_Dong [33mtag_panel[0m=Panel_1 [33mtag_slave_id_tag[0m=1
[33mWARN[0m[2025-04-14 16:26:09] Giá trị N/A (0xFFC00000) được trả về cho FLOAT32  [33mdevice[0m=Schneider_PM_COM3_ID2 [33mregister_name[0m=Current_N [33mtag_location[0m=Tu_Tu_Bu_Ung_Dong [33mtag_panel[0m=Panel_2 [33mtag_slave_id_tag[0m=2
[33mWARN[0m[2025-04-14 16:26:09] Giá trị N/A (0xFFC00000) được trả về cho FLOAT32  [33mdevice[0m=Schneider_PM_COM3_ID1 [33mregister_name[0m=Current_Unbalance_B [33mtag_location[0m=Tu_Tu_Bu_Ung_Dong [33mtag_panel[0m=Panel_1 [33mtag_slave_id_tag[0m=1
[33mWARN[0m[2025-04-14 16:26:09] Giá trị N/A (0xFFC00000) được trả về cho FLOAT32  [33mdevice[0m=Schneider_PM_COM3_ID2 [33mregister_name[0m=Current_G [33mtag_location[0m=Tu_Tu_Bu_Ung_Dong [33mtag_panel[0m=Panel_2 [33mtag_slave_id_tag[0m=2
[33mWARN[0m[2025-04-14 16:26:09] Giá trị N/A (0xFFC00000) được trả về cho FLOAT32  [33mdevice[0m=Schneider_PM_COM3_ID1 [33mregister_name[0m=Current_Unbalance_C [33mtag_location[0m=Tu_Tu_Bu_Ung_Dong [33mtag_panel[0m=Panel_1 [33mtag_slave_id_tag[0m=1
[33mWARN[0m[2025-04-14 16:26:09] Giá trị N/A (0xFFC00000) được trả về cho FLOAT32  [33mdevice[0m=Schneider_PM_COM3_ID1 [33mregister_name[0m=Current_Unbalance_Worst [33mtag_location[0m=Tu_Tu_Bu_Ung_Dong [33mtag_panel[0m=Panel_1 [33mtag_slave_id_tag[0m=1
[33mWARN[0m[2025-04-14 16:26:09] Giá trị N/A (0xFFC00000) được trả về cho FLOAT32  [33mdevice[0m=Schneider_PM_COM3_ID2 [33mregister_name[0m=Current_Unbalance_A [33mtag_location[0m=Tu_Tu_Bu_Ung_Dong [33mtag_panel[0m=Panel_2 [33mtag_slave_id_tag[0m=2
[33mWARN[0m[2025-04-14 16:26:09] Giá trị N/A (0xFFC00000) được trả về cho FLOAT32  [33mdevice[0m=Schneider_PM_COM3_ID1 [33mregister_name[0m=Voltage_AB [33mtag_location[0m=Tu_Tu_Bu_Ung_Dong [33mtag_panel[0m=Panel_1 [33mtag_slave_id_tag[0m=1
[33mWARN[0m[2025-04-14 16:26:09] Giá trị N/A (0xFFC00000) được trả về cho FLOAT32  [33mdevice[0m=Schneider_PM_COM3_ID2 [33mregister_name[0m=Current_Unbalance_B [33mtag_location[0m=Tu_Tu_Bu_Ung_Dong [33mtag_panel[0m=Panel_2 [33mtag_slave_id_tag[0m=2
[33mWARN[0m[2025-04-14 16:26:09] Giá trị N/A (0xFFC00000) được trả về cho FLOAT32  [33mdevice[0m=Schneider_PM_COM3_ID1 [33mregister_name[0m=Voltage_BC [33mtag_location[0m=Tu_Tu_Bu_Ung_Dong [33mtag_panel[0m=Panel_1 [33mtag_slave_id_tag[0m=1
[33mWARN[0m[2025-04-14 16:26:09] Giá trị N/A (0xFFC00000) được trả về cho FLOAT32  [33mdevice[0m=Schneider_PM_COM3_ID2 [33mregister_name[0m=Current_Unbalance_C [33mtag_location[0m=Tu_Tu_Bu_Ung_Dong [33mtag_panel[0m=Panel_2 [33mtag_slave_id_tag[0m=2
[33mWARN[0m[2025-04-14 16:26:09] Giá trị N/A (0xFFC00000) được trả về cho FLOAT32  [33mdevice[0m=Schneider_PM_COM3_ID1 [33mregister_name[0m=Voltage_CA [33mtag_location[0m=Tu_Tu_Bu_Ung_Dong [33mtag_panel[0m=Panel_1 [33mtag_slave_id_tag[0m=1
[33mWARN[0m[2025-04-14 16:26:09] Giá trị N/A (0xFFC00000) được trả về cho FLOAT32  [33mdevice[0m=Schneider_PM_COM3_ID2 [33mregister_name[0m=Current_Unbalance_Worst [33mtag_location[0m=Tu_Tu_Bu_Ung_Dong [33mtag_panel[0m=Panel_2 [33mtag_slave_id_tag[0m=2
[33mWARN[0m[2025-04-14 16:26:09] Giá trị N/A (0xFFC00000) được trả về cho FLOAT32  [33mdevice[0m=Schneider_PM_COM3_ID1 [33mregister_name[0m=Voltage_LLAvg [33mtag_location[0m=Tu_Tu_Bu_Ung_Dong [33mtag_panel[0m=Panel_1 [33mtag_slave_id_tag[0m=1
[33mWARN[0m[2025-04-14 16:26:09] Giá trị N/A (0xFFC00000) được trả về cho FLOAT32  [33mdevice[0m=Schneider_PM_COM3_ID2 [33mregister_name[0m=Voltage_AB [33mtag_location[0m=Tu_Tu_Bu_Ung_Dong [33mtag_panel[0m=Panel_2 [33mtag_slave_id_tag[0m=2
[33mWARN[0m[2025-04-14 16:26:10] Giá trị N/A (0xFFC00000) được trả về cho FLOAT32  [33mdevice[0m=Schneider_PM_COM3_ID2 [33mregister_name[0m=Voltage_BC [33mtag_location[0m=Tu_Tu_Bu_Ung_Dong [33mtag_panel[0m=Panel_2 [33mtag_slave_id_tag[0m=2
[33mWARN[0m[2025-04-14 16:26:10] Giá trị N/A (0xFFC00000) được trả về cho FLOAT32  [33mdevice[0m=Schneider_PM_COM3_ID1 [33mregister_name[0m=Voltage_BN [33mtag_location[0m=Tu_Tu_Bu_Ung_Dong [33mtag_panel[0m=Panel_1 [33mtag_slave_id_tag[0m=1
[33mWARN[0m[2025-04-14 16:26:10] Giá trị N/A (0xFFC00000) được trả về cho FLOAT32  [33mdevice[0m=Schneider_PM_COM3_ID2 [33mregister_name[0m=Voltage_CA [33mtag_location[0m=Tu_Tu_Bu_Ung_Dong [33mtag_panel[0m=Panel_2 [33mtag_slave_id_tag[0m=2
[33mWARN[0m[2025-04-14 16:26:10] Giá trị N/A (0xFFC00000) được trả về cho FLOAT32  [33mdevice[0m=Schneider_PM_COM3_ID1 [33mregister_name[0m=Voltage_CN [33mtag_location[0m=Tu_Tu_Bu_Ung_Dong [33mtag_panel[0m=Panel_1 [33mtag_slave_id_tag[0m=1
[33mWARN[0m[2025-04-14 16:26:10] Giá trị N/A (0xFFC00000) được trả về cho FLOAT32  [33mdevice[0m=Schneider_PM_COM3_ID2 [33mregister_name[0m=Voltage_LLAvg [33mtag_location[0m=Tu_Tu_Bu_Ung_Dong [33mtag_panel[0m=Panel_2 [33mtag_slave_id_tag[0m=2
[33mWARN[0m[2025-04-14 16:26:10] Giá trị N/A (0xFFC00000) được trả về cho FLOAT32  [33mdevice[0m=Schneider_PM_COM3_ID1 [33mregister_name[0m=Voltage_Unbalance_AB [33mtag_location[0m=Tu_Tu_Bu_Ung_Dong [33mtag_panel[0m=Panel_1 [33mtag_slave_id_tag[0m=1
[33mWARN[0m[2025-04-14 16:26:10] Giá trị N/A (0xFFC00000) được trả về cho FLOAT32  [33mdevice[0m=Schneider_PM_COM3_ID2 [33mregister_name[0m=Voltage_BN [33mtag_location[0m=Tu_Tu_Bu_Ung_Dong [33mtag_panel[0m=Panel_2 [33mtag_slave_id_tag[0m=2
[33mWARN[0m[2025-04-14 16:26:10] Giá trị N/A (0xFFC00000) được trả về cho FLOAT32  [33mdevice[0m=Schneider_PM_COM3_ID1 [33mregister_name[0m=Voltage_Unbalance_BC [33mtag_location[0m=Tu_Tu_Bu_Ung_Dong [33mtag_panel[0m=Panel_1 [33mtag_slave_id_tag[0m=1
[33mWARN[0m[2025-04-14 16:26:10] Giá trị N/A (0xFFC00000) được trả về cho FLOAT32  [33mdevice[0m=Schneider_PM_COM3_ID2 [33mregister_name[0m=Voltage_CN [33mtag_location[0m=Tu_Tu_Bu_Ung_Dong [33mtag_panel[0m=Panel_2 [33mtag_slave_id_tag[0m=2
[33mWARN[0m[2025-04-14 16:26:10] Giá trị N/A (0xFFC00000) được trả về cho FLOAT32  [33mdevice[0m=Schneider_PM_COM3_ID1 [33mregister_name[0m=Voltage_Unbalance_CA [33mtag_location[0m=Tu_Tu_Bu_Ung_Dong [33mtag_panel[0m=Panel_1 [33mtag_slave_id_tag[0m=1
[33mWARN[0m[2025-04-14 16:26:10] Giá trị N/A (0xFFC00000) được trả về cho FLOAT32  [33mdevice[0m=Schneider_PM_COM3_ID1 [33mregister_name[0m=Voltage_Unbalance_LL_Worst [33mtag_location[0m=Tu_Tu_Bu_Ung_Dong [33mtag_panel[0m=Panel_1 [33mtag_slave_id_tag[0m=1
[33mWARN[0m[2025-04-14 16:26:10] Giá trị N/A (0xFFC00000) được trả về cho FLOAT32  [33mdevice[0m=Schneider_PM_COM3_ID2 [33mregister_name[0m=Voltage_Unbalance_AB [33mtag_location[0m=Tu_Tu_Bu_Ung_Dong [33mtag_panel[0m=Panel_2 [33mtag_slave_id_tag[0m=2
[33mWARN[0m[2025-04-14 16:26:10] Giá trị N/A (0xFFC00000) được trả về cho FLOAT32  [33mdevice[0m=Schneider_PM_COM3_ID1 [33mregister_name[0m=Voltage_Unbalance_AN [33mtag_location[0m=Tu_Tu_Bu_Ung_Dong [33mtag_panel[0m=Panel_1 [33mtag_slave_id_tag[0m=1
[33mWARN[0m[2025-04-14 16:26:10] Giá trị N/A (0xFFC00000) được trả về cho FLOAT32  [33mdevice[0m=Schneider_PM_COM3_ID2 [33mregister_name[0m=Voltage_Unbalance_BC [33mtag_location[0m=Tu_Tu_Bu_Ung_Dong [33mtag_panel[0m=Panel_2 [33mtag_slave_id_tag[0m=2
[33mWARN[0m[2025-04-14 16:26:10] Giá trị N/A (0xFFC00000) được trả về cho FLOAT32  [33mdevice[0m=Schneider_PM_COM3_ID1 [33mregister_name[0m=Voltage_Unbalance_BN [33mtag_location[0m=Tu_Tu_Bu_Ung_Dong [33mtag_panel[0m=Panel_1 [33mtag_slave_id_tag[0m=1
[33mWARN[0m[2025-04-14 16:26:10] Giá trị N/A (0xFFC00000) được trả về cho FLOAT32  [33mdevice[0m=Schneider_PM_COM3_ID2 [33mregister_name[0m=Voltage_Unbalance_CA [33mtag_location[0m=Tu_Tu_Bu_Ung_Dong [33mtag_panel[0m=Panel_2 [33mtag_slave_id_tag[0m=2
[33mWARN[0m[2025-04-14 16:26:10] Giá trị N/A (0xFFC00000) được trả về cho FLOAT32  [33mdevice[0m=Schneider_PM_COM3_ID1 [33mregister_name[0m=Voltage_Unbalance_CN [33mtag_location[0m=Tu_Tu_Bu_Ung_Dong [33mtag_panel[0m=Panel_1 [33mtag_slave_id_tag[0m=1
[33mWARN[0m[2025-04-14 16:26:11] Giá trị N/A (0xFFC00000) được trả về cho FLOAT32  [33mdevice[0m=Schneider_PM_COM3_ID2 [33mregister_name[0m=Voltage_Unbalance_LL_Worst [33mtag_location[0m=Tu_Tu_Bu_Ung_Dong [33mtag_panel[0m=Panel_2 [33mtag_slave_id_tag[0m=2
[33mWARN[0m[2025-04-14 16:26:11] Giá trị N/A (0xFFC00000) được trả về cho FLOAT32  [33mdevice[0m=Schneider_PM_COM3_ID1 [33mregister_name[0m=Voltage_Unbalance_LN_Worst [33mtag_location[0m=Tu_Tu_Bu_Ung_Dong [33mtag_panel[0m=Panel_1 [33mtag_slave_id_tag[0m=1
[33mWARN[0m[2025-04-14 16:26:11] Giá trị N/A (0xFFC00000) được trả về cho FLOAT32  [33mdevice[0m=Schneider_PM_COM3_ID2 [33mregister_name[0m=Voltage_Unbalance_AN [33mtag_location[0m=Tu_Tu_Bu_Ung_Dong [33mtag_panel[0m=Panel_2 [33mtag_slave_id_tag[0m=2
[33mWARN[0m[2025-04-14 16:26:11] Giá trị N/A (0xFFC00000) được trả về cho FLOAT32  [33mdevice[0m=Schneider_PM_COM3_ID2 [33mregister_name[0m=Voltage_Unbalance_BN [33mtag_location[0m=Tu_Tu_Bu_Ung_Dong [33mtag_panel[0m=Panel_2 [33mtag_slave_id_tag[0m=2
[33mWARN[0m[2025-04-14 16:26:11] Giá trị N/A (0xFFC00000) được trả về cho FLOAT32  [33mdevice[0m=Schneider_PM_COM3_ID1 [33mregister_name[0m=ActivePower_B [33mtag_location[0m=Tu_Tu_Bu_Ung_Dong [33mtag_panel[0m=Panel_1 [33mtag_slave_id_tag[0m=1
[33mWARN[0m[2025-04-14 16:26:11] Giá trị N/A (0xFFC00000) được trả về cho FLOAT32  [33mdevice[0m=Schneider_PM_COM3_ID2 [33mregister_name[0m=Voltage_Unbalance_CN [33mtag_location[0m=Tu_Tu_Bu_Ung_Dong [33mtag_panel[0m=Panel_2 [33mtag_slave_id_tag[0m=2
[33mWARN[0m[2025-04-14 16:26:11] Giá trị N/A (0xFFC00000) được trả về cho FLOAT32  [33mdevice[0m=Schneider_PM_COM3_ID1 [33mregister_name[0m=ActivePower_C [33mtag_location[0m=Tu_Tu_Bu_Ung_Dong [33mtag_panel[0m=Panel_1 [33mtag_slave_id_tag[0m=1
[33mWARN[0m[2025-04-14 16:26:11] Giá trị N/A (0xFFC00000) được trả về cho FLOAT32  [33mdevice[0m=Schneider_PM_COM3_ID2 [33mregister_name[0m=Voltage_Unbalance_LN_Worst [33mtag_location[0m=Tu_Tu_Bu_Ung_Dong [33mtag_panel[0m=Panel_2 [33mtag_slave_id_tag[0m=2
[33mWARN[0m[2025-04-14 16:26:11] Giá trị N/A (0xFFC00000) được trả về cho FLOAT32  [33mdevice[0m=Schneider_PM_COM3_ID2 [33mregister_name[0m=ActivePower_B [33mtag_location[0m=Tu_Tu_Bu_Ung_Dong [33mtag_panel[0m=Panel_2 [33mtag_slave_id_tag[0m=2
[33mWARN[0m[2025-04-14 16:26:11] Giá trị N/A (0xFFC00000) được trả về cho FLOAT32  [33mdevice[0m=Schneider_PM_COM3_ID1 [33mregister_name[0m=ReactivePower_B [33mtag_location[0m=Tu_Tu_Bu_Ung_Dong [33mtag_panel[0m=Panel_1 [33mtag_slave_id_tag[0m=1
[33mWARN[0m[2025-04-14 16:26:11] Giá trị N/A (0xFFC00000) được trả về cho FLOAT32  [33mdevice[0m=Schneider_PM_COM3_ID2 [33mregister_name[0m=ActivePower_C [33mtag_location[0m=Tu_Tu_Bu_Ung_Dong [33mtag_panel[0m=Panel_2 [33mtag_slave_id_tag[0m=2
[33mWARN[0m[2025-04-14 16:26:11] Giá trị N/A (0xFFC00000) được trả về cho FLOAT32  [33mdevice[0m=Schneider_PM_COM3_ID1 [33mregister_name[0m=ReactivePower_C [33mtag_location[0m=Tu_Tu_Bu_Ung_Dong [33mtag_panel[0m=Panel_1 [33mtag_slave_id_tag[0m=1
[33mWARN[0m[2025-04-14 16:26:12] Giá trị N/A (0xFFC00000) được trả về cho FLOAT32  [33mdevice[0m=Schneider_PM_COM3_ID2 [33mregister_name[0m=ReactivePower_B [33mtag_location[0m=Tu_Tu_Bu_Ung_Dong [33mtag_panel[0m=Panel_2 [33mtag_slave_id_tag[0m=2
[33mWARN[0m[2025-04-14 16:26:12] Giá trị N/A (0xFFC00000) được trả về cho FLOAT32  [33mdevice[0m=Schneider_PM_COM3_ID1 [33mregister_name[0m=ApparentPower_B [33mtag_location[0m=Tu_Tu_Bu_Ung_Dong [33mtag_panel[0m=Panel_1 [33mtag_slave_id_tag[0m=1
[33mWARN[0m[2025-04-14 16:26:12] Giá trị N/A (0xFFC00000) được trả về cho FLOAT32  [33mdevice[0m=Schneider_PM_COM3_ID2 [33mregister_name[0m=ReactivePower_C [33mtag_location[0m=Tu_Tu_Bu_Ung_Dong [33mtag_panel[0m=Panel_2 [33mtag_slave_id_tag[0m=2
[33mWARN[0m[2025-04-14 16:26:12] Giá trị N/A (0xFFC00000) được trả về cho FLOAT32  [33mdevice[0m=Schneider_PM_COM3_ID1 [33mregister_name[0m=ApparentPower_C [33mtag_location[0m=Tu_Tu_Bu_Ung_Dong [33mtag_panel[0m=Panel_1 [33mtag_slave_id_tag[0m=1
[33mWARN[0m[2025-04-14 16:26:12] Giá trị N/A (0xFFC00000) được trả về cho FLOAT32  [33mdevice[0m=Schneider_PM_COM3_ID2 [33mregister_name[0m=ApparentPower_B [33mtag_location[0m=Tu_Tu_Bu_Ung_Dong [33mtag_panel[0m=Panel_2 [33mtag_slave_id_tag[0m=2
[33mWARN[0m[2025-04-14 16:26:12] Giá trị N/A (0xFFC00000) được trả về cho FLOAT32  [33mdevice[0m=Schneider_PM_COM3_ID2 [33mregister_name[0m=ApparentPower_C [33mtag_location[0m=Tu_Tu_Bu_Ung_Dong [33mtag_panel[0m=Panel_2 [33mtag_slave_id_tag[0m=2
[36mINFO[0m[2025-04-14 16:26:15] Hoàn thành chu kỳ đọc và ghi dữ liệu          [36mdevice[0m=Schneider_PM_COM3_ID1 [36mduration_ms[0m=8450 [36merrors[0m=0 [36mtag_location[0m=Tu_Tu_Bu_Ung_Dong [36mtag_panel[0m=Panel_1 [36mtag_slave_id_tag[0m=1
[36mINFO[0m[2025-04-14 16:26:15] Hoàn thành chu kỳ đọc và ghi dữ liệu          [36mdevice[0m=Schneider_PM_COM3_ID2 [36mduration_ms[0m=8624 [36merrors[0m=0 [36mtag_location[0m=Tu_Tu_Bu_Ung_Dong [36mtag_panel[0m=Panel_2 [36mtag_slave_id_tag[0m=2
[33mWARN[0m[2025-04-14 16:26:17] Giá trị N/A (0xFFC00000) được trả về cho FLOAT32  [33mdevice[0m=Schneider_PM_COM3_ID1 [33mregister_name[0m=Current_B [33mtag_location[0m=Tu_Tu_Bu_Ung_Dong [33mtag_panel[0m=Panel_1 [33mtag_slave_id_tag[0m=1
[33mWARN[0m[2025-04-14 16:26:17] Giá trị N/A (0xFFC00000) được trả về cho FLOAT32  [33mdevice[0m=Schneider_PM_COM3_ID1 [33mregister_name[0m=Current_C [33mtag_location[0m=Tu_Tu_Bu_Ung_Dong [33mtag_panel[0m=Panel_1 [33mtag_slave_id_tag[0m=1
[33mWARN[0m[2025-04-14 16:26:17] Giá trị N/A (0xFFC00000) được trả về cho FLOAT32  [33mdevice[0m=Schneider_PM_COM3_ID1 [33mregister_name[0m=Current_N [33mtag_location[0m=Tu_Tu_Bu_Ung_Dong [33mtag_panel[0m=Panel_1 [33mtag_slave_id_tag[0m=1
[33mWARN[0m[2025-04-14 16:26:17] Giá trị N/A (0xFFC00000) được trả về cho FLOAT32  [33mdevice[0m=Schneider_PM_COM3_ID1 [33mregister_name[0m=Current_G [33mtag_location[0m=Tu_Tu_Bu_Ung_Dong [33mtag_panel[0m=Panel_1 [33mtag_slave_id_tag[0m=1
[33mWARN[0m[2025-04-14 16:26:17] Giá trị N/A (0xFFC00000) được trả về cho FLOAT32  [33mdevice[0m=Schneider_PM_COM3_ID2 [33mregister_name[0m=Current_B [33mtag_location[0m=Tu_Tu_Bu_Ung_Dong [33mtag_panel[0m=Panel_2 [33mtag_slave_id_tag[0m=2
[33mWARN[0m[2025-04-14 16:26:17] Giá trị N/A (0xFFC00000) được trả về cho FLOAT32  [33mdevice[0m=Schneider_PM_COM3_ID2 [33mregister_name[0m=Current_C [33mtag_location[0m=Tu_Tu_Bu_Ung_Dong [33mtag_panel[0m=Panel_2 [33mtag_slave_id_tag[0m=2
[33mWARN[0m[2025-04-14 16:26:17] Giá trị N/A (0xFFC00000) được trả về cho FLOAT32  [33mdevice[0m=Schneider_PM_COM3_ID1 [33mregister_name[0m=Current_Unbalance_A [33mtag_location[0m=Tu_Tu_Bu_Ung_Dong [33mtag_panel[0m=Panel_1 [33mtag_slave_id_tag[0m=1
[33mWARN[0m[2025-04-14 16:26:17] Giá trị N/A (0xFFC00000) được trả về cho FLOAT32  [33mdevice[0m=Schneider_PM_COM3_ID2 [33mregister_name[0m=Current_N [33mtag_location[0m=Tu_Tu_Bu_Ung_Dong [33mtag_panel[0m=Panel_2 [33mtag_slave_id_tag[0m=2
[33mWARN[0m[2025-04-14 16:26:17] Giá trị N/A (0xFFC00000) được trả về cho FLOAT32  [33mdevice[0m=Schneider_PM_COM3_ID1 [33mregister_name[0m=Current_Unbalance_B [33mtag_location[0m=Tu_Tu_Bu_Ung_Dong [33mtag_panel[0m=Panel_1 [33mtag_slave_id_tag[0m=1
[33mWARN[0m[2025-04-14 16:26:18] Giá trị N/A (0xFFC00000) được trả về cho FLOAT32  [33mdevice[0m=Schneider_PM_COM3_ID2 [33mregister_name[0m=Current_G [33mtag_location[0m=Tu_Tu_Bu_Ung_Dong [33mtag_panel[0m=Panel_2 [33mtag_slave_id_tag[0m=2
[33mWARN[0m[2025-04-14 16:26:18] Giá trị N/A (0xFFC00000) được trả về cho FLOAT32  [33mdevice[0m=Schneider_PM_COM3_ID1 [33mregister_name[0m=Current_Unbalance_C [33mtag_location[0m=Tu_Tu_Bu_Ung_Dong [33mtag_panel[0m=Panel_1 [33mtag_slave_id_tag[0m=1
[33mWARN[0m[2025-04-14 16:26:18] Giá trị N/A (0xFFC00000) được trả về cho FLOAT32  [33mdevice[0m=Schneider_PM_COM3_ID1 [33mregister_name[0m=Current_Unbalance_Worst [33mtag_location[0m=Tu_Tu_Bu_Ung_Dong [33mtag_panel[0m=Panel_1 [33mtag_slave_id_tag[0m=1
[33mWARN[0m[2025-04-14 16:26:18] Giá trị N/A (0xFFC00000) được trả về cho FLOAT32  [33mdevice[0m=Schneider_PM_COM3_ID2 [33mregister_name[0m=Current_Unbalance_A [33mtag_location[0m=Tu_Tu_Bu_Ung_Dong [33mtag_panel[0m=Panel_2 [33mtag_slave_id_tag[0m=2
[33mWARN[0m[2025-04-14 16:26:18] Giá trị N/A (0xFFC00000) được trả về cho FLOAT32  [33mdevice[0m=Schneider_PM_COM3_ID1 [33mregister_name[0m=Voltage_AB [33mtag_location[0m=Tu_Tu_Bu_Ung_Dong [33mtag_panel[0m=Panel_1 [33mtag_slave_id_tag[0m=1
[33mWARN[0m[2025-04-14 16:26:18] Giá trị N/A (0xFFC00000) được trả về cho FLOAT32  [33mdevice[0m=Schneider_PM_COM3_ID2 [33mregister_name[0m=Current_Unbalance_B [33mtag_location[0m=Tu_Tu_Bu_Ung_Dong [33mtag_panel[0m=Panel_2 [33mtag_slave_id_tag[0m=2
[33mWARN[0m[2025-04-14 16:26:18] Giá trị N/A (0xFFC00000) được trả về cho FLOAT32  [33mdevice[0m=Schneider_PM_COM3_ID1 [33mregister_name[0m=Voltage_BC [33mtag_location[0m=Tu_Tu_Bu_Ung_Dong [33mtag_panel[0m=Panel_1 [33mtag_slave_id_tag[0m=1
[33mWARN[0m[2025-04-14 16:26:18] Giá trị N/A (0xFFC00000) được trả về cho FLOAT32  [33mdevice[0m=Schneider_PM_COM3_ID2 [33mregister_name[0m=Current_Unbalance_C [33mtag_location[0m=Tu_Tu_Bu_Ung_Dong [33mtag_panel[0m=Panel_2 [33mtag_slave_id_tag[0m=2
[33mWARN[0m[2025-04-14 16:26:18] Giá trị N/A (0xFFC00000) được trả về cho FLOAT32  [33mdevice[0m=Schneider_PM_COM3_ID1 [33mregister_name[0m=Voltage_CA [33mtag_location[0m=Tu_Tu_Bu_Ung_Dong [33mtag_panel[0m=Panel_1 [33mtag_slave_id_tag[0m=1
[33mWARN[0m[2025-04-14 16:26:18] Giá trị N/A (0xFFC00000) được trả về cho FLOAT32  [33mdevice[0m=Schneider_PM_COM3_ID2 [33mregister_name[0m=Current_Unbalance_Worst [33mtag_location[0m=Tu_Tu_Bu_Ung_Dong [33mtag_panel[0m=Panel_2 [33mtag_slave_id_tag[0m=2
[33mWARN[0m[2025-04-14 16:26:18] Giá trị N/A (0xFFC00000) được trả về cho FLOAT32  [33mdevice[0m=Schneider_PM_COM3_ID1 [33mregister_name[0m=Voltage_LLAvg [33mtag_location[0m=Tu_Tu_Bu_Ung_Dong [33mtag_panel[0m=Panel_1 [33mtag_slave_id_tag[0m=1
[33mWARN[0m[2025-04-14 16:26:18] Giá trị N/A (0xFFC00000) được trả về cho FLOAT32  [33mdevice[0m=Schneider_PM_COM3_ID2 [33mregister_name[0m=Voltage_AB [33mtag_location[0m=Tu_Tu_Bu_Ung_Dong [33mtag_panel[0m=Panel_2 [33mtag_slave_id_tag[0m=2
[33mWARN[0m[2025-04-14 16:26:18] Giá trị N/A (0xFFC00000) được trả về cho FLOAT32  [33mdevice[0m=Schneider_PM_COM3_ID2 [33mregister_name[0m=Voltage_BC [33mtag_location[0m=Tu_Tu_Bu_Ung_Dong [33mtag_panel[0m=Panel_2 [33mtag_slave_id_tag[0m=2
[33mWARN[0m[2025-04-14 16:26:18] Giá trị N/A (0xFFC00000) được trả về cho FLOAT32  [33mdevice[0m=Schneider_PM_COM3_ID1 [33mregister_name[0m=Voltage_BN [33mtag_location[0m=Tu_Tu_Bu_Ung_Dong [33mtag_panel[0m=Panel_1 [33mtag_slave_id_tag[0m=1
[33mWARN[0m[2025-04-14 16:26:18] Giá trị N/A (0xFFC00000) được trả về cho FLOAT32  [33mdevice[0m=Schneider_PM_COM3_ID2 [33mregister_name[0m=Voltage_CA [33mtag_location[0m=Tu_Tu_Bu_Ung_Dong [33mtag_panel[0m=Panel_2 [33mtag_slave_id_tag[0m=2
[33mWARN[0m[2025-04-14 16:26:18] Giá trị N/A (0xFFC00000) được trả về cho FLOAT32  [33mdevice[0m=Schneider_PM_COM3_ID1 [33mregister_name[0m=Voltage_CN [33mtag_location[0m=Tu_Tu_Bu_Ung_Dong [33mtag_panel[0m=Panel_1 [33mtag_slave_id_tag[0m=1
[33mWARN[0m[2025-04-14 16:26:18] Giá trị N/A (0xFFC00000) được trả về cho FLOAT32  [33mdevice[0m=Schneider_PM_COM3_ID2 [33mregister_name[0m=Voltage_LLAvg [33mtag_location[0m=Tu_Tu_Bu_Ung_Dong [33mtag_panel[0m=Panel_2 [33mtag_slave_id_tag[0m=2
[33mWARN[0m[2025-04-14 16:26:19] Giá trị N/A (0xFFC00000) được trả về cho FLOAT32  [33mdevice[0m=Schneider_PM_COM3_ID1 [33mregister_name[0m=Voltage_Unbalance_AB [33mtag_location[0m=Tu_Tu_Bu_Ung_Dong [33mtag_panel[0m=Panel_1 [33mtag_slave_id_tag[0m=1
[33mWARN[0m[2025-04-14 16:26:19] Giá trị N/A (0xFFC00000) được trả về cho FLOAT32  [33mdevice[0m=Schneider_PM_COM3_ID2 [33mregister_name[0m=Voltage_BN [33mtag_location[0m=Tu_Tu_Bu_Ung_Dong [33mtag_panel[0m=Panel_2 [33mtag_slave_id_tag[0m=2
[33mWARN[0m[2025-04-14 16:26:19] Giá trị N/A (0xFFC00000) được trả về cho FLOAT32  [33mdevice[0m=Schneider_PM_COM3_ID1 [33mregister_name[0m=Voltage_Unbalance_BC [33mtag_location[0m=Tu_Tu_Bu_Ung_Dong [33mtag_panel[0m=Panel_1 [33mtag_slave_id_tag[0m=1
[33mWARN[0m[2025-04-14 16:26:19] Giá trị N/A (0xFFC00000) được trả về cho FLOAT32  [33mdevice[0m=Schneider_PM_COM3_ID2 [33mregister_name[0m=Voltage_CN [33mtag_location[0m=Tu_Tu_Bu_Ung_Dong [33mtag_panel[0m=Panel_2 [33mtag_slave_id_tag[0m=2
[33mWARN[0m[2025-04-14 16:26:19] Giá trị N/A (0xFFC00000) được trả về cho FLOAT32  [33mdevice[0m=Schneider_PM_COM3_ID1 [33mregister_name[0m=Voltage_Unbalance_CA [33mtag_location[0m=Tu_Tu_Bu_Ung_Dong [33mtag_panel[0m=Panel_1 [33mtag_slave_id_tag[0m=1
[33mWARN[0m[2025-04-14 16:26:19] Giá trị N/A (0xFFC00000) được trả về cho FLOAT32  [33mdevice[0m=Schneider_PM_COM3_ID1 [33mregister_name[0m=Voltage_Unbalance_LL_Worst [33mtag_location[0m=Tu_Tu_Bu_Ung_Dong [33mtag_panel[0m=Panel_1 [33mtag_slave_id_tag[0m=1
[33mWARN[0m[2025-04-14 16:26:19] Giá trị N/A (0xFFC00000) được trả về cho FLOAT32  [33mdevice[0m=Schneider_PM_COM3_ID2 [33mregister_name[0m=Voltage_Unbalance_AB [33mtag_location[0m=Tu_Tu_Bu_Ung_Dong [33mtag_panel[0m=Panel_2 [33mtag_slave_id_tag[0m=2
[33mWARN[0m[2025-04-14 16:26:19] Giá trị N/A (0xFFC00000) được trả về cho FLOAT32  [33mdevice[0m=Schneider_PM_COM3_ID1 [33mregister_name[0m=Voltage_Unbalance_AN [33mtag_location[0m=Tu_Tu_Bu_Ung_Dong [33mtag_panel[0m=Panel_1 [33mtag_slave_id_tag[0m=1
[33mWARN[0m[2025-04-14 16:26:19] Giá trị N/A (0xFFC00000) được trả về cho FLOAT32  [33mdevice[0m=Schneider_PM_COM3_ID2 [33mregister_name[0m=Voltage_Unbalance_BC [33mtag_location[0m=Tu_Tu_Bu_Ung_Dong [33mtag_panel[0m=Panel_2 [33mtag_slave_id_tag[0m=2
[33mWARN[0m[2025-04-14 16:26:19] Giá trị N/A (0xFFC00000) được trả về cho FLOAT32  [33mdevice[0m=Schneider_PM_COM3_ID1 [33mregister_name[0m=Voltage_Unbalance_BN [33mtag_location[0m=Tu_Tu_Bu_Ung_Dong [33mtag_panel[0m=Panel_1 [33mtag_slave_id_tag[0m=1
[33mWARN[0m[2025-04-14 16:26:19] Giá trị N/A (0xFFC00000) được trả về cho FLOAT32  [33mdevice[0m=Schneider_PM_COM3_ID2 [33mregister_name[0m=Voltage_Unbalance_CA [33mtag_location[0m=Tu_Tu_Bu_Ung_Dong [33mtag_panel[0m=Panel_2 [33mtag_slave_id_tag[0m=2
[33mWARN[0m[2025-04-14 16:26:19] Giá trị N/A (0xFFC00000) được trả về cho FLOAT32  [33mdevice[0m=Schneider_PM_COM3_ID1 [33mregister_name[0m=Voltage_Unbalance_CN [33mtag_location[0m=Tu_Tu_Bu_Ung_Dong [33mtag_panel[0m=Panel_1 [33mtag_slave_id_tag[0m=1
[33mWARN[0m[2025-04-14 16:26:19] Giá trị N/A (0xFFC00000) được trả về cho FLOAT32  [33mdevice[0m=Schneider_PM_COM3_ID2 [33mregister_name[0m=Voltage_Unbalance_LL_Worst [33mtag_location[0m=Tu_Tu_Bu_Ung_Dong [33mtag_panel[0m=Panel_2 [33mtag_slave_id_tag[0m=2
[33mWARN[0m[2025-04-14 16:26:19] Giá trị N/A (0xFFC00000) được trả về cho FLOAT32  [33mdevice[0m=Schneider_PM_COM3_ID1 [33mregister_name[0m=Voltage_Unbalance_LN_Worst [33mtag_location[0m=Tu_Tu_Bu_Ung_Dong [33mtag_panel[0m=Panel_1 [33mtag_slave_id_tag[0m=1
[33mWARN[0m[2025-04-14 16:26:19] Giá trị N/A (0xFFC00000) được trả về cho FLOAT32  [33mdevice[0m=Schneider_PM_COM3_ID2 [33mregister_name[0m=Voltage_Unbalance_AN [33mtag_location[0m=Tu_Tu_Bu_Ung_Dong [33mtag_panel[0m=Panel_2 [33mtag_slave_id_tag[0m=2
[33mWARN[0m[2025-04-14 16:26:19] Giá trị N/A (0xFFC00000) được trả về cho FLOAT32  [33mdevice[0m=Schneider_PM_COM3_ID2 [33mregister_name[0m=Voltage_Unbalance_BN [33mtag_location[0m=Tu_Tu_Bu_Ung_Dong [33mtag_panel[0m=Panel_2 [33mtag_slave_id_tag[0m=2
[33mWARN[0m[2025-04-14 16:26:19] Giá trị N/A (0xFFC00000) được trả về cho FLOAT32  [33mdevice[0m=Schneider_PM_COM3_ID1 [33mregister_name[0m=ActivePower_B [33mtag_location[0m=Tu_Tu_Bu_Ung_Dong [33mtag_panel[0m=Panel_1 [33mtag_slave_id_tag[0m=1
[33mWARN[0m[2025-04-14 16:26:19] Giá trị N/A (0xFFC00000) được trả về cho FLOAT32  [33mdevice[0m=Schneider_PM_COM3_ID2 [33mregister_name[0m=Voltage_Unbalance_CN [33mtag_location[0m=Tu_Tu_Bu_Ung_Dong [33mtag_panel[0m=Panel_2 [33mtag_slave_id_tag[0m=2
[33mWARN[0m[2025-04-14 16:26:20] Giá trị N/A (0xFFC00000) được trả về cho FLOAT32  [33mdevice[0m=Schneider_PM_COM3_ID1 [33mregister_name[0m=ActivePower_C [33mtag_location[0m=Tu_Tu_Bu_Ung_Dong [33mtag_panel[0m=Panel_1 [33mtag_slave_id_tag[0m=1
[33mWARN[0m[2025-04-14 16:26:20] Giá trị N/A (0xFFC00000) được trả về cho FLOAT32  [33mdevice[0m=Schneider_PM_COM3_ID2 [33mregister_name[0m=Voltage_Unbalance_LN_Worst [33mtag_location[0m=Tu_Tu_Bu_Ung_Dong [33mtag_panel[0m=Panel_2 [33mtag_slave_id_tag[0m=2
[33mWARN[0m[2025-04-14 16:26:20] Giá trị N/A (0xFFC00000) được trả về cho FLOAT32  [33mdevice[0m=Schneider_PM_COM3_ID2 [33mregister_name[0m=ActivePower_B [33mtag_location[0m=Tu_Tu_Bu_Ung_Dong [33mtag_panel[0m=Panel_2 [33mtag_slave_id_tag[0m=2
[33mWARN[0m[2025-04-14 16:26:20] Giá trị N/A (0xFFC00000) được trả về cho FLOAT32  [33mdevice[0m=Schneider_PM_COM3_ID1 [33mregister_name[0m=ReactivePower_B [33mtag_location[0m=Tu_Tu_Bu_Ung_Dong [33mtag_panel[0m=Panel_1 [33mtag_slave_id_tag[0m=1
[33mWARN[0m[2025-04-14 16:26:20] Giá trị N/A (0xFFC00000) được trả về cho FLOAT32  [33mdevice[0m=Schneider_PM_COM3_ID2 [33mregister_name[0m=ActivePower_C [33mtag_location[0m=Tu_Tu_Bu_Ung_Dong [33mtag_panel[0m=Panel_2 [33mtag_slave_id_tag[0m=2
[33mWARN[0m[2025-04-14 16:26:20] Giá trị N/A (0xFFC00000) được trả về cho FLOAT32  [33mdevice[0m=Schneider_PM_COM3_ID1 [33mregister_name[0m=ReactivePower_C [33mtag_location[0m=Tu_Tu_Bu_Ung_Dong [33mtag_panel[0m=Panel_1 [33mtag_slave_id_tag[0m=1
[33mWARN[0m[2025-04-14 16:26:20] Giá trị N/A (0xFFC00000) được trả về cho FLOAT32  [33mdevice[0m=Schneider_PM_COM3_ID2 [33mregister_name[0m=ReactivePower_B [33mtag_location[0m=Tu_Tu_Bu_Ung_Dong [33mtag_panel[0m=Panel_2 [33mtag_slave_id_tag[0m=2
[33mWARN[0m[2025-04-14 16:26:20] Giá trị N/A (0xFFC00000) được trả về cho FLOAT32  [33mdevice[0m=Schneider_PM_COM3_ID1 [33mregister_name[0m=ApparentPower_B [33mtag_location[0m=Tu_Tu_Bu_Ung_Dong [33mtag_panel[0m=Panel_1 [33mtag_slave_id_tag[0m=1
[33mWARN[0m[2025-04-14 16:26:20] Giá trị N/A (0xFFC00000) được trả về cho FLOAT32  [33mdevice[0m=Schneider_PM_COM3_ID2 [33mregister_name[0m=ReactivePower_C [33mtag_location[0m=Tu_Tu_Bu_Ung_Dong [33mtag_panel[0m=Panel_2 [33mtag_slave_id_tag[0m=2
[33mWARN[0m[2025-04-14 16:26:20] Giá trị N/A (0xFFC00000) được trả về cho FLOAT32  [33mdevice[0m=Schneider_PM_COM3_ID1 [33mregister_name[0m=ApparentPower_C [33mtag_location[0m=Tu_Tu_Bu_Ung_Dong [33mtag_panel[0m=Panel_1 [33mtag_slave_id_tag[0m=1
[33mWARN[0m[2025-04-14 16:26:21] Giá trị N/A (0xFFC00000) được trả về cho FLOAT32  [33mdevice[0m=Schneider_PM_COM3_ID2 [33mregister_name[0m=ApparentPower_B [33mtag_location[0m=Tu_Tu_Bu_Ung_Dong [33mtag_panel[0m=Panel_2 [33mtag_slave_id_tag[0m=2
[33mWARN[0m[2025-04-14 16:26:21] Giá trị N/A (0xFFC00000) được trả về cho FLOAT32  [33mdevice[0m=Schneider_PM_COM3_ID2 [33mregister_name[0m=ApparentPower_C [33mtag_location[0m=Tu_Tu_Bu_Ung_Dong [33mtag_panel[0m=Panel_2 [33mtag_slave_id_tag[0m=2
[36mINFO[0m[2025-04-14 16:26:24] Hoàn thành chu kỳ đọc và ghi dữ liệu          [36mdevice[0m=Schneider_PM_COM3_ID1 [36mduration_ms[0m=8698 [36merrors[0m=0 [36mtag_location[0m=Tu_Tu_Bu_Ung_Dong [36mtag_panel[0m=Panel_1 [36mtag_slave_id_tag[0m=1
[31mERRO[0m[2025-04-14 16:26:24] Port Manager: Giao dịch Modbus thất bại       [31maddr[0m=6500 [31merror[0m="modbus: response slave id '255' does not match request '2'" [31mfc[0m=3 [31mport[0m=COM3 [31mqty[0m=1 [31mslave_id[0m=2
[33mWARN[0m[2025-04-14 16:26:24] Lỗi giao tiếp khác                            [33mdevice[0m=Schneider_PM_COM3_ID2 [33merror[0m="modbus: response slave id '255' does not match request '2'" [33merror_type[0m="*errors.errorString" [33mtag_location[0m=Tu_Tu_Bu_Ung_Dong [33mtag_panel[0m=Panel_2 [33mtag_slave_id_tag[0m=2
[36mINFO[0m[2025-04-14 16:26:24] Hoàn thành chu kỳ đọc và ghi dữ liệu          [36mdevice[0m=Schneider_PM_COM3_ID2 [36mduration_ms[0m=8695 [36merrors[0m=1 [36mtag_location[0m=Tu_Tu_Bu_Ung_Dong [36mtag_panel[0m=Panel_2 [36mtag_slave_id_tag[0m=2
[33mWARN[0m[2025-04-14 16:26:26] Giá trị N/A (0xFFC00000) được trả về cho FLOAT32  [33mdevice[0m=Schneider_PM_COM3_ID1 [33mregister_name[0m=Current_B [33mtag_location[0m=Tu_Tu_Bu_Ung_Dong [33mtag_panel[0m=Panel_1 [33mtag_slave_id_tag[0m=1
[33mWARN[0m[2025-04-14 16:26:26] Giá trị N/A (0xFFC00000) được trả về cho FLOAT32  [33mdevice[0m=Schneider_PM_COM3_ID1 [33mregister_name[0m=Current_C [33mtag_location[0m=Tu_Tu_Bu_Ung_Dong [33mtag_panel[0m=Panel_1 [33mtag_slave_id_tag[0m=1
[33mWARN[0m[2025-04-14 16:26:26] Giá trị N/A (0xFFC00000) được trả về cho FLOAT32  [33mdevice[0m=Schneider_PM_COM3_ID1 [33mregister_name[0m=Current_N [33mtag_location[0m=Tu_Tu_Bu_Ung_Dong [33mtag_panel[0m=Panel_1 [33mtag_slave_id_tag[0m=1
[33mWARN[0m[2025-04-14 16:26:26] Giá trị N/A (0xFFC00000) được trả về cho FLOAT32  [33mdevice[0m=Schneider_PM_COM3_ID1 [33mregister_name[0m=Current_G [33mtag_location[0m=Tu_Tu_Bu_Ung_Dong [33mtag_panel[0m=Panel_1 [33mtag_slave_id_tag[0m=1
[33mWARN[0m[2025-04-14 16:26:26] Giá trị N/A (0xFFC00000) được trả về cho FLOAT32  [33mdevice[0m=Schneider_PM_COM3_ID2 [33mregister_name[0m=Current_B [33mtag_location[0m=Tu_Tu_Bu_Ung_Dong [33mtag_panel[0m=Panel_2 [33mtag_slave_id_tag[0m=2
[33mWARN[0m[2025-04-14 16:26:26] Giá trị N/A (0xFFC00000) được trả về cho FLOAT32  [33mdevice[0m=Schneider_PM_COM3_ID2 [33mregister_name[0m=Current_C [33mtag_location[0m=Tu_Tu_Bu_Ung_Dong [33mtag_panel[0m=Panel_2 [33mtag_slave_id_tag[0m=2
[33mWARN[0m[2025-04-14 16:26:26] Giá trị N/A (0xFFC00000) được trả về cho FLOAT32  [33mdevice[0m=Schneider_PM_COM3_ID1 [33mregister_name[0m=Current_Unbalance_A [33mtag_location[0m=Tu_Tu_Bu_Ung_Dong [33mtag_panel[0m=Panel_1 [33mtag_slave_id_tag[0m=1
[33mWARN[0m[2025-04-14 16:26:26] Giá trị N/A (0xFFC00000) được trả về cho FLOAT32  [33mdevice[0m=Schneider_PM_COM3_ID2 [33mregister_name[0m=Current_N [33mtag_location[0m=Tu_Tu_Bu_Ung_Dong [33mtag_panel[0m=Panel_2 [33mtag_slave_id_tag[0m=2
[33mWARN[0m[2025-04-14 16:26:26] Giá trị N/A (0xFFC00000) được trả về cho FLOAT32  [33mdevice[0m=Schneider_PM_COM3_ID1 [33mregister_name[0m=Current_Unbalance_B [33mtag_location[0m=Tu_Tu_Bu_Ung_Dong [33mtag_panel[0m=Panel_1 [33mtag_slave_id_tag[0m=1
[33mWARN[0m[2025-04-14 16:26:26] Giá trị N/A (0xFFC00000) được trả về cho FLOAT32  [33mdevice[0m=Schneider_PM_COM3_ID2 [33mregister_name[0m=Current_G [33mtag_location[0m=Tu_Tu_Bu_Ung_Dong [33mtag_panel[0m=Panel_2 [33mtag_slave_id_tag[0m=2
[33mWARN[0m[2025-04-14 16:26:26] Giá trị N/A (0xFFC00000) được trả về cho FLOAT32  [33mdevice[0m=Schneider_PM_COM3_ID1 [33mregister_name[0m=Current_Unbalance_C [33mtag_location[0m=Tu_Tu_Bu_Ung_Dong [33mtag_panel[0m=Panel_1 [33mtag_slave_id_tag[0m=1
[33mWARN[0m[2025-04-14 16:26:26] Giá trị N/A (0xFFC00000) được trả về cho FLOAT32  [33mdevice[0m=Schneider_PM_COM3_ID1 [33mregister_name[0m=Current_Unbalance_Worst [33mtag_location[0m=Tu_Tu_Bu_Ung_Dong [33mtag_panel[0m=Panel_1 [33mtag_slave_id_tag[0m=1
[33mWARN[0m[2025-04-14 16:26:26] Giá trị N/A (0xFFC00000) được trả về cho FLOAT32  [33mdevice[0m=Schneider_PM_COM3_ID2 [33mregister_name[0m=Current_Unbalance_A [33mtag_location[0m=Tu_Tu_Bu_Ung_Dong [33mtag_panel[0m=Panel_2 [33mtag_slave_id_tag[0m=2
[33mWARN[0m[2025-04-14 16:26:26] Giá trị N/A (0xFFC00000) được trả về cho FLOAT32  [33mdevice[0m=Schneider_PM_COM3_ID1 [33mregister_name[0m=Voltage_AB [33mtag_location[0m=Tu_Tu_Bu_Ung_Dong [33mtag_panel[0m=Panel_1 [33mtag_slave_id_tag[0m=1
[33mWARN[0m[2025-04-14 16:26:26] Giá trị N/A (0xFFC00000) được trả về cho FLOAT32  [33mdevice[0m=Schneider_PM_COM3_ID2 [33mregister_name[0m=Current_Unbalance_B [33mtag_location[0m=Tu_Tu_Bu_Ung_Dong [33mtag_panel[0m=Panel_2 [33mtag_slave_id_tag[0m=2
[33mWARN[0m[2025-04-14 16:26:26] Giá trị N/A (0xFFC00000) được trả về cho FLOAT32  [33mdevice[0m=Schneider_PM_COM3_ID1 [33mregister_name[0m=Voltage_BC [33mtag_location[0m=Tu_Tu_Bu_Ung_Dong [33mtag_panel[0m=Panel_1 [33mtag_slave_id_tag[0m=1
[33mWARN[0m[2025-04-14 16:26:27] Giá trị N/A (0xFFC00000) được trả về cho FLOAT32  [33mdevice[0m=Schneider_PM_COM3_ID2 [33mregister_name[0m=Current_Unbalance_C [33mtag_location[0m=Tu_Tu_Bu_Ung_Dong [33mtag_panel[0m=Panel_2 [33mtag_slave_id_tag[0m=2
[33mWARN[0m[2025-04-14 16:26:27] Giá trị N/A (0xFFC00000) được trả về cho FLOAT32  [33mdevice[0m=Schneider_PM_COM3_ID1 [33mregister_name[0m=Voltage_CA [33mtag_location[0m=Tu_Tu_Bu_Ung_Dong [33mtag_panel[0m=Panel_1 [33mtag_slave_id_tag[0m=1
[33mWARN[0m[2025-04-14 16:26:27] Giá trị N/A (0xFFC00000) được trả về cho FLOAT32  [33mdevice[0m=Schneider_PM_COM3_ID2 [33mregister_name[0m=Current_Unbalance_Worst [33mtag_location[0m=Tu_Tu_Bu_Ung_Dong [33mtag_panel[0m=Panel_2 [33mtag_slave_id_tag[0m=2
[33mWARN[0m[2025-04-14 16:26:27] Giá trị N/A (0xFFC00000) được trả về cho FLOAT32  [33mdevice[0m=Schneider_PM_COM3_ID1 [33mregister_name[0m=Voltage_LLAvg [33mtag_location[0m=Tu_Tu_Bu_Ung_Dong [33mtag_panel[0m=Panel_1 [33mtag_slave_id_tag[0m=1
[33mWARN[0m[2025-04-14 16:26:27] Giá trị N/A (0xFFC00000) được trả về cho FLOAT32  [33mdevice[0m=Schneider_PM_COM3_ID2 [33mregister_name[0m=Voltage_AB [33mtag_location[0m=Tu_Tu_Bu_Ung_Dong [33mtag_panel[0m=Panel_2 [33mtag_slave_id_tag[0m=2
[33mWARN[0m[2025-04-14 16:26:27] Giá trị N/A (0xFFC00000) được trả về cho FLOAT32  [33mdevice[0m=Schneider_PM_COM3_ID2 [33mregister_name[0m=Voltage_BC [33mtag_location[0m=Tu_Tu_Bu_Ung_Dong [33mtag_panel[0m=Panel_2 [33mtag_slave_id_tag[0m=2
[33mWARN[0m[2025-04-14 16:26:27] Giá trị N/A (0xFFC00000) được trả về cho FLOAT32  [33mdevice[0m=Schneider_PM_COM3_ID1 [33mregister_name[0m=Voltage_BN [33mtag_location[0m=Tu_Tu_Bu_Ung_Dong [33mtag_panel[0m=Panel_1 [33mtag_slave_id_tag[0m=1
[33mWARN[0m[2025-04-14 16:26:27] Giá trị N/A (0xFFC00000) được trả về cho FLOAT32  [33mdevice[0m=Schneider_PM_COM3_ID2 [33mregister_name[0m=Voltage_CA [33mtag_location[0m=Tu_Tu_Bu_Ung_Dong [33mtag_panel[0m=Panel_2 [33mtag_slave_id_tag[0m=2
[33mWARN[0m[2025-04-14 16:26:27] Giá trị N/A (0xFFC00000) được trả về cho FLOAT32  [33mdevice[0m=Schneider_PM_COM3_ID1 [33mregister_name[0m=Voltage_CN [33mtag_location[0m=Tu_Tu_Bu_Ung_Dong [33mtag_panel[0m=Panel_1 [33mtag_slave_id_tag[0m=1
[33mWARN[0m[2025-04-14 16:26:27] Giá trị N/A (0xFFC00000) được trả về cho FLOAT32  [33mdevice[0m=Schneider_PM_COM3_ID2 [33mregister_name[0m=Voltage_LLAvg [33mtag_location[0m=Tu_Tu_Bu_Ung_Dong [33mtag_panel[0m=Panel_2 [33mtag_slave_id_tag[0m=2
[33mWARN[0m[2025-04-14 16:26:27] Giá trị N/A (0xFFC00000) được trả về cho FLOAT32  [33mdevice[0m=Schneider_PM_COM3_ID1 [33mregister_name[0m=Voltage_Unbalance_AB [33mtag_location[0m=Tu_Tu_Bu_Ung_Dong [33mtag_panel[0m=Panel_1 [33mtag_slave_id_tag[0m=1
[33mWARN[0m[2025-04-14 16:26:27] Giá trị N/A (0xFFC00000) được trả về cho FLOAT32  [33mdevice[0m=Schneider_PM_COM3_ID2 [33mregister_name[0m=Voltage_BN [33mtag_location[0m=Tu_Tu_Bu_Ung_Dong [33mtag_panel[0m=Panel_2 [33mtag_slave_id_tag[0m=2
[33mWARN[0m[2025-04-14 16:26:27] Giá trị N/A (0xFFC00000) được trả về cho FLOAT32  [33mdevice[0m=Schneider_PM_COM3_ID1 [33mregister_name[0m=Voltage_Unbalance_BC [33mtag_location[0m=Tu_Tu_Bu_Ung_Dong [33mtag_panel[0m=Panel_1 [33mtag_slave_id_tag[0m=1
[33mWARN[0m[2025-04-14 16:26:27] Giá trị N/A (0xFFC00000) được trả về cho FLOAT32  [33mdevice[0m=Schneider_PM_COM3_ID2 [33mregister_name[0m=Voltage_CN [33mtag_location[0m=Tu_Tu_Bu_Ung_Dong [33mtag_panel[0m=Panel_2 [33mtag_slave_id_tag[0m=2
[33mWARN[0m[2025-04-14 16:26:27] Giá trị N/A (0xFFC00000) được trả về cho FLOAT32  [33mdevice[0m=Schneider_PM_COM3_ID1 [33mregister_name[0m=Voltage_Unbalance_CA [33mtag_location[0m=Tu_Tu_Bu_Ung_Dong [33mtag_panel[0m=Panel_1 [33mtag_slave_id_tag[0m=1
[33mWARN[0m[2025-04-14 16:26:27] Giá trị N/A (0xFFC00000) được trả về cho FLOAT32  [33mdevice[0m=Schneider_PM_COM3_ID1 [33mregister_name[0m=Voltage_Unbalance_LL_Worst [33mtag_location[0m=Tu_Tu_Bu_Ung_Dong [33mtag_panel[0m=Panel_1 [33mtag_slave_id_tag[0m=1
[33mWARN[0m[2025-04-14 16:26:27] Giá trị N/A (0xFFC00000) được trả về cho FLOAT32  [33mdevice[0m=Schneider_PM_COM3_ID2 [33mregister_name[0m=Voltage_Unbalance_AB [33mtag_location[0m=Tu_Tu_Bu_Ung_Dong [33mtag_panel[0m=Panel_2 [33mtag_slave_id_tag[0m=2
[33mWARN[0m[2025-04-14 16:26:28] Giá trị N/A (0xFFC00000) được trả về cho FLOAT32  [33mdevice[0m=Schneider_PM_COM3_ID1 [33mregister_name[0m=Voltage_Unbalance_AN [33mtag_location[0m=Tu_Tu_Bu_Ung_Dong [33mtag_panel[0m=Panel_1 [33mtag_slave_id_tag[0m=1
[33mWARN[0m[2025-04-14 16:26:28] Giá trị N/A (0xFFC00000) được trả về cho FLOAT32  [33mdevice[0m=Schneider_PM_COM3_ID2 [33mregister_name[0m=Voltage_Unbalance_BC [33mtag_location[0m=Tu_Tu_Bu_Ung_Dong [33mtag_panel[0m=Panel_2 [33mtag_slave_id_tag[0m=2
[33mWARN[0m[2025-04-14 16:26:28] Giá trị N/A (0xFFC00000) được trả về cho FLOAT32  [33mdevice[0m=Schneider_PM_COM3_ID1 [33mregister_name[0m=Voltage_Unbalance_BN [33mtag_location[0m=Tu_Tu_Bu_Ung_Dong [33mtag_panel[0m=Panel_1 [33mtag_slave_id_tag[0m=1
[33mWARN[0m[2025-04-14 16:26:28] Giá trị N/A (0xFFC00000) được trả về cho FLOAT32  [33mdevice[0m=Schneider_PM_COM3_ID2 [33mregister_name[0m=Voltage_Unbalance_CA [33mtag_location[0m=Tu_Tu_Bu_Ung_Dong [33mtag_panel[0m=Panel_2 [33mtag_slave_id_tag[0m=2
[33mWARN[0m[2025-04-14 16:26:28] Giá trị N/A (0xFFC00000) được trả về cho FLOAT32  [33mdevice[0m=Schneider_PM_COM3_ID1 [33mregister_name[0m=Voltage_Unbalance_CN [33mtag_location[0m=Tu_Tu_Bu_Ung_Dong [33mtag_panel[0m=Panel_1 [33mtag_slave_id_tag[0m=1
[33mWARN[0m[2025-04-14 16:26:28] Giá trị N/A (0xFFC00000) được trả về cho FLOAT32  [33mdevice[0m=Schneider_PM_COM3_ID2 [33mregister_name[0m=Voltage_Unbalance_LL_Worst [33mtag_location[0m=Tu_Tu_Bu_Ung_Dong [33mtag_panel[0m=Panel_2 [33mtag_slave_id_tag[0m=2
[33mWARN[0m[2025-04-14 16:26:28] Giá trị N/A (0xFFC00000) được trả về cho FLOAT32  [33mdevice[0m=Schneider_PM_COM3_ID1 [33mregister_name[0m=Voltage_Unbalance_LN_Worst [33mtag_location[0m=Tu_Tu_Bu_Ung_Dong [33mtag_panel[0m=Panel_1 [33mtag_slave_id_tag[0m=1
[33mWARN[0m[2025-04-14 16:26:28] Giá trị N/A (0xFFC00000) được trả về cho FLOAT32  [33mdevice[0m=Schneider_PM_COM3_ID2 [33mregister_name[0m=Voltage_Unbalance_AN [33mtag_location[0m=Tu_Tu_Bu_Ung_Dong [33mtag_panel[0m=Panel_2 [33mtag_slave_id_tag[0m=2
[33mWARN[0m[2025-04-14 16:26:28] Giá trị N/A (0xFFC00000) được trả về cho FLOAT32  [33mdevice[0m=Schneider_PM_COM3_ID2 [33mregister_name[0m=Voltage_Unbalance_BN [33mtag_location[0m=Tu_Tu_Bu_Ung_Dong [33mtag_panel[0m=Panel_2 [33mtag_slave_id_tag[0m=2
[33mWARN[0m[2025-04-14 16:26:28] Giá trị N/A (0xFFC00000) được trả về cho FLOAT32  [33mdevice[0m=Schneider_PM_COM3_ID1 [33mregister_name[0m=ActivePower_B [33mtag_location[0m=Tu_Tu_Bu_Ung_Dong [33mtag_panel[0m=Panel_1 [33mtag_slave_id_tag[0m=1
[33mWARN[0m[2025-04-14 16:26:28] Giá trị N/A (0xFFC00000) được trả về cho FLOAT32  [33mdevice[0m=Schneider_PM_COM3_ID2 [33mregister_name[0m=Voltage_Unbalance_CN [33mtag_location[0m=Tu_Tu_Bu_Ung_Dong [33mtag_panel[0m=Panel_2 [33mtag_slave_id_tag[0m=2
[33mWARN[0m[2025-04-14 16:26:28] Giá trị N/A (0xFFC00000) được trả về cho FLOAT32  [33mdevice[0m=Schneider_PM_COM3_ID1 [33mregister_name[0m=ActivePower_C [33mtag_location[0m=Tu_Tu_Bu_Ung_Dong [33mtag_panel[0m=Panel_1 [33mtag_slave_id_tag[0m=1
[33mWARN[0m[2025-04-14 16:26:28] Giá trị N/A (0xFFC00000) được trả về cho FLOAT32  [33mdevice[0m=Schneider_PM_COM3_ID2 [33mregister_name[0m=Voltage_Unbalance_LN_Worst [33mtag_location[0m=Tu_Tu_Bu_Ung_Dong [33mtag_panel[0m=Panel_2 [33mtag_slave_id_tag[0m=2
[33mWARN[0m[2025-04-14 16:26:28] Giá trị N/A (0xFFC00000) được trả về cho FLOAT32  [33mdevice[0m=Schneider_PM_COM3_ID2 [33mregister_name[0m=ActivePower_B [33mtag_location[0m=Tu_Tu_Bu_Ung_Dong [33mtag_panel[0m=Panel_2 [33mtag_slave_id_tag[0m=2
[33mWARN[0m[2025-04-14 16:26:28] Giá trị N/A (0xFFC00000) được trả về cho FLOAT32  [33mdevice[0m=Schneider_PM_COM3_ID1 [33mregister_name[0m=ReactivePower_B [33mtag_location[0m=Tu_Tu_Bu_Ung_Dong [33mtag_panel[0m=Panel_1 [33mtag_slave_id_tag[0m=1
[33mWARN[0m[2025-04-14 16:26:28] Giá trị N/A (0xFFC00000) được trả về cho FLOAT32  [33mdevice[0m=Schneider_PM_COM3_ID2 [33mregister_name[0m=ActivePower_C [33mtag_location[0m=Tu_Tu_Bu_Ung_Dong [33mtag_panel[0m=Panel_2 [33mtag_slave_id_tag[0m=2
[33mWARN[0m[2025-04-14 16:26:28] Giá trị N/A (0xFFC00000) được trả về cho FLOAT32  [33mdevice[0m=Schneider_PM_COM3_ID1 [33mregister_name[0m=ReactivePower_C [33mtag_location[0m=Tu_Tu_Bu_Ung_Dong [33mtag_panel[0m=Panel_1 [33mtag_slave_id_tag[0m=1
[33mWARN[0m[2025-04-14 16:26:29] Giá trị N/A (0xFFC00000) được trả về cho FLOAT32  [33mdevice[0m=Schneider_PM_COM3_ID2 [33mregister_name[0m=ReactivePower_B [33mtag_location[0m=Tu_Tu_Bu_Ung_Dong [33mtag_panel[0m=Panel_2 [33mtag_slave_id_tag[0m=2
[33mWARN[0m[2025-04-14 16:26:29] Giá trị N/A (0xFFC00000) được trả về cho FLOAT32  [33mdevice[0m=Schneider_PM_COM3_ID1 [33mregister_name[0m=ApparentPower_B [33mtag_location[0m=Tu_Tu_Bu_Ung_Dong [33mtag_panel[0m=Panel_1 [33mtag_slave_id_tag[0m=1
[33mWARN[0m[2025-04-14 16:26:29] Đã nhận tín hiệu dừng. Đang yêu cầu các goroutine kết thúc... 
[36mINFO[0m[2025-04-14 16:26:29] Đang chờ các goroutine Device hoàn thành...  
[33mWARN[0m[2025-04-14 16:26:29] Bị hủy khi đang chờ phản hồi cho thanh ghi ApparentPower_C  [33mdevice[0m=Schneider_PM_COM3_ID1 [33mtag_location[0m=Tu_Tu_Bu_Ung_Dong [33mtag_panel[0m=Panel_1 [33mtag_slave_id_tag[0m=1
[33mWARN[0m[2025-04-14 16:26:29] Chu kỳ đọc bị hủy, không ghi dữ liệu.         [33mdevice[0m=Schneider_PM_COM3_ID1 [33mtag_location[0m=Tu_Tu_Bu_Ung_Dong [33mtag_panel[0m=Panel_1 [33mtag_slave_id_tag[0m=1
[36mINFO[0m[2025-04-14 16:26:29] Nhận tín hiệu dừng, kết thúc vòng lặp đọc.    [36mdevice[0m=Schneider_PM_COM3_ID1 [36mtag_location[0m=Tu_Tu_Bu_Ung_Dong [36mtag_panel[0m=Panel_1 [36mtag_slave_id_tag[0m=1
[33mWARN[0m[2025-04-14 16:26:29] Bị hủy khi đang chờ phản hồi cho thanh ghi ReactivePower_C  [33mdevice[0m=Schneider_PM_COM3_ID2 [33mtag_location[0m=Tu_Tu_Bu_Ung_Dong [33mtag_panel[0m=Panel_2 [33mtag_slave_id_tag[0m=2
[33mWARN[0m[2025-04-14 16:26:29] Chu kỳ đọc bị hủy, không ghi dữ liệu.         [33mdevice[0m=Schneider_PM_COM3_ID2 [33mtag_location[0m=Tu_Tu_Bu_Ung_Dong [33mtag_panel[0m=Panel_2 [33mtag_slave_id_tag[0m=2
[36mINFO[0m[2025-04-14 16:26:29] Nhận tín hiệu dừng, kết thúc vòng lặp đọc.    [36mdevice[0m=Schneider_PM_COM3_ID2 [36mtag_location[0m=Tu_Tu_Bu_Ung_Dong [36mtag_panel[0m=Panel_2 [36mtag_slave_id_tag[0m=2
[36mINFO[0m[2025-04-14 16:26:29] Các goroutine Device đã dừng.                
[36mINFO[0m[2025-04-14 16:26:29] Đang chờ các goroutine Port Manager hoàn thành... 
[36mINFO[0m[2025-04-14 16:26:29] Port Manager nhận tín hiệu dừng.              [36mport[0m=COM3
[36mINFO[0m[2025-04-14 16:26:29] Đang đóng kết nối Port Manager...             [36mport[0m=COM3
[36mINFO[0m[2025-04-14 16:26:29] Port Manager đã dừng.                         [36mport[0m=COM3
[36mINFO[0m[2025-04-14 16:26:29] Các goroutine Port Manager đã dừng.          
[36mINFO[0m[2025-04-14 16:26:29] Chương trình kết thúc.                       
[36mINFO[0m[2025-04-14 16:26:29] Đang đóng các file CSV...                    
[36mINFO[0m[2025-04-14 16:26:29] Đã đóng các file CSV.                        
[36mINFO[0m[2025-04-14 16:26:29] Đang đóng các storage data writers...        
[36mINFO[0m[2025-04-14 16:26:29] Đã đóng các storage data writers.            
