[36mINFO[0m[2025-04-14 16:24:26] --- Khởi chạy Gateway Modbus (Refactored + PortManager) --- 
[36mINFO[0m[2025-04-14 16:24:26] Khởi tạo Port Manager cho cổng COM3...       
[36mINFO[0m[2025-04-14 16:24:26] Port Manager bắt đầu hoạt động...             [36mport[0m=COM3
[36mINFO[0m[2025-04-14 16:24:26] Khởi tạo handler cho \\.\COM3                 [36mport[0m=COM3
[36mINFO[0m[2025-04-14 16:24:26] Đã đọc 85 thanh ghi cho thiết bị 'Schneider_PM_COM3_ID1' 
[36mINFO[0m[2025-04-14 16:24:26] Bắt đầu vòng lặp đọc dữ liệu...               [36mdevice[0m=Schneider_PM_COM3_ID1 [36mtag_location[0m=Tu_Tu_Bu_Ung_Dong [36mtag_panel[0m=Panel_1 [36mtag_slave_id_tag[0m=1
[36mINFO[0m[2025-04-14 16:24:26] Đã đọc 85 thanh ghi cho thiết bị 'Schneider_PM_COM3_ID2' 
[36mINFO[0m[2025-04-14 16:24:26] Đã khởi chạy 2 goroutine cho các thiết bị. Nhấn Ctrl+C để dừng. 
[36mINFO[0m[2025-04-14 16:24:26] Bắt đầu vòng lặp đọc dữ liệu...               [36mdevice[0m=Schneider_PM_COM3_ID2 [36mtag_location[0m=Tu_Tu_Bu_Ung_Dong [36mtag_panel[0m=Panel_2 [36mtag_slave_id_tag[0m=2
[31mERRO[0m[2025-04-14 16:24:28] Port Manager: Giao dịch Modbus thất bại       [31maddr[0m=29 [31merror[0m="modbus: response crc '61207' does not match expected '5213'" [31mfc[0m=3 [31mport[0m=COM3 [31mqty[0m=10 [31mslave_id[0m=1
[33mWARN[0m[2025-04-14 16:24:28] Lỗi giao tiếp khác                            [33mdevice[0m=Schneider_PM_COM3_ID1 [33merror[0m="modbus: response crc '61207' does not match expected '5213'" [33merror_type[0m="*errors.errorString" [33mtag_location[0m=Tu_Tu_Bu_Ung_Dong [33mtag_panel[0m=Panel_1 [33mtag_slave_id_tag[0m=1
[33mWARN[0m[2025-04-14 16:24:30] Giá trị N/A (0xFFC00000) được trả về cho FLOAT32  [33mdevice[0m=Schneider_PM_COM3_ID1 [33mregister_name[0m=Current_B [33mtag_location[0m=Tu_Tu_Bu_Ung_Dong [33mtag_panel[0m=Panel_1 [33mtag_slave_id_tag[0m=1
[33mWARN[0m[2025-04-14 16:24:30] Giá trị N/A (0xFFC00000) được trả về cho FLOAT32  [33mdevice[0m=Schneider_PM_COM3_ID1 [33mregister_name[0m=Current_C [33mtag_location[0m=Tu_Tu_Bu_Ung_Dong [33mtag_panel[0m=Panel_1 [33mtag_slave_id_tag[0m=1
[33mWARN[0m[2025-04-14 16:24:30] Giá trị N/A (0xFFC00000) được trả về cho FLOAT32  [33mdevice[0m=Schneider_PM_COM3_ID1 [33mregister_name[0m=Current_N [33mtag_location[0m=Tu_Tu_Bu_Ung_Dong [33mtag_panel[0m=Panel_1 [33mtag_slave_id_tag[0m=1
[33mWARN[0m[2025-04-14 16:24:30] Giá trị N/A (0xFFC00000) được trả về cho FLOAT32  [33mdevice[0m=Schneider_PM_COM3_ID1 [33mregister_name[0m=Current_G [33mtag_location[0m=Tu_Tu_Bu_Ung_Dong [33mtag_panel[0m=Panel_1 [33mtag_slave_id_tag[0m=1
[33mWARN[0m[2025-04-14 16:24:30] Giá trị N/A (0xFFC00000) được trả về cho FLOAT32  [33mdevice[0m=Schneider_PM_COM3_ID2 [33mregister_name[0m=Current_B [33mtag_location[0m=Tu_Tu_Bu_Ung_Dong [33mtag_panel[0m=Panel_2 [33mtag_slave_id_tag[0m=2
[33mWARN[0m[2025-04-14 16:24:30] Giá trị N/A (0xFFC00000) được trả về cho FLOAT32  [33mdevice[0m=Schneider_PM_COM3_ID2 [33mregister_name[0m=Current_C [33mtag_location[0m=Tu_Tu_Bu_Ung_Dong [33mtag_panel[0m=Panel_2 [33mtag_slave_id_tag[0m=2
[33mWARN[0m[2025-04-14 16:24:31] Giá trị N/A (0xFFC00000) được trả về cho FLOAT32  [33mdevice[0m=Schneider_PM_COM3_ID1 [33mregister_name[0m=Current_Unbalance_A [33mtag_location[0m=Tu_Tu_Bu_Ung_Dong [33mtag_panel[0m=Panel_1 [33mtag_slave_id_tag[0m=1
[33mWARN[0m[2025-04-14 16:24:31] Giá trị N/A (0xFFC00000) được trả về cho FLOAT32  [33mdevice[0m=Schneider_PM_COM3_ID2 [33mregister_name[0m=Current_N [33mtag_location[0m=Tu_Tu_Bu_Ung_Dong [33mtag_panel[0m=Panel_2 [33mtag_slave_id_tag[0m=2
[33mWARN[0m[2025-04-14 16:24:31] Giá trị N/A (0xFFC00000) được trả về cho FLOAT32  [33mdevice[0m=Schneider_PM_COM3_ID1 [33mregister_name[0m=Current_Unbalance_B [33mtag_location[0m=Tu_Tu_Bu_Ung_Dong [33mtag_panel[0m=Panel_1 [33mtag_slave_id_tag[0m=1
[33mWARN[0m[2025-04-14 16:24:31] Giá trị N/A (0xFFC00000) được trả về cho FLOAT32  [33mdevice[0m=Schneider_PM_COM3_ID2 [33mregister_name[0m=Current_G [33mtag_location[0m=Tu_Tu_Bu_Ung_Dong [33mtag_panel[0m=Panel_2 [33mtag_slave_id_tag[0m=2
[33mWARN[0m[2025-04-14 16:24:31] Giá trị N/A (0xFFC00000) được trả về cho FLOAT32  [33mdevice[0m=Schneider_PM_COM3_ID1 [33mregister_name[0m=Current_Unbalance_C [33mtag_location[0m=Tu_Tu_Bu_Ung_Dong [33mtag_panel[0m=Panel_1 [33mtag_slave_id_tag[0m=1
[33mWARN[0m[2025-04-14 16:24:31] Giá trị N/A (0xFFC00000) được trả về cho FLOAT32  [33mdevice[0m=Schneider_PM_COM3_ID1 [33mregister_name[0m=Current_Unbalance_Worst [33mtag_location[0m=Tu_Tu_Bu_Ung_Dong [33mtag_panel[0m=Panel_1 [33mtag_slave_id_tag[0m=1
[33mWARN[0m[2025-04-14 16:24:31] Giá trị N/A (0xFFC00000) được trả về cho FLOAT32  [33mdevice[0m=Schneider_PM_COM3_ID2 [33mregister_name[0m=Current_Unbalance_A [33mtag_location[0m=Tu_Tu_Bu_Ung_Dong [33mtag_panel[0m=Panel_2 [33mtag_slave_id_tag[0m=2
[33mWARN[0m[2025-04-14 16:24:31] Giá trị N/A (0xFFC00000) được trả về cho FLOAT32  [33mdevice[0m=Schneider_PM_COM3_ID1 [33mregister_name[0m=Voltage_AB [33mtag_location[0m=Tu_Tu_Bu_Ung_Dong [33mtag_panel[0m=Panel_1 [33mtag_slave_id_tag[0m=1
[33mWARN[0m[2025-04-14 16:24:31] Giá trị N/A (0xFFC00000) được trả về cho FLOAT32  [33mdevice[0m=Schneider_PM_COM3_ID2 [33mregister_name[0m=Current_Unbalance_B [33mtag_location[0m=Tu_Tu_Bu_Ung_Dong [33mtag_panel[0m=Panel_2 [33mtag_slave_id_tag[0m=2
[33mWARN[0m[2025-04-14 16:24:31] Giá trị N/A (0xFFC00000) được trả về cho FLOAT32  [33mdevice[0m=Schneider_PM_COM3_ID1 [33mregister_name[0m=Voltage_BC [33mtag_location[0m=Tu_Tu_Bu_Ung_Dong [33mtag_panel[0m=Panel_1 [33mtag_slave_id_tag[0m=1
[33mWARN[0m[2025-04-14 16:24:31] Giá trị N/A (0xFFC00000) được trả về cho FLOAT32  [33mdevice[0m=Schneider_PM_COM3_ID2 [33mregister_name[0m=Current_Unbalance_C [33mtag_location[0m=Tu_Tu_Bu_Ung_Dong [33mtag_panel[0m=Panel_2 [33mtag_slave_id_tag[0m=2
[33mWARN[0m[2025-04-14 16:24:31] Giá trị N/A (0xFFC00000) được trả về cho FLOAT32  [33mdevice[0m=Schneider_PM_COM3_ID1 [33mregister_name[0m=Voltage_CA [33mtag_location[0m=Tu_Tu_Bu_Ung_Dong [33mtag_panel[0m=Panel_1 [33mtag_slave_id_tag[0m=1
[33mWARN[0m[2025-04-14 16:24:31] Giá trị N/A (0xFFC00000) được trả về cho FLOAT32  [33mdevice[0m=Schneider_PM_COM3_ID2 [33mregister_name[0m=Current_Unbalance_Worst [33mtag_location[0m=Tu_Tu_Bu_Ung_Dong [33mtag_panel[0m=Panel_2 [33mtag_slave_id_tag[0m=2
[33mWARN[0m[2025-04-14 16:24:31] Giá trị N/A (0xFFC00000) được trả về cho FLOAT32  [33mdevice[0m=Schneider_PM_COM3_ID1 [33mregister_name[0m=Voltage_LLAvg [33mtag_location[0m=Tu_Tu_Bu_Ung_Dong [33mtag_panel[0m=Panel_1 [33mtag_slave_id_tag[0m=1
[33mWARN[0m[2025-04-14 16:24:31] Giá trị N/A (0xFFC00000) được trả về cho FLOAT32  [33mdevice[0m=Schneider_PM_COM3_ID2 [33mregister_name[0m=Voltage_AB [33mtag_location[0m=Tu_Tu_Bu_Ung_Dong [33mtag_panel[0m=Panel_2 [33mtag_slave_id_tag[0m=2
[33mWARN[0m[2025-04-14 16:24:31] Giá trị N/A (0xFFC00000) được trả về cho FLOAT32  [33mdevice[0m=Schneider_PM_COM3_ID2 [33mregister_name[0m=Voltage_BC [33mtag_location[0m=Tu_Tu_Bu_Ung_Dong [33mtag_panel[0m=Panel_2 [33mtag_slave_id_tag[0m=2
[33mWARN[0m[2025-04-14 16:24:31] Giá trị N/A (0xFFC00000) được trả về cho FLOAT32  [33mdevice[0m=Schneider_PM_COM3_ID1 [33mregister_name[0m=Voltage_BN [33mtag_location[0m=Tu_Tu_Bu_Ung_Dong [33mtag_panel[0m=Panel_1 [33mtag_slave_id_tag[0m=1
[33mWARN[0m[2025-04-14 16:24:31] Giá trị N/A (0xFFC00000) được trả về cho FLOAT32  [33mdevice[0m=Schneider_PM_COM3_ID2 [33mregister_name[0m=Voltage_CA [33mtag_location[0m=Tu_Tu_Bu_Ung_Dong [33mtag_panel[0m=Panel_2 [33mtag_slave_id_tag[0m=2
[33mWARN[0m[2025-04-14 16:24:31] Giá trị N/A (0xFFC00000) được trả về cho FLOAT32  [33mdevice[0m=Schneider_PM_COM3_ID1 [33mregister_name[0m=Voltage_CN [33mtag_location[0m=Tu_Tu_Bu_Ung_Dong [33mtag_panel[0m=Panel_1 [33mtag_slave_id_tag[0m=1
[33mWARN[0m[2025-04-14 16:24:32] Giá trị N/A (0xFFC00000) được trả về cho FLOAT32  [33mdevice[0m=Schneider_PM_COM3_ID2 [33mregister_name[0m=Voltage_LLAvg [33mtag_location[0m=Tu_Tu_Bu_Ung_Dong [33mtag_panel[0m=Panel_2 [33mtag_slave_id_tag[0m=2
[33mWARN[0m[2025-04-14 16:24:32] Giá trị N/A (0xFFC00000) được trả về cho FLOAT32  [33mdevice[0m=Schneider_PM_COM3_ID1 [33mregister_name[0m=Voltage_Unbalance_AB [33mtag_location[0m=Tu_Tu_Bu_Ung_Dong [33mtag_panel[0m=Panel_1 [33mtag_slave_id_tag[0m=1
[33mWARN[0m[2025-04-14 16:24:32] Giá trị N/A (0xFFC00000) được trả về cho FLOAT32  [33mdevice[0m=Schneider_PM_COM3_ID2 [33mregister_name[0m=Voltage_BN [33mtag_location[0m=Tu_Tu_Bu_Ung_Dong [33mtag_panel[0m=Panel_2 [33mtag_slave_id_tag[0m=2
[33mWARN[0m[2025-04-14 16:24:32] Giá trị N/A (0xFFC00000) được trả về cho FLOAT32  [33mdevice[0m=Schneider_PM_COM3_ID1 [33mregister_name[0m=Voltage_Unbalance_BC [33mtag_location[0m=Tu_Tu_Bu_Ung_Dong [33mtag_panel[0m=Panel_1 [33mtag_slave_id_tag[0m=1
[33mWARN[0m[2025-04-14 16:24:32] Giá trị N/A (0xFFC00000) được trả về cho FLOAT32  [33mdevice[0m=Schneider_PM_COM3_ID2 [33mregister_name[0m=Voltage_CN [33mtag_location[0m=Tu_Tu_Bu_Ung_Dong [33mtag_panel[0m=Panel_2 [33mtag_slave_id_tag[0m=2
[33mWARN[0m[2025-04-14 16:24:32] Giá trị N/A (0xFFC00000) được trả về cho FLOAT32  [33mdevice[0m=Schneider_PM_COM3_ID1 [33mregister_name[0m=Voltage_Unbalance_CA [33mtag_location[0m=Tu_Tu_Bu_Ung_Dong [33mtag_panel[0m=Panel_1 [33mtag_slave_id_tag[0m=1
[33mWARN[0m[2025-04-14 16:24:32] Giá trị N/A (0xFFC00000) được trả về cho FLOAT32  [33mdevice[0m=Schneider_PM_COM3_ID1 [33mregister_name[0m=Voltage_Unbalance_LL_Worst [33mtag_location[0m=Tu_Tu_Bu_Ung_Dong [33mtag_panel[0m=Panel_1 [33mtag_slave_id_tag[0m=1
[33mWARN[0m[2025-04-14 16:24:32] Giá trị N/A (0xFFC00000) được trả về cho FLOAT32  [33mdevice[0m=Schneider_PM_COM3_ID2 [33mregister_name[0m=Voltage_Unbalance_AB [33mtag_location[0m=Tu_Tu_Bu_Ung_Dong [33mtag_panel[0m=Panel_2 [33mtag_slave_id_tag[0m=2
[33mWARN[0m[2025-04-14 16:24:32] Giá trị N/A (0xFFC00000) được trả về cho FLOAT32  [33mdevice[0m=Schneider_PM_COM3_ID1 [33mregister_name[0m=Voltage_Unbalance_AN [33mtag_location[0m=Tu_Tu_Bu_Ung_Dong [33mtag_panel[0m=Panel_1 [33mtag_slave_id_tag[0m=1
[33mWARN[0m[2025-04-14 16:24:32] Giá trị N/A (0xFFC00000) được trả về cho FLOAT32  [33mdevice[0m=Schneider_PM_COM3_ID2 [33mregister_name[0m=Voltage_Unbalance_BC [33mtag_location[0m=Tu_Tu_Bu_Ung_Dong [33mtag_panel[0m=Panel_2 [33mtag_slave_id_tag[0m=2
[33mWARN[0m[2025-04-14 16:24:32] Giá trị N/A (0xFFC00000) được trả về cho FLOAT32  [33mdevice[0m=Schneider_PM_COM3_ID1 [33mregister_name[0m=Voltage_Unbalance_BN [33mtag_location[0m=Tu_Tu_Bu_Ung_Dong [33mtag_panel[0m=Panel_1 [33mtag_slave_id_tag[0m=1
[33mWARN[0m[2025-04-14 16:24:32] Giá trị N/A (0xFFC00000) được trả về cho FLOAT32  [33mdevice[0m=Schneider_PM_COM3_ID2 [33mregister_name[0m=Voltage_Unbalance_CA [33mtag_location[0m=Tu_Tu_Bu_Ung_Dong [33mtag_panel[0m=Panel_2 [33mtag_slave_id_tag[0m=2
[33mWARN[0m[2025-04-14 16:24:32] Giá trị N/A (0xFFC00000) được trả về cho FLOAT32  [33mdevice[0m=Schneider_PM_COM3_ID1 [33mregister_name[0m=Voltage_Unbalance_CN [33mtag_location[0m=Tu_Tu_Bu_Ung_Dong [33mtag_panel[0m=Panel_1 [33mtag_slave_id_tag[0m=1
[33mWARN[0m[2025-04-14 16:24:32] Giá trị N/A (0xFFC00000) được trả về cho FLOAT32  [33mdevice[0m=Schneider_PM_COM3_ID2 [33mregister_name[0m=Voltage_Unbalance_LL_Worst [33mtag_location[0m=Tu_Tu_Bu_Ung_Dong [33mtag_panel[0m=Panel_2 [33mtag_slave_id_tag[0m=2
[33mWARN[0m[2025-04-14 16:24:32] Giá trị N/A (0xFFC00000) được trả về cho FLOAT32  [33mdevice[0m=Schneider_PM_COM3_ID1 [33mregister_name[0m=Voltage_Unbalance_LN_Worst [33mtag_location[0m=Tu_Tu_Bu_Ung_Dong [33mtag_panel[0m=Panel_1 [33mtag_slave_id_tag[0m=1
[33mWARN[0m[2025-04-14 16:24:32] Giá trị N/A (0xFFC00000) được trả về cho FLOAT32  [33mdevice[0m=Schneider_PM_COM3_ID2 [33mregister_name[0m=Voltage_Unbalance_AN [33mtag_location[0m=Tu_Tu_Bu_Ung_Dong [33mtag_panel[0m=Panel_2 [33mtag_slave_id_tag[0m=2
[33mWARN[0m[2025-04-14 16:24:33] Giá trị N/A (0xFFC00000) được trả về cho FLOAT32  [33mdevice[0m=Schneider_PM_COM3_ID2 [33mregister_name[0m=Voltage_Unbalance_BN [33mtag_location[0m=Tu_Tu_Bu_Ung_Dong [33mtag_panel[0m=Panel_2 [33mtag_slave_id_tag[0m=2
[33mWARN[0m[2025-04-14 16:24:33] Giá trị N/A (0xFFC00000) được trả về cho FLOAT32  [33mdevice[0m=Schneider_PM_COM3_ID1 [33mregister_name[0m=ActivePower_B [33mtag_location[0m=Tu_Tu_Bu_Ung_Dong [33mtag_panel[0m=Panel_1 [33mtag_slave_id_tag[0m=1
[33mWARN[0m[2025-04-14 16:24:33] Giá trị N/A (0xFFC00000) được trả về cho FLOAT32  [33mdevice[0m=Schneider_PM_COM3_ID2 [33mregister_name[0m=Voltage_Unbalance_CN [33mtag_location[0m=Tu_Tu_Bu_Ung_Dong [33mtag_panel[0m=Panel_2 [33mtag_slave_id_tag[0m=2
[33mWARN[0m[2025-04-14 16:24:33] Giá trị N/A (0xFFC00000) được trả về cho FLOAT32  [33mdevice[0m=Schneider_PM_COM3_ID1 [33mregister_name[0m=ActivePower_C [33mtag_location[0m=Tu_Tu_Bu_Ung_Dong [33mtag_panel[0m=Panel_1 [33mtag_slave_id_tag[0m=1
[33mWARN[0m[2025-04-14 16:24:33] Giá trị N/A (0xFFC00000) được trả về cho FLOAT32  [33mdevice[0m=Schneider_PM_COM3_ID2 [33mregister_name[0m=Voltage_Unbalance_LN_Worst [33mtag_location[0m=Tu_Tu_Bu_Ung_Dong [33mtag_panel[0m=Panel_2 [33mtag_slave_id_tag[0m=2
[33mWARN[0m[2025-04-14 16:24:33] Giá trị N/A (0xFFC00000) được trả về cho FLOAT32  [33mdevice[0m=Schneider_PM_COM3_ID2 [33mregister_name[0m=ActivePower_B [33mtag_location[0m=Tu_Tu_Bu_Ung_Dong [33mtag_panel[0m=Panel_2 [33mtag_slave_id_tag[0m=2
[33mWARN[0m[2025-04-14 16:24:33] Giá trị N/A (0xFFC00000) được trả về cho FLOAT32  [33mdevice[0m=Schneider_PM_COM3_ID1 [33mregister_name[0m=ReactivePower_B [33mtag_location[0m=Tu_Tu_Bu_Ung_Dong [33mtag_panel[0m=Panel_1 [33mtag_slave_id_tag[0m=1
[33mWARN[0m[2025-04-14 16:24:33] Giá trị N/A (0xFFC00000) được trả về cho FLOAT32  [33mdevice[0m=Schneider_PM_COM3_ID2 [33mregister_name[0m=ActivePower_C [33mtag_location[0m=Tu_Tu_Bu_Ung_Dong [33mtag_panel[0m=Panel_2 [33mtag_slave_id_tag[0m=2
[33mWARN[0m[2025-04-14 16:24:33] Giá trị N/A (0xFFC00000) được trả về cho FLOAT32  [33mdevice[0m=Schneider_PM_COM3_ID1 [33mregister_name[0m=ReactivePower_C [33mtag_location[0m=Tu_Tu_Bu_Ung_Dong [33mtag_panel[0m=Panel_1 [33mtag_slave_id_tag[0m=1
[33mWARN[0m[2025-04-14 16:24:33] Giá trị N/A (0xFFC00000) được trả về cho FLOAT32  [33mdevice[0m=Schneider_PM_COM3_ID2 [33mregister_name[0m=ReactivePower_B [33mtag_location[0m=Tu_Tu_Bu_Ung_Dong [33mtag_panel[0m=Panel_2 [33mtag_slave_id_tag[0m=2
[33mWARN[0m[2025-04-14 16:24:33] Giá trị N/A (0xFFC00000) được trả về cho FLOAT32  [33mdevice[0m=Schneider_PM_COM3_ID1 [33mregister_name[0m=ApparentPower_B [33mtag_location[0m=Tu_Tu_Bu_Ung_Dong [33mtag_panel[0m=Panel_1 [33mtag_slave_id_tag[0m=1
[33mWARN[0m[2025-04-14 16:24:33] Giá trị N/A (0xFFC00000) được trả về cho FLOAT32  [33mdevice[0m=Schneider_PM_COM3_ID2 [33mregister_name[0m=ReactivePower_C [33mtag_location[0m=Tu_Tu_Bu_Ung_Dong [33mtag_panel[0m=Panel_2 [33mtag_slave_id_tag[0m=2
[33mWARN[0m[2025-04-14 16:24:33] Giá trị N/A (0xFFC00000) được trả về cho FLOAT32  [33mdevice[0m=Schneider_PM_COM3_ID1 [33mregister_name[0m=ApparentPower_C [33mtag_location[0m=Tu_Tu_Bu_Ung_Dong [33mtag_panel[0m=Panel_1 [33mtag_slave_id_tag[0m=1
[33mWARN[0m[2025-04-14 16:24:34] Đã nhận tín hiệu dừng. Đang yêu cầu các goroutine kết thúc... 
[36mINFO[0m[2025-04-14 16:24:34] Đang chờ các goroutine Device hoàn thành...  
[33mWARN[0m[2025-04-14 16:24:34] Bị hủy khi đang chờ phản hồi cho thanh ghi ApparentPower_B  [33mdevice[0m=Schneider_PM_COM3_ID2 [33mtag_location[0m=Tu_Tu_Bu_Ung_Dong [33mtag_panel[0m=Panel_2 [33mtag_slave_id_tag[0m=2
[33mWARN[0m[2025-04-14 16:24:34] Chu kỳ đọc bị hủy, không ghi dữ liệu.         [33mdevice[0m=Schneider_PM_COM3_ID2 [33mtag_location[0m=Tu_Tu_Bu_Ung_Dong [33mtag_panel[0m=Panel_2 [33mtag_slave_id_tag[0m=2
[36mINFO[0m[2025-04-14 16:24:34] Nhận tín hiệu dừng, kết thúc vòng lặp đọc.    [36mdevice[0m=Schneider_PM_COM3_ID2 [36mtag_location[0m=Tu_Tu_Bu_Ung_Dong [36mtag_panel[0m=Panel_2 [36mtag_slave_id_tag[0m=2
[33mWARN[0m[2025-04-14 16:24:34] Bị hủy khi đang chờ phản hồi cho thanh ghi PF_A  [33mdevice[0m=Schneider_PM_COM3_ID1 [33mtag_location[0m=Tu_Tu_Bu_Ung_Dong [33mtag_panel[0m=Panel_1 [33mtag_slave_id_tag[0m=1
[33mWARN[0m[2025-04-14 16:24:34] Chu kỳ đọc bị hủy, không ghi dữ liệu.         [33mdevice[0m=Schneider_PM_COM3_ID1 [33mtag_location[0m=Tu_Tu_Bu_Ung_Dong [33mtag_panel[0m=Panel_1 [33mtag_slave_id_tag[0m=1
[36mINFO[0m[2025-04-14 16:24:34] Context bị hủy trong quá trình đọc thanh ghi.  [36mdevice[0m=Schneider_PM_COM3_ID1 [36mtag_location[0m=Tu_Tu_Bu_Ung_Dong [36mtag_panel[0m=Panel_1 [36mtag_slave_id_tag[0m=1
[33mWARN[0m[2025-04-14 16:24:34] Chu kỳ đọc bị hủy, không ghi dữ liệu.         [33mdevice[0m=Schneider_PM_COM3_ID1 [33mtag_location[0m=Tu_Tu_Bu_Ung_Dong [33mtag_panel[0m=Panel_1 [33mtag_slave_id_tag[0m=1
[36mINFO[0m[2025-04-14 16:24:34] Nhận tín hiệu dừng, kết thúc vòng lặp đọc.    [36mdevice[0m=Schneider_PM_COM3_ID1 [36mtag_location[0m=Tu_Tu_Bu_Ung_Dong [36mtag_panel[0m=Panel_1 [36mtag_slave_id_tag[0m=1
[36mINFO[0m[2025-04-14 16:24:34] Các goroutine Device đã dừng.                
[36mINFO[0m[2025-04-14 16:24:34] Đang chờ các goroutine Port Manager hoàn thành... 
[36mINFO[0m[2025-04-14 16:24:34] Port Manager nhận tín hiệu dừng.              [36mport[0m=COM3
[36mINFO[0m[2025-04-14 16:24:34] Đang đóng kết nối Port Manager...             [36mport[0m=COM3
[36mINFO[0m[2025-04-14 16:24:34] Port Manager đã dừng.                         [36mport[0m=COM3
[36mINFO[0m[2025-04-14 16:24:34] Các goroutine Port Manager đã dừng.          
[36mINFO[0m[2025-04-14 16:24:34] Chương trình kết thúc.                       
[36mINFO[0m[2025-04-14 16:24:34] Đang đóng các file CSV...                    
[36mINFO[0m[2025-04-14 16:24:34] Đã đóng các file CSV.                        
[36mINFO[0m[2025-04-14 16:24:34] Đang đóng các storage data writers...        
[36mINFO[0m[2025-04-14 16:24:34] Đã đóng các storage data writers.            
