[36mINFO[0m[2025-04-14 14:34:24] --- Khởi chạy Gateway Modbus (Refactored + PortManager) --- 
[36mINFO[0m[2025-04-14 14:34:24] Khởi tạo Port Manager cho cổng COM3...       
[36mINFO[0m[2025-04-14 14:34:24] Port Manager bắt đầu hoạt động...             [36mport[0m=COM3
[36mINFO[0m[2025-04-14 14:34:24] Khởi tạo handler cho \\.\COM3                 [36mport[0m=COM3
[36mINFO[0m[2025-04-14 14:34:24] Đã đọc 30 thanh ghi cho thiết bị 'Selec_MFM383A' 
[36mINFO[0m[2025-04-14 14:34:24] Đã khởi chạy 1 goroutine cho các thiết bị. Nhấn Ctrl+C để dừng. 
[36mINFO[0m[2025-04-14 14:34:24] Bắt đầu vòng lặp đọc dữ liệu...               [36mdevice[0m=Selec_MFM383A [36mtag_location[0m="LAB MR.TAM" [36mtag_panel[0m="BAN 4" [36mtag_slave_id_tag[0m=2
[31mERRO[0m[2025-04-14 14:34:26] Port Manager: Giao dịch Modbus thất bại       [31maddr[0m=2999 [31merror[0m="modbus: response slave id '133' does not match request '2'" [31mfc[0m=3 [31mport[0m=COM3 [31mqty[0m=2 [31mslave_id[0m=2
[33mWARN[0m[2025-04-14 14:34:26] Lỗi giao tiếp khác                            [33mdevice[0m=Selec_MFM383A [33merror[0m="modbus: response slave id '133' does not match request '2'" [33merror_type[0m="*errors.errorString" [33mtag_location[0m="LAB MR.TAM" [33mtag_panel[0m="BAN 4" [33mtag_slave_id_tag[0m=2
[36mINFO[0m[2025-04-14 14:34:27] Hoàn thành chu kỳ đọc và ghi dữ liệu          [36mdevice[0m=Selec_MFM383A [36mduration_ms[0m=1472 [36merrors[0m=1 [36mtag_location[0m="LAB MR.TAM" [36mtag_panel[0m="BAN 4" [36mtag_slave_id_tag[0m=2
[33mWARN[0m[2025-04-14 14:34:29] Đã nhận tín hiệu dừng. Đang yêu cầu các goroutine kết thúc... 
[36mINFO[0m[2025-04-14 14:34:29] Đang chờ các goroutine Device hoàn thành...  
[33mWARN[0m[2025-04-14 14:34:29] Bị hủy khi đang chờ phản hồi cho thanh ghi PF_C  [33mdevice[0m=Selec_MFM383A [33mtag_location[0m="LAB MR.TAM" [33mtag_panel[0m="BAN 4" [33mtag_slave_id_tag[0m=2
[36mINFO[0m[2025-04-14 14:34:29] Context bị hủy trong quá trình đọc thanh ghi.  [36mdevice[0m=Selec_MFM383A [36mtag_location[0m="LAB MR.TAM" [36mtag_panel[0m="BAN 4" [36mtag_slave_id_tag[0m=2
[33mWARN[0m[2025-04-14 14:34:29] Chu kỳ đọc bị hủy, không ghi dữ liệu.         [33mdevice[0m=Selec_MFM383A [33mtag_location[0m="LAB MR.TAM" [33mtag_panel[0m="BAN 4" [33mtag_slave_id_tag[0m=2
[36mINFO[0m[2025-04-14 14:34:29] Nhận tín hiệu dừng, kết thúc vòng lặp đọc.    [36mdevice[0m=Selec_MFM383A [36mtag_location[0m="LAB MR.TAM" [36mtag_panel[0m="BAN 4" [36mtag_slave_id_tag[0m=2
[36mINFO[0m[2025-04-14 14:34:29] Các goroutine Device đã dừng.                
[36mINFO[0m[2025-04-14 14:34:29] Chương trình kết thúc.                       
[36mINFO[0m[2025-04-14 14:34:29] Đang đóng các file CSV...                    
[36mINFO[0m[2025-04-14 14:34:29] Đã đóng các file CSV.                        
