[36mINFO[0m[2025-04-14 15:12:01] --- Khởi chạy Gateway Modbus (Refactored + PortManager) --- 
[36mINFO[0m[2025-04-14 15:12:01] Khởi tạo Port Manager cho cổng COM3...       
[36mINFO[0m[2025-04-14 15:12:01] Port Manager bắt đầu hoạt động...             [36mport[0m=COM3
[36mINFO[0m[2025-04-14 15:12:01] Khởi tạo handler cho \\.\COM3                 [36mport[0m=COM3
[36mINFO[0m[2025-04-14 15:12:01] Đã đọc 30 thanh ghi cho thiết bị 'Selec_MFM383A' 
[36mINFO[0m[2025-04-14 15:12:01] Đã khởi chạy 1 goroutine cho các thiết bị. Nhấn Ctrl+C để dừng. 
[36mINFO[0m[2025-04-14 15:12:01] Bắt đầu vòng lặp đọc dữ liệu...               [36mdevice[0m=Selec_MFM383A [36mtag_location[0m=LAB_MR.TAM [36mtag_panel[0m=BAN_4 [36mtag_slave_id_tag[0m=5
[31mERRO[0m[2025-04-14 15:12:03] Port Manager: Giao dịch Modbus thất bại       [31maddr[0m=3000 [31merror[0m="modbus: response crc '33026' does not match expected '16387'" [31mfc[0m=3 [31mport[0m=COM3 [31mqty[0m=2 [31mslave_id[0m=5
[33mWARN[0m[2025-04-14 15:12:03] Lỗi giao tiếp khác                            [33mdevice[0m=Selec_MFM383A [33merror[0m="modbus: response crc '33026' does not match expected '16387'" [33merror_type[0m="*errors.errorString" [33mtag_location[0m=LAB_MR.TAM [33mtag_panel[0m=BAN_4 [33mtag_slave_id_tag[0m=5
[31mERRO[0m[2025-04-14 15:12:03] Port Manager: Giao dịch Modbus thất bại       [31maddr[0m=3002 [31merror[0m="modbus: response slave id '192' does not match request '5'" [31mfc[0m=3 [31mport[0m=COM3 [31mqty[0m=2 [31mslave_id[0m=5
[33mWARN[0m[2025-04-14 15:12:03] Lỗi giao tiếp khác                            [33mdevice[0m=Selec_MFM383A [33merror[0m="modbus: response slave id '192' does not match request '5'" [33merror_type[0m="*errors.errorString" [33mtag_location[0m=LAB_MR.TAM [33mtag_panel[0m=BAN_4 [33mtag_slave_id_tag[0m=5
[31mERRO[0m[2025-04-14 15:12:03] Port Manager: Giao dịch Modbus thất bại       [31maddr[0m=3004 [31merror[0m="modbus: response crc '33026' does not match expected '16387'" [31mfc[0m=3 [31mport[0m=COM3 [31mqty[0m=2 [31mslave_id[0m=5
[33mWARN[0m[2025-04-14 15:12:03] Lỗi giao tiếp khác                            [33mdevice[0m=Selec_MFM383A [33merror[0m="modbus: response crc '33026' does not match expected '16387'" [33merror_type[0m="*errors.errorString" [33mtag_location[0m=LAB_MR.TAM [33mtag_panel[0m=BAN_4 [33mtag_slave_id_tag[0m=5
[31mERRO[0m[2025-04-14 15:12:03] Port Manager: Giao dịch Modbus thất bại       [31maddr[0m=3006 [31merror[0m="modbus: response slave id '192' does not match request '5'" [31mfc[0m=3 [31mport[0m=COM3 [31mqty[0m=2 [31mslave_id[0m=5
[33mWARN[0m[2025-04-14 15:12:03] Lỗi giao tiếp khác                            [33mdevice[0m=Selec_MFM383A [33merror[0m="modbus: response slave id '192' does not match request '5'" [33merror_type[0m="*errors.errorString" [33mtag_location[0m=LAB_MR.TAM [33mtag_panel[0m=BAN_4 [33mtag_slave_id_tag[0m=5
[31mERRO[0m[2025-04-14 15:12:03] Port Manager: Giao dịch Modbus thất bại       [31maddr[0m=3008 [31merror[0m="modbus: response slave id '129' does not match request '5'" [31mfc[0m=3 [31mport[0m=COM3 [31mqty[0m=2 [31mslave_id[0m=5
[33mWARN[0m[2025-04-14 15:12:03] Lỗi giao tiếp khác                            [33mdevice[0m=Selec_MFM383A [33merror[0m="modbus: response slave id '129' does not match request '5'" [33merror_type[0m="*errors.errorString" [33mtag_location[0m=LAB_MR.TAM [33mtag_panel[0m=BAN_4 [33mtag_slave_id_tag[0m=5
[31mERRO[0m[2025-04-14 15:12:03] Port Manager: Giao dịch Modbus thất bại       [31maddr[0m=3010 [31merror[0m="modbus: response slave id '2' does not match request '5'" [31mfc[0m=3 [31mport[0m=COM3 [31mqty[0m=2 [31mslave_id[0m=5
[33mWARN[0m[2025-04-14 15:12:03] Lỗi giao tiếp khác                            [33mdevice[0m=Selec_MFM383A [33merror[0m="modbus: response slave id '2' does not match request '5'" [33merror_type[0m="*errors.errorString" [33mtag_location[0m=LAB_MR.TAM [33mtag_panel[0m=BAN_4 [33mtag_slave_id_tag[0m=5
[31mERRO[0m[2025-04-14 15:12:03] Port Manager: Giao dịch Modbus thất bại       [31maddr[0m=3012 [31merror[0m="modbus: response slave id '128' does not match request '5'" [31mfc[0m=3 [31mport[0m=COM3 [31mqty[0m=2 [31mslave_id[0m=5
[33mWARN[0m[2025-04-14 15:12:03] Lỗi giao tiếp khác                            [33mdevice[0m=Selec_MFM383A [33merror[0m="modbus: response slave id '128' does not match request '5'" [33merror_type[0m="*errors.errorString" [33mtag_location[0m=LAB_MR.TAM [33mtag_panel[0m=BAN_4 [33mtag_slave_id_tag[0m=5
[31mERRO[0m[2025-04-14 15:12:03] Port Manager: Giao dịch Modbus thất bại       [31maddr[0m=3014 [31merror[0m="modbus: exception '2' (illegal data address), function '128'" [31mfc[0m=3 [31mport[0m=COM3 [31mqty[0m=2 [31mslave_id[0m=5
[31mERRO[0m[2025-04-14 15:12:03] Lỗi Modbus từ Slave                           [31mdevice[0m=Selec_MFM383A [31merror[0m="modbus: exception '2' (illegal data address), function '128'" [31mexception_code[0m=2 [31mexception_msg[0m="Illegal Data Address" [31mslave_id[0m=5 [31mtag_location[0m=LAB_MR.TAM [31mtag_panel[0m=BAN_4 [31mtag_slave_id_tag[0m=5
[31mERRO[0m[2025-04-14 15:12:03] Port Manager: Giao dịch Modbus thất bại       [31maddr[0m=3016 [31merror[0m="modbus: exception '2' (illegal data address), function '128'" [31mfc[0m=3 [31mport[0m=COM3 [31mqty[0m=2 [31mslave_id[0m=5
[31mERRO[0m[2025-04-14 15:12:03] Lỗi Modbus từ Slave                           [31mdevice[0m=Selec_MFM383A [31merror[0m="modbus: exception '2' (illegal data address), function '128'" [31mexception_code[0m=2 [31mexception_msg[0m="Illegal Data Address" [31mslave_id[0m=5 [31mtag_location[0m=LAB_MR.TAM [31mtag_panel[0m=BAN_4 [31mtag_slave_id_tag[0m=5
[31mERRO[0m[2025-04-14 15:12:04] Port Manager: Giao dịch Modbus thất bại       [31maddr[0m=3018 [31merror[0m="serial: timeout" [31mfc[0m=3 [31mport[0m=COM3 [31mqty[0m=2 [31mslave_id[0m=5
[33mWARN[0m[2025-04-14 15:12:04] Lỗi giao tiếp khác                            [33mdevice[0m=Selec_MFM383A [33merror[0m="serial: timeout" [33merror_type[0m="*errors.errorString" [33mtag_location[0m=LAB_MR.TAM [33mtag_panel[0m=BAN_4 [33mtag_slave_id_tag[0m=5
[31mERRO[0m[2025-04-14 15:12:05] Port Manager: Giao dịch Modbus thất bại       [31maddr[0m=3020 [31merror[0m="serial: timeout" [31mfc[0m=3 [31mport[0m=COM3 [31mqty[0m=2 [31mslave_id[0m=5
[33mWARN[0m[2025-04-14 15:12:05] Lỗi giao tiếp khác                            [33mdevice[0m=Selec_MFM383A [33merror[0m="serial: timeout" [33merror_type[0m="*errors.errorString" [33mtag_location[0m=LAB_MR.TAM [33mtag_panel[0m=BAN_4 [33mtag_slave_id_tag[0m=5
[31mERRO[0m[2025-04-14 15:12:05] Port Manager: Giao dịch Modbus thất bại       [31maddr[0m=3022 [31merror[0m="modbus: response crc '33026' does not match expected '16387'" [31mfc[0m=3 [31mport[0m=COM3 [31mqty[0m=2 [31mslave_id[0m=5
[33mWARN[0m[2025-04-14 15:12:05] Lỗi giao tiếp khác                            [33mdevice[0m=Selec_MFM383A [33merror[0m="modbus: response crc '33026' does not match expected '16387'" [33merror_type[0m="*errors.errorString" [33mtag_location[0m=LAB_MR.TAM [33mtag_panel[0m=BAN_4 [33mtag_slave_id_tag[0m=5
[31mERRO[0m[2025-04-14 15:12:05] Port Manager: Giao dịch Modbus thất bại       [31maddr[0m=3024 [31merror[0m="modbus: response slave id '192' does not match request '5'" [31mfc[0m=3 [31mport[0m=COM3 [31mqty[0m=2 [31mslave_id[0m=5
[33mWARN[0m[2025-04-14 15:12:05] Lỗi giao tiếp khác                            [33mdevice[0m=Selec_MFM383A [33merror[0m="modbus: response slave id '192' does not match request '5'" [33merror_type[0m="*errors.errorString" [33mtag_location[0m=LAB_MR.TAM [33mtag_panel[0m=BAN_4 [33mtag_slave_id_tag[0m=5
[31mERRO[0m[2025-04-14 15:12:05] Port Manager: Giao dịch Modbus thất bại       [31maddr[0m=3026 [31merror[0m="modbus: response slave id '129' does not match request '5'" [31mfc[0m=3 [31mport[0m=COM3 [31mqty[0m=2 [31mslave_id[0m=5
[33mWARN[0m[2025-04-14 15:12:05] Lỗi giao tiếp khác                            [33mdevice[0m=Selec_MFM383A [33merror[0m="modbus: response slave id '129' does not match request '5'" [33merror_type[0m="*errors.errorString" [33mtag_location[0m=LAB_MR.TAM [33mtag_panel[0m=BAN_4 [33mtag_slave_id_tag[0m=5
[31mERRO[0m[2025-04-14 15:12:05] Port Manager: Giao dịch Modbus thất bại       [31maddr[0m=3028 [31merror[0m="modbus: response slave id '2' does not match request '5'" [31mfc[0m=3 [31mport[0m=COM3 [31mqty[0m=2 [31mslave_id[0m=5
[33mWARN[0m[2025-04-14 15:12:05] Lỗi giao tiếp khác                            [33mdevice[0m=Selec_MFM383A [33merror[0m="modbus: response slave id '2' does not match request '5'" [33merror_type[0m="*errors.errorString" [33mtag_location[0m=LAB_MR.TAM [33mtag_panel[0m=BAN_4 [33mtag_slave_id_tag[0m=5
[31mERRO[0m[2025-04-14 15:12:05] Port Manager: Giao dịch Modbus thất bại       [31maddr[0m=3030 [31merror[0m="modbus: response slave id '128' does not match request '5'" [31mfc[0m=3 [31mport[0m=COM3 [31mqty[0m=2 [31mslave_id[0m=5
[33mWARN[0m[2025-04-14 15:12:05] Lỗi giao tiếp khác                            [33mdevice[0m=Selec_MFM383A [33merror[0m="modbus: response slave id '128' does not match request '5'" [33merror_type[0m="*errors.errorString" [33mtag_location[0m=LAB_MR.TAM [33mtag_panel[0m=BAN_4 [33mtag_slave_id_tag[0m=5
[31mERRO[0m[2025-04-14 15:12:06] Port Manager: Giao dịch Modbus thất bại       [31maddr[0m=3032 [31merror[0m="modbus: exception '2' (illegal data address), function '128'" [31mfc[0m=3 [31mport[0m=COM3 [31mqty[0m=2 [31mslave_id[0m=5
[31mERRO[0m[2025-04-14 15:12:06] Lỗi Modbus từ Slave                           [31mdevice[0m=Selec_MFM383A [31merror[0m="modbus: exception '2' (illegal data address), function '128'" [31mexception_code[0m=2 [31mexception_msg[0m="Illegal Data Address" [31mslave_id[0m=5 [31mtag_location[0m=LAB_MR.TAM [31mtag_panel[0m=BAN_4 [31mtag_slave_id_tag[0m=5
[31mERRO[0m[2025-04-14 15:12:06] Port Manager: Giao dịch Modbus thất bại       [31maddr[0m=3034 [31merror[0m="modbus: exception '2' (illegal data address), function '128'" [31mfc[0m=3 [31mport[0m=COM3 [31mqty[0m=2 [31mslave_id[0m=5
[31mERRO[0m[2025-04-14 15:12:06] Lỗi Modbus từ Slave                           [31mdevice[0m=Selec_MFM383A [31merror[0m="modbus: exception '2' (illegal data address), function '128'" [31mexception_code[0m=2 [31mexception_msg[0m="Illegal Data Address" [31mslave_id[0m=5 [31mtag_location[0m=LAB_MR.TAM [31mtag_panel[0m=BAN_4 [31mtag_slave_id_tag[0m=5
[31mERRO[0m[2025-04-14 15:12:06] Port Manager: Giao dịch Modbus thất bại       [31maddr[0m=3036 [31merror[0m="modbus: exception '2' (illegal data address), function '128'" [31mfc[0m=3 [31mport[0m=COM3 [31mqty[0m=2 [31mslave_id[0m=5
[31mERRO[0m[2025-04-14 15:12:06] Lỗi Modbus từ Slave                           [31mdevice[0m=Selec_MFM383A [31merror[0m="modbus: exception '2' (illegal data address), function '128'" [31mexception_code[0m=2 [31mexception_msg[0m="Illegal Data Address" [31mslave_id[0m=5 [31mtag_location[0m=LAB_MR.TAM [31mtag_panel[0m=BAN_4 [31mtag_slave_id_tag[0m=5
[31mERRO[0m[2025-04-14 15:12:06] Port Manager: Giao dịch Modbus thất bại       [31maddr[0m=3038 [31merror[0m="modbus: exception '2' (illegal data address), function '128'" [31mfc[0m=3 [31mport[0m=COM3 [31mqty[0m=2 [31mslave_id[0m=5
[31mERRO[0m[2025-04-14 15:12:06] Lỗi Modbus từ Slave                           [31mdevice[0m=Selec_MFM383A [31merror[0m="modbus: exception '2' (illegal data address), function '128'" [31mexception_code[0m=2 [31mexception_msg[0m="Illegal Data Address" [31mslave_id[0m=5 [31mtag_location[0m=LAB_MR.TAM [31mtag_panel[0m=BAN_4 [31mtag_slave_id_tag[0m=5
[31mERRO[0m[2025-04-14 15:12:06] Port Manager: Giao dịch Modbus thất bại       [31maddr[0m=3040 [31merror[0m="modbus: exception '2' (illegal data address), function '128'" [31mfc[0m=3 [31mport[0m=COM3 [31mqty[0m=2 [31mslave_id[0m=5
[31mERRO[0m[2025-04-14 15:12:06] Lỗi Modbus từ Slave                           [31mdevice[0m=Selec_MFM383A [31merror[0m="modbus: exception '2' (illegal data address), function '128'" [31mexception_code[0m=2 [31mexception_msg[0m="Illegal Data Address" [31mslave_id[0m=5 [31mtag_location[0m=LAB_MR.TAM [31mtag_panel[0m=BAN_4 [31mtag_slave_id_tag[0m=5
[31mERRO[0m[2025-04-14 15:12:06] Port Manager: Giao dịch Modbus thất bại       [31maddr[0m=3042 [31merror[0m="modbus: exception '2' (illegal data address), function '128'" [31mfc[0m=3 [31mport[0m=COM3 [31mqty[0m=2 [31mslave_id[0m=5
[31mERRO[0m[2025-04-14 15:12:06] Lỗi Modbus từ Slave                           [31mdevice[0m=Selec_MFM383A [31merror[0m="modbus: exception '2' (illegal data address), function '128'" [31mexception_code[0m=2 [31mexception_msg[0m="Illegal Data Address" [31mslave_id[0m=5 [31mtag_location[0m=LAB_MR.TAM [31mtag_panel[0m=BAN_4 [31mtag_slave_id_tag[0m=5
[31mERRO[0m[2025-04-14 15:12:06] Port Manager: Giao dịch Modbus thất bại       [31maddr[0m=3044 [31merror[0m="modbus: exception '2' (illegal data address), function '128'" [31mfc[0m=3 [31mport[0m=COM3 [31mqty[0m=2 [31mslave_id[0m=5
[31mERRO[0m[2025-04-14 15:12:06] Lỗi Modbus từ Slave                           [31mdevice[0m=Selec_MFM383A [31merror[0m="modbus: exception '2' (illegal data address), function '128'" [31mexception_code[0m=2 [31mexception_msg[0m="Illegal Data Address" [31mslave_id[0m=5 [31mtag_location[0m=LAB_MR.TAM [31mtag_panel[0m=BAN_4 [31mtag_slave_id_tag[0m=5
[31mERRO[0m[2025-04-14 15:12:06] Port Manager: Giao dịch Modbus thất bại       [31maddr[0m=3046 [31merror[0m="modbus: exception '2' (illegal data address), function '128'" [31mfc[0m=3 [31mport[0m=COM3 [31mqty[0m=2 [31mslave_id[0m=5
[31mERRO[0m[2025-04-14 15:12:06] Lỗi Modbus từ Slave                           [31mdevice[0m=Selec_MFM383A [31merror[0m="modbus: exception '2' (illegal data address), function '128'" [31mexception_code[0m=2 [31mexception_msg[0m="Illegal Data Address" [31mslave_id[0m=5 [31mtag_location[0m=LAB_MR.TAM [31mtag_panel[0m=BAN_4 [31mtag_slave_id_tag[0m=5
[31mERRO[0m[2025-04-14 15:12:06] Port Manager: Giao dịch Modbus thất bại       [31maddr[0m=3048 [31merror[0m="modbus: exception '2' (illegal data address), function '128'" [31mfc[0m=3 [31mport[0m=COM3 [31mqty[0m=2 [31mslave_id[0m=5
[31mERRO[0m[2025-04-14 15:12:06] Lỗi Modbus từ Slave                           [31mdevice[0m=Selec_MFM383A [31merror[0m="modbus: exception '2' (illegal data address), function '128'" [31mexception_code[0m=2 [31mexception_msg[0m="Illegal Data Address" [31mslave_id[0m=5 [31mtag_location[0m=LAB_MR.TAM [31mtag_panel[0m=BAN_4 [31mtag_slave_id_tag[0m=5
[31mERRO[0m[2025-04-14 15:12:06] Port Manager: Giao dịch Modbus thất bại       [31maddr[0m=3050 [31merror[0m="modbus: exception '2' (illegal data address), function '128'" [31mfc[0m=3 [31mport[0m=COM3 [31mqty[0m=2 [31mslave_id[0m=5
[31mERRO[0m[2025-04-14 15:12:06] Lỗi Modbus từ Slave                           [31mdevice[0m=Selec_MFM383A [31merror[0m="modbus: exception '2' (illegal data address), function '128'" [31mexception_code[0m=2 [31mexception_msg[0m="Illegal Data Address" [31mslave_id[0m=5 [31mtag_location[0m=LAB_MR.TAM [31mtag_panel[0m=BAN_4 [31mtag_slave_id_tag[0m=5
[31mERRO[0m[2025-04-14 15:12:06] Port Manager: Giao dịch Modbus thất bại       [31maddr[0m=3052 [31merror[0m="modbus: exception '2' (illegal data address), function '128'" [31mfc[0m=3 [31mport[0m=COM3 [31mqty[0m=2 [31mslave_id[0m=5
[31mERRO[0m[2025-04-14 15:12:06] Lỗi Modbus từ Slave                           [31mdevice[0m=Selec_MFM383A [31merror[0m="modbus: exception '2' (illegal data address), function '128'" [31mexception_code[0m=2 [31mexception_msg[0m="Illegal Data Address" [31mslave_id[0m=5 [31mtag_location[0m=LAB_MR.TAM [31mtag_panel[0m=BAN_4 [31mtag_slave_id_tag[0m=5
[31mERRO[0m[2025-04-14 15:12:07] Port Manager: Giao dịch Modbus thất bại       [31maddr[0m=3054 [31merror[0m="serial: timeout" [31mfc[0m=3 [31mport[0m=COM3 [31mqty[0m=2 [31mslave_id[0m=5
[33mWARN[0m[2025-04-14 15:12:07] Lỗi giao tiếp khác                            [33mdevice[0m=Selec_MFM383A [33merror[0m="serial: timeout" [33merror_type[0m="*errors.errorString" [33mtag_location[0m=LAB_MR.TAM [33mtag_panel[0m=BAN_4 [33mtag_slave_id_tag[0m=5
[31mERRO[0m[2025-04-14 15:12:07] Port Manager: Giao dịch Modbus thất bại       [31maddr[0m=3056 [31merror[0m="modbus: response crc '33026' does not match expected '16387'" [31mfc[0m=3 [31mport[0m=COM3 [31mqty[0m=2 [31mslave_id[0m=5
[33mWARN[0m[2025-04-14 15:12:07] Lỗi giao tiếp khác                            [33mdevice[0m=Selec_MFM383A [33merror[0m="modbus: response crc '33026' does not match expected '16387'" [33merror_type[0m="*errors.errorString" [33mtag_location[0m=LAB_MR.TAM [33mtag_panel[0m=BAN_4 [33mtag_slave_id_tag[0m=5
[31mERRO[0m[2025-04-14 15:12:07] Port Manager: Giao dịch Modbus thất bại       [31maddr[0m=3058 [31merror[0m="modbus: response slave id '192' does not match request '5'" [31mfc[0m=3 [31mport[0m=COM3 [31mqty[0m=2 [31mslave_id[0m=5
[33mWARN[0m[2025-04-14 15:12:07] Lỗi giao tiếp khác                            [33mdevice[0m=Selec_MFM383A [33merror[0m="modbus: response slave id '192' does not match request '5'" [33merror_type[0m="*errors.errorString" [33mtag_location[0m=LAB_MR.TAM [33mtag_panel[0m=BAN_4 [33mtag_slave_id_tag[0m=5
[36mINFO[0m[2025-04-14 15:12:07] Hoàn thành chu kỳ đọc và ghi dữ liệu          [36mdevice[0m=Selec_MFM383A [36mduration_ms[0m=4541 [36merrors[0m=30 [36mtag_location[0m=LAB_MR.TAM [36mtag_panel[0m=BAN_4 [36mtag_slave_id_tag[0m=5
[31mERRO[0m[2025-04-14 15:12:07] Port Manager: Giao dịch Modbus thất bại       [31maddr[0m=3000 [31merror[0m="modbus: response slave id '129' does not match request '5'" [31mfc[0m=3 [31mport[0m=COM3 [31mqty[0m=2 [31mslave_id[0m=5
[33mWARN[0m[2025-04-14 15:12:07] Lỗi giao tiếp khác                            [33mdevice[0m=Selec_MFM383A [33merror[0m="modbus: response slave id '129' does not match request '5'" [33merror_type[0m="*errors.errorString" [33mtag_location[0m=LAB_MR.TAM [33mtag_panel[0m=BAN_4 [33mtag_slave_id_tag[0m=5
[31mERRO[0m[2025-04-14 15:12:07] Port Manager: Giao dịch Modbus thất bại       [31maddr[0m=3002 [31merror[0m="modbus: response slave id '2' does not match request '5'" [31mfc[0m=3 [31mport[0m=COM3 [31mqty[0m=2 [31mslave_id[0m=5
[33mWARN[0m[2025-04-14 15:12:07] Lỗi giao tiếp khác                            [33mdevice[0m=Selec_MFM383A [33merror[0m="modbus: response slave id '2' does not match request '5'" [33merror_type[0m="*errors.errorString" [33mtag_location[0m=LAB_MR.TAM [33mtag_panel[0m=BAN_4 [33mtag_slave_id_tag[0m=5
[31mERRO[0m[2025-04-14 15:12:07] Port Manager: Giao dịch Modbus thất bại       [31maddr[0m=3004 [31merror[0m="modbus: response slave id '128' does not match request '5'" [31mfc[0m=3 [31mport[0m=COM3 [31mqty[0m=2 [31mslave_id[0m=5
[33mWARN[0m[2025-04-14 15:12:07] Lỗi giao tiếp khác                            [33mdevice[0m=Selec_MFM383A [33merror[0m="modbus: response slave id '128' does not match request '5'" [33merror_type[0m="*errors.errorString" [33mtag_location[0m=LAB_MR.TAM [33mtag_panel[0m=BAN_4 [33mtag_slave_id_tag[0m=5
[31mERRO[0m[2025-04-14 15:12:07] Port Manager: Giao dịch Modbus thất bại       [31maddr[0m=3006 [31merror[0m="modbus: exception '2' (illegal data address), function '128'" [31mfc[0m=3 [31mport[0m=COM3 [31mqty[0m=2 [31mslave_id[0m=5
[31mERRO[0m[2025-04-14 15:12:07] Lỗi Modbus từ Slave                           [31mdevice[0m=Selec_MFM383A [31merror[0m="modbus: exception '2' (illegal data address), function '128'" [31mexception_code[0m=2 [31mexception_msg[0m="Illegal Data Address" [31mslave_id[0m=5 [31mtag_location[0m=LAB_MR.TAM [31mtag_panel[0m=BAN_4 [31mtag_slave_id_tag[0m=5
[31mERRO[0m[2025-04-14 15:12:07] Port Manager: Giao dịch Modbus thất bại       [31maddr[0m=3008 [31merror[0m="modbus: exception '2' (illegal data address), function '128'" [31mfc[0m=3 [31mport[0m=COM3 [31mqty[0m=2 [31mslave_id[0m=5
[31mERRO[0m[2025-04-14 15:12:07] Lỗi Modbus từ Slave                           [31mdevice[0m=Selec_MFM383A [31merror[0m="modbus: exception '2' (illegal data address), function '128'" [31mexception_code[0m=2 [31mexception_msg[0m="Illegal Data Address" [31mslave_id[0m=5 [31mtag_location[0m=LAB_MR.TAM [31mtag_panel[0m=BAN_4 [31mtag_slave_id_tag[0m=5
[31mERRO[0m[2025-04-14 15:12:08] Port Manager: Giao dịch Modbus thất bại       [31maddr[0m=3010 [31merror[0m="serial: timeout" [31mfc[0m=3 [31mport[0m=COM3 [31mqty[0m=2 [31mslave_id[0m=5
[33mWARN[0m[2025-04-14 15:12:08] Lỗi giao tiếp khác                            [33mdevice[0m=Selec_MFM383A [33merror[0m="serial: timeout" [33merror_type[0m="*errors.errorString" [33mtag_location[0m=LAB_MR.TAM [33mtag_panel[0m=BAN_4 [33mtag_slave_id_tag[0m=5
[31mERRO[0m[2025-04-14 15:12:09] Port Manager: Giao dịch Modbus thất bại       [31maddr[0m=3012 [31merror[0m="modbus: response crc '33026' does not match expected '16387'" [31mfc[0m=3 [31mport[0m=COM3 [31mqty[0m=2 [31mslave_id[0m=5
[33mWARN[0m[2025-04-14 15:12:09] Lỗi giao tiếp khác                            [33mdevice[0m=Selec_MFM383A [33merror[0m="modbus: response crc '33026' does not match expected '16387'" [33merror_type[0m="*errors.errorString" [33mtag_location[0m=LAB_MR.TAM [33mtag_panel[0m=BAN_4 [33mtag_slave_id_tag[0m=5
[31mERRO[0m[2025-04-14 15:12:09] Port Manager: Giao dịch Modbus thất bại       [31maddr[0m=3014 [31merror[0m="modbus: response slave id '192' does not match request '5'" [31mfc[0m=3 [31mport[0m=COM3 [31mqty[0m=2 [31mslave_id[0m=5
[33mWARN[0m[2025-04-14 15:12:09] Lỗi giao tiếp khác                            [33mdevice[0m=Selec_MFM383A [33merror[0m="modbus: response slave id '192' does not match request '5'" [33merror_type[0m="*errors.errorString" [33mtag_location[0m=LAB_MR.TAM [33mtag_panel[0m=BAN_4 [33mtag_slave_id_tag[0m=5
[31mERRO[0m[2025-04-14 15:12:09] Port Manager: Giao dịch Modbus thất bại       [31maddr[0m=3016 [31merror[0m="modbus: response slave id '129' does not match request '5'" [31mfc[0m=3 [31mport[0m=COM3 [31mqty[0m=2 [31mslave_id[0m=5
[33mWARN[0m[2025-04-14 15:12:09] Lỗi giao tiếp khác                            [33mdevice[0m=Selec_MFM383A [33merror[0m="modbus: response slave id '129' does not match request '5'" [33merror_type[0m="*errors.errorString" [33mtag_location[0m=LAB_MR.TAM [33mtag_panel[0m=BAN_4 [33mtag_slave_id_tag[0m=5
[31mERRO[0m[2025-04-14 15:12:09] Port Manager: Giao dịch Modbus thất bại       [31maddr[0m=3018 [31merror[0m="modbus: response slave id '2' does not match request '5'" [31mfc[0m=3 [31mport[0m=COM3 [31mqty[0m=2 [31mslave_id[0m=5
[33mWARN[0m[2025-04-14 15:12:09] Lỗi giao tiếp khác                            [33mdevice[0m=Selec_MFM383A [33merror[0m="modbus: response slave id '2' does not match request '5'" [33merror_type[0m="*errors.errorString" [33mtag_location[0m=LAB_MR.TAM [33mtag_panel[0m=BAN_4 [33mtag_slave_id_tag[0m=5
[31mERRO[0m[2025-04-14 15:12:09] Port Manager: Giao dịch Modbus thất bại       [31maddr[0m=3020 [31merror[0m="modbus: response slave id '128' does not match request '5'" [31mfc[0m=3 [31mport[0m=COM3 [31mqty[0m=2 [31mslave_id[0m=5
[33mWARN[0m[2025-04-14 15:12:09] Lỗi giao tiếp khác                            [33mdevice[0m=Selec_MFM383A [33merror[0m="modbus: response slave id '128' does not match request '5'" [33merror_type[0m="*errors.errorString" [33mtag_location[0m=LAB_MR.TAM [33mtag_panel[0m=BAN_4 [33mtag_slave_id_tag[0m=5
[31mERRO[0m[2025-04-14 15:12:09] Port Manager: Giao dịch Modbus thất bại       [31maddr[0m=3022 [31merror[0m="modbus: exception '2' (illegal data address), function '128'" [31mfc[0m=3 [31mport[0m=COM3 [31mqty[0m=2 [31mslave_id[0m=5
[31mERRO[0m[2025-04-14 15:12:09] Lỗi Modbus từ Slave                           [31mdevice[0m=Selec_MFM383A [31merror[0m="modbus: exception '2' (illegal data address), function '128'" [31mexception_code[0m=2 [31mexception_msg[0m="Illegal Data Address" [31mslave_id[0m=5 [31mtag_location[0m=LAB_MR.TAM [31mtag_panel[0m=BAN_4 [31mtag_slave_id_tag[0m=5
[31mERRO[0m[2025-04-14 15:12:09] Port Manager: Giao dịch Modbus thất bại       [31maddr[0m=3024 [31merror[0m="modbus: exception '2' (illegal data address), function '128'" [31mfc[0m=3 [31mport[0m=COM3 [31mqty[0m=2 [31mslave_id[0m=5
[31mERRO[0m[2025-04-14 15:12:09] Lỗi Modbus từ Slave                           [31mdevice[0m=Selec_MFM383A [31merror[0m="modbus: exception '2' (illegal data address), function '128'" [31mexception_code[0m=2 [31mexception_msg[0m="Illegal Data Address" [31mslave_id[0m=5 [31mtag_location[0m=LAB_MR.TAM [31mtag_panel[0m=BAN_4 [31mtag_slave_id_tag[0m=5
[31mERRO[0m[2025-04-14 15:12:09] Port Manager: Giao dịch Modbus thất bại       [31maddr[0m=3026 [31merror[0m="modbus: response crc '59897' does not match expected '34625'" [31mfc[0m=3 [31mport[0m=COM3 [31mqty[0m=2 [31mslave_id[0m=5
[33mWARN[0m[2025-04-14 15:12:09] Lỗi giao tiếp khác                            [33mdevice[0m=Selec_MFM383A [33merror[0m="modbus: response crc '59897' does not match expected '34625'" [33merror_type[0m="*errors.errorString" [33mtag_location[0m=LAB_MR.TAM [33mtag_panel[0m=BAN_4 [33mtag_slave_id_tag[0m=5
[31mERRO[0m[2025-04-14 15:12:09] Port Manager: Giao dịch Modbus thất bại       [31maddr[0m=3028 [31merror[0m="modbus: response crc '33026' does not match expected '16387'" [31mfc[0m=3 [31mport[0m=COM3 [31mqty[0m=2 [31mslave_id[0m=5
[33mWARN[0m[2025-04-14 15:12:09] Lỗi giao tiếp khác                            [33mdevice[0m=Selec_MFM383A [33merror[0m="modbus: response crc '33026' does not match expected '16387'" [33merror_type[0m="*errors.errorString" [33mtag_location[0m=LAB_MR.TAM [33mtag_panel[0m=BAN_4 [33mtag_slave_id_tag[0m=5
[31mERRO[0m[2025-04-14 15:12:09] Port Manager: Giao dịch Modbus thất bại       [31maddr[0m=3030 [31merror[0m="modbus: response slave id '192' does not match request '5'" [31mfc[0m=3 [31mport[0m=COM3 [31mqty[0m=2 [31mslave_id[0m=5
[33mWARN[0m[2025-04-14 15:12:09] Lỗi giao tiếp khác                            [33mdevice[0m=Selec_MFM383A [33merror[0m="modbus: response slave id '192' does not match request '5'" [33merror_type[0m="*errors.errorString" [33mtag_location[0m=LAB_MR.TAM [33mtag_panel[0m=BAN_4 [33mtag_slave_id_tag[0m=5
[31mERRO[0m[2025-04-14 15:12:09] Port Manager: Giao dịch Modbus thất bại       [31maddr[0m=3032 [31merror[0m="modbus: response slave id '129' does not match request '5'" [31mfc[0m=3 [31mport[0m=COM3 [31mqty[0m=2 [31mslave_id[0m=5
[33mWARN[0m[2025-04-14 15:12:09] Lỗi giao tiếp khác                            [33mdevice[0m=Selec_MFM383A [33merror[0m="modbus: response slave id '129' does not match request '5'" [33merror_type[0m="*errors.errorString" [33mtag_location[0m=LAB_MR.TAM [33mtag_panel[0m=BAN_4 [33mtag_slave_id_tag[0m=5
[31mERRO[0m[2025-04-14 15:12:09] Port Manager: Giao dịch Modbus thất bại       [31maddr[0m=3034 [31merror[0m="modbus: response slave id '2' does not match request '5'" [31mfc[0m=3 [31mport[0m=COM3 [31mqty[0m=2 [31mslave_id[0m=5
[33mWARN[0m[2025-04-14 15:12:09] Lỗi giao tiếp khác                            [33mdevice[0m=Selec_MFM383A [33merror[0m="modbus: response slave id '2' does not match request '5'" [33merror_type[0m="*errors.errorString" [33mtag_location[0m=LAB_MR.TAM [33mtag_panel[0m=BAN_4 [33mtag_slave_id_tag[0m=5
[31mERRO[0m[2025-04-14 15:12:09] Port Manager: Giao dịch Modbus thất bại       [31maddr[0m=3036 [31merror[0m="modbus: response slave id '128' does not match request '5'" [31mfc[0m=3 [31mport[0m=COM3 [31mqty[0m=2 [31mslave_id[0m=5
[33mWARN[0m[2025-04-14 15:12:09] Lỗi giao tiếp khác                            [33mdevice[0m=Selec_MFM383A [33merror[0m="modbus: response slave id '128' does not match request '5'" [33merror_type[0m="*errors.errorString" [33mtag_location[0m=LAB_MR.TAM [33mtag_panel[0m=BAN_4 [33mtag_slave_id_tag[0m=5
[31mERRO[0m[2025-04-14 15:12:09] Port Manager: Giao dịch Modbus thất bại       [31maddr[0m=3038 [31merror[0m="modbus: response crc '33026' does not match expected '16387'" [31mfc[0m=3 [31mport[0m=COM3 [31mqty[0m=2 [31mslave_id[0m=5
[33mWARN[0m[2025-04-14 15:12:09] Lỗi giao tiếp khác                            [33mdevice[0m=Selec_MFM383A [33merror[0m="modbus: response crc '33026' does not match expected '16387'" [33merror_type[0m="*errors.errorString" [33mtag_location[0m=LAB_MR.TAM [33mtag_panel[0m=BAN_4 [33mtag_slave_id_tag[0m=5
[31mERRO[0m[2025-04-14 15:12:09] Port Manager: Giao dịch Modbus thất bại       [31maddr[0m=3040 [31merror[0m="modbus: response slave id '192' does not match request '5'" [31mfc[0m=3 [31mport[0m=COM3 [31mqty[0m=2 [31mslave_id[0m=5
[33mWARN[0m[2025-04-14 15:12:09] Lỗi giao tiếp khác                            [33mdevice[0m=Selec_MFM383A [33merror[0m="modbus: response slave id '192' does not match request '5'" [33merror_type[0m="*errors.errorString" [33mtag_location[0m=LAB_MR.TAM [33mtag_panel[0m=BAN_4 [33mtag_slave_id_tag[0m=5
[31mERRO[0m[2025-04-14 15:12:09] Port Manager: Giao dịch Modbus thất bại       [31maddr[0m=3042 [31merror[0m="modbus: response slave id '129' does not match request '5'" [31mfc[0m=3 [31mport[0m=COM3 [31mqty[0m=2 [31mslave_id[0m=5
[33mWARN[0m[2025-04-14 15:12:09] Lỗi giao tiếp khác                            [33mdevice[0m=Selec_MFM383A [33merror[0m="modbus: response slave id '129' does not match request '5'" [33merror_type[0m="*errors.errorString" [33mtag_location[0m=LAB_MR.TAM [33mtag_panel[0m=BAN_4 [33mtag_slave_id_tag[0m=5
[31mERRO[0m[2025-04-14 15:12:09] Port Manager: Giao dịch Modbus thất bại       [31maddr[0m=3044 [31merror[0m="modbus: response crc '33026' does not match expected '16387'" [31mfc[0m=3 [31mport[0m=COM3 [31mqty[0m=2 [31mslave_id[0m=5
[33mWARN[0m[2025-04-14 15:12:09] Lỗi giao tiếp khác                            [33mdevice[0m=Selec_MFM383A [33merror[0m="modbus: response crc '33026' does not match expected '16387'" [33merror_type[0m="*errors.errorString" [33mtag_location[0m=LAB_MR.TAM [33mtag_panel[0m=BAN_4 [33mtag_slave_id_tag[0m=5
[31mERRO[0m[2025-04-14 15:12:10] Port Manager: Giao dịch Modbus thất bại       [31maddr[0m=3046 [31merror[0m="modbus: response slave id '192' does not match request '5'" [31mfc[0m=3 [31mport[0m=COM3 [31mqty[0m=2 [31mslave_id[0m=5
[33mWARN[0m[2025-04-14 15:12:10] Lỗi giao tiếp khác                            [33mdevice[0m=Selec_MFM383A [33merror[0m="modbus: response slave id '192' does not match request '5'" [33merror_type[0m="*errors.errorString" [33mtag_location[0m=LAB_MR.TAM [33mtag_panel[0m=BAN_4 [33mtag_slave_id_tag[0m=5
[31mERRO[0m[2025-04-14 15:12:10] Port Manager: Giao dịch Modbus thất bại       [31maddr[0m=3048 [31merror[0m="modbus: response slave id '129' does not match request '5'" [31mfc[0m=3 [31mport[0m=COM3 [31mqty[0m=2 [31mslave_id[0m=5
[33mWARN[0m[2025-04-14 15:12:10] Lỗi giao tiếp khác                            [33mdevice[0m=Selec_MFM383A [33merror[0m="modbus: response slave id '129' does not match request '5'" [33merror_type[0m="*errors.errorString" [33mtag_location[0m=LAB_MR.TAM [33mtag_panel[0m=BAN_4 [33mtag_slave_id_tag[0m=5
[31mERRO[0m[2025-04-14 15:12:10] Port Manager: Giao dịch Modbus thất bại       [31maddr[0m=3050 [31merror[0m="modbus: response crc '33026' does not match expected '16387'" [31mfc[0m=3 [31mport[0m=COM3 [31mqty[0m=2 [31mslave_id[0m=5
[33mWARN[0m[2025-04-14 15:12:10] Lỗi giao tiếp khác                            [33mdevice[0m=Selec_MFM383A [33merror[0m="modbus: response crc '33026' does not match expected '16387'" [33merror_type[0m="*errors.errorString" [33mtag_location[0m=LAB_MR.TAM [33mtag_panel[0m=BAN_4 [33mtag_slave_id_tag[0m=5
[31mERRO[0m[2025-04-14 15:12:10] Port Manager: Giao dịch Modbus thất bại       [31maddr[0m=3052 [31merror[0m="modbus: response slave id '192' does not match request '5'" [31mfc[0m=3 [31mport[0m=COM3 [31mqty[0m=2 [31mslave_id[0m=5
[33mWARN[0m[2025-04-14 15:12:10] Lỗi giao tiếp khác                            [33mdevice[0m=Selec_MFM383A [33merror[0m="modbus: response slave id '192' does not match request '5'" [33merror_type[0m="*errors.errorString" [33mtag_location[0m=LAB_MR.TAM [33mtag_panel[0m=BAN_4 [33mtag_slave_id_tag[0m=5
[31mERRO[0m[2025-04-14 15:12:10] Port Manager: Giao dịch Modbus thất bại       [31maddr[0m=3054 [31merror[0m="modbus: response crc '33026' does not match expected '16387'" [31mfc[0m=3 [31mport[0m=COM3 [31mqty[0m=2 [31mslave_id[0m=5
[33mWARN[0m[2025-04-14 15:12:10] Lỗi giao tiếp khác                            [33mdevice[0m=Selec_MFM383A [33merror[0m="modbus: response crc '33026' does not match expected '16387'" [33merror_type[0m="*errors.errorString" [33mtag_location[0m=LAB_MR.TAM [33mtag_panel[0m=BAN_4 [33mtag_slave_id_tag[0m=5
[31mERRO[0m[2025-04-14 15:12:10] Port Manager: Giao dịch Modbus thất bại       [31maddr[0m=3056 [31merror[0m="modbus: response slave id '192' does not match request '5'" [31mfc[0m=3 [31mport[0m=COM3 [31mqty[0m=2 [31mslave_id[0m=5
[33mWARN[0m[2025-04-14 15:12:10] Lỗi giao tiếp khác                            [33mdevice[0m=Selec_MFM383A [33merror[0m="modbus: response slave id '192' does not match request '5'" [33merror_type[0m="*errors.errorString" [33mtag_location[0m=LAB_MR.TAM [33mtag_panel[0m=BAN_4 [33mtag_slave_id_tag[0m=5
[31mERRO[0m[2025-04-14 15:12:10] Port Manager: Giao dịch Modbus thất bại       [31maddr[0m=3058 [31merror[0m="modbus: response slave id '129' does not match request '5'" [31mfc[0m=3 [31mport[0m=COM3 [31mqty[0m=2 [31mslave_id[0m=5
[33mWARN[0m[2025-04-14 15:12:10] Lỗi giao tiếp khác                            [33mdevice[0m=Selec_MFM383A [33merror[0m="modbus: response slave id '129' does not match request '5'" [33merror_type[0m="*errors.errorString" [33mtag_location[0m=LAB_MR.TAM [33mtag_panel[0m=BAN_4 [33mtag_slave_id_tag[0m=5
[36mINFO[0m[2025-04-14 15:12:10] Hoàn thành chu kỳ đọc và ghi dữ liệu          [36mdevice[0m=Selec_MFM383A [36mduration_ms[0m=2737 [36merrors[0m=30 [36mtag_location[0m=LAB_MR.TAM [36mtag_panel[0m=BAN_4 [36mtag_slave_id_tag[0m=5
[31mERRO[0m[2025-04-14 15:12:10] Port Manager: Giao dịch Modbus thất bại       [31maddr[0m=3000 [31merror[0m="modbus: response slave id '2' does not match request '5'" [31mfc[0m=3 [31mport[0m=COM3 [31mqty[0m=2 [31mslave_id[0m=5
[33mWARN[0m[2025-04-14 15:12:10] Lỗi giao tiếp khác                            [33mdevice[0m=Selec_MFM383A [33merror[0m="modbus: response slave id '2' does not match request '5'" [33merror_type[0m="*errors.errorString" [33mtag_location[0m=LAB_MR.TAM [33mtag_panel[0m=BAN_4 [33mtag_slave_id_tag[0m=5
[31mERRO[0m[2025-04-14 15:12:10] Port Manager: Giao dịch Modbus thất bại       [31maddr[0m=3002 [31merror[0m="modbus: response slave id '128' does not match request '5'" [31mfc[0m=3 [31mport[0m=COM3 [31mqty[0m=2 [31mslave_id[0m=5
[33mWARN[0m[2025-04-14 15:12:10] Lỗi giao tiếp khác                            [33mdevice[0m=Selec_MFM383A [33merror[0m="modbus: response slave id '128' does not match request '5'" [33merror_type[0m="*errors.errorString" [33mtag_location[0m=LAB_MR.TAM [33mtag_panel[0m=BAN_4 [33mtag_slave_id_tag[0m=5
[31mERRO[0m[2025-04-14 15:12:10] Port Manager: Giao dịch Modbus thất bại       [31maddr[0m=3004 [31merror[0m="modbus: exception '2' (illegal data address), function '128'" [31mfc[0m=3 [31mport[0m=COM3 [31mqty[0m=2 [31mslave_id[0m=5
[31mERRO[0m[2025-04-14 15:12:10] Lỗi Modbus từ Slave                           [31mdevice[0m=Selec_MFM383A [31merror[0m="modbus: exception '2' (illegal data address), function '128'" [31mexception_code[0m=2 [31mexception_msg[0m="Illegal Data Address" [31mslave_id[0m=5 [31mtag_location[0m=LAB_MR.TAM [31mtag_panel[0m=BAN_4 [31mtag_slave_id_tag[0m=5
[31mERRO[0m[2025-04-14 15:12:10] Port Manager: Giao dịch Modbus thất bại       [31maddr[0m=3006 [31merror[0m="modbus: exception '2' (illegal data address), function '128'" [31mfc[0m=3 [31mport[0m=COM3 [31mqty[0m=2 [31mslave_id[0m=5
[31mERRO[0m[2025-04-14 15:12:10] Lỗi Modbus từ Slave                           [31mdevice[0m=Selec_MFM383A [31merror[0m="modbus: exception '2' (illegal data address), function '128'" [31mexception_code[0m=2 [31mexception_msg[0m="Illegal Data Address" [31mslave_id[0m=5 [31mtag_location[0m=LAB_MR.TAM [31mtag_panel[0m=BAN_4 [31mtag_slave_id_tag[0m=5
[31mERRO[0m[2025-04-14 15:12:10] Port Manager: Giao dịch Modbus thất bại       [31maddr[0m=3008 [31merror[0m="modbus: exception '2' (illegal data address), function '128'" [31mfc[0m=3 [31mport[0m=COM3 [31mqty[0m=2 [31mslave_id[0m=5
[31mERRO[0m[2025-04-14 15:12:10] Lỗi Modbus từ Slave                           [31mdevice[0m=Selec_MFM383A [31merror[0m="modbus: exception '2' (illegal data address), function '128'" [31mexception_code[0m=2 [31mexception_msg[0m="Illegal Data Address" [31mslave_id[0m=5 [31mtag_location[0m=LAB_MR.TAM [31mtag_panel[0m=BAN_4 [31mtag_slave_id_tag[0m=5
[31mERRO[0m[2025-04-14 15:12:10] Port Manager: Giao dịch Modbus thất bại       [31maddr[0m=3010 [31merror[0m="modbus: exception '2' (illegal data address), function '128'" [31mfc[0m=3 [31mport[0m=COM3 [31mqty[0m=2 [31mslave_id[0m=5
[31mERRO[0m[2025-04-14 15:12:10] Lỗi Modbus từ Slave                           [31mdevice[0m=Selec_MFM383A [31merror[0m="modbus: exception '2' (illegal data address), function '128'" [31mexception_code[0m=2 [31mexception_msg[0m="Illegal Data Address" [31mslave_id[0m=5 [31mtag_location[0m=LAB_MR.TAM [31mtag_panel[0m=BAN_4 [31mtag_slave_id_tag[0m=5
[31mERRO[0m[2025-04-14 15:12:10] Port Manager: Giao dịch Modbus thất bại       [31maddr[0m=3012 [31merror[0m="modbus: exception '2' (illegal data address), function '128'" [31mfc[0m=3 [31mport[0m=COM3 [31mqty[0m=2 [31mslave_id[0m=5
[31mERRO[0m[2025-04-14 15:12:10] Lỗi Modbus từ Slave                           [31mdevice[0m=Selec_MFM383A [31merror[0m="modbus: exception '2' (illegal data address), function '128'" [31mexception_code[0m=2 [31mexception_msg[0m="Illegal Data Address" [31mslave_id[0m=5 [31mtag_location[0m=LAB_MR.TAM [31mtag_panel[0m=BAN_4 [31mtag_slave_id_tag[0m=5
[31mERRO[0m[2025-04-14 15:12:10] Port Manager: Giao dịch Modbus thất bại       [31maddr[0m=3014 [31merror[0m="modbus: exception '2' (illegal data address), function '128'" [31mfc[0m=3 [31mport[0m=COM3 [31mqty[0m=2 [31mslave_id[0m=5
[31mERRO[0m[2025-04-14 15:12:10] Lỗi Modbus từ Slave                           [31mdevice[0m=Selec_MFM383A [31merror[0m="modbus: exception '2' (illegal data address), function '128'" [31mexception_code[0m=2 [31mexception_msg[0m="Illegal Data Address" [31mslave_id[0m=5 [31mtag_location[0m=LAB_MR.TAM [31mtag_panel[0m=BAN_4 [31mtag_slave_id_tag[0m=5
[31mERRO[0m[2025-04-14 15:12:11] Port Manager: Giao dịch Modbus thất bại       [31maddr[0m=3016 [31merror[0m="serial: timeout" [31mfc[0m=3 [31mport[0m=COM3 [31mqty[0m=2 [31mslave_id[0m=5
[33mWARN[0m[2025-04-14 15:12:11] Lỗi giao tiếp khác                            [33mdevice[0m=Selec_MFM383A [33merror[0m="serial: timeout" [33merror_type[0m="*errors.errorString" [33mtag_location[0m=LAB_MR.TAM [33mtag_panel[0m=BAN_4 [33mtag_slave_id_tag[0m=5
[31mERRO[0m[2025-04-14 15:12:11] Port Manager: Giao dịch Modbus thất bại       [31maddr[0m=3018 [31merror[0m="modbus: response crc '33026' does not match expected '16387'" [31mfc[0m=3 [31mport[0m=COM3 [31mqty[0m=2 [31mslave_id[0m=5
[33mWARN[0m[2025-04-14 15:12:11] Lỗi giao tiếp khác                            [33mdevice[0m=Selec_MFM383A [33merror[0m="modbus: response crc '33026' does not match expected '16387'" [33merror_type[0m="*errors.errorString" [33mtag_location[0m=LAB_MR.TAM [33mtag_panel[0m=BAN_4 [33mtag_slave_id_tag[0m=5
[31mERRO[0m[2025-04-14 15:12:11] Port Manager: Giao dịch Modbus thất bại       [31maddr[0m=3020 [31merror[0m="modbus: response slave id '192' does not match request '5'" [31mfc[0m=3 [31mport[0m=COM3 [31mqty[0m=2 [31mslave_id[0m=5
[33mWARN[0m[2025-04-14 15:12:11] Lỗi giao tiếp khác                            [33mdevice[0m=Selec_MFM383A [33merror[0m="modbus: response slave id '192' does not match request '5'" [33merror_type[0m="*errors.errorString" [33mtag_location[0m=LAB_MR.TAM [33mtag_panel[0m=BAN_4 [33mtag_slave_id_tag[0m=5
[31mERRO[0m[2025-04-14 15:12:12] Port Manager: Giao dịch Modbus thất bại       [31maddr[0m=3022 [31merror[0m="modbus: response slave id '129' does not match request '5'" [31mfc[0m=3 [31mport[0m=COM3 [31mqty[0m=2 [31mslave_id[0m=5
[33mWARN[0m[2025-04-14 15:12:12] Lỗi giao tiếp khác                            [33mdevice[0m=Selec_MFM383A [33merror[0m="modbus: response slave id '129' does not match request '5'" [33merror_type[0m="*errors.errorString" [33mtag_location[0m=LAB_MR.TAM [33mtag_panel[0m=BAN_4 [33mtag_slave_id_tag[0m=5
[31mERRO[0m[2025-04-14 15:12:12] Port Manager: Giao dịch Modbus thất bại       [31maddr[0m=3024 [31merror[0m="modbus: response slave id '2' does not match request '5'" [31mfc[0m=3 [31mport[0m=COM3 [31mqty[0m=2 [31mslave_id[0m=5
[33mWARN[0m[2025-04-14 15:12:12] Lỗi giao tiếp khác                            [33mdevice[0m=Selec_MFM383A [33merror[0m="modbus: response slave id '2' does not match request '5'" [33merror_type[0m="*errors.errorString" [33mtag_location[0m=LAB_MR.TAM [33mtag_panel[0m=BAN_4 [33mtag_slave_id_tag[0m=5
[31mERRO[0m[2025-04-14 15:12:12] Port Manager: Giao dịch Modbus thất bại       [31maddr[0m=3026 [31merror[0m="modbus: response slave id '128' does not match request '5'" [31mfc[0m=3 [31mport[0m=COM3 [31mqty[0m=2 [31mslave_id[0m=5
[33mWARN[0m[2025-04-14 15:12:12] Lỗi giao tiếp khác                            [33mdevice[0m=Selec_MFM383A [33merror[0m="modbus: response slave id '128' does not match request '5'" [33merror_type[0m="*errors.errorString" [33mtag_location[0m=LAB_MR.TAM [33mtag_panel[0m=BAN_4 [33mtag_slave_id_tag[0m=5
[31mERRO[0m[2025-04-14 15:12:12] Port Manager: Giao dịch Modbus thất bại       [31maddr[0m=3028 [31merror[0m="modbus: exception '2' (illegal data address), function '128'" [31mfc[0m=3 [31mport[0m=COM3 [31mqty[0m=2 [31mslave_id[0m=5
[31mERRO[0m[2025-04-14 15:12:12] Lỗi Modbus từ Slave                           [31mdevice[0m=Selec_MFM383A [31merror[0m="modbus: exception '2' (illegal data address), function '128'" [31mexception_code[0m=2 [31mexception_msg[0m="Illegal Data Address" [31mslave_id[0m=5 [31mtag_location[0m=LAB_MR.TAM [31mtag_panel[0m=BAN_4 [31mtag_slave_id_tag[0m=5
[31mERRO[0m[2025-04-14 15:12:12] Port Manager: Giao dịch Modbus thất bại       [31maddr[0m=3030 [31merror[0m="modbus: exception '2' (illegal data address), function '128'" [31mfc[0m=3 [31mport[0m=COM3 [31mqty[0m=2 [31mslave_id[0m=5
[31mERRO[0m[2025-04-14 15:12:12] Lỗi Modbus từ Slave                           [31mdevice[0m=Selec_MFM383A [31merror[0m="modbus: exception '2' (illegal data address), function '128'" [31mexception_code[0m=2 [31mexception_msg[0m="Illegal Data Address" [31mslave_id[0m=5 [31mtag_location[0m=LAB_MR.TAM [31mtag_panel[0m=BAN_4 [31mtag_slave_id_tag[0m=5
[31mERRO[0m[2025-04-14 15:12:13] Port Manager: Giao dịch Modbus thất bại       [31maddr[0m=3032 [31merror[0m="serial: timeout" [31mfc[0m=3 [31mport[0m=COM3 [31mqty[0m=2 [31mslave_id[0m=5
[33mWARN[0m[2025-04-14 15:12:13] Lỗi giao tiếp khác                            [33mdevice[0m=Selec_MFM383A [33merror[0m="serial: timeout" [33merror_type[0m="*errors.errorString" [33mtag_location[0m=LAB_MR.TAM [33mtag_panel[0m=BAN_4 [33mtag_slave_id_tag[0m=5
[31mERRO[0m[2025-04-14 15:12:13] Port Manager: Giao dịch Modbus thất bại       [31maddr[0m=3034 [31merror[0m="modbus: response crc '33026' does not match expected '16387'" [31mfc[0m=3 [31mport[0m=COM3 [31mqty[0m=2 [31mslave_id[0m=5
[33mWARN[0m[2025-04-14 15:12:13] Lỗi giao tiếp khác                            [33mdevice[0m=Selec_MFM383A [33merror[0m="modbus: response crc '33026' does not match expected '16387'" [33merror_type[0m="*errors.errorString" [33mtag_location[0m=LAB_MR.TAM [33mtag_panel[0m=BAN_4 [33mtag_slave_id_tag[0m=5
[31mERRO[0m[2025-04-14 15:12:13] Port Manager: Giao dịch Modbus thất bại       [31maddr[0m=3036 [31merror[0m="modbus: response slave id '192' does not match request '5'" [31mfc[0m=3 [31mport[0m=COM3 [31mqty[0m=2 [31mslave_id[0m=5
[33mWARN[0m[2025-04-14 15:12:13] Lỗi giao tiếp khác                            [33mdevice[0m=Selec_MFM383A [33merror[0m="modbus: response slave id '192' does not match request '5'" [33merror_type[0m="*errors.errorString" [33mtag_location[0m=LAB_MR.TAM [33mtag_panel[0m=BAN_4 [33mtag_slave_id_tag[0m=5
[31mERRO[0m[2025-04-14 15:12:13] Port Manager: Giao dịch Modbus thất bại       [31maddr[0m=3038 [31merror[0m="modbus: response slave id '129' does not match request '5'" [31mfc[0m=3 [31mport[0m=COM3 [31mqty[0m=2 [31mslave_id[0m=5
[33mWARN[0m[2025-04-14 15:12:13] Lỗi giao tiếp khác                            [33mdevice[0m=Selec_MFM383A [33merror[0m="modbus: response slave id '129' does not match request '5'" [33merror_type[0m="*errors.errorString" [33mtag_location[0m=LAB_MR.TAM [33mtag_panel[0m=BAN_4 [33mtag_slave_id_tag[0m=5
[31mERRO[0m[2025-04-14 15:12:13] Port Manager: Giao dịch Modbus thất bại       [31maddr[0m=3040 [31merror[0m="modbus: response slave id '2' does not match request '5'" [31mfc[0m=3 [31mport[0m=COM3 [31mqty[0m=2 [31mslave_id[0m=5
[33mWARN[0m[2025-04-14 15:12:13] Lỗi giao tiếp khác                            [33mdevice[0m=Selec_MFM383A [33merror[0m="modbus: response slave id '2' does not match request '5'" [33merror_type[0m="*errors.errorString" [33mtag_location[0m=LAB_MR.TAM [33mtag_panel[0m=BAN_4 [33mtag_slave_id_tag[0m=5
[31mERRO[0m[2025-04-14 15:12:13] Port Manager: Giao dịch Modbus thất bại       [31maddr[0m=3042 [31merror[0m="modbus: response slave id '128' does not match request '5'" [31mfc[0m=3 [31mport[0m=COM3 [31mqty[0m=2 [31mslave_id[0m=5
[33mWARN[0m[2025-04-14 15:12:13] Lỗi giao tiếp khác                            [33mdevice[0m=Selec_MFM383A [33merror[0m="modbus: response slave id '128' does not match request '5'" [33merror_type[0m="*errors.errorString" [33mtag_location[0m=LAB_MR.TAM [33mtag_panel[0m=BAN_4 [33mtag_slave_id_tag[0m=5
[31mERRO[0m[2025-04-14 15:12:13] Port Manager: Giao dịch Modbus thất bại       [31maddr[0m=3044 [31merror[0m="modbus: exception '2' (illegal data address), function '128'" [31mfc[0m=3 [31mport[0m=COM3 [31mqty[0m=2 [31mslave_id[0m=5
[31mERRO[0m[2025-04-14 15:12:13] Lỗi Modbus từ Slave                           [31mdevice[0m=Selec_MFM383A [31merror[0m="modbus: exception '2' (illegal data address), function '128'" [31mexception_code[0m=2 [31mexception_msg[0m="Illegal Data Address" [31mslave_id[0m=5 [31mtag_location[0m=LAB_MR.TAM [31mtag_panel[0m=BAN_4 [31mtag_slave_id_tag[0m=5
[31mERRO[0m[2025-04-14 15:12:13] Port Manager: Giao dịch Modbus thất bại       [31maddr[0m=3046 [31merror[0m="modbus: exception '2' (illegal data address), function '128'" [31mfc[0m=3 [31mport[0m=COM3 [31mqty[0m=2 [31mslave_id[0m=5
[31mERRO[0m[2025-04-14 15:12:13] Lỗi Modbus từ Slave                           [31mdevice[0m=Selec_MFM383A [31merror[0m="modbus: exception '2' (illegal data address), function '128'" [31mexception_code[0m=2 [31mexception_msg[0m="Illegal Data Address" [31mslave_id[0m=5 [31mtag_location[0m=LAB_MR.TAM [31mtag_panel[0m=BAN_4 [31mtag_slave_id_tag[0m=5
[31mERRO[0m[2025-04-14 15:12:14] Port Manager: Giao dịch Modbus thất bại       [31maddr[0m=3048 [31merror[0m="serial: timeout" [31mfc[0m=3 [31mport[0m=COM3 [31mqty[0m=2 [31mslave_id[0m=5
[33mWARN[0m[2025-04-14 15:12:14] Lỗi giao tiếp khác                            [33mdevice[0m=Selec_MFM383A [33merror[0m="serial: timeout" [33merror_type[0m="*errors.errorString" [33mtag_location[0m=LAB_MR.TAM [33mtag_panel[0m=BAN_4 [33mtag_slave_id_tag[0m=5
[31mERRO[0m[2025-04-14 15:12:14] Port Manager: Giao dịch Modbus thất bại       [31maddr[0m=3050 [31merror[0m="modbus: response crc '33026' does not match expected '16387'" [31mfc[0m=3 [31mport[0m=COM3 [31mqty[0m=2 [31mslave_id[0m=5
[33mWARN[0m[2025-04-14 15:12:14] Lỗi giao tiếp khác                            [33mdevice[0m=Selec_MFM383A [33merror[0m="modbus: response crc '33026' does not match expected '16387'" [33merror_type[0m="*errors.errorString" [33mtag_location[0m=LAB_MR.TAM [33mtag_panel[0m=BAN_4 [33mtag_slave_id_tag[0m=5
[31mERRO[0m[2025-04-14 15:12:14] Port Manager: Giao dịch Modbus thất bại       [31maddr[0m=3052 [31merror[0m="modbus: response slave id '192' does not match request '5'" [31mfc[0m=3 [31mport[0m=COM3 [31mqty[0m=2 [31mslave_id[0m=5
[33mWARN[0m[2025-04-14 15:12:14] Lỗi giao tiếp khác                            [33mdevice[0m=Selec_MFM383A [33merror[0m="modbus: response slave id '192' does not match request '5'" [33merror_type[0m="*errors.errorString" [33mtag_location[0m=LAB_MR.TAM [33mtag_panel[0m=BAN_4 [33mtag_slave_id_tag[0m=5
[31mERRO[0m[2025-04-14 15:12:14] Port Manager: Giao dịch Modbus thất bại       [31maddr[0m=3054 [31merror[0m="modbus: response slave id '129' does not match request '5'" [31mfc[0m=3 [31mport[0m=COM3 [31mqty[0m=2 [31mslave_id[0m=5
[33mWARN[0m[2025-04-14 15:12:14] Lỗi giao tiếp khác                            [33mdevice[0m=Selec_MFM383A [33merror[0m="modbus: response slave id '129' does not match request '5'" [33merror_type[0m="*errors.errorString" [33mtag_location[0m=LAB_MR.TAM [33mtag_panel[0m=BAN_4 [33mtag_slave_id_tag[0m=5
[31mERRO[0m[2025-04-14 15:12:14] Port Manager: Giao dịch Modbus thất bại       [31maddr[0m=3056 [31merror[0m="modbus: response slave id '2' does not match request '5'" [31mfc[0m=3 [31mport[0m=COM3 [31mqty[0m=2 [31mslave_id[0m=5
[33mWARN[0m[2025-04-14 15:12:14] Lỗi giao tiếp khác                            [33mdevice[0m=Selec_MFM383A [33merror[0m="modbus: response slave id '2' does not match request '5'" [33merror_type[0m="*errors.errorString" [33mtag_location[0m=LAB_MR.TAM [33mtag_panel[0m=BAN_4 [33mtag_slave_id_tag[0m=5
[31mERRO[0m[2025-04-14 15:12:15] Port Manager: Giao dịch Modbus thất bại       [31maddr[0m=3058 [31merror[0m="modbus: response slave id '128' does not match request '5'" [31mfc[0m=3 [31mport[0m=COM3 [31mqty[0m=2 [31mslave_id[0m=5
[33mWARN[0m[2025-04-14 15:12:15] Lỗi giao tiếp khác                            [33mdevice[0m=Selec_MFM383A [33merror[0m="modbus: response slave id '128' does not match request '5'" [33merror_type[0m="*errors.errorString" [33mtag_location[0m=LAB_MR.TAM [33mtag_panel[0m=BAN_4 [33mtag_slave_id_tag[0m=5
[36mINFO[0m[2025-04-14 15:12:15] Hoàn thành chu kỳ đọc và ghi dữ liệu          [36mdevice[0m=Selec_MFM383A [36mduration_ms[0m=4620 [36merrors[0m=30 [36mtag_location[0m=LAB_MR.TAM [36mtag_panel[0m=BAN_4 [36mtag_slave_id_tag[0m=5
[31mERRO[0m[2025-04-14 15:12:15] Port Manager: Giao dịch Modbus thất bại       [31maddr[0m=3000 [31merror[0m="modbus: exception '2' (illegal data address), function '128'" [31mfc[0m=3 [31mport[0m=COM3 [31mqty[0m=2 [31mslave_id[0m=5
[31mERRO[0m[2025-04-14 15:12:15] Lỗi Modbus từ Slave                           [31mdevice[0m=Selec_MFM383A [31merror[0m="modbus: exception '2' (illegal data address), function '128'" [31mexception_code[0m=2 [31mexception_msg[0m="Illegal Data Address" [31mslave_id[0m=5 [31mtag_location[0m=LAB_MR.TAM [31mtag_panel[0m=BAN_4 [31mtag_slave_id_tag[0m=5
[31mERRO[0m[2025-04-14 15:12:15] Port Manager: Giao dịch Modbus thất bại       [31maddr[0m=3002 [31merror[0m="modbus: exception '2' (illegal data address), function '128'" [31mfc[0m=3 [31mport[0m=COM3 [31mqty[0m=2 [31mslave_id[0m=5
[31mERRO[0m[2025-04-14 15:12:15] Lỗi Modbus từ Slave                           [31mdevice[0m=Selec_MFM383A [31merror[0m="modbus: exception '2' (illegal data address), function '128'" [31mexception_code[0m=2 [31mexception_msg[0m="Illegal Data Address" [31mslave_id[0m=5 [31mtag_location[0m=LAB_MR.TAM [31mtag_panel[0m=BAN_4 [31mtag_slave_id_tag[0m=5
[31mERRO[0m[2025-04-14 15:12:16] Port Manager: Giao dịch Modbus thất bại       [31maddr[0m=3004 [31merror[0m="serial: timeout" [31mfc[0m=3 [31mport[0m=COM3 [31mqty[0m=2 [31mslave_id[0m=5
[33mWARN[0m[2025-04-14 15:12:16] Lỗi giao tiếp khác                            [33mdevice[0m=Selec_MFM383A [33merror[0m="serial: timeout" [33merror_type[0m="*errors.errorString" [33mtag_location[0m=LAB_MR.TAM [33mtag_panel[0m=BAN_4 [33mtag_slave_id_tag[0m=5
[31mERRO[0m[2025-04-14 15:12:16] Port Manager: Giao dịch Modbus thất bại       [31maddr[0m=3006 [31merror[0m="modbus: response crc '33026' does not match expected '16387'" [31mfc[0m=3 [31mport[0m=COM3 [31mqty[0m=2 [31mslave_id[0m=5
[33mWARN[0m[2025-04-14 15:12:16] Lỗi giao tiếp khác                            [33mdevice[0m=Selec_MFM383A [33merror[0m="modbus: response crc '33026' does not match expected '16387'" [33merror_type[0m="*errors.errorString" [33mtag_location[0m=LAB_MR.TAM [33mtag_panel[0m=BAN_4 [33mtag_slave_id_tag[0m=5
[31mERRO[0m[2025-04-14 15:12:16] Port Manager: Giao dịch Modbus thất bại       [31maddr[0m=3008 [31merror[0m="modbus: response slave id '192' does not match request '5'" [31mfc[0m=3 [31mport[0m=COM3 [31mqty[0m=2 [31mslave_id[0m=5
[33mWARN[0m[2025-04-14 15:12:16] Lỗi giao tiếp khác                            [33mdevice[0m=Selec_MFM383A [33merror[0m="modbus: response slave id '192' does not match request '5'" [33merror_type[0m="*errors.errorString" [33mtag_location[0m=LAB_MR.TAM [33mtag_panel[0m=BAN_4 [33mtag_slave_id_tag[0m=5
[31mERRO[0m[2025-04-14 15:12:16] Port Manager: Giao dịch Modbus thất bại       [31maddr[0m=3010 [31merror[0m="modbus: response slave id '129' does not match request '5'" [31mfc[0m=3 [31mport[0m=COM3 [31mqty[0m=2 [31mslave_id[0m=5
[33mWARN[0m[2025-04-14 15:12:16] Lỗi giao tiếp khác                            [33mdevice[0m=Selec_MFM383A [33merror[0m="modbus: response slave id '129' does not match request '5'" [33merror_type[0m="*errors.errorString" [33mtag_location[0m=LAB_MR.TAM [33mtag_panel[0m=BAN_4 [33mtag_slave_id_tag[0m=5
[31mERRO[0m[2025-04-14 15:12:16] Port Manager: Giao dịch Modbus thất bại       [31maddr[0m=3012 [31merror[0m="modbus: response slave id '2' does not match request '5'" [31mfc[0m=3 [31mport[0m=COM3 [31mqty[0m=2 [31mslave_id[0m=5
[33mWARN[0m[2025-04-14 15:12:16] Lỗi giao tiếp khác                            [33mdevice[0m=Selec_MFM383A [33merror[0m="modbus: response slave id '2' does not match request '5'" [33merror_type[0m="*errors.errorString" [33mtag_location[0m=LAB_MR.TAM [33mtag_panel[0m=BAN_4 [33mtag_slave_id_tag[0m=5
[31mERRO[0m[2025-04-14 15:12:16] Port Manager: Giao dịch Modbus thất bại       [31maddr[0m=3014 [31merror[0m="modbus: response slave id '128' does not match request '5'" [31mfc[0m=3 [31mport[0m=COM3 [31mqty[0m=2 [31mslave_id[0m=5
[33mWARN[0m[2025-04-14 15:12:16] Lỗi giao tiếp khác                            [33mdevice[0m=Selec_MFM383A [33merror[0m="modbus: response slave id '128' does not match request '5'" [33merror_type[0m="*errors.errorString" [33mtag_location[0m=LAB_MR.TAM [33mtag_panel[0m=BAN_4 [33mtag_slave_id_tag[0m=5
[31mERRO[0m[2025-04-14 15:12:16] Port Manager: Giao dịch Modbus thất bại       [31maddr[0m=3016 [31merror[0m="modbus: exception '2' (illegal data address), function '128'" [31mfc[0m=3 [31mport[0m=COM3 [31mqty[0m=2 [31mslave_id[0m=5
[31mERRO[0m[2025-04-14 15:12:16] Lỗi Modbus từ Slave                           [31mdevice[0m=Selec_MFM383A [31merror[0m="modbus: exception '2' (illegal data address), function '128'" [31mexception_code[0m=2 [31mexception_msg[0m="Illegal Data Address" [31mslave_id[0m=5 [31mtag_location[0m=LAB_MR.TAM [31mtag_panel[0m=BAN_4 [31mtag_slave_id_tag[0m=5
[31mERRO[0m[2025-04-14 15:12:16] Port Manager: Giao dịch Modbus thất bại       [31maddr[0m=3018 [31merror[0m="modbus: exception '2' (illegal data address), function '128'" [31mfc[0m=3 [31mport[0m=COM3 [31mqty[0m=2 [31mslave_id[0m=5
[31mERRO[0m[2025-04-14 15:12:16] Lỗi Modbus từ Slave                           [31mdevice[0m=Selec_MFM383A [31merror[0m="modbus: exception '2' (illegal data address), function '128'" [31mexception_code[0m=2 [31mexception_msg[0m="Illegal Data Address" [31mslave_id[0m=5 [31mtag_location[0m=LAB_MR.TAM [31mtag_panel[0m=BAN_4 [31mtag_slave_id_tag[0m=5
[31mERRO[0m[2025-04-14 15:12:16] Port Manager: Giao dịch Modbus thất bại       [31maddr[0m=3020 [31merror[0m="modbus: exception '2' (illegal data address), function '128'" [31mfc[0m=3 [31mport[0m=COM3 [31mqty[0m=2 [31mslave_id[0m=5
[31mERRO[0m[2025-04-14 15:12:16] Lỗi Modbus từ Slave                           [31mdevice[0m=Selec_MFM383A [31merror[0m="modbus: exception '2' (illegal data address), function '128'" [31mexception_code[0m=2 [31mexception_msg[0m="Illegal Data Address" [31mslave_id[0m=5 [31mtag_location[0m=LAB_MR.TAM [31mtag_panel[0m=BAN_4 [31mtag_slave_id_tag[0m=5
[31mERRO[0m[2025-04-14 15:12:16] Port Manager: Giao dịch Modbus thất bại       [31maddr[0m=3022 [31merror[0m="modbus: exception '2' (illegal data address), function '128'" [31mfc[0m=3 [31mport[0m=COM3 [31mqty[0m=2 [31mslave_id[0m=5
[31mERRO[0m[2025-04-14 15:12:16] Lỗi Modbus từ Slave                           [31mdevice[0m=Selec_MFM383A [31merror[0m="modbus: exception '2' (illegal data address), function '128'" [31mexception_code[0m=2 [31mexception_msg[0m="Illegal Data Address" [31mslave_id[0m=5 [31mtag_location[0m=LAB_MR.TAM [31mtag_panel[0m=BAN_4 [31mtag_slave_id_tag[0m=5
[31mERRO[0m[2025-04-14 15:12:16] Port Manager: Giao dịch Modbus thất bại       [31maddr[0m=3024 [31merror[0m="modbus: exception '2' (illegal data address), function '128'" [31mfc[0m=3 [31mport[0m=COM3 [31mqty[0m=2 [31mslave_id[0m=5
[31mERRO[0m[2025-04-14 15:12:16] Lỗi Modbus từ Slave                           [31mdevice[0m=Selec_MFM383A [31merror[0m="modbus: exception '2' (illegal data address), function '128'" [31mexception_code[0m=2 [31mexception_msg[0m="Illegal Data Address" [31mslave_id[0m=5 [31mtag_location[0m=LAB_MR.TAM [31mtag_panel[0m=BAN_4 [31mtag_slave_id_tag[0m=5
[31mERRO[0m[2025-04-14 15:12:16] Port Manager: Giao dịch Modbus thất bại       [31maddr[0m=3026 [31merror[0m="modbus: response slave id '129' does not match request '5'" [31mfc[0m=3 [31mport[0m=COM3 [31mqty[0m=2 [31mslave_id[0m=5
[33mWARN[0m[2025-04-14 15:12:16] Lỗi giao tiếp khác                            [33mdevice[0m=Selec_MFM383A [33merror[0m="modbus: response slave id '129' does not match request '5'" [33merror_type[0m="*errors.errorString" [33mtag_location[0m=LAB_MR.TAM [33mtag_panel[0m=BAN_4 [33mtag_slave_id_tag[0m=5
[31mERRO[0m[2025-04-14 15:12:16] Port Manager: Giao dịch Modbus thất bại       [31maddr[0m=3028 [31merror[0m="modbus: response slave id '129' does not match request '5'" [31mfc[0m=3 [31mport[0m=COM3 [31mqty[0m=2 [31mslave_id[0m=5
[33mWARN[0m[2025-04-14 15:12:16] Lỗi giao tiếp khác                            [33mdevice[0m=Selec_MFM383A [33merror[0m="modbus: response slave id '129' does not match request '5'" [33merror_type[0m="*errors.errorString" [33mtag_location[0m=LAB_MR.TAM [33mtag_panel[0m=BAN_4 [33mtag_slave_id_tag[0m=5
[31mERRO[0m[2025-04-14 15:12:16] Port Manager: Giao dịch Modbus thất bại       [31maddr[0m=3030 [31merror[0m="modbus: response slave id '2' does not match request '5'" [31mfc[0m=3 [31mport[0m=COM3 [31mqty[0m=2 [31mslave_id[0m=5
[33mWARN[0m[2025-04-14 15:12:16] Lỗi giao tiếp khác                            [33mdevice[0m=Selec_MFM383A [33merror[0m="modbus: response slave id '2' does not match request '5'" [33merror_type[0m="*errors.errorString" [33mtag_location[0m=LAB_MR.TAM [33mtag_panel[0m=BAN_4 [33mtag_slave_id_tag[0m=5
[31mERRO[0m[2025-04-14 15:12:16] Port Manager: Giao dịch Modbus thất bại       [31maddr[0m=3032 [31merror[0m="modbus: response slave id '128' does not match request '5'" [31mfc[0m=3 [31mport[0m=COM3 [31mqty[0m=2 [31mslave_id[0m=5
[33mWARN[0m[2025-04-14 15:12:16] Lỗi giao tiếp khác                            [33mdevice[0m=Selec_MFM383A [33merror[0m="modbus: response slave id '128' does not match request '5'" [33merror_type[0m="*errors.errorString" [33mtag_location[0m=LAB_MR.TAM [33mtag_panel[0m=BAN_4 [33mtag_slave_id_tag[0m=5
[31mERRO[0m[2025-04-14 15:12:16] Port Manager: Giao dịch Modbus thất bại       [31maddr[0m=3034 [31merror[0m="modbus: exception '2' (illegal data address), function '128'" [31mfc[0m=3 [31mport[0m=COM3 [31mqty[0m=2 [31mslave_id[0m=5
[31mERRO[0m[2025-04-14 15:12:16] Lỗi Modbus từ Slave                           [31mdevice[0m=Selec_MFM383A [31merror[0m="modbus: exception '2' (illegal data address), function '128'" [31mexception_code[0m=2 [31mexception_msg[0m="Illegal Data Address" [31mslave_id[0m=5 [31mtag_location[0m=LAB_MR.TAM [31mtag_panel[0m=BAN_4 [31mtag_slave_id_tag[0m=5
[31mERRO[0m[2025-04-14 15:12:18] Port Manager: Giao dịch Modbus thất bại       [31maddr[0m=3036 [31merror[0m="serial: timeout" [31mfc[0m=3 [31mport[0m=COM3 [31mqty[0m=2 [31mslave_id[0m=5
[33mWARN[0m[2025-04-14 15:12:18] Lỗi giao tiếp khác                            [33mdevice[0m=Selec_MFM383A [33merror[0m="serial: timeout" [33merror_type[0m="*errors.errorString" [33mtag_location[0m=LAB_MR.TAM [33mtag_panel[0m=BAN_4 [33mtag_slave_id_tag[0m=5
[31mERRO[0m[2025-04-14 15:12:19] Port Manager: Giao dịch Modbus thất bại       [31maddr[0m=3038 [31merror[0m="serial: timeout" [31mfc[0m=3 [31mport[0m=COM3 [31mqty[0m=2 [31mslave_id[0m=5
[33mWARN[0m[2025-04-14 15:12:19] Lỗi giao tiếp khác                            [33mdevice[0m=Selec_MFM383A [33merror[0m="serial: timeout" [33merror_type[0m="*errors.errorString" [33mtag_location[0m=LAB_MR.TAM [33mtag_panel[0m=BAN_4 [33mtag_slave_id_tag[0m=5
[31mERRO[0m[2025-04-14 15:12:20] Port Manager: Giao dịch Modbus thất bại       [31maddr[0m=3040 [31merror[0m="serial: timeout" [31mfc[0m=3 [31mport[0m=COM3 [31mqty[0m=2 [31mslave_id[0m=5
[33mWARN[0m[2025-04-14 15:12:20] Lỗi giao tiếp khác                            [33mdevice[0m=Selec_MFM383A [33merror[0m="serial: timeout" [33merror_type[0m="*errors.errorString" [33mtag_location[0m=LAB_MR.TAM [33mtag_panel[0m=BAN_4 [33mtag_slave_id_tag[0m=5
[31mERRO[0m[2025-04-14 15:12:21] Port Manager: Giao dịch Modbus thất bại       [31maddr[0m=3042 [31merror[0m="serial: timeout" [31mfc[0m=3 [31mport[0m=COM3 [31mqty[0m=2 [31mslave_id[0m=5
[33mWARN[0m[2025-04-14 15:12:21] Lỗi giao tiếp khác                            [33mdevice[0m=Selec_MFM383A [33merror[0m="serial: timeout" [33merror_type[0m="*errors.errorString" [33mtag_location[0m=LAB_MR.TAM [33mtag_panel[0m=BAN_4 [33mtag_slave_id_tag[0m=5
[33mWARN[0m[2025-04-14 15:12:21] Đã nhận tín hiệu dừng. Đang yêu cầu các goroutine kết thúc... 
[36mINFO[0m[2025-04-14 15:12:21] Đang chờ các goroutine Device hoàn thành...  
[33mWARN[0m[2025-04-14 15:12:21] Bị hủy khi đang chờ phản hồi cho thanh ghi ReactivePower_Total  [33mdevice[0m=Selec_MFM383A [33mtag_location[0m=LAB_MR.TAM [33mtag_panel[0m=BAN_4 [33mtag_slave_id_tag[0m=5
[36mINFO[0m[2025-04-14 15:12:21] Context bị hủy trong quá trình đọc thanh ghi.  [36mdevice[0m=Selec_MFM383A [36mtag_location[0m=LAB_MR.TAM [36mtag_panel[0m=BAN_4 [36mtag_slave_id_tag[0m=5
[33mWARN[0m[2025-04-14 15:12:21] Chu kỳ đọc bị hủy, không ghi dữ liệu.         [33mdevice[0m=Selec_MFM383A [33mtag_location[0m=LAB_MR.TAM [33mtag_panel[0m=BAN_4 [33mtag_slave_id_tag[0m=5
[36mINFO[0m[2025-04-14 15:12:21] Nhận tín hiệu dừng, kết thúc vòng lặp đọc.    [36mdevice[0m=Selec_MFM383A [36mtag_location[0m=LAB_MR.TAM [36mtag_panel[0m=BAN_4 [36mtag_slave_id_tag[0m=5
[36mINFO[0m[2025-04-14 15:12:21] Các goroutine Device đã dừng.                
[36mINFO[0m[2025-04-14 15:12:21] Chương trình kết thúc.                       
[36mINFO[0m[2025-04-14 15:12:21] Đang đóng các file CSV...                    
[36mINFO[0m[2025-04-14 15:12:21] Đã đóng các file CSV.                        
