[36mINFO[0m[2025-04-13 21:44:38] --- Khởi chạy Gateway Modbus ---             
[36mINFO[0m[2025-04-13 21:44:38] Đã đọc 85 thanh ghi cho thiết bị 'Schneider_PM_COM3' 
[33mWARN[0m[2025-04-13 21:44:38] Thiết bị 'Device_2_COM4' đang bị vô hiệu hóa trong cấu hình. 
[36mINFO[0m[2025-04-13 21:44:38] Đã khởi chạy 1 goroutine cho các thiết bị. Nhấn Ctrl+C để dừng. 
[36mINFO[0m[2025-04-13 21:44:38] Bắt đầu vòng lặp đọc dữ liệu...               [36mdevice[0m=Schneider_PM_COM3
[36mINFO[0m[2025-04-13 21:44:38] Đang thử kết nối tới COM3 (Path: \\.\COM3)...  [36mdevice[0m=Schneider_PM_COM3
[36mINFO[0m[2025-04-13 21:44:38] >>> Kết nối Modbus thành công!                [36mdevice[0m=Schneider_PM_COM3
[36mINFO[0m[2025-04-13 21:44:43] Hoàn thành chu kỳ đọc và ghi dữ liệu          [36mdevice[0m=Schneider_PM_COM3 [36mduration_ms[0m=3979
[36mINFO[0m[2025-04-13 21:44:47] Hoàn thành chu kỳ đọc và ghi dữ liệu          [36mdevice[0m=Schneider_PM_COM3 [36mduration_ms[0m=4124
[36mINFO[0m[2025-04-13 21:44:51] Hoàn thành chu kỳ đọc và ghi dữ liệu          [36mdevice[0m=Schneider_PM_COM3 [36mduration_ms[0m=4229
[36mINFO[0m[2025-04-13 21:44:55] Hoàn thành chu kỳ đọc và ghi dữ liệu          [36mdevice[0m=Schneider_PM_COM3 [36mduration_ms[0m=4184
[36mINFO[0m[2025-04-13 21:45:00] Hoàn thành chu kỳ đọc và ghi dữ liệu          [36mdevice[0m=Schneider_PM_COM3 [36mduration_ms[0m=4423
[36mINFO[0m[2025-04-13 21:45:04] Hoàn thành chu kỳ đọc và ghi dữ liệu          [36mdevice[0m=Schneider_PM_COM3 [36mduration_ms[0m=4100
[36mINFO[0m[2025-04-13 21:45:08] Hoàn thành chu kỳ đọc và ghi dữ liệu          [36mdevice[0m=Schneider_PM_COM3 [36mduration_ms[0m=4239
[36mINFO[0m[2025-04-13 21:45:12] Hoàn thành chu kỳ đọc và ghi dữ liệu          [36mdevice[0m=Schneider_PM_COM3 [36mduration_ms[0m=4175
[36mINFO[0m[2025-04-13 21:45:17] Hoàn thành chu kỳ đọc và ghi dữ liệu          [36mdevice[0m=Schneider_PM_COM3 [36mduration_ms[0m=4345
[33mWARN[0m[2025-04-13 21:45:17] Đã nhận tín hiệu dừng. Đang yêu cầu các goroutine kết thúc... 
[36mINFO[0m[2025-04-13 21:45:17] Đang chờ các goroutine hoàn thành...         
[36mINFO[0m[2025-04-13 21:45:21] Hoàn thành chu kỳ đọc và ghi dữ liệu          [36mdevice[0m=Schneider_PM_COM3 [36mduration_ms[0m=4339
[36mINFO[0m[2025-04-13 21:45:21] Nhận tín hiệu dừng, kết thúc vòng lặp đọc.    [36mdevice[0m=Schneider_PM_COM3
[36mINFO[0m[2025-04-13 21:45:21] Đang đóng kết nối Modbus...                   [36mdevice[0m=Schneider_PM_COM3
[36mINFO[0m[2025-04-13 21:45:21] Tất cả goroutine đã dừng. Chương trình kết thúc. 
[36mINFO[0m[2025-04-13 21:45:21] Đang đóng các file CSV...                    
[36mINFO[0m[2025-04-13 21:45:21] Đã đóng các file CSV.                        
[36mINFO[0m[2025-04-13 21:45:21] Đang đóng các storage data writers...        
[36mINFO[0m[2025-04-13 21:45:21] Đã đóng các storage data writers.            
