[36mINFO[0m[2025-04-14 14:57:27] --- Khởi chạy Gateway Modbus (Refactored + PortManager) --- 
[36mINFO[0m[2025-04-14 14:57:27] Khởi tạo Port Manager cho cổng COM3...       
[36mINFO[0m[2025-04-14 14:57:27] Port Manager bắt đầu hoạt động...             [36mport[0m=COM3
[36mINFO[0m[2025-04-14 14:57:27] Khởi tạo handler cho \\.\COM3                 [36mport[0m=COM3
[36mINFO[0m[2025-04-14 14:57:27] Đã đọc 30 thanh ghi cho thiết bị 'Selec_MFM383A' 
[36mINFO[0m[2025-04-14 14:57:27] Đã khởi chạy 1 goroutine cho các thiết bị. Nhấn Ctrl+C để dừng. 
[36mINFO[0m[2025-04-14 14:57:27] Bắt đầu vòng lặp đọc dữ liệu...               [36mdevice[0m=Selec_MFM383A [36mtag_location[0m=LAB_MR.TAM [36mtag_panel[0m=BAN_4 [36mtag_slave_id_tag[0m=1
[31mERRO[0m[2025-04-14 14:57:29] Port Manager: Giao dịch Modbus thất bại       [31maddr[0m=2999 [31merror[0m="modbus: response crc '49154' does not match expected '32769'" [31mfc[0m=3 [31mport[0m=COM3 [31mqty[0m=2 [31mslave_id[0m=1
[33mWARN[0m[2025-04-14 14:57:29] Lỗi giao tiếp khác                            [33mdevice[0m=Selec_MFM383A [33merror[0m="modbus: response crc '49154' does not match expected '32769'" [33merror_type[0m="*errors.errorString" [33mtag_location[0m=LAB_MR.TAM [33mtag_panel[0m=BAN_4 [33mtag_slave_id_tag[0m=1
[31mERRO[0m[2025-04-14 14:57:29] Port Manager: Giao dịch Modbus thất bại       [31maddr[0m=3001 [31merror[0m="modbus: response crc '640' does not match expected '57537'" [31mfc[0m=3 [31mport[0m=COM3 [31mqty[0m=2 [31mslave_id[0m=1
[33mWARN[0m[2025-04-14 14:57:29] Lỗi giao tiếp khác                            [33mdevice[0m=Selec_MFM383A [33merror[0m="modbus: response crc '640' does not match expected '57537'" [33merror_type[0m="*errors.errorString" [33mtag_location[0m=LAB_MR.TAM [33mtag_panel[0m=BAN_4 [33mtag_slave_id_tag[0m=1
[31mERRO[0m[2025-04-14 14:57:29] Port Manager: Giao dịch Modbus thất bại       [31maddr[0m=3003 [31merror[0m="modbus: response slave id '192' does not match request '1'" [31mfc[0m=3 [31mport[0m=COM3 [31mqty[0m=2 [31mslave_id[0m=1
[33mWARN[0m[2025-04-14 14:57:29] Lỗi giao tiếp khác                            [33mdevice[0m=Selec_MFM383A [33merror[0m="modbus: response slave id '192' does not match request '1'" [33merror_type[0m="*errors.errorString" [33mtag_location[0m=LAB_MR.TAM [33mtag_panel[0m=BAN_4 [33mtag_slave_id_tag[0m=1
[31mERRO[0m[2025-04-14 14:57:29] Port Manager: Giao dịch Modbus thất bại       [31maddr[0m=3005 [31merror[0m="modbus: response slave id '2' does not match request '1'" [31mfc[0m=3 [31mport[0m=COM3 [31mqty[0m=2 [31mslave_id[0m=1
[33mWARN[0m[2025-04-14 14:57:29] Lỗi giao tiếp khác                            [33mdevice[0m=Selec_MFM383A [33merror[0m="modbus: response slave id '2' does not match request '1'" [33merror_type[0m="*errors.errorString" [33mtag_location[0m=LAB_MR.TAM [33mtag_panel[0m=BAN_4 [33mtag_slave_id_tag[0m=1
[31mERRO[0m[2025-04-14 14:57:29] Port Manager: Giao dịch Modbus thất bại       [31maddr[0m=3007 [31merror[0m="modbus: response slave id '128' does not match request '1'" [31mfc[0m=3 [31mport[0m=COM3 [31mqty[0m=2 [31mslave_id[0m=1
[33mWARN[0m[2025-04-14 14:57:29] Lỗi giao tiếp khác                            [33mdevice[0m=Selec_MFM383A [33merror[0m="modbus: response slave id '128' does not match request '1'" [33merror_type[0m="*errors.errorString" [33mtag_location[0m=LAB_MR.TAM [33mtag_panel[0m=BAN_4 [33mtag_slave_id_tag[0m=1
[31mERRO[0m[2025-04-14 14:57:29] Port Manager: Giao dịch Modbus thất bại       [31maddr[0m=3009 [31merror[0m="modbus: exception '2' (illegal data address), function '128'" [31mfc[0m=3 [31mport[0m=COM3 [31mqty[0m=2 [31mslave_id[0m=1
[31mERRO[0m[2025-04-14 14:57:29] Lỗi Modbus từ Slave                           [31mdevice[0m=Selec_MFM383A [31merror[0m="modbus: exception '2' (illegal data address), function '128'" [31mexception_code[0m=2 [31mexception_msg[0m="Illegal Data Address" [31mslave_id[0m=1 [31mtag_location[0m=LAB_MR.TAM [31mtag_panel[0m=BAN_4 [31mtag_slave_id_tag[0m=1
[31mERRO[0m[2025-04-14 14:57:29] Port Manager: Giao dịch Modbus thất bại       [31maddr[0m=3011 [31merror[0m="modbus: exception '2' (illegal data address), function '128'" [31mfc[0m=3 [31mport[0m=COM3 [31mqty[0m=2 [31mslave_id[0m=1
[31mERRO[0m[2025-04-14 14:57:29] Lỗi Modbus từ Slave                           [31mdevice[0m=Selec_MFM383A [31merror[0m="modbus: exception '2' (illegal data address), function '128'" [31mexception_code[0m=2 [31mexception_msg[0m="Illegal Data Address" [31mslave_id[0m=1 [31mtag_location[0m=LAB_MR.TAM [31mtag_panel[0m=BAN_4 [31mtag_slave_id_tag[0m=1
[31mERRO[0m[2025-04-14 14:57:29] Port Manager: Giao dịch Modbus thất bại       [31maddr[0m=3013 [31merror[0m="modbus: response crc '448' does not match expected '49585'" [31mfc[0m=3 [31mport[0m=COM3 [31mqty[0m=2 [31mslave_id[0m=1
[33mWARN[0m[2025-04-14 14:57:29] Lỗi giao tiếp khác                            [33mdevice[0m=Selec_MFM383A [33merror[0m="modbus: response crc '448' does not match expected '49585'" [33merror_type[0m="*errors.errorString" [33mtag_location[0m=LAB_MR.TAM [33mtag_panel[0m=BAN_4 [33mtag_slave_id_tag[0m=1
[31mERRO[0m[2025-04-14 14:57:29] Port Manager: Giao dịch Modbus thất bại       [31maddr[0m=3015 [31merror[0m="modbus: exception '2' (illegal data address), function '128'" [31mfc[0m=3 [31mport[0m=COM3 [31mqty[0m=2 [31mslave_id[0m=1
[31mERRO[0m[2025-04-14 14:57:29] Lỗi Modbus từ Slave                           [31mdevice[0m=Selec_MFM383A [31merror[0m="modbus: exception '2' (illegal data address), function '128'" [31mexception_code[0m=2 [31mexception_msg[0m="Illegal Data Address" [31mslave_id[0m=1 [31mtag_location[0m=LAB_MR.TAM [31mtag_panel[0m=BAN_4 [31mtag_slave_id_tag[0m=1
[31mERRO[0m[2025-04-14 14:57:29] Port Manager: Giao dịch Modbus thất bại       [31maddr[0m=3017 [31merror[0m="modbus: response crc '49154' does not match expected '32769'" [31mfc[0m=3 [31mport[0m=COM3 [31mqty[0m=2 [31mslave_id[0m=1
[33mWARN[0m[2025-04-14 14:57:29] Lỗi giao tiếp khác                            [33mdevice[0m=Selec_MFM383A [33merror[0m="modbus: response crc '49154' does not match expected '32769'" [33merror_type[0m="*errors.errorString" [33mtag_location[0m=LAB_MR.TAM [33mtag_panel[0m=BAN_4 [33mtag_slave_id_tag[0m=1
[31mERRO[0m[2025-04-14 14:57:29] Port Manager: Giao dịch Modbus thất bại       [31maddr[0m=3019 [31merror[0m="modbus: response crc '640' does not match expected '57537'" [31mfc[0m=3 [31mport[0m=COM3 [31mqty[0m=2 [31mslave_id[0m=1
[33mWARN[0m[2025-04-14 14:57:29] Lỗi giao tiếp khác                            [33mdevice[0m=Selec_MFM383A [33merror[0m="modbus: response crc '640' does not match expected '57537'" [33merror_type[0m="*errors.errorString" [33mtag_location[0m=LAB_MR.TAM [33mtag_panel[0m=BAN_4 [33mtag_slave_id_tag[0m=1
[31mERRO[0m[2025-04-14 14:57:29] Port Manager: Giao dịch Modbus thất bại       [31maddr[0m=3021 [31merror[0m="modbus: response slave id '192' does not match request '1'" [31mfc[0m=3 [31mport[0m=COM3 [31mqty[0m=2 [31mslave_id[0m=1
[33mWARN[0m[2025-04-14 14:57:29] Lỗi giao tiếp khác                            [33mdevice[0m=Selec_MFM383A [33merror[0m="modbus: response slave id '192' does not match request '1'" [33merror_type[0m="*errors.errorString" [33mtag_location[0m=LAB_MR.TAM [33mtag_panel[0m=BAN_4 [33mtag_slave_id_tag[0m=1
[31mERRO[0m[2025-04-14 14:57:29] Port Manager: Giao dịch Modbus thất bại       [31maddr[0m=3023 [31merror[0m="modbus: response slave id '2' does not match request '1'" [31mfc[0m=3 [31mport[0m=COM3 [31mqty[0m=2 [31mslave_id[0m=1
[33mWARN[0m[2025-04-14 14:57:29] Lỗi giao tiếp khác                            [33mdevice[0m=Selec_MFM383A [33merror[0m="modbus: response slave id '2' does not match request '1'" [33merror_type[0m="*errors.errorString" [33mtag_location[0m=LAB_MR.TAM [33mtag_panel[0m=BAN_4 [33mtag_slave_id_tag[0m=1
[31mERRO[0m[2025-04-14 14:57:29] Port Manager: Giao dịch Modbus thất bại       [31maddr[0m=3025 [31merror[0m="modbus: exception '2' (illegal data address), function '128'" [31mfc[0m=3 [31mport[0m=COM3 [31mqty[0m=2 [31mslave_id[0m=1
[31mERRO[0m[2025-04-14 14:57:29] Lỗi Modbus từ Slave                           [31mdevice[0m=Selec_MFM383A [31merror[0m="modbus: exception '2' (illegal data address), function '128'" [31mexception_code[0m=2 [31mexception_msg[0m="Illegal Data Address" [31mslave_id[0m=1 [31mtag_location[0m=LAB_MR.TAM [31mtag_panel[0m=BAN_4 [31mtag_slave_id_tag[0m=1
[31mERRO[0m[2025-04-14 14:57:29] Port Manager: Giao dịch Modbus thất bại       [31maddr[0m=3027 [31merror[0m="modbus: response crc '49154' does not match expected '32769'" [31mfc[0m=3 [31mport[0m=COM3 [31mqty[0m=2 [31mslave_id[0m=1
[33mWARN[0m[2025-04-14 14:57:29] Lỗi giao tiếp khác                            [33mdevice[0m=Selec_MFM383A [33merror[0m="modbus: response crc '49154' does not match expected '32769'" [33merror_type[0m="*errors.errorString" [33mtag_location[0m=LAB_MR.TAM [33mtag_panel[0m=BAN_4 [33mtag_slave_id_tag[0m=1
[31mERRO[0m[2025-04-14 14:57:29] Port Manager: Giao dịch Modbus thất bại       [31maddr[0m=3029 [31merror[0m="modbus: response crc '640' does not match expected '57537'" [31mfc[0m=3 [31mport[0m=COM3 [31mqty[0m=2 [31mslave_id[0m=1
[33mWARN[0m[2025-04-14 14:57:29] Lỗi giao tiếp khác                            [33mdevice[0m=Selec_MFM383A [33merror[0m="modbus: response crc '640' does not match expected '57537'" [33merror_type[0m="*errors.errorString" [33mtag_location[0m=LAB_MR.TAM [33mtag_panel[0m=BAN_4 [33mtag_slave_id_tag[0m=1
[31mERRO[0m[2025-04-14 14:57:29] Port Manager: Giao dịch Modbus thất bại       [31maddr[0m=3031 [31merror[0m="modbus: response slave id '192' does not match request '1'" [31mfc[0m=3 [31mport[0m=COM3 [31mqty[0m=2 [31mslave_id[0m=1
[33mWARN[0m[2025-04-14 14:57:29] Lỗi giao tiếp khác                            [33mdevice[0m=Selec_MFM383A [33merror[0m="modbus: response slave id '192' does not match request '1'" [33merror_type[0m="*errors.errorString" [33mtag_location[0m=LAB_MR.TAM [33mtag_panel[0m=BAN_4 [33mtag_slave_id_tag[0m=1
[31mERRO[0m[2025-04-14 14:57:30] Port Manager: Giao dịch Modbus thất bại       [31maddr[0m=3033 [31merror[0m="modbus: response slave id '2' does not match request '1'" [31mfc[0m=3 [31mport[0m=COM3 [31mqty[0m=2 [31mslave_id[0m=1
[33mWARN[0m[2025-04-14 14:57:30] Lỗi giao tiếp khác                            [33mdevice[0m=Selec_MFM383A [33merror[0m="modbus: response slave id '2' does not match request '1'" [33merror_type[0m="*errors.errorString" [33mtag_location[0m=LAB_MR.TAM [33mtag_panel[0m=BAN_4 [33mtag_slave_id_tag[0m=1
[31mERRO[0m[2025-04-14 14:57:30] Port Manager: Giao dịch Modbus thất bại       [31maddr[0m=3035 [31merror[0m="modbus: response slave id '128' does not match request '1'" [31mfc[0m=3 [31mport[0m=COM3 [31mqty[0m=2 [31mslave_id[0m=1
[33mWARN[0m[2025-04-14 14:57:30] Lỗi giao tiếp khác                            [33mdevice[0m=Selec_MFM383A [33merror[0m="modbus: response slave id '128' does not match request '1'" [33merror_type[0m="*errors.errorString" [33mtag_location[0m=LAB_MR.TAM [33mtag_panel[0m=BAN_4 [33mtag_slave_id_tag[0m=1
[31mERRO[0m[2025-04-14 14:57:30] Port Manager: Giao dịch Modbus thất bại       [31maddr[0m=3037 [31merror[0m="modbus: exception '2' (illegal data address), function '128'" [31mfc[0m=3 [31mport[0m=COM3 [31mqty[0m=2 [31mslave_id[0m=1
[31mERRO[0m[2025-04-14 14:57:30] Lỗi Modbus từ Slave                           [31mdevice[0m=Selec_MFM383A [31merror[0m="modbus: exception '2' (illegal data address), function '128'" [31mexception_code[0m=2 [31mexception_msg[0m="Illegal Data Address" [31mslave_id[0m=1 [31mtag_location[0m=LAB_MR.TAM [31mtag_panel[0m=BAN_4 [31mtag_slave_id_tag[0m=1
[31mERRO[0m[2025-04-14 14:57:30] Port Manager: Giao dịch Modbus thất bại       [31maddr[0m=3039 [31merror[0m="modbus: exception '2' (illegal data address), function '128'" [31mfc[0m=3 [31mport[0m=COM3 [31mqty[0m=2 [31mslave_id[0m=1
[31mERRO[0m[2025-04-14 14:57:30] Lỗi Modbus từ Slave                           [31mdevice[0m=Selec_MFM383A [31merror[0m="modbus: exception '2' (illegal data address), function '128'" [31mexception_code[0m=2 [31mexception_msg[0m="Illegal Data Address" [31mslave_id[0m=1 [31mtag_location[0m=LAB_MR.TAM [31mtag_panel[0m=BAN_4 [31mtag_slave_id_tag[0m=1
[31mERRO[0m[2025-04-14 14:57:30] Port Manager: Giao dịch Modbus thất bại       [31maddr[0m=3041 [31merror[0m="modbus: exception '2' (illegal data address), function '128'" [31mfc[0m=3 [31mport[0m=COM3 [31mqty[0m=2 [31mslave_id[0m=1
[31mERRO[0m[2025-04-14 14:57:30] Lỗi Modbus từ Slave                           [31mdevice[0m=Selec_MFM383A [31merror[0m="modbus: exception '2' (illegal data address), function '128'" [31mexception_code[0m=2 [31mexception_msg[0m="Illegal Data Address" [31mslave_id[0m=1 [31mtag_location[0m=LAB_MR.TAM [31mtag_panel[0m=BAN_4 [31mtag_slave_id_tag[0m=1
[31mERRO[0m[2025-04-14 14:57:30] Port Manager: Giao dịch Modbus thất bại       [31maddr[0m=3043 [31merror[0m="modbus: exception '2' (illegal data address), function '128'" [31mfc[0m=3 [31mport[0m=COM3 [31mqty[0m=2 [31mslave_id[0m=1
[31mERRO[0m[2025-04-14 14:57:30] Lỗi Modbus từ Slave                           [31mdevice[0m=Selec_MFM383A [31merror[0m="modbus: exception '2' (illegal data address), function '128'" [31mexception_code[0m=2 [31mexception_msg[0m="Illegal Data Address" [31mslave_id[0m=1 [31mtag_location[0m=LAB_MR.TAM [31mtag_panel[0m=BAN_4 [31mtag_slave_id_tag[0m=1
[31mERRO[0m[2025-04-14 14:57:30] Port Manager: Giao dịch Modbus thất bại       [31maddr[0m=3045 [31merror[0m="modbus: exception '2' (illegal data address), function '128'" [31mfc[0m=3 [31mport[0m=COM3 [31mqty[0m=2 [31mslave_id[0m=1
[31mERRO[0m[2025-04-14 14:57:30] Lỗi Modbus từ Slave                           [31mdevice[0m=Selec_MFM383A [31merror[0m="modbus: exception '2' (illegal data address), function '128'" [31mexception_code[0m=2 [31mexception_msg[0m="Illegal Data Address" [31mslave_id[0m=1 [31mtag_location[0m=LAB_MR.TAM [31mtag_panel[0m=BAN_4 [31mtag_slave_id_tag[0m=1
[31mERRO[0m[2025-04-14 14:57:30] Port Manager: Giao dịch Modbus thất bại       [31maddr[0m=3047 [31merror[0m="modbus: exception '2' (illegal data address), function '128'" [31mfc[0m=3 [31mport[0m=COM3 [31mqty[0m=2 [31mslave_id[0m=1
[31mERRO[0m[2025-04-14 14:57:30] Lỗi Modbus từ Slave                           [31mdevice[0m=Selec_MFM383A [31merror[0m="modbus: exception '2' (illegal data address), function '128'" [31mexception_code[0m=2 [31mexception_msg[0m="Illegal Data Address" [31mslave_id[0m=1 [31mtag_location[0m=LAB_MR.TAM [31mtag_panel[0m=BAN_4 [31mtag_slave_id_tag[0m=1
[31mERRO[0m[2025-04-14 14:57:30] Port Manager: Giao dịch Modbus thất bại       [31maddr[0m=3049 [31merror[0m="modbus: exception '2' (illegal data address), function '128'" [31mfc[0m=3 [31mport[0m=COM3 [31mqty[0m=2 [31mslave_id[0m=1
[31mERRO[0m[2025-04-14 14:57:30] Lỗi Modbus từ Slave                           [31mdevice[0m=Selec_MFM383A [31merror[0m="modbus: exception '2' (illegal data address), function '128'" [31mexception_code[0m=2 [31mexception_msg[0m="Illegal Data Address" [31mslave_id[0m=1 [31mtag_location[0m=LAB_MR.TAM [31mtag_panel[0m=BAN_4 [31mtag_slave_id_tag[0m=1
[31mERRO[0m[2025-04-14 14:57:30] Port Manager: Giao dịch Modbus thất bại       [31maddr[0m=3051 [31merror[0m="modbus: exception '2' (illegal data address), function '128'" [31mfc[0m=3 [31mport[0m=COM3 [31mqty[0m=2 [31mslave_id[0m=1
[31mERRO[0m[2025-04-14 14:57:30] Lỗi Modbus từ Slave                           [31mdevice[0m=Selec_MFM383A [31merror[0m="modbus: exception '2' (illegal data address), function '128'" [31mexception_code[0m=2 [31mexception_msg[0m="Illegal Data Address" [31mslave_id[0m=1 [31mtag_location[0m=LAB_MR.TAM [31mtag_panel[0m=BAN_4 [31mtag_slave_id_tag[0m=1
[31mERRO[0m[2025-04-14 14:57:30] Port Manager: Giao dịch Modbus thất bại       [31maddr[0m=3053 [31merror[0m="modbus: exception '2' (illegal data address), function '128'" [31mfc[0m=3 [31mport[0m=COM3 [31mqty[0m=2 [31mslave_id[0m=1
[31mERRO[0m[2025-04-14 14:57:30] Lỗi Modbus từ Slave                           [31mdevice[0m=Selec_MFM383A [31merror[0m="modbus: exception '2' (illegal data address), function '128'" [31mexception_code[0m=2 [31mexception_msg[0m="Illegal Data Address" [31mslave_id[0m=1 [31mtag_location[0m=LAB_MR.TAM [31mtag_panel[0m=BAN_4 [31mtag_slave_id_tag[0m=1
[31mERRO[0m[2025-04-14 14:57:30] Port Manager: Giao dịch Modbus thất bại       [31maddr[0m=3055 [31merror[0m="modbus: exception '2' (illegal data address), function '128'" [31mfc[0m=3 [31mport[0m=COM3 [31mqty[0m=2 [31mslave_id[0m=1
[31mERRO[0m[2025-04-14 14:57:30] Lỗi Modbus từ Slave                           [31mdevice[0m=Selec_MFM383A [31merror[0m="modbus: exception '2' (illegal data address), function '128'" [31mexception_code[0m=2 [31mexception_msg[0m="Illegal Data Address" [31mslave_id[0m=1 [31mtag_location[0m=LAB_MR.TAM [31mtag_panel[0m=BAN_4 [31mtag_slave_id_tag[0m=1
[31mERRO[0m[2025-04-14 14:57:30] Port Manager: Giao dịch Modbus thất bại       [31maddr[0m=3057 [31merror[0m="modbus: exception '2' (illegal data address), function '128'" [31mfc[0m=3 [31mport[0m=COM3 [31mqty[0m=2 [31mslave_id[0m=1
[31mERRO[0m[2025-04-14 14:57:30] Lỗi Modbus từ Slave                           [31mdevice[0m=Selec_MFM383A [31merror[0m="modbus: exception '2' (illegal data address), function '128'" [31mexception_code[0m=2 [31mexception_msg[0m="Illegal Data Address" [31mslave_id[0m=1 [31mtag_location[0m=LAB_MR.TAM [31mtag_panel[0m=BAN_4 [31mtag_slave_id_tag[0m=1
[36mINFO[0m[2025-04-14 14:57:30] Hoàn thành chu kỳ đọc và ghi dữ liệu          [36mdevice[0m=Selec_MFM383A [36mduration_ms[0m=1634 [36merrors[0m=30 [36mtag_location[0m=LAB_MR.TAM [36mtag_panel[0m=BAN_4 [36mtag_slave_id_tag[0m=1
[31mERRO[0m[2025-04-14 14:57:30] Port Manager: Giao dịch Modbus thất bại       [31maddr[0m=2999 [31merror[0m="modbus: exception '2' (illegal data address), function '128'" [31mfc[0m=3 [31mport[0m=COM3 [31mqty[0m=2 [31mslave_id[0m=1
[31mERRO[0m[2025-04-14 14:57:30] Lỗi Modbus từ Slave                           [31mdevice[0m=Selec_MFM383A [31merror[0m="modbus: exception '2' (illegal data address), function '128'" [31mexception_code[0m=2 [31mexception_msg[0m="Illegal Data Address" [31mslave_id[0m=1 [31mtag_location[0m=LAB_MR.TAM [31mtag_panel[0m=BAN_4 [31mtag_slave_id_tag[0m=1
[31mERRO[0m[2025-04-14 14:57:30] Port Manager: Giao dịch Modbus thất bại       [31maddr[0m=3001 [31merror[0m="modbus: exception '2' (illegal data address), function '128'" [31mfc[0m=3 [31mport[0m=COM3 [31mqty[0m=2 [31mslave_id[0m=1
[31mERRO[0m[2025-04-14 14:57:30] Lỗi Modbus từ Slave                           [31mdevice[0m=Selec_MFM383A [31merror[0m="modbus: exception '2' (illegal data address), function '128'" [31mexception_code[0m=2 [31mexception_msg[0m="Illegal Data Address" [31mslave_id[0m=1 [31mtag_location[0m=LAB_MR.TAM [31mtag_panel[0m=BAN_4 [31mtag_slave_id_tag[0m=1
[31mERRO[0m[2025-04-14 14:57:30] Port Manager: Giao dịch Modbus thất bại       [31maddr[0m=3003 [31merror[0m="modbus: exception '2' (illegal data address), function '128'" [31mfc[0m=3 [31mport[0m=COM3 [31mqty[0m=2 [31mslave_id[0m=1
[31mERRO[0m[2025-04-14 14:57:30] Lỗi Modbus từ Slave                           [31mdevice[0m=Selec_MFM383A [31merror[0m="modbus: exception '2' (illegal data address), function '128'" [31mexception_code[0m=2 [31mexception_msg[0m="Illegal Data Address" [31mslave_id[0m=1 [31mtag_location[0m=LAB_MR.TAM [31mtag_panel[0m=BAN_4 [31mtag_slave_id_tag[0m=1
[31mERRO[0m[2025-04-14 14:57:30] Port Manager: Giao dịch Modbus thất bại       [31maddr[0m=3005 [31merror[0m="modbus: exception '2' (illegal data address), function '128'" [31mfc[0m=3 [31mport[0m=COM3 [31mqty[0m=2 [31mslave_id[0m=1
[31mERRO[0m[2025-04-14 14:57:30] Lỗi Modbus từ Slave                           [31mdevice[0m=Selec_MFM383A [31merror[0m="modbus: exception '2' (illegal data address), function '128'" [31mexception_code[0m=2 [31mexception_msg[0m="Illegal Data Address" [31mslave_id[0m=1 [31mtag_location[0m=LAB_MR.TAM [31mtag_panel[0m=BAN_4 [31mtag_slave_id_tag[0m=1
[31mERRO[0m[2025-04-14 14:57:30] Port Manager: Giao dịch Modbus thất bại       [31maddr[0m=3007 [31merror[0m="modbus: exception '2' (illegal data address), function '128'" [31mfc[0m=3 [31mport[0m=COM3 [31mqty[0m=2 [31mslave_id[0m=1
[31mERRO[0m[2025-04-14 14:57:30] Lỗi Modbus từ Slave                           [31mdevice[0m=Selec_MFM383A [31merror[0m="modbus: exception '2' (illegal data address), function '128'" [31mexception_code[0m=2 [31mexception_msg[0m="Illegal Data Address" [31mslave_id[0m=1 [31mtag_location[0m=LAB_MR.TAM [31mtag_panel[0m=BAN_4 [31mtag_slave_id_tag[0m=1
[31mERRO[0m[2025-04-14 14:57:30] Port Manager: Giao dịch Modbus thất bại       [31maddr[0m=3009 [31merror[0m="modbus: response crc '448' does not match expected '49585'" [31mfc[0m=3 [31mport[0m=COM3 [31mqty[0m=2 [31mslave_id[0m=1
[33mWARN[0m[2025-04-14 14:57:30] Lỗi giao tiếp khác                            [33mdevice[0m=Selec_MFM383A [33merror[0m="modbus: response crc '448' does not match expected '49585'" [33merror_type[0m="*errors.errorString" [33mtag_location[0m=LAB_MR.TAM [33mtag_panel[0m=BAN_4 [33mtag_slave_id_tag[0m=1
[31mERRO[0m[2025-04-14 14:57:31] Port Manager: Giao dịch Modbus thất bại       [31maddr[0m=3011 [31merror[0m="modbus: response crc '49154' does not match expected '32769'" [31mfc[0m=3 [31mport[0m=COM3 [31mqty[0m=2 [31mslave_id[0m=1
[33mWARN[0m[2025-04-14 14:57:31] Lỗi giao tiếp khác                            [33mdevice[0m=Selec_MFM383A [33merror[0m="modbus: response crc '49154' does not match expected '32769'" [33merror_type[0m="*errors.errorString" [33mtag_location[0m=LAB_MR.TAM [33mtag_panel[0m=BAN_4 [33mtag_slave_id_tag[0m=1
[31mERRO[0m[2025-04-14 14:57:31] Port Manager: Giao dịch Modbus thất bại       [31maddr[0m=3013 [31merror[0m="modbus: response crc '640' does not match expected '57537'" [31mfc[0m=3 [31mport[0m=COM3 [31mqty[0m=2 [31mslave_id[0m=1
[33mWARN[0m[2025-04-14 14:57:31] Lỗi giao tiếp khác                            [33mdevice[0m=Selec_MFM383A [33merror[0m="modbus: response crc '640' does not match expected '57537'" [33merror_type[0m="*errors.errorString" [33mtag_location[0m=LAB_MR.TAM [33mtag_panel[0m=BAN_4 [33mtag_slave_id_tag[0m=1
[31mERRO[0m[2025-04-14 14:57:31] Port Manager: Giao dịch Modbus thất bại       [31maddr[0m=3015 [31merror[0m="modbus: response slave id '192' does not match request '1'" [31mfc[0m=3 [31mport[0m=COM3 [31mqty[0m=2 [31mslave_id[0m=1
[33mWARN[0m[2025-04-14 14:57:31] Lỗi giao tiếp khác                            [33mdevice[0m=Selec_MFM383A [33merror[0m="modbus: response slave id '192' does not match request '1'" [33merror_type[0m="*errors.errorString" [33mtag_location[0m=LAB_MR.TAM [33mtag_panel[0m=BAN_4 [33mtag_slave_id_tag[0m=1
[31mERRO[0m[2025-04-14 14:57:31] Port Manager: Giao dịch Modbus thất bại       [31maddr[0m=3017 [31merror[0m="modbus: response slave id '2' does not match request '1'" [31mfc[0m=3 [31mport[0m=COM3 [31mqty[0m=2 [31mslave_id[0m=1
[33mWARN[0m[2025-04-14 14:57:31] Lỗi giao tiếp khác                            [33mdevice[0m=Selec_MFM383A [33merror[0m="modbus: response slave id '2' does not match request '1'" [33merror_type[0m="*errors.errorString" [33mtag_location[0m=LAB_MR.TAM [33mtag_panel[0m=BAN_4 [33mtag_slave_id_tag[0m=1
[31mERRO[0m[2025-04-14 14:57:31] Port Manager: Giao dịch Modbus thất bại       [31maddr[0m=3019 [31merror[0m="modbus: response slave id '128' does not match request '1'" [31mfc[0m=3 [31mport[0m=COM3 [31mqty[0m=2 [31mslave_id[0m=1
[33mWARN[0m[2025-04-14 14:57:31] Lỗi giao tiếp khác                            [33mdevice[0m=Selec_MFM383A [33merror[0m="modbus: response slave id '128' does not match request '1'" [33merror_type[0m="*errors.errorString" [33mtag_location[0m=LAB_MR.TAM [33mtag_panel[0m=BAN_4 [33mtag_slave_id_tag[0m=1
[31mERRO[0m[2025-04-14 14:57:31] Port Manager: Giao dịch Modbus thất bại       [31maddr[0m=3021 [31merror[0m="modbus: response crc '448' does not match expected '49585'" [31mfc[0m=3 [31mport[0m=COM3 [31mqty[0m=2 [31mslave_id[0m=1
[33mWARN[0m[2025-04-14 14:57:31] Lỗi giao tiếp khác                            [33mdevice[0m=Selec_MFM383A [33merror[0m="modbus: response crc '448' does not match expected '49585'" [33merror_type[0m="*errors.errorString" [33mtag_location[0m=LAB_MR.TAM [33mtag_panel[0m=BAN_4 [33mtag_slave_id_tag[0m=1
[31mERRO[0m[2025-04-14 14:57:31] Port Manager: Giao dịch Modbus thất bại       [31maddr[0m=3023 [31merror[0m="modbus: response crc '49154' does not match expected '32769'" [31mfc[0m=3 [31mport[0m=COM3 [31mqty[0m=2 [31mslave_id[0m=1
[33mWARN[0m[2025-04-14 14:57:31] Lỗi giao tiếp khác                            [33mdevice[0m=Selec_MFM383A [33merror[0m="modbus: response crc '49154' does not match expected '32769'" [33merror_type[0m="*errors.errorString" [33mtag_location[0m=LAB_MR.TAM [33mtag_panel[0m=BAN_4 [33mtag_slave_id_tag[0m=1
[31mERRO[0m[2025-04-14 14:57:31] Port Manager: Giao dịch Modbus thất bại       [31maddr[0m=3025 [31merror[0m="modbus: response crc '640' does not match expected '57537'" [31mfc[0m=3 [31mport[0m=COM3 [31mqty[0m=2 [31mslave_id[0m=1
[33mWARN[0m[2025-04-14 14:57:31] Lỗi giao tiếp khác                            [33mdevice[0m=Selec_MFM383A [33merror[0m="modbus: response crc '640' does not match expected '57537'" [33merror_type[0m="*errors.errorString" [33mtag_location[0m=LAB_MR.TAM [33mtag_panel[0m=BAN_4 [33mtag_slave_id_tag[0m=1
[31mERRO[0m[2025-04-14 14:57:31] Port Manager: Giao dịch Modbus thất bại       [31maddr[0m=3027 [31merror[0m="modbus: response slave id '192' does not match request '1'" [31mfc[0m=3 [31mport[0m=COM3 [31mqty[0m=2 [31mslave_id[0m=1
[33mWARN[0m[2025-04-14 14:57:31] Lỗi giao tiếp khác                            [33mdevice[0m=Selec_MFM383A [33merror[0m="modbus: response slave id '192' does not match request '1'" [33merror_type[0m="*errors.errorString" [33mtag_location[0m=LAB_MR.TAM [33mtag_panel[0m=BAN_4 [33mtag_slave_id_tag[0m=1
[31mERRO[0m[2025-04-14 14:57:31] Port Manager: Giao dịch Modbus thất bại       [31maddr[0m=3029 [31merror[0m="modbus: response slave id '2' does not match request '1'" [31mfc[0m=3 [31mport[0m=COM3 [31mqty[0m=2 [31mslave_id[0m=1
[33mWARN[0m[2025-04-14 14:57:31] Lỗi giao tiếp khác                            [33mdevice[0m=Selec_MFM383A [33merror[0m="modbus: response slave id '2' does not match request '1'" [33merror_type[0m="*errors.errorString" [33mtag_location[0m=LAB_MR.TAM [33mtag_panel[0m=BAN_4 [33mtag_slave_id_tag[0m=1
[31mERRO[0m[2025-04-14 14:57:31] Port Manager: Giao dịch Modbus thất bại       [31maddr[0m=3031 [31merror[0m="modbus: response slave id '128' does not match request '1'" [31mfc[0m=3 [31mport[0m=COM3 [31mqty[0m=2 [31mslave_id[0m=1
[33mWARN[0m[2025-04-14 14:57:31] Lỗi giao tiếp khác                            [33mdevice[0m=Selec_MFM383A [33merror[0m="modbus: response slave id '128' does not match request '1'" [33merror_type[0m="*errors.errorString" [33mtag_location[0m=LAB_MR.TAM [33mtag_panel[0m=BAN_4 [33mtag_slave_id_tag[0m=1
[31mERRO[0m[2025-04-14 14:57:31] Port Manager: Giao dịch Modbus thất bại       [31maddr[0m=3033 [31merror[0m="modbus: exception '2' (illegal data address), function '128'" [31mfc[0m=3 [31mport[0m=COM3 [31mqty[0m=2 [31mslave_id[0m=1
[31mERRO[0m[2025-04-14 14:57:31] Lỗi Modbus từ Slave                           [31mdevice[0m=Selec_MFM383A [31merror[0m="modbus: exception '2' (illegal data address), function '128'" [31mexception_code[0m=2 [31mexception_msg[0m="Illegal Data Address" [31mslave_id[0m=1 [31mtag_location[0m=LAB_MR.TAM [31mtag_panel[0m=BAN_4 [31mtag_slave_id_tag[0m=1
[31mERRO[0m[2025-04-14 14:57:31] Port Manager: Giao dịch Modbus thất bại       [31maddr[0m=3035 [31merror[0m="modbus: response crc '448' does not match expected '49585'" [31mfc[0m=3 [31mport[0m=COM3 [31mqty[0m=2 [31mslave_id[0m=1
[33mWARN[0m[2025-04-14 14:57:31] Lỗi giao tiếp khác                            [33mdevice[0m=Selec_MFM383A [33merror[0m="modbus: response crc '448' does not match expected '49585'" [33merror_type[0m="*errors.errorString" [33mtag_location[0m=LAB_MR.TAM [33mtag_panel[0m=BAN_4 [33mtag_slave_id_tag[0m=1
[31mERRO[0m[2025-04-14 14:57:31] Port Manager: Giao dịch Modbus thất bại       [31maddr[0m=3037 [31merror[0m="modbus: response crc '49154' does not match expected '32769'" [31mfc[0m=3 [31mport[0m=COM3 [31mqty[0m=2 [31mslave_id[0m=1
[33mWARN[0m[2025-04-14 14:57:31] Lỗi giao tiếp khác                            [33mdevice[0m=Selec_MFM383A [33merror[0m="modbus: response crc '49154' does not match expected '32769'" [33merror_type[0m="*errors.errorString" [33mtag_location[0m=LAB_MR.TAM [33mtag_panel[0m=BAN_4 [33mtag_slave_id_tag[0m=1
[31mERRO[0m[2025-04-14 14:57:31] Port Manager: Giao dịch Modbus thất bại       [31maddr[0m=3039 [31merror[0m="modbus: response crc '640' does not match expected '57537'" [31mfc[0m=3 [31mport[0m=COM3 [31mqty[0m=2 [31mslave_id[0m=1
[33mWARN[0m[2025-04-14 14:57:31] Lỗi giao tiếp khác                            [33mdevice[0m=Selec_MFM383A [33merror[0m="modbus: response crc '640' does not match expected '57537'" [33merror_type[0m="*errors.errorString" [33mtag_location[0m=LAB_MR.TAM [33mtag_panel[0m=BAN_4 [33mtag_slave_id_tag[0m=1
[31mERRO[0m[2025-04-14 14:57:31] Port Manager: Giao dịch Modbus thất bại       [31maddr[0m=3041 [31merror[0m="modbus: response slave id '192' does not match request '1'" [31mfc[0m=3 [31mport[0m=COM3 [31mqty[0m=2 [31mslave_id[0m=1
[33mWARN[0m[2025-04-14 14:57:31] Lỗi giao tiếp khác                            [33mdevice[0m=Selec_MFM383A [33merror[0m="modbus: response slave id '192' does not match request '1'" [33merror_type[0m="*errors.errorString" [33mtag_location[0m=LAB_MR.TAM [33mtag_panel[0m=BAN_4 [33mtag_slave_id_tag[0m=1
[31mERRO[0m[2025-04-14 14:57:31] Port Manager: Giao dịch Modbus thất bại       [31maddr[0m=3043 [31merror[0m="modbus: exception '2' (illegal data address), function '128'" [31mfc[0m=3 [31mport[0m=COM3 [31mqty[0m=2 [31mslave_id[0m=1
[31mERRO[0m[2025-04-14 14:57:31] Lỗi Modbus từ Slave                           [31mdevice[0m=Selec_MFM383A [31merror[0m="modbus: exception '2' (illegal data address), function '128'" [31mexception_code[0m=2 [31mexception_msg[0m="Illegal Data Address" [31mslave_id[0m=1 [31mtag_location[0m=LAB_MR.TAM [31mtag_panel[0m=BAN_4 [31mtag_slave_id_tag[0m=1
[31mERRO[0m[2025-04-14 14:57:32] Port Manager: Giao dịch Modbus thất bại       [31maddr[0m=3045 [31merror[0m="modbus: response crc '49154' does not match expected '32769'" [31mfc[0m=3 [31mport[0m=COM3 [31mqty[0m=2 [31mslave_id[0m=1
[33mWARN[0m[2025-04-14 14:57:32] Lỗi giao tiếp khác                            [33mdevice[0m=Selec_MFM383A [33merror[0m="modbus: response crc '49154' does not match expected '32769'" [33merror_type[0m="*errors.errorString" [33mtag_location[0m=LAB_MR.TAM [33mtag_panel[0m=BAN_4 [33mtag_slave_id_tag[0m=1
[31mERRO[0m[2025-04-14 14:57:32] Port Manager: Giao dịch Modbus thất bại       [31maddr[0m=3047 [31merror[0m="modbus: response crc '640' does not match expected '57537'" [31mfc[0m=3 [31mport[0m=COM3 [31mqty[0m=2 [31mslave_id[0m=1
[33mWARN[0m[2025-04-14 14:57:32] Lỗi giao tiếp khác                            [33mdevice[0m=Selec_MFM383A [33merror[0m="modbus: response crc '640' does not match expected '57537'" [33merror_type[0m="*errors.errorString" [33mtag_location[0m=LAB_MR.TAM [33mtag_panel[0m=BAN_4 [33mtag_slave_id_tag[0m=1
[31mERRO[0m[2025-04-14 14:57:32] Port Manager: Giao dịch Modbus thất bại       [31maddr[0m=3049 [31merror[0m="modbus: response slave id '192' does not match request '1'" [31mfc[0m=3 [31mport[0m=COM3 [31mqty[0m=2 [31mslave_id[0m=1
[33mWARN[0m[2025-04-14 14:57:32] Lỗi giao tiếp khác                            [33mdevice[0m=Selec_MFM383A [33merror[0m="modbus: response slave id '192' does not match request '1'" [33merror_type[0m="*errors.errorString" [33mtag_location[0m=LAB_MR.TAM [33mtag_panel[0m=BAN_4 [33mtag_slave_id_tag[0m=1
[31mERRO[0m[2025-04-14 14:57:32] Port Manager: Giao dịch Modbus thất bại       [31maddr[0m=3051 [31merror[0m="modbus: response slave id '2' does not match request '1'" [31mfc[0m=3 [31mport[0m=COM3 [31mqty[0m=2 [31mslave_id[0m=1
[33mWARN[0m[2025-04-14 14:57:32] Lỗi giao tiếp khác                            [33mdevice[0m=Selec_MFM383A [33merror[0m="modbus: response slave id '2' does not match request '1'" [33merror_type[0m="*errors.errorString" [33mtag_location[0m=LAB_MR.TAM [33mtag_panel[0m=BAN_4 [33mtag_slave_id_tag[0m=1
[31mERRO[0m[2025-04-14 14:57:32] Port Manager: Giao dịch Modbus thất bại       [31maddr[0m=3053 [31merror[0m="modbus: response slave id '128' does not match request '1'" [31mfc[0m=3 [31mport[0m=COM3 [31mqty[0m=2 [31mslave_id[0m=1
[33mWARN[0m[2025-04-14 14:57:32] Lỗi giao tiếp khác                            [33mdevice[0m=Selec_MFM383A [33merror[0m="modbus: response slave id '128' does not match request '1'" [33merror_type[0m="*errors.errorString" [33mtag_location[0m=LAB_MR.TAM [33mtag_panel[0m=BAN_4 [33mtag_slave_id_tag[0m=1
[31mERRO[0m[2025-04-14 14:57:32] Port Manager: Giao dịch Modbus thất bại       [31maddr[0m=3055 [31merror[0m="modbus: exception '2' (illegal data address), function '128'" [31mfc[0m=3 [31mport[0m=COM3 [31mqty[0m=2 [31mslave_id[0m=1
[31mERRO[0m[2025-04-14 14:57:32] Lỗi Modbus từ Slave                           [31mdevice[0m=Selec_MFM383A [31merror[0m="modbus: exception '2' (illegal data address), function '128'" [31mexception_code[0m=2 [31mexception_msg[0m="Illegal Data Address" [31mslave_id[0m=1 [31mtag_location[0m=LAB_MR.TAM [31mtag_panel[0m=BAN_4 [31mtag_slave_id_tag[0m=1
[31mERRO[0m[2025-04-14 14:57:32] Port Manager: Giao dịch Modbus thất bại       [31maddr[0m=3057 [31merror[0m="modbus: exception '2' (illegal data address), function '128'" [31mfc[0m=3 [31mport[0m=COM3 [31mqty[0m=2 [31mslave_id[0m=1
[31mERRO[0m[2025-04-14 14:57:32] Lỗi Modbus từ Slave                           [31mdevice[0m=Selec_MFM383A [31merror[0m="modbus: exception '2' (illegal data address), function '128'" [31mexception_code[0m=2 [31mexception_msg[0m="Illegal Data Address" [31mslave_id[0m=1 [31mtag_location[0m=LAB_MR.TAM [31mtag_panel[0m=BAN_4 [31mtag_slave_id_tag[0m=1
[36mINFO[0m[2025-04-14 14:57:32] Hoàn thành chu kỳ đọc và ghi dữ liệu          [36mdevice[0m=Selec_MFM383A [36mduration_ms[0m=1665 [36merrors[0m=30 [36mtag_location[0m=LAB_MR.TAM [36mtag_panel[0m=BAN_4 [36mtag_slave_id_tag[0m=1
[31mERRO[0m[2025-04-14 14:57:32] Port Manager: Giao dịch Modbus thất bại       [31maddr[0m=2999 [31merror[0m="modbus: exception '2' (illegal data address), function '128'" [31mfc[0m=3 [31mport[0m=COM3 [31mqty[0m=2 [31mslave_id[0m=1
[31mERRO[0m[2025-04-14 14:57:32] Lỗi Modbus từ Slave                           [31mdevice[0m=Selec_MFM383A [31merror[0m="modbus: exception '2' (illegal data address), function '128'" [31mexception_code[0m=2 [31mexception_msg[0m="Illegal Data Address" [31mslave_id[0m=1 [31mtag_location[0m=LAB_MR.TAM [31mtag_panel[0m=BAN_4 [31mtag_slave_id_tag[0m=1
[31mERRO[0m[2025-04-14 14:57:32] Port Manager: Giao dịch Modbus thất bại       [31maddr[0m=3001 [31merror[0m="modbus: exception '2' (illegal data address), function '128'" [31mfc[0m=3 [31mport[0m=COM3 [31mqty[0m=2 [31mslave_id[0m=1
[31mERRO[0m[2025-04-14 14:57:32] Lỗi Modbus từ Slave                           [31mdevice[0m=Selec_MFM383A [31merror[0m="modbus: exception '2' (illegal data address), function '128'" [31mexception_code[0m=2 [31mexception_msg[0m="Illegal Data Address" [31mslave_id[0m=1 [31mtag_location[0m=LAB_MR.TAM [31mtag_panel[0m=BAN_4 [31mtag_slave_id_tag[0m=1
[31mERRO[0m[2025-04-14 14:57:32] Port Manager: Giao dịch Modbus thất bại       [31maddr[0m=3003 [31merror[0m="modbus: exception '2' (illegal data address), function '128'" [31mfc[0m=3 [31mport[0m=COM3 [31mqty[0m=2 [31mslave_id[0m=1
[31mERRO[0m[2025-04-14 14:57:32] Lỗi Modbus từ Slave                           [31mdevice[0m=Selec_MFM383A [31merror[0m="modbus: exception '2' (illegal data address), function '128'" [31mexception_code[0m=2 [31mexception_msg[0m="Illegal Data Address" [31mslave_id[0m=1 [31mtag_location[0m=LAB_MR.TAM [31mtag_panel[0m=BAN_4 [31mtag_slave_id_tag[0m=1
[31mERRO[0m[2025-04-14 14:57:32] Port Manager: Giao dịch Modbus thất bại       [31maddr[0m=3005 [31merror[0m="modbus: exception '2' (illegal data address), function '128'" [31mfc[0m=3 [31mport[0m=COM3 [31mqty[0m=2 [31mslave_id[0m=1
[31mERRO[0m[2025-04-14 14:57:32] Lỗi Modbus từ Slave                           [31mdevice[0m=Selec_MFM383A [31merror[0m="modbus: exception '2' (illegal data address), function '128'" [31mexception_code[0m=2 [31mexception_msg[0m="Illegal Data Address" [31mslave_id[0m=1 [31mtag_location[0m=LAB_MR.TAM [31mtag_panel[0m=BAN_4 [31mtag_slave_id_tag[0m=1
[31mERRO[0m[2025-04-14 14:57:32] Port Manager: Giao dịch Modbus thất bại       [31maddr[0m=3007 [31merror[0m="modbus: exception '2' (illegal data address), function '128'" [31mfc[0m=3 [31mport[0m=COM3 [31mqty[0m=2 [31mslave_id[0m=1
[31mERRO[0m[2025-04-14 14:57:32] Lỗi Modbus từ Slave                           [31mdevice[0m=Selec_MFM383A [31merror[0m="modbus: exception '2' (illegal data address), function '128'" [31mexception_code[0m=2 [31mexception_msg[0m="Illegal Data Address" [31mslave_id[0m=1 [31mtag_location[0m=LAB_MR.TAM [31mtag_panel[0m=BAN_4 [31mtag_slave_id_tag[0m=1
[31mERRO[0m[2025-04-14 14:57:32] Port Manager: Giao dịch Modbus thất bại       [31maddr[0m=3009 [31merror[0m="modbus: response crc '448' does not match expected '49585'" [31mfc[0m=3 [31mport[0m=COM3 [31mqty[0m=2 [31mslave_id[0m=1
[33mWARN[0m[2025-04-14 14:57:32] Lỗi giao tiếp khác                            [33mdevice[0m=Selec_MFM383A [33merror[0m="modbus: response crc '448' does not match expected '49585'" [33merror_type[0m="*errors.errorString" [33mtag_location[0m=LAB_MR.TAM [33mtag_panel[0m=BAN_4 [33mtag_slave_id_tag[0m=1
[31mERRO[0m[2025-04-14 14:57:32] Port Manager: Giao dịch Modbus thất bại       [31maddr[0m=3011 [31merror[0m="modbus: response crc '49154' does not match expected '32769'" [31mfc[0m=3 [31mport[0m=COM3 [31mqty[0m=2 [31mslave_id[0m=1
[33mWARN[0m[2025-04-14 14:57:32] Lỗi giao tiếp khác                            [33mdevice[0m=Selec_MFM383A [33merror[0m="modbus: response crc '49154' does not match expected '32769'" [33merror_type[0m="*errors.errorString" [33mtag_location[0m=LAB_MR.TAM [33mtag_panel[0m=BAN_4 [33mtag_slave_id_tag[0m=1
[31mERRO[0m[2025-04-14 14:57:32] Port Manager: Giao dịch Modbus thất bại       [31maddr[0m=3013 [31merror[0m="modbus: response crc '640' does not match expected '57537'" [31mfc[0m=3 [31mport[0m=COM3 [31mqty[0m=2 [31mslave_id[0m=1
[33mWARN[0m[2025-04-14 14:57:32] Lỗi giao tiếp khác                            [33mdevice[0m=Selec_MFM383A [33merror[0m="modbus: response crc '640' does not match expected '57537'" [33merror_type[0m="*errors.errorString" [33mtag_location[0m=LAB_MR.TAM [33mtag_panel[0m=BAN_4 [33mtag_slave_id_tag[0m=1
[31mERRO[0m[2025-04-14 14:57:32] Port Manager: Giao dịch Modbus thất bại       [31maddr[0m=3015 [31merror[0m="modbus: response slave id '192' does not match request '1'" [31mfc[0m=3 [31mport[0m=COM3 [31mqty[0m=2 [31mslave_id[0m=1
[33mWARN[0m[2025-04-14 14:57:32] Lỗi giao tiếp khác                            [33mdevice[0m=Selec_MFM383A [33merror[0m="modbus: response slave id '192' does not match request '1'" [33merror_type[0m="*errors.errorString" [33mtag_location[0m=LAB_MR.TAM [33mtag_panel[0m=BAN_4 [33mtag_slave_id_tag[0m=1
[31mERRO[0m[2025-04-14 14:57:32] Port Manager: Giao dịch Modbus thất bại       [31maddr[0m=3017 [31merror[0m="modbus: response slave id '2' does not match request '1'" [31mfc[0m=3 [31mport[0m=COM3 [31mqty[0m=2 [31mslave_id[0m=1
[33mWARN[0m[2025-04-14 14:57:32] Lỗi giao tiếp khác                            [33mdevice[0m=Selec_MFM383A [33merror[0m="modbus: response slave id '2' does not match request '1'" [33merror_type[0m="*errors.errorString" [33mtag_location[0m=LAB_MR.TAM [33mtag_panel[0m=BAN_4 [33mtag_slave_id_tag[0m=1
[31mERRO[0m[2025-04-14 14:57:32] Port Manager: Giao dịch Modbus thất bại       [31maddr[0m=3019 [31merror[0m="modbus: response slave id '128' does not match request '1'" [31mfc[0m=3 [31mport[0m=COM3 [31mqty[0m=2 [31mslave_id[0m=1
[33mWARN[0m[2025-04-14 14:57:32] Lỗi giao tiếp khác                            [33mdevice[0m=Selec_MFM383A [33merror[0m="modbus: response slave id '128' does not match request '1'" [33merror_type[0m="*errors.errorString" [33mtag_location[0m=LAB_MR.TAM [33mtag_panel[0m=BAN_4 [33mtag_slave_id_tag[0m=1
[31mERRO[0m[2025-04-14 14:57:33] Port Manager: Giao dịch Modbus thất bại       [31maddr[0m=3021 [31merror[0m="modbus: exception '2' (illegal data address), function '128'" [31mfc[0m=3 [31mport[0m=COM3 [31mqty[0m=2 [31mslave_id[0m=1
[31mERRO[0m[2025-04-14 14:57:33] Lỗi Modbus từ Slave                           [31mdevice[0m=Selec_MFM383A [31merror[0m="modbus: exception '2' (illegal data address), function '128'" [31mexception_code[0m=2 [31mexception_msg[0m="Illegal Data Address" [31mslave_id[0m=1 [31mtag_location[0m=LAB_MR.TAM [31mtag_panel[0m=BAN_4 [31mtag_slave_id_tag[0m=1
[31mERRO[0m[2025-04-14 14:57:33] Port Manager: Giao dịch Modbus thất bại       [31maddr[0m=3023 [31merror[0m="modbus: exception '2' (illegal data address), function '128'" [31mfc[0m=3 [31mport[0m=COM3 [31mqty[0m=2 [31mslave_id[0m=1
[31mERRO[0m[2025-04-14 14:57:33] Lỗi Modbus từ Slave                           [31mdevice[0m=Selec_MFM383A [31merror[0m="modbus: exception '2' (illegal data address), function '128'" [31mexception_code[0m=2 [31mexception_msg[0m="Illegal Data Address" [31mslave_id[0m=1 [31mtag_location[0m=LAB_MR.TAM [31mtag_panel[0m=BAN_4 [31mtag_slave_id_tag[0m=1
[31mERRO[0m[2025-04-14 14:57:33] Port Manager: Giao dịch Modbus thất bại       [31maddr[0m=3025 [31merror[0m="modbus: exception '2' (illegal data address), function '128'" [31mfc[0m=3 [31mport[0m=COM3 [31mqty[0m=2 [31mslave_id[0m=1
[31mERRO[0m[2025-04-14 14:57:33] Lỗi Modbus từ Slave                           [31mdevice[0m=Selec_MFM383A [31merror[0m="modbus: exception '2' (illegal data address), function '128'" [31mexception_code[0m=2 [31mexception_msg[0m="Illegal Data Address" [31mslave_id[0m=1 [31mtag_location[0m=LAB_MR.TAM [31mtag_panel[0m=BAN_4 [31mtag_slave_id_tag[0m=1
[31mERRO[0m[2025-04-14 14:57:33] Port Manager: Giao dịch Modbus thất bại       [31maddr[0m=3027 [31merror[0m="modbus: exception '2' (illegal data address), function '128'" [31mfc[0m=3 [31mport[0m=COM3 [31mqty[0m=2 [31mslave_id[0m=1
[31mERRO[0m[2025-04-14 14:57:33] Lỗi Modbus từ Slave                           [31mdevice[0m=Selec_MFM383A [31merror[0m="modbus: exception '2' (illegal data address), function '128'" [31mexception_code[0m=2 [31mexception_msg[0m="Illegal Data Address" [31mslave_id[0m=1 [31mtag_location[0m=LAB_MR.TAM [31mtag_panel[0m=BAN_4 [31mtag_slave_id_tag[0m=1
[31mERRO[0m[2025-04-14 14:57:33] Port Manager: Giao dịch Modbus thất bại       [31maddr[0m=3029 [31merror[0m="modbus: exception '2' (illegal data address), function '128'" [31mfc[0m=3 [31mport[0m=COM3 [31mqty[0m=2 [31mslave_id[0m=1
[31mERRO[0m[2025-04-14 14:57:33] Lỗi Modbus từ Slave                           [31mdevice[0m=Selec_MFM383A [31merror[0m="modbus: exception '2' (illegal data address), function '128'" [31mexception_code[0m=2 [31mexception_msg[0m="Illegal Data Address" [31mslave_id[0m=1 [31mtag_location[0m=LAB_MR.TAM [31mtag_panel[0m=BAN_4 [31mtag_slave_id_tag[0m=1
[31mERRO[0m[2025-04-14 14:57:33] Port Manager: Giao dịch Modbus thất bại       [31maddr[0m=3031 [31merror[0m="modbus: exception '2' (illegal data address), function '128'" [31mfc[0m=3 [31mport[0m=COM3 [31mqty[0m=2 [31mslave_id[0m=1
[31mERRO[0m[2025-04-14 14:57:33] Lỗi Modbus từ Slave                           [31mdevice[0m=Selec_MFM383A [31merror[0m="modbus: exception '2' (illegal data address), function '128'" [31mexception_code[0m=2 [31mexception_msg[0m="Illegal Data Address" [31mslave_id[0m=1 [31mtag_location[0m=LAB_MR.TAM [31mtag_panel[0m=BAN_4 [31mtag_slave_id_tag[0m=1
[31mERRO[0m[2025-04-14 14:57:33] Port Manager: Giao dịch Modbus thất bại       [31maddr[0m=3033 [31merror[0m="modbus: exception '2' (illegal data address), function '128'" [31mfc[0m=3 [31mport[0m=COM3 [31mqty[0m=2 [31mslave_id[0m=1
[31mERRO[0m[2025-04-14 14:57:33] Lỗi Modbus từ Slave                           [31mdevice[0m=Selec_MFM383A [31merror[0m="modbus: exception '2' (illegal data address), function '128'" [31mexception_code[0m=2 [31mexception_msg[0m="Illegal Data Address" [31mslave_id[0m=1 [31mtag_location[0m=LAB_MR.TAM [31mtag_panel[0m=BAN_4 [31mtag_slave_id_tag[0m=1
[31mERRO[0m[2025-04-14 14:57:33] Port Manager: Giao dịch Modbus thất bại       [31maddr[0m=3035 [31merror[0m="modbus: exception '2' (illegal data address), function '128'" [31mfc[0m=3 [31mport[0m=COM3 [31mqty[0m=2 [31mslave_id[0m=1
[31mERRO[0m[2025-04-14 14:57:33] Lỗi Modbus từ Slave                           [31mdevice[0m=Selec_MFM383A [31merror[0m="modbus: exception '2' (illegal data address), function '128'" [31mexception_code[0m=2 [31mexception_msg[0m="Illegal Data Address" [31mslave_id[0m=1 [31mtag_location[0m=LAB_MR.TAM [31mtag_panel[0m=BAN_4 [31mtag_slave_id_tag[0m=1
[31mERRO[0m[2025-04-14 14:57:33] Port Manager: Giao dịch Modbus thất bại       [31maddr[0m=3037 [31merror[0m="modbus: exception '2' (illegal data address), function '128'" [31mfc[0m=3 [31mport[0m=COM3 [31mqty[0m=2 [31mslave_id[0m=1
[31mERRO[0m[2025-04-14 14:57:33] Lỗi Modbus từ Slave                           [31mdevice[0m=Selec_MFM383A [31merror[0m="modbus: exception '2' (illegal data address), function '128'" [31mexception_code[0m=2 [31mexception_msg[0m="Illegal Data Address" [31mslave_id[0m=1 [31mtag_location[0m=LAB_MR.TAM [31mtag_panel[0m=BAN_4 [31mtag_slave_id_tag[0m=1
[31mERRO[0m[2025-04-14 14:57:33] Port Manager: Giao dịch Modbus thất bại       [31maddr[0m=3039 [31merror[0m="modbus: exception '2' (illegal data address), function '128'" [31mfc[0m=3 [31mport[0m=COM3 [31mqty[0m=2 [31mslave_id[0m=1
[31mERRO[0m[2025-04-14 14:57:33] Lỗi Modbus từ Slave                           [31mdevice[0m=Selec_MFM383A [31merror[0m="modbus: exception '2' (illegal data address), function '128'" [31mexception_code[0m=2 [31mexception_msg[0m="Illegal Data Address" [31mslave_id[0m=1 [31mtag_location[0m=LAB_MR.TAM [31mtag_panel[0m=BAN_4 [31mtag_slave_id_tag[0m=1
[31mERRO[0m[2025-04-14 14:57:33] Port Manager: Giao dịch Modbus thất bại       [31maddr[0m=3041 [31merror[0m="modbus: exception '2' (illegal data address), function '128'" [31mfc[0m=3 [31mport[0m=COM3 [31mqty[0m=2 [31mslave_id[0m=1
[31mERRO[0m[2025-04-14 14:57:33] Lỗi Modbus từ Slave                           [31mdevice[0m=Selec_MFM383A [31merror[0m="modbus: exception '2' (illegal data address), function '128'" [31mexception_code[0m=2 [31mexception_msg[0m="Illegal Data Address" [31mslave_id[0m=1 [31mtag_location[0m=LAB_MR.TAM [31mtag_panel[0m=BAN_4 [31mtag_slave_id_tag[0m=1
[31mERRO[0m[2025-04-14 14:57:33] Port Manager: Giao dịch Modbus thất bại       [31maddr[0m=3043 [31merror[0m="modbus: exception '2' (illegal data address), function '128'" [31mfc[0m=3 [31mport[0m=COM3 [31mqty[0m=2 [31mslave_id[0m=1
[31mERRO[0m[2025-04-14 14:57:33] Lỗi Modbus từ Slave                           [31mdevice[0m=Selec_MFM383A [31merror[0m="modbus: exception '2' (illegal data address), function '128'" [31mexception_code[0m=2 [31mexception_msg[0m="Illegal Data Address" [31mslave_id[0m=1 [31mtag_location[0m=LAB_MR.TAM [31mtag_panel[0m=BAN_4 [31mtag_slave_id_tag[0m=1
[31mERRO[0m[2025-04-14 14:57:33] Port Manager: Giao dịch Modbus thất bại       [31maddr[0m=3045 [31merror[0m="modbus: exception '2' (illegal data address), function '128'" [31mfc[0m=3 [31mport[0m=COM3 [31mqty[0m=2 [31mslave_id[0m=1
[31mERRO[0m[2025-04-14 14:57:33] Lỗi Modbus từ Slave                           [31mdevice[0m=Selec_MFM383A [31merror[0m="modbus: exception '2' (illegal data address), function '128'" [31mexception_code[0m=2 [31mexception_msg[0m="Illegal Data Address" [31mslave_id[0m=1 [31mtag_location[0m=LAB_MR.TAM [31mtag_panel[0m=BAN_4 [31mtag_slave_id_tag[0m=1
[31mERRO[0m[2025-04-14 14:57:33] Port Manager: Giao dịch Modbus thất bại       [31maddr[0m=3047 [31merror[0m="modbus: exception '2' (illegal data address), function '128'" [31mfc[0m=3 [31mport[0m=COM3 [31mqty[0m=2 [31mslave_id[0m=1
[31mERRO[0m[2025-04-14 14:57:33] Lỗi Modbus từ Slave                           [31mdevice[0m=Selec_MFM383A [31merror[0m="modbus: exception '2' (illegal data address), function '128'" [31mexception_code[0m=2 [31mexception_msg[0m="Illegal Data Address" [31mslave_id[0m=1 [31mtag_location[0m=LAB_MR.TAM [31mtag_panel[0m=BAN_4 [31mtag_slave_id_tag[0m=1
[31mERRO[0m[2025-04-14 14:57:33] Port Manager: Giao dịch Modbus thất bại       [31maddr[0m=3049 [31merror[0m="modbus: response crc '448' does not match expected '49585'" [31mfc[0m=3 [31mport[0m=COM3 [31mqty[0m=2 [31mslave_id[0m=1
[33mWARN[0m[2025-04-14 14:57:33] Lỗi giao tiếp khác                            [33mdevice[0m=Selec_MFM383A [33merror[0m="modbus: response crc '448' does not match expected '49585'" [33merror_type[0m="*errors.errorString" [33mtag_location[0m=LAB_MR.TAM [33mtag_panel[0m=BAN_4 [33mtag_slave_id_tag[0m=1
[31mERRO[0m[2025-04-14 14:57:33] Port Manager: Giao dịch Modbus thất bại       [31maddr[0m=3051 [31merror[0m="modbus: response crc '49154' does not match expected '32769'" [31mfc[0m=3 [31mport[0m=COM3 [31mqty[0m=2 [31mslave_id[0m=1
[33mWARN[0m[2025-04-14 14:57:33] Lỗi giao tiếp khác                            [33mdevice[0m=Selec_MFM383A [33merror[0m="modbus: response crc '49154' does not match expected '32769'" [33merror_type[0m="*errors.errorString" [33mtag_location[0m=LAB_MR.TAM [33mtag_panel[0m=BAN_4 [33mtag_slave_id_tag[0m=1
[31mERRO[0m[2025-04-14 14:57:33] Port Manager: Giao dịch Modbus thất bại       [31maddr[0m=3053 [31merror[0m="modbus: response crc '640' does not match expected '57537'" [31mfc[0m=3 [31mport[0m=COM3 [31mqty[0m=2 [31mslave_id[0m=1
[33mWARN[0m[2025-04-14 14:57:33] Lỗi giao tiếp khác                            [33mdevice[0m=Selec_MFM383A [33merror[0m="modbus: response crc '640' does not match expected '57537'" [33merror_type[0m="*errors.errorString" [33mtag_location[0m=LAB_MR.TAM [33mtag_panel[0m=BAN_4 [33mtag_slave_id_tag[0m=1
[33mWARN[0m[2025-04-14 14:57:33] Đã nhận tín hiệu dừng. Đang yêu cầu các goroutine kết thúc... 
[36mINFO[0m[2025-04-14 14:57:33] Đang chờ các goroutine Device hoàn thành...  
[33mWARN[0m[2025-04-14 14:57:33] Bị hủy khi đang chờ phản hồi cho thanh ghi Frequency  [33mdevice[0m=Selec_MFM383A [33mtag_location[0m=LAB_MR.TAM [33mtag_panel[0m=BAN_4 [33mtag_slave_id_tag[0m=1
[36mINFO[0m[2025-04-14 14:57:33] Context bị hủy trong quá trình đọc thanh ghi.  [36mdevice[0m=Selec_MFM383A [36mtag_location[0m=LAB_MR.TAM [36mtag_panel[0m=BAN_4 [36mtag_slave_id_tag[0m=1
[33mWARN[0m[2025-04-14 14:57:33] Chu kỳ đọc bị hủy, không ghi dữ liệu.         [33mdevice[0m=Selec_MFM383A [33mtag_location[0m=LAB_MR.TAM [33mtag_panel[0m=BAN_4 [33mtag_slave_id_tag[0m=1
[36mINFO[0m[2025-04-14 14:57:33] Nhận tín hiệu dừng, kết thúc vòng lặp đọc.    [36mdevice[0m=Selec_MFM383A [36mtag_location[0m=LAB_MR.TAM [36mtag_panel[0m=BAN_4 [36mtag_slave_id_tag[0m=1
[36mINFO[0m[2025-04-14 14:57:33] Các goroutine Device đã dừng.                
[36mINFO[0m[2025-04-14 14:57:33] Chương trình kết thúc.                       
[36mINFO[0m[2025-04-14 14:57:33] Đang đóng các file CSV...                    
[36mINFO[0m[2025-04-14 14:57:33] Đã đóng các file CSV.                        
