time="2025-04-14 16:18:30" level=info msg="--- Khởi chạy Gateway Modbus (Refactored + PortManager) ---"
time="2025-04-14 16:18:30" level=info msg="Khởi tạo Port Manager cho cổng COM3..."
time="2025-04-14 16:18:30" level=info msg="Port Manager bắt đầu hoạt động..." port=COM3
time="2025-04-14 16:18:30" level=info msg="Đã đọc 85 thanh ghi cho thiết bị 'Schneider_PM_COM3_ID1'"
time="2025-04-14 16:18:30" level=info msg="Khởi tạo handler cho \\\\.\\COM3" port=COM3
time="2025-04-14 16:18:30" level=info msg="Bắt đầu vòng lặp đọc dữ liệu..." device=Schneider_PM_COM3_ID1 tag_location=Tu_Tu_Bu_Ung_Dong tag_panel=Panel_1 tag_slave_id_tag=1
time="2025-04-14 16:18:30" level=info msg="Đã đọc 85 thanh ghi cho thiết bị 'Schneider_PM_COM3_ID2'"
time="2025-04-14 16:18:30" level=info msg="Đã khởi chạy 2 goroutine cho các thiết bị. Nhấn Ctrl+C để dừng."
time="2025-04-14 16:18:30" level=info msg="Bắt đầu vòng lặp đọc dữ liệu..." device=Schneider_PM_COM3_ID2 tag_location=Tu_Tu_Bu_Ung_Dong tag_panel=Panel_2 tag_slave_id_tag=2
time="2025-04-14 16:18:32" level=warning msg="Giá trị N/A (0xFFC00000) được trả về cho FLOAT32" device=Schneider_PM_COM3_ID1 register_name=Current_B tag_location=Tu_Tu_Bu_Ung_Dong tag_panel=Panel_1 tag_slave_id_tag=1
time="2025-04-14 16:18:32" level=warning msg="Giá trị N/A (0xFFC00000) được trả về cho FLOAT32" device=Schneider_PM_COM3_ID2 register_name=Current_B tag_location=Tu_Tu_Bu_Ung_Dong tag_panel=Panel_2 tag_slave_id_tag=2
time="2025-04-14 16:18:32" level=warning msg="Giá trị N/A (0xFFC00000) được trả về cho FLOAT32" device=Schneider_PM_COM3_ID1 register_name=Current_C tag_location=Tu_Tu_Bu_Ung_Dong tag_panel=Panel_1 tag_slave_id_tag=1
time="2025-04-14 16:18:32" level=warning msg="Giá trị N/A (0xFFC00000) được trả về cho FLOAT32" device=Schneider_PM_COM3_ID2 register_name=Current_C tag_location=Tu_Tu_Bu_Ung_Dong tag_panel=Panel_2 tag_slave_id_tag=2
time="2025-04-14 16:18:32" level=warning msg="Giá trị N/A (0xFFC00000) được trả về cho FLOAT32" device=Schneider_PM_COM3_ID1 register_name=Current_N tag_location=Tu_Tu_Bu_Ung_Dong tag_panel=Panel_1 tag_slave_id_tag=1
time="2025-04-14 16:18:32" level=warning msg="Giá trị N/A (0xFFC00000) được trả về cho FLOAT32" device=Schneider_PM_COM3_ID2 register_name=Current_N tag_location=Tu_Tu_Bu_Ung_Dong tag_panel=Panel_2 tag_slave_id_tag=2
time="2025-04-14 16:18:32" level=warning msg="Giá trị N/A (0xFFC00000) được trả về cho FLOAT32" device=Schneider_PM_COM3_ID1 register_name=Current_G tag_location=Tu_Tu_Bu_Ung_Dong tag_panel=Panel_1 tag_slave_id_tag=1
time="2025-04-14 16:18:32" level=warning msg="Giá trị N/A (0xFFC00000) được trả về cho FLOAT32" device=Schneider_PM_COM3_ID2 register_name=Current_G tag_location=Tu_Tu_Bu_Ung_Dong tag_panel=Panel_2 tag_slave_id_tag=2
time="2025-04-14 16:18:32" level=warning msg="Giá trị N/A (0xFFC00000) được trả về cho FLOAT32" device=Schneider_PM_COM3_ID1 register_name=Current_Unbalance_A tag_location=Tu_Tu_Bu_Ung_Dong tag_panel=Panel_1 tag_slave_id_tag=1
time="2025-04-14 16:18:33" level=warning msg="Giá trị N/A (0xFFC00000) được trả về cho FLOAT32" device=Schneider_PM_COM3_ID2 register_name=Current_Unbalance_A tag_location=Tu_Tu_Bu_Ung_Dong tag_panel=Panel_2 tag_slave_id_tag=2
time="2025-04-14 16:18:33" level=warning msg="Giá trị N/A (0xFFC00000) được trả về cho FLOAT32" device=Schneider_PM_COM3_ID1 register_name=Current_Unbalance_B tag_location=Tu_Tu_Bu_Ung_Dong tag_panel=Panel_1 tag_slave_id_tag=1
time="2025-04-14 16:18:33" level=warning msg="Giá trị N/A (0xFFC00000) được trả về cho FLOAT32" device=Schneider_PM_COM3_ID2 register_name=Current_Unbalance_B tag_location=Tu_Tu_Bu_Ung_Dong tag_panel=Panel_2 tag_slave_id_tag=2
time="2025-04-14 16:18:33" level=warning msg="Giá trị N/A (0xFFC00000) được trả về cho FLOAT32" device=Schneider_PM_COM3_ID1 register_name=Current_Unbalance_C tag_location=Tu_Tu_Bu_Ung_Dong tag_panel=Panel_1 tag_slave_id_tag=1
time="2025-04-14 16:18:33" level=warning msg="Giá trị N/A (0xFFC00000) được trả về cho FLOAT32" device=Schneider_PM_COM3_ID2 register_name=Current_Unbalance_C tag_location=Tu_Tu_Bu_Ung_Dong tag_panel=Panel_2 tag_slave_id_tag=2
time="2025-04-14 16:18:33" level=warning msg="Giá trị N/A (0xFFC00000) được trả về cho FLOAT32" device=Schneider_PM_COM3_ID1 register_name=Current_Unbalance_Worst tag_location=Tu_Tu_Bu_Ung_Dong tag_panel=Panel_1 tag_slave_id_tag=1
time="2025-04-14 16:18:33" level=warning msg="Giá trị N/A (0xFFC00000) được trả về cho FLOAT32" device=Schneider_PM_COM3_ID2 register_name=Current_Unbalance_Worst tag_location=Tu_Tu_Bu_Ung_Dong tag_panel=Panel_2 tag_slave_id_tag=2
time="2025-04-14 16:18:33" level=warning msg="Giá trị N/A (0xFFC00000) được trả về cho FLOAT32" device=Schneider_PM_COM3_ID1 register_name=Voltage_AB tag_location=Tu_Tu_Bu_Ung_Dong tag_panel=Panel_1 tag_slave_id_tag=1
time="2025-04-14 16:18:33" level=warning msg="Giá trị N/A (0xFFC00000) được trả về cho FLOAT32" device=Schneider_PM_COM3_ID2 register_name=Voltage_AB tag_location=Tu_Tu_Bu_Ung_Dong tag_panel=Panel_2 tag_slave_id_tag=2
time="2025-04-14 16:18:33" level=warning msg="Giá trị N/A (0xFFC00000) được trả về cho FLOAT32" device=Schneider_PM_COM3_ID1 register_name=Voltage_BC tag_location=Tu_Tu_Bu_Ung_Dong tag_panel=Panel_1 tag_slave_id_tag=1
time="2025-04-14 16:18:33" level=warning msg="Giá trị N/A (0xFFC00000) được trả về cho FLOAT32" device=Schneider_PM_COM3_ID2 register_name=Voltage_BC tag_location=Tu_Tu_Bu_Ung_Dong tag_panel=Panel_2 tag_slave_id_tag=2
time="2025-04-14 16:18:33" level=warning msg="Giá trị N/A (0xFFC00000) được trả về cho FLOAT32" device=Schneider_PM_COM3_ID1 register_name=Voltage_CA tag_location=Tu_Tu_Bu_Ung_Dong tag_panel=Panel_1 tag_slave_id_tag=1
time="2025-04-14 16:18:33" level=warning msg="Giá trị N/A (0xFFC00000) được trả về cho FLOAT32" device=Schneider_PM_COM3_ID2 register_name=Voltage_CA tag_location=Tu_Tu_Bu_Ung_Dong tag_panel=Panel_2 tag_slave_id_tag=2
time="2025-04-14 16:18:33" level=warning msg="Giá trị N/A (0xFFC00000) được trả về cho FLOAT32" device=Schneider_PM_COM3_ID1 register_name=Voltage_LLAvg tag_location=Tu_Tu_Bu_Ung_Dong tag_panel=Panel_1 tag_slave_id_tag=1
time="2025-04-14 16:18:33" level=warning msg="Giá trị N/A (0xFFC00000) được trả về cho FLOAT32" device=Schneider_PM_COM3_ID2 register_name=Voltage_LLAvg tag_location=Tu_Tu_Bu_Ung_Dong tag_panel=Panel_2 tag_slave_id_tag=2
time="2025-04-14 16:18:33" level=warning msg="Giá trị N/A (0xFFC00000) được trả về cho FLOAT32" device=Schneider_PM_COM3_ID1 register_name=Voltage_BN tag_location=Tu_Tu_Bu_Ung_Dong tag_panel=Panel_1 tag_slave_id_tag=1
time="2025-04-14 16:18:33" level=warning msg="Giá trị N/A (0xFFC00000) được trả về cho FLOAT32" device=Schneider_PM_COM3_ID2 register_name=Voltage_BN tag_location=Tu_Tu_Bu_Ung_Dong tag_panel=Panel_2 tag_slave_id_tag=2
time="2025-04-14 16:18:33" level=warning msg="Giá trị N/A (0xFFC00000) được trả về cho FLOAT32" device=Schneider_PM_COM3_ID1 register_name=Voltage_CN tag_location=Tu_Tu_Bu_Ung_Dong tag_panel=Panel_1 tag_slave_id_tag=1
time="2025-04-14 16:18:34" level=warning msg="Giá trị N/A (0xFFC00000) được trả về cho FLOAT32" device=Schneider_PM_COM3_ID2 register_name=Voltage_CN tag_location=Tu_Tu_Bu_Ung_Dong tag_panel=Panel_2 tag_slave_id_tag=2
time="2025-04-14 16:18:34" level=warning msg="Giá trị N/A (0xFFC00000) được trả về cho FLOAT32" device=Schneider_PM_COM3_ID1 register_name=Voltage_Unbalance_AB tag_location=Tu_Tu_Bu_Ung_Dong tag_panel=Panel_1 tag_slave_id_tag=1
time="2025-04-14 16:18:34" level=warning msg="Giá trị N/A (0xFFC00000) được trả về cho FLOAT32" device=Schneider_PM_COM3_ID2 register_name=Voltage_Unbalance_AB tag_location=Tu_Tu_Bu_Ung_Dong tag_panel=Panel_2 tag_slave_id_tag=2
time="2025-04-14 16:18:34" level=warning msg="Giá trị N/A (0xFFC00000) được trả về cho FLOAT32" device=Schneider_PM_COM3_ID1 register_name=Voltage_Unbalance_BC tag_location=Tu_Tu_Bu_Ung_Dong tag_panel=Panel_1 tag_slave_id_tag=1
time="2025-04-14 16:18:34" level=warning msg="Giá trị N/A (0xFFC00000) được trả về cho FLOAT32" device=Schneider_PM_COM3_ID2 register_name=Voltage_Unbalance_BC tag_location=Tu_Tu_Bu_Ung_Dong tag_panel=Panel_2 tag_slave_id_tag=2
time="2025-04-14 16:18:34" level=warning msg="Giá trị N/A (0xFFC00000) được trả về cho FLOAT32" device=Schneider_PM_COM3_ID1 register_name=Voltage_Unbalance_CA tag_location=Tu_Tu_Bu_Ung_Dong tag_panel=Panel_1 tag_slave_id_tag=1
time="2025-04-14 16:18:34" level=warning msg="Giá trị N/A (0xFFC00000) được trả về cho FLOAT32" device=Schneider_PM_COM3_ID2 register_name=Voltage_Unbalance_CA tag_location=Tu_Tu_Bu_Ung_Dong tag_panel=Panel_2 tag_slave_id_tag=2
time="2025-04-14 16:18:34" level=warning msg="Giá trị N/A (0xFFC00000) được trả về cho FLOAT32" device=Schneider_PM_COM3_ID1 register_name=Voltage_Unbalance_LL_Worst tag_location=Tu_Tu_Bu_Ung_Dong tag_panel=Panel_1 tag_slave_id_tag=1
time="2025-04-14 16:18:34" level=warning msg="Giá trị N/A (0xFFC00000) được trả về cho FLOAT32" device=Schneider_PM_COM3_ID2 register_name=Voltage_Unbalance_LL_Worst tag_location=Tu_Tu_Bu_Ung_Dong tag_panel=Panel_2 tag_slave_id_tag=2
time="2025-04-14 16:18:34" level=warning msg="Giá trị N/A (0xFFC00000) được trả về cho FLOAT32" device=Schneider_PM_COM3_ID1 register_name=Voltage_Unbalance_AN tag_location=Tu_Tu_Bu_Ung_Dong tag_panel=Panel_1 tag_slave_id_tag=1
time="2025-04-14 16:18:34" level=warning msg="Giá trị N/A (0xFFC00000) được trả về cho FLOAT32" device=Schneider_PM_COM3_ID2 register_name=Voltage_Unbalance_AN tag_location=Tu_Tu_Bu_Ung_Dong tag_panel=Panel_2 tag_slave_id_tag=2
time="2025-04-14 16:18:34" level=warning msg="Giá trị N/A (0xFFC00000) được trả về cho FLOAT32" device=Schneider_PM_COM3_ID1 register_name=Voltage_Unbalance_BN tag_location=Tu_Tu_Bu_Ung_Dong tag_panel=Panel_1 tag_slave_id_tag=1
time="2025-04-14 16:18:34" level=warning msg="Giá trị N/A (0xFFC00000) được trả về cho FLOAT32" device=Schneider_PM_COM3_ID2 register_name=Voltage_Unbalance_BN tag_location=Tu_Tu_Bu_Ung_Dong tag_panel=Panel_2 tag_slave_id_tag=2
time="2025-04-14 16:18:34" level=warning msg="Giá trị N/A (0xFFC00000) được trả về cho FLOAT32" device=Schneider_PM_COM3_ID1 register_name=Voltage_Unbalance_CN tag_location=Tu_Tu_Bu_Ung_Dong tag_panel=Panel_1 tag_slave_id_tag=1
time="2025-04-14 16:18:34" level=warning msg="Giá trị N/A (0xFFC00000) được trả về cho FLOAT32" device=Schneider_PM_COM3_ID2 register_name=Voltage_Unbalance_CN tag_location=Tu_Tu_Bu_Ung_Dong tag_panel=Panel_2 tag_slave_id_tag=2
time="2025-04-14 16:18:34" level=warning msg="Giá trị N/A (0xFFC00000) được trả về cho FLOAT32" device=Schneider_PM_COM3_ID1 register_name=Voltage_Unbalance_LN_Worst tag_location=Tu_Tu_Bu_Ung_Dong tag_panel=Panel_1 tag_slave_id_tag=1
time="2025-04-14 16:18:34" level=warning msg="Giá trị N/A (0xFFC00000) được trả về cho FLOAT32" device=Schneider_PM_COM3_ID2 register_name=Voltage_Unbalance_LN_Worst tag_location=Tu_Tu_Bu_Ung_Dong tag_panel=Panel_2 tag_slave_id_tag=2
time="2025-04-14 16:18:34" level=warning msg="Giá trị N/A (0xFFC00000) được trả về cho FLOAT32" device=Schneider_PM_COM3_ID1 register_name=ActivePower_B tag_location=Tu_Tu_Bu_Ung_Dong tag_panel=Panel_1 tag_slave_id_tag=1
time="2025-04-14 16:18:35" level=warning msg="Giá trị N/A (0xFFC00000) được trả về cho FLOAT32" device=Schneider_PM_COM3_ID2 register_name=ActivePower_B tag_location=Tu_Tu_Bu_Ung_Dong tag_panel=Panel_2 tag_slave_id_tag=2
time="2025-04-14 16:18:35" level=warning msg="Giá trị N/A (0xFFC00000) được trả về cho FLOAT32" device=Schneider_PM_COM3_ID1 register_name=ActivePower_C tag_location=Tu_Tu_Bu_Ung_Dong tag_panel=Panel_1 tag_slave_id_tag=1
time="2025-04-14 16:18:35" level=warning msg="Giá trị N/A (0xFFC00000) được trả về cho FLOAT32" device=Schneider_PM_COM3_ID2 register_name=ActivePower_C tag_location=Tu_Tu_Bu_Ung_Dong tag_panel=Panel_2 tag_slave_id_tag=2
time="2025-04-14 16:18:35" level=warning msg="Giá trị N/A (0xFFC00000) được trả về cho FLOAT32" device=Schneider_PM_COM3_ID1 register_name=ReactivePower_B tag_location=Tu_Tu_Bu_Ung_Dong tag_panel=Panel_1 tag_slave_id_tag=1
time="2025-04-14 16:18:35" level=warning msg="Giá trị N/A (0xFFC00000) được trả về cho FLOAT32" device=Schneider_PM_COM3_ID2 register_name=ReactivePower_B tag_location=Tu_Tu_Bu_Ung_Dong tag_panel=Panel_2 tag_slave_id_tag=2
time="2025-04-14 16:18:35" level=warning msg="Giá trị N/A (0xFFC00000) được trả về cho FLOAT32" device=Schneider_PM_COM3_ID1 register_name=ReactivePower_C tag_location=Tu_Tu_Bu_Ung_Dong tag_panel=Panel_1 tag_slave_id_tag=1
time="2025-04-14 16:18:35" level=warning msg="Giá trị N/A (0xFFC00000) được trả về cho FLOAT32" device=Schneider_PM_COM3_ID2 register_name=ReactivePower_C tag_location=Tu_Tu_Bu_Ung_Dong tag_panel=Panel_2 tag_slave_id_tag=2
time="2025-04-14 16:18:35" level=warning msg="Giá trị N/A (0xFFC00000) được trả về cho FLOAT32" device=Schneider_PM_COM3_ID1 register_name=ApparentPower_B tag_location=Tu_Tu_Bu_Ung_Dong tag_panel=Panel_1 tag_slave_id_tag=1
time="2025-04-14 16:18:35" level=warning msg="Giá trị N/A (0xFFC00000) được trả về cho FLOAT32" device=Schneider_PM_COM3_ID2 register_name=ApparentPower_B tag_location=Tu_Tu_Bu_Ung_Dong tag_panel=Panel_2 tag_slave_id_tag=2
time="2025-04-14 16:18:35" level=warning msg="Giá trị N/A (0xFFC00000) được trả về cho FLOAT32" device=Schneider_PM_COM3_ID1 register_name=ApparentPower_C tag_location=Tu_Tu_Bu_Ung_Dong tag_panel=Panel_1 tag_slave_id_tag=1
time="2025-04-14 16:18:35" level=warning msg="Giá trị N/A (0xFFC00000) được trả về cho FLOAT32" device=Schneider_PM_COM3_ID2 register_name=ApparentPower_C tag_location=Tu_Tu_Bu_Ung_Dong tag_panel=Panel_2 tag_slave_id_tag=2
time="2025-04-14 16:18:36" level=warning msg="Giá trị N/A (0xFFC00000) được trả về cho FLOAT32" device=Schneider_PM_COM3_ID1 register_name=PF_A tag_location=Tu_Tu_Bu_Ung_Dong tag_panel=Panel_1 tag_slave_id_tag=1
time="2025-04-14 16:18:36" level=warning msg="Giá trị N/A (0xFFC00000) được trả về cho FLOAT32" device=Schneider_PM_COM3_ID2 register_name=PF_A tag_location=Tu_Tu_Bu_Ung_Dong tag_panel=Panel_2 tag_slave_id_tag=2
time="2025-04-14 16:18:36" level=warning msg="Giá trị N/A (0xFFC00000) được trả về cho FLOAT32" device=Schneider_PM_COM3_ID1 register_name=PF_B tag_location=Tu_Tu_Bu_Ung_Dong tag_panel=Panel_1 tag_slave_id_tag=1
time="2025-04-14 16:18:36" level=warning msg="Giá trị N/A (0xFFC00000) được trả về cho FLOAT32" device=Schneider_PM_COM3_ID2 register_name=PF_B tag_location=Tu_Tu_Bu_Ung_Dong tag_panel=Panel_2 tag_slave_id_tag=2
time="2025-04-14 16:18:36" level=warning msg="Giá trị N/A (0xFFC00000) được trả về cho FLOAT32" device=Schneider_PM_COM3_ID1 register_name=PF_C tag_location=Tu_Tu_Bu_Ung_Dong tag_panel=Panel_1 tag_slave_id_tag=1
time="2025-04-14 16:18:36" level=warning msg="Giá trị N/A (0xFFC00000) được trả về cho FLOAT32" device=Schneider_PM_COM3_ID2 register_name=PF_C tag_location=Tu_Tu_Bu_Ung_Dong tag_panel=Panel_2 tag_slave_id_tag=2
time="2025-04-14 16:18:36" level=warning msg="Giá trị N/A (0xFFC00000) được trả về cho FLOAT32" device=Schneider_PM_COM3_ID1 register_name=PF_Total tag_location=Tu_Tu_Bu_Ung_Dong tag_panel=Panel_1 tag_slave_id_tag=1
time="2025-04-14 16:18:36" level=warning msg="Giá trị N/A (0xFFC00000) được trả về cho FLOAT32" device=Schneider_PM_COM3_ID2 register_name=PF_Total tag_location=Tu_Tu_Bu_Ung_Dong tag_panel=Panel_2 tag_slave_id_tag=2
time="2025-04-14 16:18:36" level=warning msg="Giá trị N/A (0xFFC00000) được trả về cho FLOAT32" device=Schneider_PM_COM3_ID1 register_name=DPF_A tag_location=Tu_Tu_Bu_Ung_Dong tag_panel=Panel_1 tag_slave_id_tag=1
time="2025-04-14 16:18:36" level=warning msg="Giá trị N/A (0xFFC00000) được trả về cho FLOAT32" device=Schneider_PM_COM3_ID2 register_name=DPF_A tag_location=Tu_Tu_Bu_Ung_Dong tag_panel=Panel_2 tag_slave_id_tag=2
time="2025-04-14 16:18:36" level=warning msg="Giá trị N/A (0xFFC00000) được trả về cho FLOAT32" device=Schneider_PM_COM3_ID1 register_name=DPF_B tag_location=Tu_Tu_Bu_Ung_Dong tag_panel=Panel_1 tag_slave_id_tag=1
time="2025-04-14 16:18:36" level=warning msg="Giá trị N/A (0xFFC00000) được trả về cho FLOAT32" device=Schneider_PM_COM3_ID2 register_name=DPF_B tag_location=Tu_Tu_Bu_Ung_Dong tag_panel=Panel_2 tag_slave_id_tag=2
time="2025-04-14 16:18:36" level=warning msg="Giá trị N/A (0xFFC00000) được trả về cho FLOAT32" device=Schneider_PM_COM3_ID1 register_name=DPF_C tag_location=Tu_Tu_Bu_Ung_Dong tag_panel=Panel_1 tag_slave_id_tag=1
time="2025-04-14 16:18:36" level=warning msg="Giá trị N/A (0xFFC00000) được trả về cho FLOAT32" device=Schneider_PM_COM3_ID2 register_name=DPF_C tag_location=Tu_Tu_Bu_Ung_Dong tag_panel=Panel_2 tag_slave_id_tag=2
time="2025-04-14 16:18:36" level=warning msg="Giá trị N/A (0xFFC00000) được trả về cho FLOAT32" device=Schneider_PM_COM3_ID1 register_name=DPF_Total tag_location=Tu_Tu_Bu_Ung_Dong tag_panel=Panel_1 tag_slave_id_tag=1
time="2025-04-14 16:18:36" level=warning msg="Giá trị N/A (0xFFC00000) được trả về cho FLOAT32" device=Schneider_PM_COM3_ID2 register_name=DPF_Total tag_location=Tu_Tu_Bu_Ung_Dong tag_panel=Panel_2 tag_slave_id_tag=2
time="2025-04-14 16:18:39" level=info msg="Hoàn thành chu kỳ đọc và ghi dữ liệu" device=Schneider_PM_COM3_ID1 duration_ms=8460 errors=0 tag_location=Tu_Tu_Bu_Ung_Dong tag_panel=Panel_1 tag_slave_id_tag=1
time="2025-04-14 16:18:39" level=info msg="Hoàn thành chu kỳ đọc và ghi dữ liệu" device=Schneider_PM_COM3_ID2 duration_ms=8492 errors=0 tag_location=Tu_Tu_Bu_Ung_Dong tag_panel=Panel_2 tag_slave_id_tag=2
time="2025-04-14 16:18:41" level=warning msg="Giá trị N/A (0xFFC00000) được trả về cho FLOAT32" device=Schneider_PM_COM3_ID1 register_name=Current_B tag_location=Tu_Tu_Bu_Ung_Dong tag_panel=Panel_1 tag_slave_id_tag=1
time="2025-04-14 16:18:41" level=warning msg="Giá trị N/A (0xFFC00000) được trả về cho FLOAT32" device=Schneider_PM_COM3_ID2 register_name=Current_B tag_location=Tu_Tu_Bu_Ung_Dong tag_panel=Panel_2 tag_slave_id_tag=2
time="2025-04-14 16:18:41" level=warning msg="Giá trị N/A (0xFFC00000) được trả về cho FLOAT32" device=Schneider_PM_COM3_ID1 register_name=Current_C tag_location=Tu_Tu_Bu_Ung_Dong tag_panel=Panel_1 tag_slave_id_tag=1
time="2025-04-14 16:18:41" level=warning msg="Giá trị N/A (0xFFC00000) được trả về cho FLOAT32" device=Schneider_PM_COM3_ID2 register_name=Current_C tag_location=Tu_Tu_Bu_Ung_Dong tag_panel=Panel_2 tag_slave_id_tag=2
time="2025-04-14 16:18:41" level=warning msg="Giá trị N/A (0xFFC00000) được trả về cho FLOAT32" device=Schneider_PM_COM3_ID1 register_name=Current_N tag_location=Tu_Tu_Bu_Ung_Dong tag_panel=Panel_1 tag_slave_id_tag=1
time="2025-04-14 16:18:41" level=warning msg="Giá trị N/A (0xFFC00000) được trả về cho FLOAT32" device=Schneider_PM_COM3_ID2 register_name=Current_N tag_location=Tu_Tu_Bu_Ung_Dong tag_panel=Panel_2 tag_slave_id_tag=2
time="2025-04-14 16:18:41" level=warning msg="Giá trị N/A (0xFFC00000) được trả về cho FLOAT32" device=Schneider_PM_COM3_ID1 register_name=Current_G tag_location=Tu_Tu_Bu_Ung_Dong tag_panel=Panel_1 tag_slave_id_tag=1
time="2025-04-14 16:18:41" level=warning msg="Giá trị N/A (0xFFC00000) được trả về cho FLOAT32" device=Schneider_PM_COM3_ID2 register_name=Current_G tag_location=Tu_Tu_Bu_Ung_Dong tag_panel=Panel_2 tag_slave_id_tag=2
time="2025-04-14 16:18:41" level=warning msg="Giá trị N/A (0xFFC00000) được trả về cho FLOAT32" device=Schneider_PM_COM3_ID1 register_name=Current_Unbalance_A tag_location=Tu_Tu_Bu_Ung_Dong tag_panel=Panel_1 tag_slave_id_tag=1
time="2025-04-14 16:18:41" level=warning msg="Giá trị N/A (0xFFC00000) được trả về cho FLOAT32" device=Schneider_PM_COM3_ID2 register_name=Current_Unbalance_A tag_location=Tu_Tu_Bu_Ung_Dong tag_panel=Panel_2 tag_slave_id_tag=2
time="2025-04-14 16:18:41" level=warning msg="Giá trị N/A (0xFFC00000) được trả về cho FLOAT32" device=Schneider_PM_COM3_ID1 register_name=Current_Unbalance_B tag_location=Tu_Tu_Bu_Ung_Dong tag_panel=Panel_1 tag_slave_id_tag=1
time="2025-04-14 16:18:41" level=warning msg="Giá trị N/A (0xFFC00000) được trả về cho FLOAT32" device=Schneider_PM_COM3_ID2 register_name=Current_Unbalance_B tag_location=Tu_Tu_Bu_Ung_Dong tag_panel=Panel_2 tag_slave_id_tag=2
time="2025-04-14 16:18:41" level=warning msg="Giá trị N/A (0xFFC00000) được trả về cho FLOAT32" device=Schneider_PM_COM3_ID1 register_name=Current_Unbalance_C tag_location=Tu_Tu_Bu_Ung_Dong tag_panel=Panel_1 tag_slave_id_tag=1
time="2025-04-14 16:18:41" level=warning msg="Giá trị N/A (0xFFC00000) được trả về cho FLOAT32" device=Schneider_PM_COM3_ID2 register_name=Current_Unbalance_C tag_location=Tu_Tu_Bu_Ung_Dong tag_panel=Panel_2 tag_slave_id_tag=2
time="2025-04-14 16:18:41" level=warning msg="Giá trị N/A (0xFFC00000) được trả về cho FLOAT32" device=Schneider_PM_COM3_ID1 register_name=Current_Unbalance_Worst tag_location=Tu_Tu_Bu_Ung_Dong tag_panel=Panel_1 tag_slave_id_tag=1
time="2025-04-14 16:18:41" level=warning msg="Giá trị N/A (0xFFC00000) được trả về cho FLOAT32" device=Schneider_PM_COM3_ID2 register_name=Current_Unbalance_Worst tag_location=Tu_Tu_Bu_Ung_Dong tag_panel=Panel_2 tag_slave_id_tag=2
time="2025-04-14 16:18:41" level=warning msg="Giá trị N/A (0xFFC00000) được trả về cho FLOAT32" device=Schneider_PM_COM3_ID1 register_name=Voltage_AB tag_location=Tu_Tu_Bu_Ung_Dong tag_panel=Panel_1 tag_slave_id_tag=1
time="2025-04-14 16:18:41" level=warning msg="Giá trị N/A (0xFFC00000) được trả về cho FLOAT32" device=Schneider_PM_COM3_ID2 register_name=Voltage_AB tag_location=Tu_Tu_Bu_Ung_Dong tag_panel=Panel_2 tag_slave_id_tag=2
time="2025-04-14 16:18:41" level=warning msg="Giá trị N/A (0xFFC00000) được trả về cho FLOAT32" device=Schneider_PM_COM3_ID1 register_name=Voltage_BC tag_location=Tu_Tu_Bu_Ung_Dong tag_panel=Panel_1 tag_slave_id_tag=1
time="2025-04-14 16:18:41" level=warning msg="Giá trị N/A (0xFFC00000) được trả về cho FLOAT32" device=Schneider_PM_COM3_ID2 register_name=Voltage_BC tag_location=Tu_Tu_Bu_Ung_Dong tag_panel=Panel_2 tag_slave_id_tag=2
time="2025-04-14 16:18:42" level=warning msg="Giá trị N/A (0xFFC00000) được trả về cho FLOAT32" device=Schneider_PM_COM3_ID1 register_name=Voltage_CA tag_location=Tu_Tu_Bu_Ung_Dong tag_panel=Panel_1 tag_slave_id_tag=1
time="2025-04-14 16:18:42" level=warning msg="Giá trị N/A (0xFFC00000) được trả về cho FLOAT32" device=Schneider_PM_COM3_ID2 register_name=Voltage_CA tag_location=Tu_Tu_Bu_Ung_Dong tag_panel=Panel_2 tag_slave_id_tag=2
time="2025-04-14 16:18:42" level=warning msg="Giá trị N/A (0xFFC00000) được trả về cho FLOAT32" device=Schneider_PM_COM3_ID1 register_name=Voltage_LLAvg tag_location=Tu_Tu_Bu_Ung_Dong tag_panel=Panel_1 tag_slave_id_tag=1
time="2025-04-14 16:18:42" level=warning msg="Giá trị N/A (0xFFC00000) được trả về cho FLOAT32" device=Schneider_PM_COM3_ID2 register_name=Voltage_LLAvg tag_location=Tu_Tu_Bu_Ung_Dong tag_panel=Panel_2 tag_slave_id_tag=2
time="2025-04-14 16:18:42" level=warning msg="Giá trị N/A (0xFFC00000) được trả về cho FLOAT32" device=Schneider_PM_COM3_ID1 register_name=Voltage_BN tag_location=Tu_Tu_Bu_Ung_Dong tag_panel=Panel_1 tag_slave_id_tag=1
time="2025-04-14 16:18:42" level=warning msg="Giá trị N/A (0xFFC00000) được trả về cho FLOAT32" device=Schneider_PM_COM3_ID2 register_name=Voltage_BN tag_location=Tu_Tu_Bu_Ung_Dong tag_panel=Panel_2 tag_slave_id_tag=2
time="2025-04-14 16:18:42" level=warning msg="Giá trị N/A (0xFFC00000) được trả về cho FLOAT32" device=Schneider_PM_COM3_ID1 register_name=Voltage_CN tag_location=Tu_Tu_Bu_Ung_Dong tag_panel=Panel_1 tag_slave_id_tag=1
time="2025-04-14 16:18:42" level=warning msg="Giá trị N/A (0xFFC00000) được trả về cho FLOAT32" device=Schneider_PM_COM3_ID2 register_name=Voltage_CN tag_location=Tu_Tu_Bu_Ung_Dong tag_panel=Panel_2 tag_slave_id_tag=2
time="2025-04-14 16:18:42" level=warning msg="Giá trị N/A (0xFFC00000) được trả về cho FLOAT32" device=Schneider_PM_COM3_ID1 register_name=Voltage_Unbalance_AB tag_location=Tu_Tu_Bu_Ung_Dong tag_panel=Panel_1 tag_slave_id_tag=1
time="2025-04-14 16:18:42" level=warning msg="Giá trị N/A (0xFFC00000) được trả về cho FLOAT32" device=Schneider_PM_COM3_ID2 register_name=Voltage_Unbalance_AB tag_location=Tu_Tu_Bu_Ung_Dong tag_panel=Panel_2 tag_slave_id_tag=2
time="2025-04-14 16:18:42" level=warning msg="Giá trị N/A (0xFFC00000) được trả về cho FLOAT32" device=Schneider_PM_COM3_ID1 register_name=Voltage_Unbalance_BC tag_location=Tu_Tu_Bu_Ung_Dong tag_panel=Panel_1 tag_slave_id_tag=1
time="2025-04-14 16:18:42" level=warning msg="Giá trị N/A (0xFFC00000) được trả về cho FLOAT32" device=Schneider_PM_COM3_ID2 register_name=Voltage_Unbalance_BC tag_location=Tu_Tu_Bu_Ung_Dong tag_panel=Panel_2 tag_slave_id_tag=2
time="2025-04-14 16:18:42" level=warning msg="Giá trị N/A (0xFFC00000) được trả về cho FLOAT32" device=Schneider_PM_COM3_ID1 register_name=Voltage_Unbalance_CA tag_location=Tu_Tu_Bu_Ung_Dong tag_panel=Panel_1 tag_slave_id_tag=1
time="2025-04-14 16:18:42" level=warning msg="Giá trị N/A (0xFFC00000) được trả về cho FLOAT32" device=Schneider_PM_COM3_ID2 register_name=Voltage_Unbalance_CA tag_location=Tu_Tu_Bu_Ung_Dong tag_panel=Panel_2 tag_slave_id_tag=2
time="2025-04-14 16:18:42" level=warning msg="Giá trị N/A (0xFFC00000) được trả về cho FLOAT32" device=Schneider_PM_COM3_ID1 register_name=Voltage_Unbalance_LL_Worst tag_location=Tu_Tu_Bu_Ung_Dong tag_panel=Panel_1 tag_slave_id_tag=1
time="2025-04-14 16:18:42" level=warning msg="Giá trị N/A (0xFFC00000) được trả về cho FLOAT32" device=Schneider_PM_COM3_ID2 register_name=Voltage_Unbalance_LL_Worst tag_location=Tu_Tu_Bu_Ung_Dong tag_panel=Panel_2 tag_slave_id_tag=2
time="2025-04-14 16:18:42" level=warning msg="Giá trị N/A (0xFFC00000) được trả về cho FLOAT32" device=Schneider_PM_COM3_ID1 register_name=Voltage_Unbalance_AN tag_location=Tu_Tu_Bu_Ung_Dong tag_panel=Panel_1 tag_slave_id_tag=1
time="2025-04-14 16:18:43" level=warning msg="Giá trị N/A (0xFFC00000) được trả về cho FLOAT32" device=Schneider_PM_COM3_ID2 register_name=Voltage_Unbalance_AN tag_location=Tu_Tu_Bu_Ung_Dong tag_panel=Panel_2 tag_slave_id_tag=2
time="2025-04-14 16:18:43" level=warning msg="Giá trị N/A (0xFFC00000) được trả về cho FLOAT32" device=Schneider_PM_COM3_ID1 register_name=Voltage_Unbalance_BN tag_location=Tu_Tu_Bu_Ung_Dong tag_panel=Panel_1 tag_slave_id_tag=1
time="2025-04-14 16:18:43" level=warning msg="Giá trị N/A (0xFFC00000) được trả về cho FLOAT32" device=Schneider_PM_COM3_ID2 register_name=Voltage_Unbalance_BN tag_location=Tu_Tu_Bu_Ung_Dong tag_panel=Panel_2 tag_slave_id_tag=2
time="2025-04-14 16:18:43" level=warning msg="Giá trị N/A (0xFFC00000) được trả về cho FLOAT32" device=Schneider_PM_COM3_ID1 register_name=Voltage_Unbalance_CN tag_location=Tu_Tu_Bu_Ung_Dong tag_panel=Panel_1 tag_slave_id_tag=1
time="2025-04-14 16:18:43" level=warning msg="Giá trị N/A (0xFFC00000) được trả về cho FLOAT32" device=Schneider_PM_COM3_ID2 register_name=Voltage_Unbalance_CN tag_location=Tu_Tu_Bu_Ung_Dong tag_panel=Panel_2 tag_slave_id_tag=2
time="2025-04-14 16:18:43" level=warning msg="Giá trị N/A (0xFFC00000) được trả về cho FLOAT32" device=Schneider_PM_COM3_ID1 register_name=Voltage_Unbalance_LN_Worst tag_location=Tu_Tu_Bu_Ung_Dong tag_panel=Panel_1 tag_slave_id_tag=1
time="2025-04-14 16:18:43" level=warning msg="Giá trị N/A (0xFFC00000) được trả về cho FLOAT32" device=Schneider_PM_COM3_ID2 register_name=Voltage_Unbalance_LN_Worst tag_location=Tu_Tu_Bu_Ung_Dong tag_panel=Panel_2 tag_slave_id_tag=2
time="2025-04-14 16:18:43" level=warning msg="Giá trị N/A (0xFFC00000) được trả về cho FLOAT32" device=Schneider_PM_COM3_ID1 register_name=ActivePower_B tag_location=Tu_Tu_Bu_Ung_Dong tag_panel=Panel_1 tag_slave_id_tag=1
time="2025-04-14 16:18:43" level=warning msg="Giá trị N/A (0xFFC00000) được trả về cho FLOAT32" device=Schneider_PM_COM3_ID2 register_name=ActivePower_B tag_location=Tu_Tu_Bu_Ung_Dong tag_panel=Panel_2 tag_slave_id_tag=2
time="2025-04-14 16:18:43" level=warning msg="Giá trị N/A (0xFFC00000) được trả về cho FLOAT32" device=Schneider_PM_COM3_ID1 register_name=ActivePower_C tag_location=Tu_Tu_Bu_Ung_Dong tag_panel=Panel_1 tag_slave_id_tag=1
time="2025-04-14 16:18:43" level=warning msg="Giá trị N/A (0xFFC00000) được trả về cho FLOAT32" device=Schneider_PM_COM3_ID2 register_name=ActivePower_C tag_location=Tu_Tu_Bu_Ung_Dong tag_panel=Panel_2 tag_slave_id_tag=2
time="2025-04-14 16:18:43" level=warning msg="Giá trị N/A (0xFFC00000) được trả về cho FLOAT32" device=Schneider_PM_COM3_ID1 register_name=ReactivePower_B tag_location=Tu_Tu_Bu_Ung_Dong tag_panel=Panel_1 tag_slave_id_tag=1
time="2025-04-14 16:18:43" level=warning msg="Giá trị N/A (0xFFC00000) được trả về cho FLOAT32" device=Schneider_PM_COM3_ID2 register_name=ReactivePower_B tag_location=Tu_Tu_Bu_Ung_Dong tag_panel=Panel_2 tag_slave_id_tag=2
time="2025-04-14 16:18:43" level=warning msg="Giá trị N/A (0xFFC00000) được trả về cho FLOAT32" device=Schneider_PM_COM3_ID1 register_name=ReactivePower_C tag_location=Tu_Tu_Bu_Ung_Dong tag_panel=Panel_1 tag_slave_id_tag=1
time="2025-04-14 16:18:43" level=warning msg="Giá trị N/A (0xFFC00000) được trả về cho FLOAT32" device=Schneider_PM_COM3_ID2 register_name=ReactivePower_C tag_location=Tu_Tu_Bu_Ung_Dong tag_panel=Panel_2 tag_slave_id_tag=2
time="2025-04-14 16:18:44" level=warning msg="Giá trị N/A (0xFFC00000) được trả về cho FLOAT32" device=Schneider_PM_COM3_ID1 register_name=ApparentPower_B tag_location=Tu_Tu_Bu_Ung_Dong tag_panel=Panel_1 tag_slave_id_tag=1
time="2025-04-14 16:18:44" level=warning msg="Giá trị N/A (0xFFC00000) được trả về cho FLOAT32" device=Schneider_PM_COM3_ID2 register_name=ApparentPower_B tag_location=Tu_Tu_Bu_Ung_Dong tag_panel=Panel_2 tag_slave_id_tag=2
time="2025-04-14 16:18:44" level=warning msg="Giá trị N/A (0xFFC00000) được trả về cho FLOAT32" device=Schneider_PM_COM3_ID1 register_name=ApparentPower_C tag_location=Tu_Tu_Bu_Ung_Dong tag_panel=Panel_1 tag_slave_id_tag=1
time="2025-04-14 16:18:44" level=warning msg="Giá trị N/A (0xFFC00000) được trả về cho FLOAT32" device=Schneider_PM_COM3_ID2 register_name=ApparentPower_C tag_location=Tu_Tu_Bu_Ung_Dong tag_panel=Panel_2 tag_slave_id_tag=2
time="2025-04-14 16:18:44" level=warning msg="Giá trị N/A (0xFFC00000) được trả về cho FLOAT32" device=Schneider_PM_COM3_ID1 register_name=PF_A tag_location=Tu_Tu_Bu_Ung_Dong tag_panel=Panel_1 tag_slave_id_tag=1
time="2025-04-14 16:18:44" level=warning msg="Giá trị N/A (0xFFC00000) được trả về cho FLOAT32" device=Schneider_PM_COM3_ID2 register_name=PF_A tag_location=Tu_Tu_Bu_Ung_Dong tag_panel=Panel_2 tag_slave_id_tag=2
time="2025-04-14 16:18:44" level=warning msg="Giá trị N/A (0xFFC00000) được trả về cho FLOAT32" device=Schneider_PM_COM3_ID1 register_name=PF_B tag_location=Tu_Tu_Bu_Ung_Dong tag_panel=Panel_1 tag_slave_id_tag=1
time="2025-04-14 16:18:44" level=warning msg="Giá trị N/A (0xFFC00000) được trả về cho FLOAT32" device=Schneider_PM_COM3_ID2 register_name=PF_B tag_location=Tu_Tu_Bu_Ung_Dong tag_panel=Panel_2 tag_slave_id_tag=2
time="2025-04-14 16:18:44" level=warning msg="Giá trị N/A (0xFFC00000) được trả về cho FLOAT32" device=Schneider_PM_COM3_ID1 register_name=PF_C tag_location=Tu_Tu_Bu_Ung_Dong tag_panel=Panel_1 tag_slave_id_tag=1
time="2025-04-14 16:18:44" level=warning msg="Giá trị N/A (0xFFC00000) được trả về cho FLOAT32" device=Schneider_PM_COM3_ID2 register_name=PF_C tag_location=Tu_Tu_Bu_Ung_Dong tag_panel=Panel_2 tag_slave_id_tag=2
time="2025-04-14 16:18:44" level=warning msg="Giá trị N/A (0xFFC00000) được trả về cho FLOAT32" device=Schneider_PM_COM3_ID1 register_name=PF_Total tag_location=Tu_Tu_Bu_Ung_Dong tag_panel=Panel_1 tag_slave_id_tag=1
time="2025-04-14 16:18:44" level=warning msg="Giá trị N/A (0xFFC00000) được trả về cho FLOAT32" device=Schneider_PM_COM3_ID2 register_name=PF_Total tag_location=Tu_Tu_Bu_Ung_Dong tag_panel=Panel_2 tag_slave_id_tag=2
time="2025-04-14 16:18:44" level=warning msg="Giá trị N/A (0xFFC00000) được trả về cho FLOAT32" device=Schneider_PM_COM3_ID1 register_name=DPF_A tag_location=Tu_Tu_Bu_Ung_Dong tag_panel=Panel_1 tag_slave_id_tag=1
time="2025-04-14 16:18:44" level=warning msg="Giá trị N/A (0xFFC00000) được trả về cho FLOAT32" device=Schneider_PM_COM3_ID2 register_name=DPF_A tag_location=Tu_Tu_Bu_Ung_Dong tag_panel=Panel_2 tag_slave_id_tag=2
time="2025-04-14 16:18:44" level=warning msg="Giá trị N/A (0xFFC00000) được trả về cho FLOAT32" device=Schneider_PM_COM3_ID1 register_name=DPF_B tag_location=Tu_Tu_Bu_Ung_Dong tag_panel=Panel_1 tag_slave_id_tag=1
time="2025-04-14 16:18:44" level=warning msg="Giá trị N/A (0xFFC00000) được trả về cho FLOAT32" device=Schneider_PM_COM3_ID2 register_name=DPF_B tag_location=Tu_Tu_Bu_Ung_Dong tag_panel=Panel_2 tag_slave_id_tag=2
time="2025-04-14 16:18:45" level=warning msg="Giá trị N/A (0xFFC00000) được trả về cho FLOAT32" device=Schneider_PM_COM3_ID1 register_name=DPF_C tag_location=Tu_Tu_Bu_Ung_Dong tag_panel=Panel_1 tag_slave_id_tag=1
time="2025-04-14 16:18:45" level=warning msg="Giá trị N/A (0xFFC00000) được trả về cho FLOAT32" device=Schneider_PM_COM3_ID2 register_name=DPF_C tag_location=Tu_Tu_Bu_Ung_Dong tag_panel=Panel_2 tag_slave_id_tag=2
time="2025-04-14 16:18:45" level=warning msg="Giá trị N/A (0xFFC00000) được trả về cho FLOAT32" device=Schneider_PM_COM3_ID1 register_name=DPF_Total tag_location=Tu_Tu_Bu_Ung_Dong tag_panel=Panel_1 tag_slave_id_tag=1
time="2025-04-14 16:18:45" level=warning msg="Giá trị N/A (0xFFC00000) được trả về cho FLOAT32" device=Schneider_PM_COM3_ID2 register_name=DPF_Total tag_location=Tu_Tu_Bu_Ung_Dong tag_panel=Panel_2 tag_slave_id_tag=2
time="2025-04-14 16:18:47" level=info msg="Hoàn thành chu kỳ đọc và ghi dữ liệu" device=Schneider_PM_COM3_ID1 duration_ms=8621 errors=0 tag_location=Tu_Tu_Bu_Ung_Dong tag_panel=Panel_1 tag_slave_id_tag=1
time="2025-04-14 16:18:47" level=info msg="Hoàn thành chu kỳ đọc và ghi dữ liệu" device=Schneider_PM_COM3_ID2 duration_ms=8619 errors=0 tag_location=Tu_Tu_Bu_Ung_Dong tag_panel=Panel_2 tag_slave_id_tag=2
time="2025-04-14 16:18:49" level=warning msg="Giá trị N/A (0xFFC00000) được trả về cho FLOAT32" device=Schneider_PM_COM3_ID1 register_name=Current_B tag_location=Tu_Tu_Bu_Ung_Dong tag_panel=Panel_1 tag_slave_id_tag=1
time="2025-04-14 16:18:49" level=warning msg="Giá trị N/A (0xFFC00000) được trả về cho FLOAT32" device=Schneider_PM_COM3_ID2 register_name=Current_B tag_location=Tu_Tu_Bu_Ung_Dong tag_panel=Panel_2 tag_slave_id_tag=2
time="2025-04-14 16:18:49" level=warning msg="Giá trị N/A (0xFFC00000) được trả về cho FLOAT32" device=Schneider_PM_COM3_ID1 register_name=Current_C tag_location=Tu_Tu_Bu_Ung_Dong tag_panel=Panel_1 tag_slave_id_tag=1
time="2025-04-14 16:18:49" level=warning msg="Giá trị N/A (0xFFC00000) được trả về cho FLOAT32" device=Schneider_PM_COM3_ID2 register_name=Current_C tag_location=Tu_Tu_Bu_Ung_Dong tag_panel=Panel_2 tag_slave_id_tag=2
time="2025-04-14 16:18:50" level=warning msg="Giá trị N/A (0xFFC00000) được trả về cho FLOAT32" device=Schneider_PM_COM3_ID1 register_name=Current_N tag_location=Tu_Tu_Bu_Ung_Dong tag_panel=Panel_1 tag_slave_id_tag=1
time="2025-04-14 16:18:50" level=warning msg="Giá trị N/A (0xFFC00000) được trả về cho FLOAT32" device=Schneider_PM_COM3_ID2 register_name=Current_N tag_location=Tu_Tu_Bu_Ung_Dong tag_panel=Panel_2 tag_slave_id_tag=2
time="2025-04-14 16:18:50" level=warning msg="Giá trị N/A (0xFFC00000) được trả về cho FLOAT32" device=Schneider_PM_COM3_ID1 register_name=Current_G tag_location=Tu_Tu_Bu_Ung_Dong tag_panel=Panel_1 tag_slave_id_tag=1
time="2025-04-14 16:18:50" level=warning msg="Giá trị N/A (0xFFC00000) được trả về cho FLOAT32" device=Schneider_PM_COM3_ID2 register_name=Current_G tag_location=Tu_Tu_Bu_Ung_Dong tag_panel=Panel_2 tag_slave_id_tag=2
time="2025-04-14 16:18:50" level=warning msg="Giá trị N/A (0xFFC00000) được trả về cho FLOAT32" device=Schneider_PM_COM3_ID1 register_name=Current_Unbalance_A tag_location=Tu_Tu_Bu_Ung_Dong tag_panel=Panel_1 tag_slave_id_tag=1
time="2025-04-14 16:18:50" level=warning msg="Giá trị N/A (0xFFC00000) được trả về cho FLOAT32" device=Schneider_PM_COM3_ID2 register_name=Current_Unbalance_A tag_location=Tu_Tu_Bu_Ung_Dong tag_panel=Panel_2 tag_slave_id_tag=2
time="2025-04-14 16:18:50" level=warning msg="Giá trị N/A (0xFFC00000) được trả về cho FLOAT32" device=Schneider_PM_COM3_ID1 register_name=Current_Unbalance_B tag_location=Tu_Tu_Bu_Ung_Dong tag_panel=Panel_1 tag_slave_id_tag=1
time="2025-04-14 16:18:50" level=warning msg="Giá trị N/A (0xFFC00000) được trả về cho FLOAT32" device=Schneider_PM_COM3_ID2 register_name=Current_Unbalance_B tag_location=Tu_Tu_Bu_Ung_Dong tag_panel=Panel_2 tag_slave_id_tag=2
time="2025-04-14 16:18:50" level=warning msg="Giá trị N/A (0xFFC00000) được trả về cho FLOAT32" device=Schneider_PM_COM3_ID1 register_name=Current_Unbalance_C tag_location=Tu_Tu_Bu_Ung_Dong tag_panel=Panel_1 tag_slave_id_tag=1
time="2025-04-14 16:18:50" level=warning msg="Giá trị N/A (0xFFC00000) được trả về cho FLOAT32" device=Schneider_PM_COM3_ID2 register_name=Current_Unbalance_C tag_location=Tu_Tu_Bu_Ung_Dong tag_panel=Panel_2 tag_slave_id_tag=2
time="2025-04-14 16:18:50" level=warning msg="Giá trị N/A (0xFFC00000) được trả về cho FLOAT32" device=Schneider_PM_COM3_ID1 register_name=Current_Unbalance_Worst tag_location=Tu_Tu_Bu_Ung_Dong tag_panel=Panel_1 tag_slave_id_tag=1
time="2025-04-14 16:18:50" level=warning msg="Giá trị N/A (0xFFC00000) được trả về cho FLOAT32" device=Schneider_PM_COM3_ID2 register_name=Current_Unbalance_Worst tag_location=Tu_Tu_Bu_Ung_Dong tag_panel=Panel_2 tag_slave_id_tag=2
time="2025-04-14 16:18:50" level=warning msg="Giá trị N/A (0xFFC00000) được trả về cho FLOAT32" device=Schneider_PM_COM3_ID1 register_name=Voltage_AB tag_location=Tu_Tu_Bu_Ung_Dong tag_panel=Panel_1 tag_slave_id_tag=1
time="2025-04-14 16:18:50" level=warning msg="Giá trị N/A (0xFFC00000) được trả về cho FLOAT32" device=Schneider_PM_COM3_ID2 register_name=Voltage_AB tag_location=Tu_Tu_Bu_Ung_Dong tag_panel=Panel_2 tag_slave_id_tag=2
time="2025-04-14 16:18:50" level=warning msg="Giá trị N/A (0xFFC00000) được trả về cho FLOAT32" device=Schneider_PM_COM3_ID1 register_name=Voltage_BC tag_location=Tu_Tu_Bu_Ung_Dong tag_panel=Panel_1 tag_slave_id_tag=1
time="2025-04-14 16:18:50" level=warning msg="Giá trị N/A (0xFFC00000) được trả về cho FLOAT32" device=Schneider_PM_COM3_ID2 register_name=Voltage_BC tag_location=Tu_Tu_Bu_Ung_Dong tag_panel=Panel_2 tag_slave_id_tag=2
time="2025-04-14 16:18:50" level=warning msg="Giá trị N/A (0xFFC00000) được trả về cho FLOAT32" device=Schneider_PM_COM3_ID1 register_name=Voltage_CA tag_location=Tu_Tu_Bu_Ung_Dong tag_panel=Panel_1 tag_slave_id_tag=1
time="2025-04-14 16:18:50" level=warning msg="Giá trị N/A (0xFFC00000) được trả về cho FLOAT32" device=Schneider_PM_COM3_ID2 register_name=Voltage_CA tag_location=Tu_Tu_Bu_Ung_Dong tag_panel=Panel_2 tag_slave_id_tag=2
time="2025-04-14 16:18:50" level=warning msg="Giá trị N/A (0xFFC00000) được trả về cho FLOAT32" device=Schneider_PM_COM3_ID1 register_name=Voltage_LLAvg tag_location=Tu_Tu_Bu_Ung_Dong tag_panel=Panel_1 tag_slave_id_tag=1
time="2025-04-14 16:18:51" level=warning msg="Giá trị N/A (0xFFC00000) được trả về cho FLOAT32" device=Schneider_PM_COM3_ID2 register_name=Voltage_LLAvg tag_location=Tu_Tu_Bu_Ung_Dong tag_panel=Panel_2 tag_slave_id_tag=2
time="2025-04-14 16:18:51" level=warning msg="Giá trị N/A (0xFFC00000) được trả về cho FLOAT32" device=Schneider_PM_COM3_ID1 register_name=Voltage_BN tag_location=Tu_Tu_Bu_Ung_Dong tag_panel=Panel_1 tag_slave_id_tag=1
time="2025-04-14 16:18:51" level=warning msg="Giá trị N/A (0xFFC00000) được trả về cho FLOAT32" device=Schneider_PM_COM3_ID2 register_name=Voltage_BN tag_location=Tu_Tu_Bu_Ung_Dong tag_panel=Panel_2 tag_slave_id_tag=2
time="2025-04-14 16:18:51" level=warning msg="Giá trị N/A (0xFFC00000) được trả về cho FLOAT32" device=Schneider_PM_COM3_ID1 register_name=Voltage_CN tag_location=Tu_Tu_Bu_Ung_Dong tag_panel=Panel_1 tag_slave_id_tag=1
time="2025-04-14 16:18:51" level=warning msg="Giá trị N/A (0xFFC00000) được trả về cho FLOAT32" device=Schneider_PM_COM3_ID2 register_name=Voltage_CN tag_location=Tu_Tu_Bu_Ung_Dong tag_panel=Panel_2 tag_slave_id_tag=2
time="2025-04-14 16:18:51" level=warning msg="Giá trị N/A (0xFFC00000) được trả về cho FLOAT32" device=Schneider_PM_COM3_ID1 register_name=Voltage_Unbalance_AB tag_location=Tu_Tu_Bu_Ung_Dong tag_panel=Panel_1 tag_slave_id_tag=1
time="2025-04-14 16:18:51" level=warning msg="Giá trị N/A (0xFFC00000) được trả về cho FLOAT32" device=Schneider_PM_COM3_ID2 register_name=Voltage_Unbalance_AB tag_location=Tu_Tu_Bu_Ung_Dong tag_panel=Panel_2 tag_slave_id_tag=2
time="2025-04-14 16:18:51" level=warning msg="Giá trị N/A (0xFFC00000) được trả về cho FLOAT32" device=Schneider_PM_COM3_ID1 register_name=Voltage_Unbalance_BC tag_location=Tu_Tu_Bu_Ung_Dong tag_panel=Panel_1 tag_slave_id_tag=1
time="2025-04-14 16:18:51" level=warning msg="Giá trị N/A (0xFFC00000) được trả về cho FLOAT32" device=Schneider_PM_COM3_ID2 register_name=Voltage_Unbalance_BC tag_location=Tu_Tu_Bu_Ung_Dong tag_panel=Panel_2 tag_slave_id_tag=2
time="2025-04-14 16:18:51" level=warning msg="Giá trị N/A (0xFFC00000) được trả về cho FLOAT32" device=Schneider_PM_COM3_ID1 register_name=Voltage_Unbalance_CA tag_location=Tu_Tu_Bu_Ung_Dong tag_panel=Panel_1 tag_slave_id_tag=1
time="2025-04-14 16:18:51" level=warning msg="Giá trị N/A (0xFFC00000) được trả về cho FLOAT32" device=Schneider_PM_COM3_ID2 register_name=Voltage_Unbalance_CA tag_location=Tu_Tu_Bu_Ung_Dong tag_panel=Panel_2 tag_slave_id_tag=2
time="2025-04-14 16:18:51" level=warning msg="Giá trị N/A (0xFFC00000) được trả về cho FLOAT32" device=Schneider_PM_COM3_ID1 register_name=Voltage_Unbalance_LL_Worst tag_location=Tu_Tu_Bu_Ung_Dong tag_panel=Panel_1 tag_slave_id_tag=1
time="2025-04-14 16:18:51" level=warning msg="Giá trị N/A (0xFFC00000) được trả về cho FLOAT32" device=Schneider_PM_COM3_ID2 register_name=Voltage_Unbalance_LL_Worst tag_location=Tu_Tu_Bu_Ung_Dong tag_panel=Panel_2 tag_slave_id_tag=2
time="2025-04-14 16:18:51" level=warning msg="Giá trị N/A (0xFFC00000) được trả về cho FLOAT32" device=Schneider_PM_COM3_ID1 register_name=Voltage_Unbalance_AN tag_location=Tu_Tu_Bu_Ung_Dong tag_panel=Panel_1 tag_slave_id_tag=1
time="2025-04-14 16:18:51" level=warning msg="Giá trị N/A (0xFFC00000) được trả về cho FLOAT32" device=Schneider_PM_COM3_ID2 register_name=Voltage_Unbalance_AN tag_location=Tu_Tu_Bu_Ung_Dong tag_panel=Panel_2 tag_slave_id_tag=2
time="2025-04-14 16:18:51" level=warning msg="Giá trị N/A (0xFFC00000) được trả về cho FLOAT32" device=Schneider_PM_COM3_ID1 register_name=Voltage_Unbalance_BN tag_location=Tu_Tu_Bu_Ung_Dong tag_panel=Panel_1 tag_slave_id_tag=1
time="2025-04-14 16:18:52" level=warning msg="Giá trị N/A (0xFFC00000) được trả về cho FLOAT32" device=Schneider_PM_COM3_ID2 register_name=Voltage_Unbalance_BN tag_location=Tu_Tu_Bu_Ung_Dong tag_panel=Panel_2 tag_slave_id_tag=2
time="2025-04-14 16:18:52" level=warning msg="Giá trị N/A (0xFFC00000) được trả về cho FLOAT32" device=Schneider_PM_COM3_ID1 register_name=Voltage_Unbalance_CN tag_location=Tu_Tu_Bu_Ung_Dong tag_panel=Panel_1 tag_slave_id_tag=1
time="2025-04-14 16:18:52" level=warning msg="Giá trị N/A (0xFFC00000) được trả về cho FLOAT32" device=Schneider_PM_COM3_ID2 register_name=Voltage_Unbalance_CN tag_location=Tu_Tu_Bu_Ung_Dong tag_panel=Panel_2 tag_slave_id_tag=2
time="2025-04-14 16:18:52" level=warning msg="Giá trị N/A (0xFFC00000) được trả về cho FLOAT32" device=Schneider_PM_COM3_ID1 register_name=Voltage_Unbalance_LN_Worst tag_location=Tu_Tu_Bu_Ung_Dong tag_panel=Panel_1 tag_slave_id_tag=1
time="2025-04-14 16:18:52" level=warning msg="Giá trị N/A (0xFFC00000) được trả về cho FLOAT32" device=Schneider_PM_COM3_ID2 register_name=Voltage_Unbalance_LN_Worst tag_location=Tu_Tu_Bu_Ung_Dong tag_panel=Panel_2 tag_slave_id_tag=2
time="2025-04-14 16:18:52" level=warning msg="Giá trị N/A (0xFFC00000) được trả về cho FLOAT32" device=Schneider_PM_COM3_ID1 register_name=ActivePower_B tag_location=Tu_Tu_Bu_Ung_Dong tag_panel=Panel_1 tag_slave_id_tag=1
time="2025-04-14 16:18:52" level=warning msg="Giá trị N/A (0xFFC00000) được trả về cho FLOAT32" device=Schneider_PM_COM3_ID2 register_name=ActivePower_B tag_location=Tu_Tu_Bu_Ung_Dong tag_panel=Panel_2 tag_slave_id_tag=2
time="2025-04-14 16:18:52" level=warning msg="Giá trị N/A (0xFFC00000) được trả về cho FLOAT32" device=Schneider_PM_COM3_ID1 register_name=ActivePower_C tag_location=Tu_Tu_Bu_Ung_Dong tag_panel=Panel_1 tag_slave_id_tag=1
time="2025-04-14 16:18:52" level=warning msg="Giá trị N/A (0xFFC00000) được trả về cho FLOAT32" device=Schneider_PM_COM3_ID2 register_name=ActivePower_C tag_location=Tu_Tu_Bu_Ung_Dong tag_panel=Panel_2 tag_slave_id_tag=2
time="2025-04-14 16:18:52" level=warning msg="Giá trị N/A (0xFFC00000) được trả về cho FLOAT32" device=Schneider_PM_COM3_ID1 register_name=ReactivePower_B tag_location=Tu_Tu_Bu_Ung_Dong tag_panel=Panel_1 tag_slave_id_tag=1
time="2025-04-14 16:18:52" level=warning msg="Giá trị N/A (0xFFC00000) được trả về cho FLOAT32" device=Schneider_PM_COM3_ID2 register_name=ReactivePower_B tag_location=Tu_Tu_Bu_Ung_Dong tag_panel=Panel_2 tag_slave_id_tag=2
time="2025-04-14 16:18:52" level=warning msg="Giá trị N/A (0xFFC00000) được trả về cho FLOAT32" device=Schneider_PM_COM3_ID1 register_name=ReactivePower_C tag_location=Tu_Tu_Bu_Ung_Dong tag_panel=Panel_1 tag_slave_id_tag=1
time="2025-04-14 16:18:52" level=warning msg="Giá trị N/A (0xFFC00000) được trả về cho FLOAT32" device=Schneider_PM_COM3_ID2 register_name=ReactivePower_C tag_location=Tu_Tu_Bu_Ung_Dong tag_panel=Panel_2 tag_slave_id_tag=2
time="2025-04-14 16:18:53" level=warning msg="Giá trị N/A (0xFFC00000) được trả về cho FLOAT32" device=Schneider_PM_COM3_ID1 register_name=ApparentPower_B tag_location=Tu_Tu_Bu_Ung_Dong tag_panel=Panel_1 tag_slave_id_tag=1
time="2025-04-14 16:18:53" level=warning msg="Giá trị N/A (0xFFC00000) được trả về cho FLOAT32" device=Schneider_PM_COM3_ID2 register_name=ApparentPower_B tag_location=Tu_Tu_Bu_Ung_Dong tag_panel=Panel_2 tag_slave_id_tag=2
time="2025-04-14 16:18:53" level=warning msg="Giá trị N/A (0xFFC00000) được trả về cho FLOAT32" device=Schneider_PM_COM3_ID1 register_name=ApparentPower_C tag_location=Tu_Tu_Bu_Ung_Dong tag_panel=Panel_1 tag_slave_id_tag=1
time="2025-04-14 16:18:53" level=warning msg="Giá trị N/A (0xFFC00000) được trả về cho FLOAT32" device=Schneider_PM_COM3_ID2 register_name=ApparentPower_C tag_location=Tu_Tu_Bu_Ung_Dong tag_panel=Panel_2 tag_slave_id_tag=2
time="2025-04-14 16:18:53" level=warning msg="Giá trị N/A (0xFFC00000) được trả về cho FLOAT32" device=Schneider_PM_COM3_ID1 register_name=PF_A tag_location=Tu_Tu_Bu_Ung_Dong tag_panel=Panel_1 tag_slave_id_tag=1
time="2025-04-14 16:18:53" level=warning msg="Giá trị N/A (0xFFC00000) được trả về cho FLOAT32" device=Schneider_PM_COM3_ID2 register_name=PF_A tag_location=Tu_Tu_Bu_Ung_Dong tag_panel=Panel_2 tag_slave_id_tag=2
time="2025-04-14 16:18:53" level=warning msg="Giá trị N/A (0xFFC00000) được trả về cho FLOAT32" device=Schneider_PM_COM3_ID1 register_name=PF_B tag_location=Tu_Tu_Bu_Ung_Dong tag_panel=Panel_1 tag_slave_id_tag=1
time="2025-04-14 16:18:53" level=warning msg="Giá trị N/A (0xFFC00000) được trả về cho FLOAT32" device=Schneider_PM_COM3_ID2 register_name=PF_B tag_location=Tu_Tu_Bu_Ung_Dong tag_panel=Panel_2 tag_slave_id_tag=2
time="2025-04-14 16:18:53" level=warning msg="Giá trị N/A (0xFFC00000) được trả về cho FLOAT32" device=Schneider_PM_COM3_ID1 register_name=PF_C tag_location=Tu_Tu_Bu_Ung_Dong tag_panel=Panel_1 tag_slave_id_tag=1
time="2025-04-14 16:18:53" level=warning msg="Giá trị N/A (0xFFC00000) được trả về cho FLOAT32" device=Schneider_PM_COM3_ID2 register_name=PF_C tag_location=Tu_Tu_Bu_Ung_Dong tag_panel=Panel_2 tag_slave_id_tag=2
time="2025-04-14 16:18:53" level=warning msg="Giá trị N/A (0xFFC00000) được trả về cho FLOAT32" device=Schneider_PM_COM3_ID1 register_name=PF_Total tag_location=Tu_Tu_Bu_Ung_Dong tag_panel=Panel_1 tag_slave_id_tag=1
time="2025-04-14 16:18:53" level=warning msg="Giá trị N/A (0xFFC00000) được trả về cho FLOAT32" device=Schneider_PM_COM3_ID2 register_name=PF_Total tag_location=Tu_Tu_Bu_Ung_Dong tag_panel=Panel_2 tag_slave_id_tag=2
time="2025-04-14 16:18:53" level=warning msg="Giá trị N/A (0xFFC00000) được trả về cho FLOAT32" device=Schneider_PM_COM3_ID1 register_name=DPF_A tag_location=Tu_Tu_Bu_Ung_Dong tag_panel=Panel_1 tag_slave_id_tag=1
time="2025-04-14 16:18:53" level=warning msg="Giá trị N/A (0xFFC00000) được trả về cho FLOAT32" device=Schneider_PM_COM3_ID2 register_name=DPF_A tag_location=Tu_Tu_Bu_Ung_Dong tag_panel=Panel_2 tag_slave_id_tag=2
time="2025-04-14 16:18:53" level=warning msg="Giá trị N/A (0xFFC00000) được trả về cho FLOAT32" device=Schneider_PM_COM3_ID1 register_name=DPF_B tag_location=Tu_Tu_Bu_Ung_Dong tag_panel=Panel_1 tag_slave_id_tag=1
time="2025-04-14 16:18:53" level=warning msg="Giá trị N/A (0xFFC00000) được trả về cho FLOAT32" device=Schneider_PM_COM3_ID2 register_name=DPF_B tag_location=Tu_Tu_Bu_Ung_Dong tag_panel=Panel_2 tag_slave_id_tag=2
time="2025-04-14 16:18:54" level=warning msg="Giá trị N/A (0xFFC00000) được trả về cho FLOAT32" device=Schneider_PM_COM3_ID1 register_name=DPF_C tag_location=Tu_Tu_Bu_Ung_Dong tag_panel=Panel_1 tag_slave_id_tag=1
time="2025-04-14 16:18:54" level=warning msg="Giá trị N/A (0xFFC00000) được trả về cho FLOAT32" device=Schneider_PM_COM3_ID2 register_name=DPF_C tag_location=Tu_Tu_Bu_Ung_Dong tag_panel=Panel_2 tag_slave_id_tag=2
time="2025-04-14 16:18:54" level=warning msg="Giá trị N/A (0xFFC00000) được trả về cho FLOAT32" device=Schneider_PM_COM3_ID1 register_name=DPF_Total tag_location=Tu_Tu_Bu_Ung_Dong tag_panel=Panel_1 tag_slave_id_tag=1
time="2025-04-14 16:18:54" level=warning msg="Giá trị N/A (0xFFC00000) được trả về cho FLOAT32" device=Schneider_PM_COM3_ID2 register_name=DPF_Total tag_location=Tu_Tu_Bu_Ung_Dong tag_panel=Panel_2 tag_slave_id_tag=2
time="2025-04-14 16:18:56" level=info msg="Hoàn thành chu kỳ đọc và ghi dữ liệu" device=Schneider_PM_COM3_ID1 duration_ms=8973 errors=0 tag_location=Tu_Tu_Bu_Ung_Dong tag_panel=Panel_1 tag_slave_id_tag=1
time="2025-04-14 16:18:56" level=info msg="Hoàn thành chu kỳ đọc và ghi dữ liệu" device=Schneider_PM_COM3_ID2 duration_ms=8975 errors=0 tag_location=Tu_Tu_Bu_Ung_Dong tag_panel=Panel_2 tag_slave_id_tag=2
time="2025-04-14 16:18:58" level=warning msg="Giá trị N/A (0xFFC00000) được trả về cho FLOAT32" device=Schneider_PM_COM3_ID1 register_name=Current_B tag_location=Tu_Tu_Bu_Ung_Dong tag_panel=Panel_1 tag_slave_id_tag=1
time="2025-04-14 16:18:58" level=warning msg="Giá trị N/A (0xFFC00000) được trả về cho FLOAT32" device=Schneider_PM_COM3_ID2 register_name=Current_B tag_location=Tu_Tu_Bu_Ung_Dong tag_panel=Panel_2 tag_slave_id_tag=2
time="2025-04-14 16:18:58" level=warning msg="Giá trị N/A (0xFFC00000) được trả về cho FLOAT32" device=Schneider_PM_COM3_ID1 register_name=Current_C tag_location=Tu_Tu_Bu_Ung_Dong tag_panel=Panel_1 tag_slave_id_tag=1
time="2025-04-14 16:18:58" level=warning msg="Giá trị N/A (0xFFC00000) được trả về cho FLOAT32" device=Schneider_PM_COM3_ID2 register_name=Current_C tag_location=Tu_Tu_Bu_Ung_Dong tag_panel=Panel_2 tag_slave_id_tag=2
time="2025-04-14 16:18:58" level=warning msg="Giá trị N/A (0xFFC00000) được trả về cho FLOAT32" device=Schneider_PM_COM3_ID1 register_name=Current_N tag_location=Tu_Tu_Bu_Ung_Dong tag_panel=Panel_1 tag_slave_id_tag=1
time="2025-04-14 16:18:58" level=warning msg="Giá trị N/A (0xFFC00000) được trả về cho FLOAT32" device=Schneider_PM_COM3_ID2 register_name=Current_N tag_location=Tu_Tu_Bu_Ung_Dong tag_panel=Panel_2 tag_slave_id_tag=2
time="2025-04-14 16:18:58" level=warning msg="Giá trị N/A (0xFFC00000) được trả về cho FLOAT32" device=Schneider_PM_COM3_ID1 register_name=Current_G tag_location=Tu_Tu_Bu_Ung_Dong tag_panel=Panel_1 tag_slave_id_tag=1
time="2025-04-14 16:18:58" level=warning msg="Giá trị N/A (0xFFC00000) được trả về cho FLOAT32" device=Schneider_PM_COM3_ID2 register_name=Current_G tag_location=Tu_Tu_Bu_Ung_Dong tag_panel=Panel_2 tag_slave_id_tag=2
time="2025-04-14 16:18:59" level=warning msg="Giá trị N/A (0xFFC00000) được trả về cho FLOAT32" device=Schneider_PM_COM3_ID1 register_name=Current_Unbalance_A tag_location=Tu_Tu_Bu_Ung_Dong tag_panel=Panel_1 tag_slave_id_tag=1
time="2025-04-14 16:18:59" level=warning msg="Giá trị N/A (0xFFC00000) được trả về cho FLOAT32" device=Schneider_PM_COM3_ID2 register_name=Current_Unbalance_A tag_location=Tu_Tu_Bu_Ung_Dong tag_panel=Panel_2 tag_slave_id_tag=2
time="2025-04-14 16:18:59" level=warning msg="Giá trị N/A (0xFFC00000) được trả về cho FLOAT32" device=Schneider_PM_COM3_ID1 register_name=Current_Unbalance_B tag_location=Tu_Tu_Bu_Ung_Dong tag_panel=Panel_1 tag_slave_id_tag=1
time="2025-04-14 16:18:59" level=warning msg="Giá trị N/A (0xFFC00000) được trả về cho FLOAT32" device=Schneider_PM_COM3_ID2 register_name=Current_Unbalance_B tag_location=Tu_Tu_Bu_Ung_Dong tag_panel=Panel_2 tag_slave_id_tag=2
time="2025-04-14 16:18:59" level=warning msg="Giá trị N/A (0xFFC00000) được trả về cho FLOAT32" device=Schneider_PM_COM3_ID1 register_name=Current_Unbalance_C tag_location=Tu_Tu_Bu_Ung_Dong tag_panel=Panel_1 tag_slave_id_tag=1
time="2025-04-14 16:18:59" level=warning msg="Giá trị N/A (0xFFC00000) được trả về cho FLOAT32" device=Schneider_PM_COM3_ID2 register_name=Current_Unbalance_C tag_location=Tu_Tu_Bu_Ung_Dong tag_panel=Panel_2 tag_slave_id_tag=2
time="2025-04-14 16:18:59" level=warning msg="Giá trị N/A (0xFFC00000) được trả về cho FLOAT32" device=Schneider_PM_COM3_ID1 register_name=Current_Unbalance_Worst tag_location=Tu_Tu_Bu_Ung_Dong tag_panel=Panel_1 tag_slave_id_tag=1
time="2025-04-14 16:18:59" level=warning msg="Giá trị N/A (0xFFC00000) được trả về cho FLOAT32" device=Schneider_PM_COM3_ID2 register_name=Current_Unbalance_Worst tag_location=Tu_Tu_Bu_Ung_Dong tag_panel=Panel_2 tag_slave_id_tag=2
time="2025-04-14 16:18:59" level=warning msg="Giá trị N/A (0xFFC00000) được trả về cho FLOAT32" device=Schneider_PM_COM3_ID1 register_name=Voltage_AB tag_location=Tu_Tu_Bu_Ung_Dong tag_panel=Panel_1 tag_slave_id_tag=1
time="2025-04-14 16:18:59" level=warning msg="Giá trị N/A (0xFFC00000) được trả về cho FLOAT32" device=Schneider_PM_COM3_ID2 register_name=Voltage_AB tag_location=Tu_Tu_Bu_Ung_Dong tag_panel=Panel_2 tag_slave_id_tag=2
time="2025-04-14 16:18:59" level=warning msg="Giá trị N/A (0xFFC00000) được trả về cho FLOAT32" device=Schneider_PM_COM3_ID1 register_name=Voltage_BC tag_location=Tu_Tu_Bu_Ung_Dong tag_panel=Panel_1 tag_slave_id_tag=1
time="2025-04-14 16:18:59" level=warning msg="Giá trị N/A (0xFFC00000) được trả về cho FLOAT32" device=Schneider_PM_COM3_ID2 register_name=Voltage_BC tag_location=Tu_Tu_Bu_Ung_Dong tag_panel=Panel_2 tag_slave_id_tag=2
time="2025-04-14 16:18:59" level=warning msg="Giá trị N/A (0xFFC00000) được trả về cho FLOAT32" device=Schneider_PM_COM3_ID1 register_name=Voltage_CA tag_location=Tu_Tu_Bu_Ung_Dong tag_panel=Panel_1 tag_slave_id_tag=1
time="2025-04-14 16:18:59" level=warning msg="Giá trị N/A (0xFFC00000) được trả về cho FLOAT32" device=Schneider_PM_COM3_ID2 register_name=Voltage_CA tag_location=Tu_Tu_Bu_Ung_Dong tag_panel=Panel_2 tag_slave_id_tag=2
time="2025-04-14 16:18:59" level=warning msg="Giá trị N/A (0xFFC00000) được trả về cho FLOAT32" device=Schneider_PM_COM3_ID1 register_name=Voltage_LLAvg tag_location=Tu_Tu_Bu_Ung_Dong tag_panel=Panel_1 tag_slave_id_tag=1
time="2025-04-14 16:18:59" level=warning msg="Giá trị N/A (0xFFC00000) được trả về cho FLOAT32" device=Schneider_PM_COM3_ID2 register_name=Voltage_LLAvg tag_location=Tu_Tu_Bu_Ung_Dong tag_panel=Panel_2 tag_slave_id_tag=2
time="2025-04-14 16:18:59" level=warning msg="Giá trị N/A (0xFFC00000) được trả về cho FLOAT32" device=Schneider_PM_COM3_ID1 register_name=Voltage_BN tag_location=Tu_Tu_Bu_Ung_Dong tag_panel=Panel_1 tag_slave_id_tag=1
time="2025-04-14 16:19:00" level=warning msg="Giá trị N/A (0xFFC00000) được trả về cho FLOAT32" device=Schneider_PM_COM3_ID2 register_name=Voltage_BN tag_location=Tu_Tu_Bu_Ung_Dong tag_panel=Panel_2 tag_slave_id_tag=2
time="2025-04-14 16:19:00" level=warning msg="Giá trị N/A (0xFFC00000) được trả về cho FLOAT32" device=Schneider_PM_COM3_ID1 register_name=Voltage_CN tag_location=Tu_Tu_Bu_Ung_Dong tag_panel=Panel_1 tag_slave_id_tag=1
time="2025-04-14 16:19:00" level=warning msg="Giá trị N/A (0xFFC00000) được trả về cho FLOAT32" device=Schneider_PM_COM3_ID2 register_name=Voltage_CN tag_location=Tu_Tu_Bu_Ung_Dong tag_panel=Panel_2 tag_slave_id_tag=2
time="2025-04-14 16:19:00" level=warning msg="Giá trị N/A (0xFFC00000) được trả về cho FLOAT32" device=Schneider_PM_COM3_ID1 register_name=Voltage_Unbalance_AB tag_location=Tu_Tu_Bu_Ung_Dong tag_panel=Panel_1 tag_slave_id_tag=1
time="2025-04-14 16:19:00" level=warning msg="Giá trị N/A (0xFFC00000) được trả về cho FLOAT32" device=Schneider_PM_COM3_ID2 register_name=Voltage_Unbalance_AB tag_location=Tu_Tu_Bu_Ung_Dong tag_panel=Panel_2 tag_slave_id_tag=2
time="2025-04-14 16:19:00" level=warning msg="Giá trị N/A (0xFFC00000) được trả về cho FLOAT32" device=Schneider_PM_COM3_ID1 register_name=Voltage_Unbalance_BC tag_location=Tu_Tu_Bu_Ung_Dong tag_panel=Panel_1 tag_slave_id_tag=1
time="2025-04-14 16:19:00" level=warning msg="Giá trị N/A (0xFFC00000) được trả về cho FLOAT32" device=Schneider_PM_COM3_ID2 register_name=Voltage_Unbalance_BC tag_location=Tu_Tu_Bu_Ung_Dong tag_panel=Panel_2 tag_slave_id_tag=2
time="2025-04-14 16:19:00" level=warning msg="Giá trị N/A (0xFFC00000) được trả về cho FLOAT32" device=Schneider_PM_COM3_ID1 register_name=Voltage_Unbalance_CA tag_location=Tu_Tu_Bu_Ung_Dong tag_panel=Panel_1 tag_slave_id_tag=1
time="2025-04-14 16:19:00" level=warning msg="Giá trị N/A (0xFFC00000) được trả về cho FLOAT32" device=Schneider_PM_COM3_ID2 register_name=Voltage_Unbalance_CA tag_location=Tu_Tu_Bu_Ung_Dong tag_panel=Panel_2 tag_slave_id_tag=2
time="2025-04-14 16:19:00" level=warning msg="Giá trị N/A (0xFFC00000) được trả về cho FLOAT32" device=Schneider_PM_COM3_ID1 register_name=Voltage_Unbalance_LL_Worst tag_location=Tu_Tu_Bu_Ung_Dong tag_panel=Panel_1 tag_slave_id_tag=1
time="2025-04-14 16:19:00" level=warning msg="Giá trị N/A (0xFFC00000) được trả về cho FLOAT32" device=Schneider_PM_COM3_ID2 register_name=Voltage_Unbalance_LL_Worst tag_location=Tu_Tu_Bu_Ung_Dong tag_panel=Panel_2 tag_slave_id_tag=2
time="2025-04-14 16:19:00" level=warning msg="Giá trị N/A (0xFFC00000) được trả về cho FLOAT32" device=Schneider_PM_COM3_ID1 register_name=Voltage_Unbalance_AN tag_location=Tu_Tu_Bu_Ung_Dong tag_panel=Panel_1 tag_slave_id_tag=1
time="2025-04-14 16:19:00" level=warning msg="Giá trị N/A (0xFFC00000) được trả về cho FLOAT32" device=Schneider_PM_COM3_ID2 register_name=Voltage_Unbalance_AN tag_location=Tu_Tu_Bu_Ung_Dong tag_panel=Panel_2 tag_slave_id_tag=2
time="2025-04-14 16:19:00" level=warning msg="Giá trị N/A (0xFFC00000) được trả về cho FLOAT32" device=Schneider_PM_COM3_ID1 register_name=Voltage_Unbalance_BN tag_location=Tu_Tu_Bu_Ung_Dong tag_panel=Panel_1 tag_slave_id_tag=1
time="2025-04-14 16:19:00" level=warning msg="Giá trị N/A (0xFFC00000) được trả về cho FLOAT32" device=Schneider_PM_COM3_ID2 register_name=Voltage_Unbalance_BN tag_location=Tu_Tu_Bu_Ung_Dong tag_panel=Panel_2 tag_slave_id_tag=2
time="2025-04-14 16:19:00" level=warning msg="Giá trị N/A (0xFFC00000) được trả về cho FLOAT32" device=Schneider_PM_COM3_ID1 register_name=Voltage_Unbalance_CN tag_location=Tu_Tu_Bu_Ung_Dong tag_panel=Panel_1 tag_slave_id_tag=1
time="2025-04-14 16:19:00" level=warning msg="Giá trị N/A (0xFFC00000) được trả về cho FLOAT32" device=Schneider_PM_COM3_ID2 register_name=Voltage_Unbalance_CN tag_location=Tu_Tu_Bu_Ung_Dong tag_panel=Panel_2 tag_slave_id_tag=2
time="2025-04-14 16:19:00" level=warning msg="Giá trị N/A (0xFFC00000) được trả về cho FLOAT32" device=Schneider_PM_COM3_ID1 register_name=Voltage_Unbalance_LN_Worst tag_location=Tu_Tu_Bu_Ung_Dong tag_panel=Panel_1 tag_slave_id_tag=1
time="2025-04-14 16:19:00" level=warning msg="Giá trị N/A (0xFFC00000) được trả về cho FLOAT32" device=Schneider_PM_COM3_ID2 register_name=Voltage_Unbalance_LN_Worst tag_location=Tu_Tu_Bu_Ung_Dong tag_panel=Panel_2 tag_slave_id_tag=2
time="2025-04-14 16:19:01" level=warning msg="Giá trị N/A (0xFFC00000) được trả về cho FLOAT32" device=Schneider_PM_COM3_ID1 register_name=ActivePower_B tag_location=Tu_Tu_Bu_Ung_Dong tag_panel=Panel_1 tag_slave_id_tag=1
time="2025-04-14 16:19:01" level=warning msg="Giá trị N/A (0xFFC00000) được trả về cho FLOAT32" device=Schneider_PM_COM3_ID2 register_name=ActivePower_B tag_location=Tu_Tu_Bu_Ung_Dong tag_panel=Panel_2 tag_slave_id_tag=2
time="2025-04-14 16:19:01" level=warning msg="Giá trị N/A (0xFFC00000) được trả về cho FLOAT32" device=Schneider_PM_COM3_ID1 register_name=ActivePower_C tag_location=Tu_Tu_Bu_Ung_Dong tag_panel=Panel_1 tag_slave_id_tag=1
time="2025-04-14 16:19:01" level=warning msg="Giá trị N/A (0xFFC00000) được trả về cho FLOAT32" device=Schneider_PM_COM3_ID2 register_name=ActivePower_C tag_location=Tu_Tu_Bu_Ung_Dong tag_panel=Panel_2 tag_slave_id_tag=2
time="2025-04-14 16:19:01" level=warning msg="Giá trị N/A (0xFFC00000) được trả về cho FLOAT32" device=Schneider_PM_COM3_ID1 register_name=ReactivePower_B tag_location=Tu_Tu_Bu_Ung_Dong tag_panel=Panel_1 tag_slave_id_tag=1
time="2025-04-14 16:19:01" level=warning msg="Giá trị N/A (0xFFC00000) được trả về cho FLOAT32" device=Schneider_PM_COM3_ID2 register_name=ReactivePower_B tag_location=Tu_Tu_Bu_Ung_Dong tag_panel=Panel_2 tag_slave_id_tag=2
time="2025-04-14 16:19:01" level=warning msg="Giá trị N/A (0xFFC00000) được trả về cho FLOAT32" device=Schneider_PM_COM3_ID1 register_name=ReactivePower_C tag_location=Tu_Tu_Bu_Ung_Dong tag_panel=Panel_1 tag_slave_id_tag=1
time="2025-04-14 16:19:01" level=warning msg="Giá trị N/A (0xFFC00000) được trả về cho FLOAT32" device=Schneider_PM_COM3_ID2 register_name=ReactivePower_C tag_location=Tu_Tu_Bu_Ung_Dong tag_panel=Panel_2 tag_slave_id_tag=2
time="2025-04-14 16:19:01" level=warning msg="Giá trị N/A (0xFFC00000) được trả về cho FLOAT32" device=Schneider_PM_COM3_ID1 register_name=ApparentPower_B tag_location=Tu_Tu_Bu_Ung_Dong tag_panel=Panel_1 tag_slave_id_tag=1
time="2025-04-14 16:19:01" level=warning msg="Giá trị N/A (0xFFC00000) được trả về cho FLOAT32" device=Schneider_PM_COM3_ID2 register_name=ApparentPower_B tag_location=Tu_Tu_Bu_Ung_Dong tag_panel=Panel_2 tag_slave_id_tag=2
time="2025-04-14 16:19:01" level=warning msg="Giá trị N/A (0xFFC00000) được trả về cho FLOAT32" device=Schneider_PM_COM3_ID1 register_name=ApparentPower_C tag_location=Tu_Tu_Bu_Ung_Dong tag_panel=Panel_1 tag_slave_id_tag=1
time="2025-04-14 16:19:02" level=warning msg="Giá trị N/A (0xFFC00000) được trả về cho FLOAT32" device=Schneider_PM_COM3_ID2 register_name=ApparentPower_C tag_location=Tu_Tu_Bu_Ung_Dong tag_panel=Panel_2 tag_slave_id_tag=2
time="2025-04-14 16:19:02" level=warning msg="Giá trị N/A (0xFFC00000) được trả về cho FLOAT32" device=Schneider_PM_COM3_ID1 register_name=PF_A tag_location=Tu_Tu_Bu_Ung_Dong tag_panel=Panel_1 tag_slave_id_tag=1
time="2025-04-14 16:19:02" level=warning msg="Giá trị N/A (0xFFC00000) được trả về cho FLOAT32" device=Schneider_PM_COM3_ID2 register_name=PF_A tag_location=Tu_Tu_Bu_Ung_Dong tag_panel=Panel_2 tag_slave_id_tag=2
time="2025-04-14 16:19:02" level=warning msg="Giá trị N/A (0xFFC00000) được trả về cho FLOAT32" device=Schneider_PM_COM3_ID1 register_name=PF_B tag_location=Tu_Tu_Bu_Ung_Dong tag_panel=Panel_1 tag_slave_id_tag=1
time="2025-04-14 16:19:02" level=warning msg="Giá trị N/A (0xFFC00000) được trả về cho FLOAT32" device=Schneider_PM_COM3_ID2 register_name=PF_B tag_location=Tu_Tu_Bu_Ung_Dong tag_panel=Panel_2 tag_slave_id_tag=2
time="2025-04-14 16:19:02" level=warning msg="Giá trị N/A (0xFFC00000) được trả về cho FLOAT32" device=Schneider_PM_COM3_ID1 register_name=PF_C tag_location=Tu_Tu_Bu_Ung_Dong tag_panel=Panel_1 tag_slave_id_tag=1
time="2025-04-14 16:19:02" level=warning msg="Giá trị N/A (0xFFC00000) được trả về cho FLOAT32" device=Schneider_PM_COM3_ID2 register_name=PF_C tag_location=Tu_Tu_Bu_Ung_Dong tag_panel=Panel_2 tag_slave_id_tag=2
time="2025-04-14 16:19:02" level=warning msg="Giá trị N/A (0xFFC00000) được trả về cho FLOAT32" device=Schneider_PM_COM3_ID1 register_name=PF_Total tag_location=Tu_Tu_Bu_Ung_Dong tag_panel=Panel_1 tag_slave_id_tag=1
time="2025-04-14 16:19:02" level=warning msg="Giá trị N/A (0xFFC00000) được trả về cho FLOAT32" device=Schneider_PM_COM3_ID2 register_name=PF_Total tag_location=Tu_Tu_Bu_Ung_Dong tag_panel=Panel_2 tag_slave_id_tag=2
time="2025-04-14 16:19:02" level=warning msg="Giá trị N/A (0xFFC00000) được trả về cho FLOAT32" device=Schneider_PM_COM3_ID1 register_name=DPF_A tag_location=Tu_Tu_Bu_Ung_Dong tag_panel=Panel_1 tag_slave_id_tag=1
time="2025-04-14 16:19:02" level=warning msg="Giá trị N/A (0xFFC00000) được trả về cho FLOAT32" device=Schneider_PM_COM3_ID2 register_name=DPF_A tag_location=Tu_Tu_Bu_Ung_Dong tag_panel=Panel_2 tag_slave_id_tag=2
time="2025-04-14 16:19:02" level=warning msg="Giá trị N/A (0xFFC00000) được trả về cho FLOAT32" device=Schneider_PM_COM3_ID1 register_name=DPF_B tag_location=Tu_Tu_Bu_Ung_Dong tag_panel=Panel_1 tag_slave_id_tag=1
time="2025-04-14 16:19:02" level=warning msg="Giá trị N/A (0xFFC00000) được trả về cho FLOAT32" device=Schneider_PM_COM3_ID2 register_name=DPF_B tag_location=Tu_Tu_Bu_Ung_Dong tag_panel=Panel_2 tag_slave_id_tag=2
time="2025-04-14 16:19:02" level=warning msg="Giá trị N/A (0xFFC00000) được trả về cho FLOAT32" device=Schneider_PM_COM3_ID1 register_name=DPF_C tag_location=Tu_Tu_Bu_Ung_Dong tag_panel=Panel_1 tag_slave_id_tag=1
time="2025-04-14 16:19:02" level=warning msg="Giá trị N/A (0xFFC00000) được trả về cho FLOAT32" device=Schneider_PM_COM3_ID2 register_name=DPF_C tag_location=Tu_Tu_Bu_Ung_Dong tag_panel=Panel_2 tag_slave_id_tag=2
time="2025-04-14 16:19:02" level=warning msg="Giá trị N/A (0xFFC00000) được trả về cho FLOAT32" device=Schneider_PM_COM3_ID1 register_name=DPF_Total tag_location=Tu_Tu_Bu_Ung_Dong tag_panel=Panel_1 tag_slave_id_tag=1
time="2025-04-14 16:19:02" level=warning msg="Giá trị N/A (0xFFC00000) được trả về cho FLOAT32" device=Schneider_PM_COM3_ID2 register_name=DPF_Total tag_location=Tu_Tu_Bu_Ung_Dong tag_panel=Panel_2 tag_slave_id_tag=2
time="2025-04-14 16:19:05" level=info msg="Hoàn thành chu kỳ đọc và ghi dữ liệu" device=Schneider_PM_COM3_ID1 duration_ms=8572 errors=0 tag_location=Tu_Tu_Bu_Ung_Dong tag_panel=Panel_1 tag_slave_id_tag=1
time="2025-04-14 16:19:05" level=info msg="Hoàn thành chu kỳ đọc và ghi dữ liệu" device=Schneider_PM_COM3_ID2 duration_ms=8572 errors=0 tag_location=Tu_Tu_Bu_Ung_Dong tag_panel=Panel_2 tag_slave_id_tag=2
time="2025-04-14 16:19:07" level=warning msg="Giá trị N/A (0xFFC00000) được trả về cho FLOAT32" device=Schneider_PM_COM3_ID1 register_name=Current_B tag_location=Tu_Tu_Bu_Ung_Dong tag_panel=Panel_1 tag_slave_id_tag=1
time="2025-04-14 16:19:07" level=warning msg="Giá trị N/A (0xFFC00000) được trả về cho FLOAT32" device=Schneider_PM_COM3_ID2 register_name=Current_B tag_location=Tu_Tu_Bu_Ung_Dong tag_panel=Panel_2 tag_slave_id_tag=2
time="2025-04-14 16:19:07" level=warning msg="Giá trị N/A (0xFFC00000) được trả về cho FLOAT32" device=Schneider_PM_COM3_ID1 register_name=Current_C tag_location=Tu_Tu_Bu_Ung_Dong tag_panel=Panel_1 tag_slave_id_tag=1
time="2025-04-14 16:19:07" level=warning msg="Giá trị N/A (0xFFC00000) được trả về cho FLOAT32" device=Schneider_PM_COM3_ID2 register_name=Current_C tag_location=Tu_Tu_Bu_Ung_Dong tag_panel=Panel_2 tag_slave_id_tag=2
time="2025-04-14 16:19:07" level=warning msg="Giá trị N/A (0xFFC00000) được trả về cho FLOAT32" device=Schneider_PM_COM3_ID1 register_name=Current_N tag_location=Tu_Tu_Bu_Ung_Dong tag_panel=Panel_1 tag_slave_id_tag=1
time="2025-04-14 16:19:07" level=warning msg="Giá trị N/A (0xFFC00000) được trả về cho FLOAT32" device=Schneider_PM_COM3_ID2 register_name=Current_N tag_location=Tu_Tu_Bu_Ung_Dong tag_panel=Panel_2 tag_slave_id_tag=2
time="2025-04-14 16:19:07" level=warning msg="Giá trị N/A (0xFFC00000) được trả về cho FLOAT32" device=Schneider_PM_COM3_ID1 register_name=Current_G tag_location=Tu_Tu_Bu_Ung_Dong tag_panel=Panel_1 tag_slave_id_tag=1
time="2025-04-14 16:19:07" level=warning msg="Giá trị N/A (0xFFC00000) được trả về cho FLOAT32" device=Schneider_PM_COM3_ID2 register_name=Current_G tag_location=Tu_Tu_Bu_Ung_Dong tag_panel=Panel_2 tag_slave_id_tag=2
time="2025-04-14 16:19:07" level=warning msg="Giá trị N/A (0xFFC00000) được trả về cho FLOAT32" device=Schneider_PM_COM3_ID1 register_name=Current_Unbalance_A tag_location=Tu_Tu_Bu_Ung_Dong tag_panel=Panel_1 tag_slave_id_tag=1
time="2025-04-14 16:19:07" level=warning msg="Giá trị N/A (0xFFC00000) được trả về cho FLOAT32" device=Schneider_PM_COM3_ID2 register_name=Current_Unbalance_A tag_location=Tu_Tu_Bu_Ung_Dong tag_panel=Panel_2 tag_slave_id_tag=2
time="2025-04-14 16:19:07" level=warning msg="Giá trị N/A (0xFFC00000) được trả về cho FLOAT32" device=Schneider_PM_COM3_ID1 register_name=Current_Unbalance_B tag_location=Tu_Tu_Bu_Ung_Dong tag_panel=Panel_1 tag_slave_id_tag=1
time="2025-04-14 16:19:07" level=warning msg="Giá trị N/A (0xFFC00000) được trả về cho FLOAT32" device=Schneider_PM_COM3_ID2 register_name=Current_Unbalance_B tag_location=Tu_Tu_Bu_Ung_Dong tag_panel=Panel_2 tag_slave_id_tag=2
time="2025-04-14 16:19:07" level=warning msg="Giá trị N/A (0xFFC00000) được trả về cho FLOAT32" device=Schneider_PM_COM3_ID1 register_name=Current_Unbalance_C tag_location=Tu_Tu_Bu_Ung_Dong tag_panel=Panel_1 tag_slave_id_tag=1
time="2025-04-14 16:19:07" level=warning msg="Giá trị N/A (0xFFC00000) được trả về cho FLOAT32" device=Schneider_PM_COM3_ID2 register_name=Current_Unbalance_C tag_location=Tu_Tu_Bu_Ung_Dong tag_panel=Panel_2 tag_slave_id_tag=2
time="2025-04-14 16:19:07" level=warning msg="Giá trị N/A (0xFFC00000) được trả về cho FLOAT32" device=Schneider_PM_COM3_ID1 register_name=Current_Unbalance_Worst tag_location=Tu_Tu_Bu_Ung_Dong tag_panel=Panel_1 tag_slave_id_tag=1
time="2025-04-14 16:19:08" level=warning msg="Giá trị N/A (0xFFC00000) được trả về cho FLOAT32" device=Schneider_PM_COM3_ID2 register_name=Current_Unbalance_Worst tag_location=Tu_Tu_Bu_Ung_Dong tag_panel=Panel_2 tag_slave_id_tag=2
time="2025-04-14 16:19:08" level=warning msg="Giá trị N/A (0xFFC00000) được trả về cho FLOAT32" device=Schneider_PM_COM3_ID1 register_name=Voltage_AB tag_location=Tu_Tu_Bu_Ung_Dong tag_panel=Panel_1 tag_slave_id_tag=1
time="2025-04-14 16:19:08" level=warning msg="Giá trị N/A (0xFFC00000) được trả về cho FLOAT32" device=Schneider_PM_COM3_ID2 register_name=Voltage_AB tag_location=Tu_Tu_Bu_Ung_Dong tag_panel=Panel_2 tag_slave_id_tag=2
time="2025-04-14 16:19:08" level=warning msg="Giá trị N/A (0xFFC00000) được trả về cho FLOAT32" device=Schneider_PM_COM3_ID1 register_name=Voltage_BC tag_location=Tu_Tu_Bu_Ung_Dong tag_panel=Panel_1 tag_slave_id_tag=1
time="2025-04-14 16:19:08" level=warning msg="Giá trị N/A (0xFFC00000) được trả về cho FLOAT32" device=Schneider_PM_COM3_ID2 register_name=Voltage_BC tag_location=Tu_Tu_Bu_Ung_Dong tag_panel=Panel_2 tag_slave_id_tag=2
time="2025-04-14 16:19:08" level=warning msg="Giá trị N/A (0xFFC00000) được trả về cho FLOAT32" device=Schneider_PM_COM3_ID1 register_name=Voltage_CA tag_location=Tu_Tu_Bu_Ung_Dong tag_panel=Panel_1 tag_slave_id_tag=1
time="2025-04-14 16:19:08" level=warning msg="Giá trị N/A (0xFFC00000) được trả về cho FLOAT32" device=Schneider_PM_COM3_ID2 register_name=Voltage_CA tag_location=Tu_Tu_Bu_Ung_Dong tag_panel=Panel_2 tag_slave_id_tag=2
time="2025-04-14 16:19:08" level=warning msg="Giá trị N/A (0xFFC00000) được trả về cho FLOAT32" device=Schneider_PM_COM3_ID1 register_name=Voltage_LLAvg tag_location=Tu_Tu_Bu_Ung_Dong tag_panel=Panel_1 tag_slave_id_tag=1
time="2025-04-14 16:19:08" level=warning msg="Giá trị N/A (0xFFC00000) được trả về cho FLOAT32" device=Schneider_PM_COM3_ID2 register_name=Voltage_LLAvg tag_location=Tu_Tu_Bu_Ung_Dong tag_panel=Panel_2 tag_slave_id_tag=2
time="2025-04-14 16:19:08" level=warning msg="Giá trị N/A (0xFFC00000) được trả về cho FLOAT32" device=Schneider_PM_COM3_ID1 register_name=Voltage_BN tag_location=Tu_Tu_Bu_Ung_Dong tag_panel=Panel_1 tag_slave_id_tag=1
time="2025-04-14 16:19:08" level=warning msg="Giá trị N/A (0xFFC00000) được trả về cho FLOAT32" device=Schneider_PM_COM3_ID2 register_name=Voltage_BN tag_location=Tu_Tu_Bu_Ung_Dong tag_panel=Panel_2 tag_slave_id_tag=2
time="2025-04-14 16:19:08" level=warning msg="Giá trị N/A (0xFFC00000) được trả về cho FLOAT32" device=Schneider_PM_COM3_ID1 register_name=Voltage_CN tag_location=Tu_Tu_Bu_Ung_Dong tag_panel=Panel_1 tag_slave_id_tag=1
time="2025-04-14 16:19:08" level=warning msg="Giá trị N/A (0xFFC00000) được trả về cho FLOAT32" device=Schneider_PM_COM3_ID2 register_name=Voltage_CN tag_location=Tu_Tu_Bu_Ung_Dong tag_panel=Panel_2 tag_slave_id_tag=2
time="2025-04-14 16:19:08" level=warning msg="Giá trị N/A (0xFFC00000) được trả về cho FLOAT32" device=Schneider_PM_COM3_ID1 register_name=Voltage_Unbalance_AB tag_location=Tu_Tu_Bu_Ung_Dong tag_panel=Panel_1 tag_slave_id_tag=1
time="2025-04-14 16:19:08" level=warning msg="Giá trị N/A (0xFFC00000) được trả về cho FLOAT32" device=Schneider_PM_COM3_ID2 register_name=Voltage_Unbalance_AB tag_location=Tu_Tu_Bu_Ung_Dong tag_panel=Panel_2 tag_slave_id_tag=2
time="2025-04-14 16:19:08" level=warning msg="Giá trị N/A (0xFFC00000) được trả về cho FLOAT32" device=Schneider_PM_COM3_ID1 register_name=Voltage_Unbalance_BC tag_location=Tu_Tu_Bu_Ung_Dong tag_panel=Panel_1 tag_slave_id_tag=1
time="2025-04-14 16:19:08" level=warning msg="Giá trị N/A (0xFFC00000) được trả về cho FLOAT32" device=Schneider_PM_COM3_ID2 register_name=Voltage_Unbalance_BC tag_location=Tu_Tu_Bu_Ung_Dong tag_panel=Panel_2 tag_slave_id_tag=2
time="2025-04-14 16:19:09" level=warning msg="Giá trị N/A (0xFFC00000) được trả về cho FLOAT32" device=Schneider_PM_COM3_ID1 register_name=Voltage_Unbalance_CA tag_location=Tu_Tu_Bu_Ung_Dong tag_panel=Panel_1 tag_slave_id_tag=1
time="2025-04-14 16:19:09" level=warning msg="Giá trị N/A (0xFFC00000) được trả về cho FLOAT32" device=Schneider_PM_COM3_ID2 register_name=Voltage_Unbalance_CA tag_location=Tu_Tu_Bu_Ung_Dong tag_panel=Panel_2 tag_slave_id_tag=2
time="2025-04-14 16:19:09" level=warning msg="Giá trị N/A (0xFFC00000) được trả về cho FLOAT32" device=Schneider_PM_COM3_ID1 register_name=Voltage_Unbalance_LL_Worst tag_location=Tu_Tu_Bu_Ung_Dong tag_panel=Panel_1 tag_slave_id_tag=1
time="2025-04-14 16:19:09" level=warning msg="Giá trị N/A (0xFFC00000) được trả về cho FLOAT32" device=Schneider_PM_COM3_ID2 register_name=Voltage_Unbalance_LL_Worst tag_location=Tu_Tu_Bu_Ung_Dong tag_panel=Panel_2 tag_slave_id_tag=2
time="2025-04-14 16:19:09" level=warning msg="Giá trị N/A (0xFFC00000) được trả về cho FLOAT32" device=Schneider_PM_COM3_ID1 register_name=Voltage_Unbalance_AN tag_location=Tu_Tu_Bu_Ung_Dong tag_panel=Panel_1 tag_slave_id_tag=1
time="2025-04-14 16:19:09" level=warning msg="Giá trị N/A (0xFFC00000) được trả về cho FLOAT32" device=Schneider_PM_COM3_ID2 register_name=Voltage_Unbalance_AN tag_location=Tu_Tu_Bu_Ung_Dong tag_panel=Panel_2 tag_slave_id_tag=2
time="2025-04-14 16:19:09" level=warning msg="Giá trị N/A (0xFFC00000) được trả về cho FLOAT32" device=Schneider_PM_COM3_ID1 register_name=Voltage_Unbalance_BN tag_location=Tu_Tu_Bu_Ung_Dong tag_panel=Panel_1 tag_slave_id_tag=1
time="2025-04-14 16:19:09" level=warning msg="Giá trị N/A (0xFFC00000) được trả về cho FLOAT32" device=Schneider_PM_COM3_ID2 register_name=Voltage_Unbalance_BN tag_location=Tu_Tu_Bu_Ung_Dong tag_panel=Panel_2 tag_slave_id_tag=2
time="2025-04-14 16:19:09" level=warning msg="Giá trị N/A (0xFFC00000) được trả về cho FLOAT32" device=Schneider_PM_COM3_ID1 register_name=Voltage_Unbalance_CN tag_location=Tu_Tu_Bu_Ung_Dong tag_panel=Panel_1 tag_slave_id_tag=1
time="2025-04-14 16:19:09" level=warning msg="Giá trị N/A (0xFFC00000) được trả về cho FLOAT32" device=Schneider_PM_COM3_ID2 register_name=Voltage_Unbalance_CN tag_location=Tu_Tu_Bu_Ung_Dong tag_panel=Panel_2 tag_slave_id_tag=2
time="2025-04-14 16:19:09" level=warning msg="Giá trị N/A (0xFFC00000) được trả về cho FLOAT32" device=Schneider_PM_COM3_ID1 register_name=Voltage_Unbalance_LN_Worst tag_location=Tu_Tu_Bu_Ung_Dong tag_panel=Panel_1 tag_slave_id_tag=1
time="2025-04-14 16:19:09" level=warning msg="Giá trị N/A (0xFFC00000) được trả về cho FLOAT32" device=Schneider_PM_COM3_ID2 register_name=Voltage_Unbalance_LN_Worst tag_location=Tu_Tu_Bu_Ung_Dong tag_panel=Panel_2 tag_slave_id_tag=2
time="2025-04-14 16:19:09" level=warning msg="Giá trị N/A (0xFFC00000) được trả về cho FLOAT32" device=Schneider_PM_COM3_ID1 register_name=ActivePower_B tag_location=Tu_Tu_Bu_Ung_Dong tag_panel=Panel_1 tag_slave_id_tag=1
time="2025-04-14 16:19:09" level=warning msg="Giá trị N/A (0xFFC00000) được trả về cho FLOAT32" device=Schneider_PM_COM3_ID2 register_name=ActivePower_B tag_location=Tu_Tu_Bu_Ung_Dong tag_panel=Panel_2 tag_slave_id_tag=2
time="2025-04-14 16:19:09" level=warning msg="Giá trị N/A (0xFFC00000) được trả về cho FLOAT32" device=Schneider_PM_COM3_ID1 register_name=ActivePower_C tag_location=Tu_Tu_Bu_Ung_Dong tag_panel=Panel_1 tag_slave_id_tag=1
time="2025-04-14 16:19:09" level=warning msg="Giá trị N/A (0xFFC00000) được trả về cho FLOAT32" device=Schneider_PM_COM3_ID2 register_name=ActivePower_C tag_location=Tu_Tu_Bu_Ung_Dong tag_panel=Panel_2 tag_slave_id_tag=2
time="2025-04-14 16:19:10" level=warning msg="Giá trị N/A (0xFFC00000) được trả về cho FLOAT32" device=Schneider_PM_COM3_ID1 register_name=ReactivePower_B tag_location=Tu_Tu_Bu_Ung_Dong tag_panel=Panel_1 tag_slave_id_tag=1
time="2025-04-14 16:19:10" level=warning msg="Giá trị N/A (0xFFC00000) được trả về cho FLOAT32" device=Schneider_PM_COM3_ID2 register_name=ReactivePower_B tag_location=Tu_Tu_Bu_Ung_Dong tag_panel=Panel_2 tag_slave_id_tag=2
time="2025-04-14 16:19:10" level=warning msg="Giá trị N/A (0xFFC00000) được trả về cho FLOAT32" device=Schneider_PM_COM3_ID1 register_name=ReactivePower_C tag_location=Tu_Tu_Bu_Ung_Dong tag_panel=Panel_1 tag_slave_id_tag=1
time="2025-04-14 16:19:10" level=warning msg="Giá trị N/A (0xFFC00000) được trả về cho FLOAT32" device=Schneider_PM_COM3_ID2 register_name=ReactivePower_C tag_location=Tu_Tu_Bu_Ung_Dong tag_panel=Panel_2 tag_slave_id_tag=2
time="2025-04-14 16:19:10" level=warning msg="Giá trị N/A (0xFFC00000) được trả về cho FLOAT32" device=Schneider_PM_COM3_ID1 register_name=ApparentPower_B tag_location=Tu_Tu_Bu_Ung_Dong tag_panel=Panel_1 tag_slave_id_tag=1
time="2025-04-14 16:19:10" level=warning msg="Giá trị N/A (0xFFC00000) được trả về cho FLOAT32" device=Schneider_PM_COM3_ID2 register_name=ApparentPower_B tag_location=Tu_Tu_Bu_Ung_Dong tag_panel=Panel_2 tag_slave_id_tag=2
time="2025-04-14 16:19:10" level=warning msg="Giá trị N/A (0xFFC00000) được trả về cho FLOAT32" device=Schneider_PM_COM3_ID1 register_name=ApparentPower_C tag_location=Tu_Tu_Bu_Ung_Dong tag_panel=Panel_1 tag_slave_id_tag=1
time="2025-04-14 16:19:10" level=warning msg="Giá trị N/A (0xFFC00000) được trả về cho FLOAT32" device=Schneider_PM_COM3_ID2 register_name=ApparentPower_C tag_location=Tu_Tu_Bu_Ung_Dong tag_panel=Panel_2 tag_slave_id_tag=2
time="2025-04-14 16:19:10" level=warning msg="Giá trị N/A (0xFFC00000) được trả về cho FLOAT32" device=Schneider_PM_COM3_ID1 register_name=PF_A tag_location=Tu_Tu_Bu_Ung_Dong tag_panel=Panel_1 tag_slave_id_tag=1
time="2025-04-14 16:19:10" level=warning msg="Giá trị N/A (0xFFC00000) được trả về cho FLOAT32" device=Schneider_PM_COM3_ID2 register_name=PF_A tag_location=Tu_Tu_Bu_Ung_Dong tag_panel=Panel_2 tag_slave_id_tag=2
time="2025-04-14 16:19:10" level=warning msg="Giá trị N/A (0xFFC00000) được trả về cho FLOAT32" device=Schneider_PM_COM3_ID1 register_name=PF_B tag_location=Tu_Tu_Bu_Ung_Dong tag_panel=Panel_1 tag_slave_id_tag=1
time="2025-04-14 16:19:10" level=warning msg="Giá trị N/A (0xFFC00000) được trả về cho FLOAT32" device=Schneider_PM_COM3_ID2 register_name=PF_B tag_location=Tu_Tu_Bu_Ung_Dong tag_panel=Panel_2 tag_slave_id_tag=2
time="2025-04-14 16:19:10" level=warning msg="Giá trị N/A (0xFFC00000) được trả về cho FLOAT32" device=Schneider_PM_COM3_ID1 register_name=PF_C tag_location=Tu_Tu_Bu_Ung_Dong tag_panel=Panel_1 tag_slave_id_tag=1
time="2025-04-14 16:19:10" level=warning msg="Giá trị N/A (0xFFC00000) được trả về cho FLOAT32" device=Schneider_PM_COM3_ID2 register_name=PF_C tag_location=Tu_Tu_Bu_Ung_Dong tag_panel=Panel_2 tag_slave_id_tag=2
time="2025-04-14 16:19:11" level=warning msg="Giá trị N/A (0xFFC00000) được trả về cho FLOAT32" device=Schneider_PM_COM3_ID1 register_name=PF_Total tag_location=Tu_Tu_Bu_Ung_Dong tag_panel=Panel_1 tag_slave_id_tag=1
time="2025-04-14 16:19:11" level=warning msg="Giá trị N/A (0xFFC00000) được trả về cho FLOAT32" device=Schneider_PM_COM3_ID2 register_name=PF_Total tag_location=Tu_Tu_Bu_Ung_Dong tag_panel=Panel_2 tag_slave_id_tag=2
time="2025-04-14 16:19:11" level=warning msg="Giá trị N/A (0xFFC00000) được trả về cho FLOAT32" device=Schneider_PM_COM3_ID1 register_name=DPF_A tag_location=Tu_Tu_Bu_Ung_Dong tag_panel=Panel_1 tag_slave_id_tag=1
time="2025-04-14 16:19:11" level=warning msg="Giá trị N/A (0xFFC00000) được trả về cho FLOAT32" device=Schneider_PM_COM3_ID2 register_name=DPF_A tag_location=Tu_Tu_Bu_Ung_Dong tag_panel=Panel_2 tag_slave_id_tag=2
time="2025-04-14 16:19:11" level=warning msg="Giá trị N/A (0xFFC00000) được trả về cho FLOAT32" device=Schneider_PM_COM3_ID1 register_name=DPF_B tag_location=Tu_Tu_Bu_Ung_Dong tag_panel=Panel_1 tag_slave_id_tag=1
time="2025-04-14 16:19:11" level=warning msg="Giá trị N/A (0xFFC00000) được trả về cho FLOAT32" device=Schneider_PM_COM3_ID2 register_name=DPF_B tag_location=Tu_Tu_Bu_Ung_Dong tag_panel=Panel_2 tag_slave_id_tag=2
time="2025-04-14 16:19:11" level=warning msg="Giá trị N/A (0xFFC00000) được trả về cho FLOAT32" device=Schneider_PM_COM3_ID1 register_name=DPF_C tag_location=Tu_Tu_Bu_Ung_Dong tag_panel=Panel_1 tag_slave_id_tag=1
time="2025-04-14 16:19:11" level=warning msg="Giá trị N/A (0xFFC00000) được trả về cho FLOAT32" device=Schneider_PM_COM3_ID2 register_name=DPF_C tag_location=Tu_Tu_Bu_Ung_Dong tag_panel=Panel_2 tag_slave_id_tag=2
time="2025-04-14 16:19:11" level=warning msg="Giá trị N/A (0xFFC00000) được trả về cho FLOAT32" device=Schneider_PM_COM3_ID1 register_name=DPF_Total tag_location=Tu_Tu_Bu_Ung_Dong tag_panel=Panel_1 tag_slave_id_tag=1
time="2025-04-14 16:19:11" level=warning msg="Giá trị N/A (0xFFC00000) được trả về cho FLOAT32" device=Schneider_PM_COM3_ID2 register_name=DPF_Total tag_location=Tu_Tu_Bu_Ung_Dong tag_panel=Panel_2 tag_slave_id_tag=2
time="2025-04-14 16:19:13" level=info msg="Hoàn thành chu kỳ đọc và ghi dữ liệu" device=Schneider_PM_COM3_ID1 duration_ms=8580 errors=0 tag_location=Tu_Tu_Bu_Ung_Dong tag_panel=Panel_1 tag_slave_id_tag=1
time="2025-04-14 16:19:14" level=info msg="Hoàn thành chu kỳ đọc và ghi dữ liệu" device=Schneider_PM_COM3_ID2 duration_ms=8580 errors=0 tag_location=Tu_Tu_Bu_Ung_Dong tag_panel=Panel_2 tag_slave_id_tag=2
time="2025-04-14 16:19:15" level=warning msg="Giá trị N/A (0xFFC00000) được trả về cho FLOAT32" device=Schneider_PM_COM3_ID1 register_name=Current_B tag_location=Tu_Tu_Bu_Ung_Dong tag_panel=Panel_1 tag_slave_id_tag=1
time="2025-04-14 16:19:15" level=warning msg="Giá trị N/A (0xFFC00000) được trả về cho FLOAT32" device=Schneider_PM_COM3_ID2 register_name=Current_B tag_location=Tu_Tu_Bu_Ung_Dong tag_panel=Panel_2 tag_slave_id_tag=2
time="2025-04-14 16:19:15" level=warning msg="Giá trị N/A (0xFFC00000) được trả về cho FLOAT32" device=Schneider_PM_COM3_ID1 register_name=Current_C tag_location=Tu_Tu_Bu_Ung_Dong tag_panel=Panel_1 tag_slave_id_tag=1
time="2025-04-14 16:19:15" level=warning msg="Giá trị N/A (0xFFC00000) được trả về cho FLOAT32" device=Schneider_PM_COM3_ID2 register_name=Current_C tag_location=Tu_Tu_Bu_Ung_Dong tag_panel=Panel_2 tag_slave_id_tag=2
time="2025-04-14 16:19:15" level=warning msg="Giá trị N/A (0xFFC00000) được trả về cho FLOAT32" device=Schneider_PM_COM3_ID1 register_name=Current_N tag_location=Tu_Tu_Bu_Ung_Dong tag_panel=Panel_1 tag_slave_id_tag=1
time="2025-04-14 16:19:16" level=warning msg="Giá trị N/A (0xFFC00000) được trả về cho FLOAT32" device=Schneider_PM_COM3_ID2 register_name=Current_N tag_location=Tu_Tu_Bu_Ung_Dong tag_panel=Panel_2 tag_slave_id_tag=2
time="2025-04-14 16:19:16" level=warning msg="Giá trị N/A (0xFFC00000) được trả về cho FLOAT32" device=Schneider_PM_COM3_ID1 register_name=Current_G tag_location=Tu_Tu_Bu_Ung_Dong tag_panel=Panel_1 tag_slave_id_tag=1
time="2025-04-14 16:19:16" level=warning msg="Giá trị N/A (0xFFC00000) được trả về cho FLOAT32" device=Schneider_PM_COM3_ID2 register_name=Current_G tag_location=Tu_Tu_Bu_Ung_Dong tag_panel=Panel_2 tag_slave_id_tag=2
time="2025-04-14 16:19:16" level=warning msg="Giá trị N/A (0xFFC00000) được trả về cho FLOAT32" device=Schneider_PM_COM3_ID1 register_name=Current_Unbalance_A tag_location=Tu_Tu_Bu_Ung_Dong tag_panel=Panel_1 tag_slave_id_tag=1
time="2025-04-14 16:19:16" level=warning msg="Giá trị N/A (0xFFC00000) được trả về cho FLOAT32" device=Schneider_PM_COM3_ID2 register_name=Current_Unbalance_A tag_location=Tu_Tu_Bu_Ung_Dong tag_panel=Panel_2 tag_slave_id_tag=2
time="2025-04-14 16:19:16" level=warning msg="Giá trị N/A (0xFFC00000) được trả về cho FLOAT32" device=Schneider_PM_COM3_ID1 register_name=Current_Unbalance_B tag_location=Tu_Tu_Bu_Ung_Dong tag_panel=Panel_1 tag_slave_id_tag=1
time="2025-04-14 16:19:16" level=warning msg="Giá trị N/A (0xFFC00000) được trả về cho FLOAT32" device=Schneider_PM_COM3_ID2 register_name=Current_Unbalance_B tag_location=Tu_Tu_Bu_Ung_Dong tag_panel=Panel_2 tag_slave_id_tag=2
time="2025-04-14 16:19:16" level=warning msg="Giá trị N/A (0xFFC00000) được trả về cho FLOAT32" device=Schneider_PM_COM3_ID1 register_name=Current_Unbalance_C tag_location=Tu_Tu_Bu_Ung_Dong tag_panel=Panel_1 tag_slave_id_tag=1
time="2025-04-14 16:19:16" level=warning msg="Giá trị N/A (0xFFC00000) được trả về cho FLOAT32" device=Schneider_PM_COM3_ID2 register_name=Current_Unbalance_C tag_location=Tu_Tu_Bu_Ung_Dong tag_panel=Panel_2 tag_slave_id_tag=2
time="2025-04-14 16:19:16" level=warning msg="Giá trị N/A (0xFFC00000) được trả về cho FLOAT32" device=Schneider_PM_COM3_ID1 register_name=Current_Unbalance_Worst tag_location=Tu_Tu_Bu_Ung_Dong tag_panel=Panel_1 tag_slave_id_tag=1
time="2025-04-14 16:19:16" level=warning msg="Giá trị N/A (0xFFC00000) được trả về cho FLOAT32" device=Schneider_PM_COM3_ID2 register_name=Current_Unbalance_Worst tag_location=Tu_Tu_Bu_Ung_Dong tag_panel=Panel_2 tag_slave_id_tag=2
time="2025-04-14 16:19:16" level=warning msg="Giá trị N/A (0xFFC00000) được trả về cho FLOAT32" device=Schneider_PM_COM3_ID1 register_name=Voltage_AB tag_location=Tu_Tu_Bu_Ung_Dong tag_panel=Panel_1 tag_slave_id_tag=1
time="2025-04-14 16:19:16" level=warning msg="Giá trị N/A (0xFFC00000) được trả về cho FLOAT32" device=Schneider_PM_COM3_ID2 register_name=Voltage_AB tag_location=Tu_Tu_Bu_Ung_Dong tag_panel=Panel_2 tag_slave_id_tag=2
time="2025-04-14 16:19:16" level=warning msg="Giá trị N/A (0xFFC00000) được trả về cho FLOAT32" device=Schneider_PM_COM3_ID1 register_name=Voltage_BC tag_location=Tu_Tu_Bu_Ung_Dong tag_panel=Panel_1 tag_slave_id_tag=1
time="2025-04-14 16:19:16" level=warning msg="Giá trị N/A (0xFFC00000) được trả về cho FLOAT32" device=Schneider_PM_COM3_ID2 register_name=Voltage_BC tag_location=Tu_Tu_Bu_Ung_Dong tag_panel=Panel_2 tag_slave_id_tag=2
time="2025-04-14 16:19:16" level=warning msg="Giá trị N/A (0xFFC00000) được trả về cho FLOAT32" device=Schneider_PM_COM3_ID1 register_name=Voltage_CA tag_location=Tu_Tu_Bu_Ung_Dong tag_panel=Panel_1 tag_slave_id_tag=1
time="2025-04-14 16:19:16" level=warning msg="Giá trị N/A (0xFFC00000) được trả về cho FLOAT32" device=Schneider_PM_COM3_ID2 register_name=Voltage_CA tag_location=Tu_Tu_Bu_Ung_Dong tag_panel=Panel_2 tag_slave_id_tag=2
time="2025-04-14 16:19:16" level=warning msg="Giá trị N/A (0xFFC00000) được trả về cho FLOAT32" device=Schneider_PM_COM3_ID1 register_name=Voltage_LLAvg tag_location=Tu_Tu_Bu_Ung_Dong tag_panel=Panel_1 tag_slave_id_tag=1
time="2025-04-14 16:19:16" level=warning msg="Giá trị N/A (0xFFC00000) được trả về cho FLOAT32" device=Schneider_PM_COM3_ID2 register_name=Voltage_LLAvg tag_location=Tu_Tu_Bu_Ung_Dong tag_panel=Panel_2 tag_slave_id_tag=2
time="2025-04-14 16:19:17" level=warning msg="Giá trị N/A (0xFFC00000) được trả về cho FLOAT32" device=Schneider_PM_COM3_ID1 register_name=Voltage_BN tag_location=Tu_Tu_Bu_Ung_Dong tag_panel=Panel_1 tag_slave_id_tag=1
time="2025-04-14 16:19:17" level=warning msg="Giá trị N/A (0xFFC00000) được trả về cho FLOAT32" device=Schneider_PM_COM3_ID2 register_name=Voltage_BN tag_location=Tu_Tu_Bu_Ung_Dong tag_panel=Panel_2 tag_slave_id_tag=2
time="2025-04-14 16:19:17" level=warning msg="Giá trị N/A (0xFFC00000) được trả về cho FLOAT32" device=Schneider_PM_COM3_ID1 register_name=Voltage_CN tag_location=Tu_Tu_Bu_Ung_Dong tag_panel=Panel_1 tag_slave_id_tag=1
time="2025-04-14 16:19:17" level=warning msg="Giá trị N/A (0xFFC00000) được trả về cho FLOAT32" device=Schneider_PM_COM3_ID2 register_name=Voltage_CN tag_location=Tu_Tu_Bu_Ung_Dong tag_panel=Panel_2 tag_slave_id_tag=2
time="2025-04-14 16:19:17" level=warning msg="Giá trị N/A (0xFFC00000) được trả về cho FLOAT32" device=Schneider_PM_COM3_ID1 register_name=Voltage_Unbalance_AB tag_location=Tu_Tu_Bu_Ung_Dong tag_panel=Panel_1 tag_slave_id_tag=1
time="2025-04-14 16:19:17" level=warning msg="Giá trị N/A (0xFFC00000) được trả về cho FLOAT32" device=Schneider_PM_COM3_ID2 register_name=Voltage_Unbalance_AB tag_location=Tu_Tu_Bu_Ung_Dong tag_panel=Panel_2 tag_slave_id_tag=2
time="2025-04-14 16:19:17" level=warning msg="Giá trị N/A (0xFFC00000) được trả về cho FLOAT32" device=Schneider_PM_COM3_ID1 register_name=Voltage_Unbalance_BC tag_location=Tu_Tu_Bu_Ung_Dong tag_panel=Panel_1 tag_slave_id_tag=1
time="2025-04-14 16:19:17" level=warning msg="Giá trị N/A (0xFFC00000) được trả về cho FLOAT32" device=Schneider_PM_COM3_ID2 register_name=Voltage_Unbalance_BC tag_location=Tu_Tu_Bu_Ung_Dong tag_panel=Panel_2 tag_slave_id_tag=2
time="2025-04-14 16:19:17" level=warning msg="Giá trị N/A (0xFFC00000) được trả về cho FLOAT32" device=Schneider_PM_COM3_ID1 register_name=Voltage_Unbalance_CA tag_location=Tu_Tu_Bu_Ung_Dong tag_panel=Panel_1 tag_slave_id_tag=1
time="2025-04-14 16:19:17" level=warning msg="Giá trị N/A (0xFFC00000) được trả về cho FLOAT32" device=Schneider_PM_COM3_ID2 register_name=Voltage_Unbalance_CA tag_location=Tu_Tu_Bu_Ung_Dong tag_panel=Panel_2 tag_slave_id_tag=2
time="2025-04-14 16:19:17" level=warning msg="Giá trị N/A (0xFFC00000) được trả về cho FLOAT32" device=Schneider_PM_COM3_ID1 register_name=Voltage_Unbalance_LL_Worst tag_location=Tu_Tu_Bu_Ung_Dong tag_panel=Panel_1 tag_slave_id_tag=1
time="2025-04-14 16:19:17" level=warning msg="Giá trị N/A (0xFFC00000) được trả về cho FLOAT32" device=Schneider_PM_COM3_ID2 register_name=Voltage_Unbalance_LL_Worst tag_location=Tu_Tu_Bu_Ung_Dong tag_panel=Panel_2 tag_slave_id_tag=2
time="2025-04-14 16:19:17" level=warning msg="Giá trị N/A (0xFFC00000) được trả về cho FLOAT32" device=Schneider_PM_COM3_ID1 register_name=Voltage_Unbalance_AN tag_location=Tu_Tu_Bu_Ung_Dong tag_panel=Panel_1 tag_slave_id_tag=1
time="2025-04-14 16:19:17" level=warning msg="Giá trị N/A (0xFFC00000) được trả về cho FLOAT32" device=Schneider_PM_COM3_ID2 register_name=Voltage_Unbalance_AN tag_location=Tu_Tu_Bu_Ung_Dong tag_panel=Panel_2 tag_slave_id_tag=2
time="2025-04-14 16:19:17" level=warning msg="Giá trị N/A (0xFFC00000) được trả về cho FLOAT32" device=Schneider_PM_COM3_ID1 register_name=Voltage_Unbalance_BN tag_location=Tu_Tu_Bu_Ung_Dong tag_panel=Panel_1 tag_slave_id_tag=1
time="2025-04-14 16:19:17" level=warning msg="Giá trị N/A (0xFFC00000) được trả về cho FLOAT32" device=Schneider_PM_COM3_ID2 register_name=Voltage_Unbalance_BN tag_location=Tu_Tu_Bu_Ung_Dong tag_panel=Panel_2 tag_slave_id_tag=2
time="2025-04-14 16:19:17" level=warning msg="Giá trị N/A (0xFFC00000) được trả về cho FLOAT32" device=Schneider_PM_COM3_ID1 register_name=Voltage_Unbalance_CN tag_location=Tu_Tu_Bu_Ung_Dong tag_panel=Panel_1 tag_slave_id_tag=1
time="2025-04-14 16:19:18" level=warning msg="Giá trị N/A (0xFFC00000) được trả về cho FLOAT32" device=Schneider_PM_COM3_ID2 register_name=Voltage_Unbalance_CN tag_location=Tu_Tu_Bu_Ung_Dong tag_panel=Panel_2 tag_slave_id_tag=2
time="2025-04-14 16:19:18" level=warning msg="Đã nhận tín hiệu dừng. Đang yêu cầu các goroutine kết thúc..."
time="2025-04-14 16:19:18" level=warning msg="Bị hủy khi đang chờ phản hồi cho thanh ghi Voltage_Unbalance_LN_Worst" device=Schneider_PM_COM3_ID2 tag_location=Tu_Tu_Bu_Ung_Dong tag_panel=Panel_2 tag_slave_id_tag=2
time="2025-04-14 16:19:18" level=warning msg="Bị hủy khi đang chờ phản hồi cho thanh ghi Voltage_Unbalance_LN_Worst" device=Schneider_PM_COM3_ID1 tag_location=Tu_Tu_Bu_Ung_Dong tag_panel=Panel_1 tag_slave_id_tag=1
time="2025-04-14 16:19:18" level=info msg="Đang chờ các goroutine Device hoàn thành..."
time="2025-04-14 16:19:18" level=warning msg="Chu kỳ đọc bị hủy, không ghi dữ liệu." device=Schneider_PM_COM3_ID1 tag_location=Tu_Tu_Bu_Ung_Dong tag_panel=Panel_1 tag_slave_id_tag=1
time="2025-04-14 16:19:18" level=warning msg="Chu kỳ đọc bị hủy, không ghi dữ liệu." device=Schneider_PM_COM3_ID2 tag_location=Tu_Tu_Bu_Ung_Dong tag_panel=Panel_2 tag_slave_id_tag=2
time="2025-04-14 16:19:18" level=info msg="Context bị hủy trong quá trình đọc thanh ghi." device=Schneider_PM_COM3_ID2 tag_location=Tu_Tu_Bu_Ung_Dong tag_panel=Panel_2 tag_slave_id_tag=2
time="2025-04-14 16:19:18" level=warning msg="Chu kỳ đọc bị hủy, không ghi dữ liệu." device=Schneider_PM_COM3_ID2 tag_location=Tu_Tu_Bu_Ung_Dong tag_panel=Panel_2 tag_slave_id_tag=2
time="2025-04-14 16:19:18" level=info msg="Context bị hủy trong quá trình đọc thanh ghi." device=Schneider_PM_COM3_ID1 tag_location=Tu_Tu_Bu_Ung_Dong tag_panel=Panel_1 tag_slave_id_tag=1
time="2025-04-14 16:19:18" level=warning msg="Chu kỳ đọc bị hủy, không ghi dữ liệu." device=Schneider_PM_COM3_ID1 tag_location=Tu_Tu_Bu_Ung_Dong tag_panel=Panel_1 tag_slave_id_tag=1
time="2025-04-14 16:19:18" level=info msg="Nhận tín hiệu dừng, kết thúc vòng lặp đọc." device=Schneider_PM_COM3_ID2 tag_location=Tu_Tu_Bu_Ung_Dong tag_panel=Panel_2 tag_slave_id_tag=2
time="2025-04-14 16:19:18" level=info msg="Nhận tín hiệu dừng, kết thúc vòng lặp đọc." device=Schneider_PM_COM3_ID1 tag_location=Tu_Tu_Bu_Ung_Dong tag_panel=Panel_1 tag_slave_id_tag=1
time="2025-04-14 16:19:18" level=info msg="Các goroutine Device đã dừng."
time="2025-04-14 16:19:18" level=info msg="Chương trình kết thúc."
time="2025-04-14 16:19:18" level=info msg="Đang đóng các file CSV..."
time="2025-04-14 16:19:18" level=info msg="Đã đóng các file CSV."
