[36mINFO[0m[2025-04-14 12:38:30] --- Khởi chạy Gateway Modbus ---             
[33mWARN[0m[2025-04-14 12:38:30] Thiết bị 'Schneider_PM_COM3' đang bị vô hiệu hóa trong cấu hình. 
[36mINFO[0m[2025-04-14 12:38:30] Đã đọc 85 thanh ghi cho thiết bị 'Schneider_PM_COM3_Device2' 
[36mINFO[0m[2025-04-14 12:38:30] Đã khởi chạy 1 goroutine cho các thiết bị. Nhấn Ctrl+C để dừng. 
[36mINFO[0m[2025-04-14 12:38:30] Bắt đầu vòng lặp đọc dữ liệu...               [36mdevice[0m=Schneider_PM_COM3_Device2
[36mINFO[0m[2025-04-14 12:38:30] Đang thử kết nối tới COM3 (Path: \\.\COM3)...  [36mdevice[0m=Schneider_PM_COM3_Device2
[36mINFO[0m[2025-04-14 12:38:30] >>> Kết nối Modbus thành công!                [36mdevice[0m=Schneider_PM_COM3_Device2
[33mWARN[0m[2025-04-14 12:38:36] Lỗi giao tiếp khác                            [33mdevice[0m=Schneider_PM_COM3_Device2 [33merror[0m="serial: timeout" [33merror_type[0m="*errors.errorString"
[33mWARN[0m[2025-04-14 12:38:38] Lỗi giao tiếp khác                            [33mdevice[0m=Schneider_PM_COM3_Device2 [33merror[0m="serial: timeout" [33merror_type[0m="*errors.errorString"
[33mWARN[0m[2025-04-14 12:38:40] Lỗi giao tiếp khác                            [33mdevice[0m=Schneider_PM_COM3_Device2 [33merror[0m="serial: timeout" [33merror_type[0m="*errors.errorString"
[33mWARN[0m[2025-04-14 12:38:41] Lỗi giao tiếp khác                            [33mdevice[0m=Schneider_PM_COM3_Device2 [33merror[0m="serial: timeout" [33merror_type[0m="*errors.errorString"
[33mWARN[0m[2025-04-14 12:38:43] Lỗi giao tiếp khác                            [33mdevice[0m=Schneider_PM_COM3_Device2 [33merror[0m="serial: timeout" [33merror_type[0m="*errors.errorString"
[33mWARN[0m[2025-04-14 12:38:44] Lỗi giao tiếp khác                            [33mdevice[0m=Schneider_PM_COM3_Device2 [33merror[0m="serial: timeout" [33merror_type[0m="*errors.errorString"
[33mWARN[0m[2025-04-14 12:38:46] Lỗi giao tiếp khác                            [33mdevice[0m=Schneider_PM_COM3_Device2 [33merror[0m="serial: timeout" [33merror_type[0m="*errors.errorString"
[33mWARN[0m[2025-04-14 12:38:48] Lỗi giao tiếp khác                            [33mdevice[0m=Schneider_PM_COM3_Device2 [33merror[0m="serial: timeout" [33merror_type[0m="*errors.errorString"
[33mWARN[0m[2025-04-14 12:38:49] Lỗi giao tiếp khác                            [33mdevice[0m=Schneider_PM_COM3_Device2 [33merror[0m="serial: timeout" [33merror_type[0m="*errors.errorString"
[33mWARN[0m[2025-04-14 12:38:51] Lỗi giao tiếp khác                            [33mdevice[0m=Schneider_PM_COM3_Device2 [33merror[0m="serial: timeout" [33merror_type[0m="*errors.errorString"
[33mWARN[0m[2025-04-14 12:38:52] Lỗi giao tiếp khác                            [33mdevice[0m=Schneider_PM_COM3_Device2 [33merror[0m="serial: timeout" [33merror_type[0m="*errors.errorString"
[33mWARN[0m[2025-04-14 12:38:54] Lỗi giao tiếp khác                            [33mdevice[0m=Schneider_PM_COM3_Device2 [33merror[0m="serial: timeout" [33merror_type[0m="*errors.errorString"
[33mWARN[0m[2025-04-14 12:38:54] Đã nhận tín hiệu dừng. Đang yêu cầu các goroutine kết thúc... 
[36mINFO[0m[2025-04-14 12:38:54] Đang chờ các goroutine hoàn thành...         
[33mWARN[0m[2025-04-14 12:38:55] Lỗi giao tiếp khác                            [33mdevice[0m=Schneider_PM_COM3_Device2 [33merror[0m="serial: timeout" [33merror_type[0m="*errors.errorString"
[33mWARN[0m[2025-04-14 12:38:57] Lỗi giao tiếp khác                            [33mdevice[0m=Schneider_PM_COM3_Device2 [33merror[0m="serial: timeout" [33merror_type[0m="*errors.errorString"
[33mWARN[0m[2025-04-14 12:38:59] Lỗi giao tiếp khác                            [33mdevice[0m=Schneider_PM_COM3_Device2 [33merror[0m="serial: timeout" [33merror_type[0m="*errors.errorString"
[33mWARN[0m[2025-04-14 12:39:00] Lỗi giao tiếp khác                            [33mdevice[0m=Schneider_PM_COM3_Device2 [33merror[0m="serial: timeout" [33merror_type[0m="*errors.errorString"
[33mWARN[0m[2025-04-14 12:39:02] Lỗi giao tiếp khác                            [33mdevice[0m=Schneider_PM_COM3_Device2 [33merror[0m="serial: timeout" [33merror_type[0m="*errors.errorString"
[33mWARN[0m[2025-04-14 12:39:03] Lỗi giao tiếp khác                            [33mdevice[0m=Schneider_PM_COM3_Device2 [33merror[0m="serial: timeout" [33merror_type[0m="*errors.errorString"
