{"address_0based":19,"address_1based":20,"count_regs":10,"data_type":"UTF8","level":"debug","msg":"Chuẩn bị đọc thanh ghi/cụm","register_name":"Meter_Model","time":"2025-04-11T17:32:32.3594515+07:00"}
{"byte_length":20,"data_type":"UTF8","level":"debug","msg":"Giải mã dữ liệu thanh ghi","raw_bytes_hex":"8000800080008000800080008000800080008000","register_name":"Meter_Model","time":"2025-04-11T17:32:32.3973095+07:00"}
{"level":"warning","msg":"Phát hiện dữ liệu UTF8 có vẻ không hợp lệ (pattern 0x8000)","raw_bytes_hex":"8000800080008000800080008000800080008000","register_name":"Meter_Model","time":"2025-04-11T17:32:32.3973095+07:00"}
{"address_0based":69,"address_1based":70,"count_regs":10,"data_type":"UTF8","level":"debug","msg":"Chuẩn bị đọc thanh ghi/cụm","register_name":"Manufacturer","time":"2025-04-11T17:32:32.4290171+07:00"}
{"byte_length":20,"data_type":"UTF8","level":"debug","msg":"Giải mã dữ liệu thanh ghi","raw_bytes_hex":"5363686e656964657220456c6563747269630000","register_name":"Manufacturer","time":"2025-04-11T17:32:32.4608223+07:00"}
{"address_0based":1836,"address_1based":1837,"count_regs":1,"data_type":"INT16U","level":"debug","msg":"Chuẩn bị đọc thanh ghi/cụm","register_name":"Year_7reg","time":"2025-04-11T17:32:32.4929808+07:00"}
{"byte_length":2,"data_type":"INT16U","level":"debug","msg":"Giải mã dữ liệu thanh ghi","raw_bytes_hex":"07e9","register_name":"Year_7reg","time":"2025-04-11T17:32:32.5087074+07:00"}
{"address_0based":1837,"address_1based":1838,"count_regs":1,"data_type":"INT16U","level":"debug","msg":"Chuẩn bị đọc thanh ghi/cụm","register_name":"Month_7reg","time":"2025-04-11T17:32:32.54085+07:00"}
{"byte_length":2,"data_type":"INT16U","level":"debug","msg":"Giải mã dữ liệu thanh ghi","raw_bytes_hex":"0004","register_name":"Month_7reg","time":"2025-04-11T17:32:32.5569764+07:00"}
{"address_0based":1838,"address_1based":1839,"count_regs":1,"data_type":"INT16U","level":"debug","msg":"Chuẩn bị đọc thanh ghi/cụm","register_name":"Day_7reg","time":"2025-04-11T17:32:32.5887407+07:00"}
{"byte_length":2,"data_type":"INT16U","level":"debug","msg":"Giải mã dữ liệu thanh ghi","raw_bytes_hex":"000b","register_name":"Day_7reg","time":"2025-04-11T17:32:32.6050647+07:00"}
{"address_0based":1839,"address_1based":1840,"count_regs":1,"data_type":"INT16U","level":"debug","msg":"Chuẩn bị đọc thanh ghi/cụm","register_name":"Hour_7reg","time":"2025-04-11T17:32:32.6367127+07:00"}
{"byte_length":2,"data_type":"INT16U","level":"debug","msg":"Giải mã dữ liệu thanh ghi","raw_bytes_hex":"0012","register_name":"Hour_7reg","time":"2025-04-11T17:32:32.6526324+07:00"}
{"address_0based":1840,"address_1based":1841,"count_regs":1,"data_type":"INT16U","level":"debug","msg":"Chuẩn bị đọc thanh ghi/cụm","register_name":"Minute_7reg","time":"2025-04-11T17:32:32.6848106+07:00"}
{"byte_length":2,"data_type":"INT16U","level":"debug","msg":"Giải mã dữ liệu thanh ghi","raw_bytes_hex":"0016","register_name":"Minute_7reg","time":"2025-04-11T17:32:32.7005302+07:00"}
{"address_0based":1841,"address_1based":1842,"count_regs":1,"data_type":"INT16U","level":"debug","msg":"Chuẩn bị đọc thanh ghi/cụm","register_name":"Second_7reg","time":"2025-04-11T17:32:32.7323255+07:00"}
{"byte_length":2,"data_type":"INT16U","level":"debug","msg":"Giải mã dữ liệu thanh ghi","raw_bytes_hex":"0005","register_name":"Second_7reg","time":"2025-04-11T17:32:32.7484272+07:00"}
{"address_0based":1842,"address_1based":1843,"count_regs":1,"data_type":"INT16U","level":"debug","msg":"Chuẩn bị đọc thanh ghi/cụm","register_name":"Millisecond_7reg","time":"2025-04-11T17:32:32.7801094+07:00"}
{"byte_length":2,"data_type":"INT16U","level":"debug","msg":"Giải mã dữ liệu thanh ghi","raw_bytes_hex":"0000","register_name":"Millisecond_7reg","time":"2025-04-11T17:32:32.7959447+07:00"}
{"address_0based":1843,"address_1based":1844,"count_regs":1,"data_type":"INT16U","level":"debug","msg":"Chuẩn bị đọc thanh ghi/cụm","register_name":"Day_of_Week_7reg","time":"2025-04-11T17:32:32.8272413+07:00"}
{"byte_length":2,"data_type":"INT16U","level":"debug","msg":"Giải mã dữ liệu thanh ghi","raw_bytes_hex":"ffff","register_name":"Day_of_Week_7reg","time":"2025-04-11T17:32:32.842927+07:00"}
{"address_0based":2999,"address_1based":3000,"count_regs":2,"data_type":"FLOAT32","level":"debug","msg":"Chuẩn bị đọc thanh ghi/cụm","register_name":"Current_A","time":"2025-04-11T17:32:32.8742974+07:00"}
{"byte_length":4,"data_type":"FLOAT32","level":"debug","msg":"Giải mã dữ liệu thanh ghi","raw_bytes_hex":"00000000","register_name":"Current_A","time":"2025-04-11T17:32:32.8900832+07:00"}
{"address_0based":3001,"address_1based":3002,"count_regs":2,"data_type":"FLOAT32","level":"debug","msg":"Chuẩn bị đọc thanh ghi/cụm","register_name":"Current_B","time":"2025-04-11T17:32:32.9219475+07:00"}
{"byte_length":4,"data_type":"FLOAT32","level":"debug","msg":"Giải mã dữ liệu thanh ghi","raw_bytes_hex":"ffc00000","register_name":"Current_B","time":"2025-04-11T17:32:32.9377123+07:00"}
{"address_0based":3003,"address_1based":3004,"count_regs":2,"data_type":"FLOAT32","level":"debug","msg":"Chuẩn bị đọc thanh ghi/cụm","register_name":"Current_C","time":"2025-04-11T17:32:32.9601839+07:00"}
{"byte_length":4,"data_type":"FLOAT32","level":"debug","msg":"Giải mã dữ liệu thanh ghi","raw_bytes_hex":"ffc00000","register_name":"Current_C","time":"2025-04-11T17:32:32.9867658+07:00"}
{"address_0based":3005,"address_1based":3006,"count_regs":2,"data_type":"FLOAT32","level":"debug","msg":"Chuẩn bị đọc thanh ghi/cụm","register_name":"Current_N","time":"2025-04-11T17:32:33.0186533+07:00"}
{"byte_length":4,"data_type":"FLOAT32","level":"debug","msg":"Giải mã dữ liệu thanh ghi","raw_bytes_hex":"ffc00000","register_name":"Current_N","time":"2025-04-11T17:32:33.0348294+07:00"}
{"address_0based":3007,"address_1based":3008,"count_regs":2,"data_type":"FLOAT32","level":"debug","msg":"Chuẩn bị đọc thanh ghi/cụm","register_name":"Current_G","time":"2025-04-11T17:32:33.0665023+07:00"}
{"byte_length":4,"data_type":"FLOAT32","level":"debug","msg":"Giải mã dữ liệu thanh ghi","raw_bytes_hex":"ffc00000","register_name":"Current_G","time":"2025-04-11T17:32:33.0822316+07:00"}
{"address_0based":3009,"address_1based":3010,"count_regs":2,"data_type":"FLOAT32","level":"debug","msg":"Chuẩn bị đọc thanh ghi/cụm","register_name":"Current_Avg","time":"2025-04-11T17:32:33.1134752+07:00"}
{"byte_length":4,"data_type":"FLOAT32","level":"debug","msg":"Giải mã dữ liệu thanh ghi","raw_bytes_hex":"00000000","register_name":"Current_Avg","time":"2025-04-11T17:32:33.1293138+07:00"}
{"address_0based":3019,"address_1based":3020,"count_regs":2,"data_type":"FLOAT32","level":"debug","msg":"Chuẩn bị đọc thanh ghi/cụm","register_name":"Voltage_AB","time":"2025-04-11T17:32:33.1615845+07:00"}
{"byte_length":4,"data_type":"FLOAT32","level":"debug","msg":"Giải mã dữ liệu thanh ghi","raw_bytes_hex":"ffc00000","register_name":"Voltage_AB","time":"2025-04-11T17:32:33.1776658+07:00"}
{"address_0based":3021,"address_1based":3022,"count_regs":2,"data_type":"FLOAT32","level":"debug","msg":"Chuẩn bị đọc thanh ghi/cụm","register_name":"Voltage_BC","time":"2025-04-11T17:32:33.2090472+07:00"}
{"byte_length":4,"data_type":"FLOAT32","level":"debug","msg":"Giải mã dữ liệu thanh ghi","raw_bytes_hex":"ffc00000","register_name":"Voltage_BC","time":"2025-04-11T17:32:33.2246614+07:00"}
{"address_0based":3023,"address_1based":3024,"count_regs":2,"data_type":"FLOAT32","level":"debug","msg":"Chuẩn bị đọc thanh ghi/cụm","register_name":"Voltage_CA","time":"2025-04-11T17:32:33.2558721+07:00"}
{"byte_length":4,"data_type":"FLOAT32","level":"debug","msg":"Giải mã dữ liệu thanh ghi","raw_bytes_hex":"ffc00000","register_name":"Voltage_CA","time":"2025-04-11T17:32:33.271948+07:00"}
{"address_0based":3025,"address_1based":3026,"count_regs":2,"data_type":"FLOAT32","level":"debug","msg":"Chuẩn bị đọc thanh ghi/cụm","register_name":"Voltage_LLAvg","time":"2025-04-11T17:32:33.304123+07:00"}
{"byte_length":4,"data_type":"FLOAT32","level":"debug","msg":"Giải mã dữ liệu thanh ghi","raw_bytes_hex":"ffc00000","register_name":"Voltage_LLAvg","time":"2025-04-11T17:32:33.3198344+07:00"}
{"address_0based":3027,"address_1based":3028,"count_regs":2,"data_type":"FLOAT32","level":"debug","msg":"Chuẩn bị đọc thanh ghi/cụm","register_name":"Voltage_AN","time":"2025-04-11T17:32:33.3515171+07:00"}
{"byte_length":4,"data_type":"FLOAT32","level":"debug","msg":"Giải mã dữ liệu thanh ghi","raw_bytes_hex":"4369456f","register_name":"Voltage_AN","time":"2025-04-11T17:32:33.3672097+07:00"}
{"address_0based":3029,"address_1based":3030,"count_regs":2,"data_type":"FLOAT32","level":"debug","msg":"Chuẩn bị đọc thanh ghi/cụm","register_name":"Voltage_BN","time":"2025-04-11T17:32:33.3985776+07:00"}
{"byte_length":4,"data_type":"FLOAT32","level":"debug","msg":"Giải mã dữ liệu thanh ghi","raw_bytes_hex":"ffc00000","register_name":"Voltage_BN","time":"2025-04-11T17:32:33.4143335+07:00"}
{"address_0based":3031,"address_1based":3032,"count_regs":2,"data_type":"FLOAT32","level":"debug","msg":"Chuẩn bị đọc thanh ghi/cụm","register_name":"Voltage_CN","time":"2025-04-11T17:32:33.4460514+07:00"}
{"byte_length":4,"data_type":"FLOAT32","level":"debug","msg":"Giải mã dữ liệu thanh ghi","raw_bytes_hex":"ffc00000","register_name":"Voltage_CN","time":"2025-04-11T17:32:33.4618976+07:00"}
{"address_0based":3033,"address_1based":3034,"count_regs":2,"data_type":"FLOAT32","level":"debug","msg":"Chuẩn bị đọc thanh ghi/cụm","register_name":"Voltage_LNAvg","time":"2025-04-11T17:32:33.4935822+07:00"}
{"byte_length":4,"data_type":"FLOAT32","level":"debug","msg":"Giải mã dữ liệu thanh ghi","raw_bytes_hex":"80008000","register_name":"Voltage_LNAvg","time":"2025-04-11T17:32:33.5092721+07:00"}
{"address_0based":3053,"address_1based":3054,"count_regs":2,"data_type":"FLOAT32","level":"debug","msg":"Chuẩn bị đọc thanh ghi/cụm","register_name":"ActivePower_A","time":"2025-04-11T17:32:33.5409912+07:00"}
{"byte_length":4,"data_type":"FLOAT32","level":"debug","msg":"Giải mã dữ liệu thanh ghi","raw_bytes_hex":"00000000","register_name":"ActivePower_A","time":"2025-04-11T17:32:33.5567034+07:00"}
{"address_0based":3055,"address_1based":3056,"count_regs":2,"data_type":"FLOAT32","level":"debug","msg":"Chuẩn bị đọc thanh ghi/cụm","register_name":"ActivePower_B","time":"2025-04-11T17:32:33.5886633+07:00"}
{"byte_length":4,"data_type":"FLOAT32","level":"debug","msg":"Giải mã dữ liệu thanh ghi","raw_bytes_hex":"ffc00000","register_name":"ActivePower_B","time":"2025-04-11T17:32:33.6043673+07:00"}
{"address_0based":3057,"address_1based":3058,"count_regs":2,"data_type":"FLOAT32","level":"debug","msg":"Chuẩn bị đọc thanh ghi/cụm","register_name":"ActivePower_C","time":"2025-04-11T17:32:33.636137+07:00"}
{"byte_length":4,"data_type":"FLOAT32","level":"debug","msg":"Giải mã dữ liệu thanh ghi","raw_bytes_hex":"ffc00000","register_name":"ActivePower_C","time":"2025-04-11T17:32:33.6518667+07:00"}
{"address_0based":3059,"address_1based":3060,"count_regs":2,"data_type":"FLOAT32","level":"debug","msg":"Chuẩn bị đọc thanh ghi/cụm","register_name":"ActivePower_Total","time":"2025-04-11T17:32:33.6835912+07:00"}
{"byte_length":4,"data_type":"FLOAT32","level":"debug","msg":"Giải mã dữ liệu thanh ghi","raw_bytes_hex":"00000000","register_name":"ActivePower_Total","time":"2025-04-11T17:32:33.6997099+07:00"}
{"address_0based":3061,"address_1based":3062,"count_regs":2,"data_type":"FLOAT32","level":"debug","msg":"Chuẩn bị đọc thanh ghi/cụm","register_name":"ReactivePower_A","time":"2025-04-11T17:32:33.731547+07:00"}
{"byte_length":4,"data_type":"FLOAT32","level":"debug","msg":"Giải mã dữ liệu thanh ghi","raw_bytes_hex":"00000000","register_name":"ReactivePower_A","time":"2025-04-11T17:32:33.7681767+07:00"}
{"address_0based":3063,"address_1based":3064,"count_regs":2,"data_type":"FLOAT32","level":"debug","msg":"Chuẩn bị đọc thanh ghi/cụm","register_name":"ReactivePower_B","time":"2025-04-11T17:32:33.7915814+07:00"}
{"byte_length":4,"data_type":"FLOAT32","level":"debug","msg":"Giải mã dữ liệu thanh ghi","raw_bytes_hex":"ffc00000","register_name":"ReactivePower_B","time":"2025-04-11T17:32:33.8076937+07:00"}
{"address_0based":3065,"address_1based":3066,"count_regs":2,"data_type":"FLOAT32","level":"debug","msg":"Chuẩn bị đọc thanh ghi/cụm","register_name":"ReactivePower_C","time":"2025-04-11T17:32:33.8394149+07:00"}
{"byte_length":4,"data_type":"FLOAT32","level":"debug","msg":"Giải mã dữ liệu thanh ghi","raw_bytes_hex":"ffc00000","register_name":"ReactivePower_C","time":"2025-04-11T17:32:33.8552996+07:00"}
{"address_0based":3067,"address_1based":3068,"count_regs":2,"data_type":"FLOAT32","level":"debug","msg":"Chuẩn bị đọc thanh ghi/cụm","register_name":"ReactivePower_Total","time":"2025-04-11T17:32:33.8869749+07:00"}
{"byte_length":4,"data_type":"FLOAT32","level":"debug","msg":"Giải mã dữ liệu thanh ghi","raw_bytes_hex":"00000000","register_name":"ReactivePower_Total","time":"2025-04-11T17:32:33.9027218+07:00"}
{"address_0based":3069,"address_1based":3070,"count_regs":2,"data_type":"FLOAT32","level":"debug","msg":"Chuẩn bị đọc thanh ghi/cụm","register_name":"ApparentPower_A","time":"2025-04-11T17:32:33.9345139+07:00"}
{"byte_length":4,"data_type":"FLOAT32","level":"debug","msg":"Giải mã dữ liệu thanh ghi","raw_bytes_hex":"00000000","register_name":"ApparentPower_A","time":"2025-04-11T17:32:33.9507566+07:00"}
{"address_0based":3071,"address_1based":3072,"count_regs":2,"data_type":"FLOAT32","level":"debug","msg":"Chuẩn bị đọc thanh ghi/cụm","register_name":"ApparentPower_B","time":"2025-04-11T17:32:33.9824499+07:00"}
{"byte_length":4,"data_type":"FLOAT32","level":"debug","msg":"Giải mã dữ liệu thanh ghi","raw_bytes_hex":"ffc00000","register_name":"ApparentPower_B","time":"2025-04-11T17:32:33.9981917+07:00"}
{"address_0based":3073,"address_1based":3074,"count_regs":2,"data_type":"FLOAT32","level":"debug","msg":"Chuẩn bị đọc thanh ghi/cụm","register_name":"ApparentPower_C","time":"2025-04-11T17:32:34.0300421+07:00"}
{"byte_length":4,"data_type":"FLOAT32","level":"debug","msg":"Giải mã dữ liệu thanh ghi","raw_bytes_hex":"ffc00000","register_name":"ApparentPower_C","time":"2025-04-11T17:32:34.0456838+07:00"}
{"address_0based":3075,"address_1based":3076,"count_regs":2,"data_type":"FLOAT32","level":"debug","msg":"Chuẩn bị đọc thanh ghi/cụm","register_name":"ApparentPower_Total","time":"2025-04-11T17:32:34.0779002+07:00"}
{"byte_length":4,"data_type":"FLOAT32","level":"debug","msg":"Giải mã dữ liệu thanh ghi","raw_bytes_hex":"00000000","register_name":"ApparentPower_Total","time":"2025-04-11T17:32:34.0940829+07:00"}
{"address_0based":3077,"address_1based":3078,"count_regs":1,"data_type":"4Q_FP_PF","level":"debug","msg":"Chuẩn bị đọc thanh ghi/cụm","register_name":"PF_A","time":"2025-04-11T17:32:34.1258519+07:00"}
{"error":"modbus: exception '3' (illegal data value), function '131'","exception_code":3,"exception_msg":"Illegal Data Value","level":"error","msg":"Lỗi Modbus từ Slave","slave_id":1,"time":"2025-04-11T17:32:34.1416296+07:00"}
{"address_0based":3079,"address_1based":3080,"count_regs":1,"data_type":"4Q_FP_PF","level":"debug","msg":"Chuẩn bị đọc thanh ghi/cụm","register_name":"PF_B","time":"2025-04-11T17:32:34.2050205+07:00"}
{"error":"modbus: exception '3' (illegal data value), function '131'","exception_code":3,"exception_msg":"Illegal Data Value","level":"error","msg":"Lỗi Modbus từ Slave","slave_id":1,"time":"2025-04-11T17:32:34.2212488+07:00"}
{"address_0based":3081,"address_1based":3082,"count_regs":1,"data_type":"4Q_FP_PF","level":"debug","msg":"Chuẩn bị đọc thanh ghi/cụm","register_name":"PF_C","time":"2025-04-11T17:32:34.2851847+07:00"}
{"error":"modbus: exception '3' (illegal data value), function '131'","exception_code":3,"exception_msg":"Illegal Data Value","level":"error","msg":"Lỗi Modbus từ Slave","slave_id":1,"time":"2025-04-11T17:32:34.3009225+07:00"}
{"address_0based":3083,"address_1based":3084,"count_regs":1,"data_type":"4Q_FP_PF","level":"debug","msg":"Chuẩn bị đọc thanh ghi/cụm","register_name":"PF_Total","time":"2025-04-11T17:32:34.3644073+07:00"}
{"error":"modbus: exception '3' (illegal data value), function '131'","exception_code":3,"exception_msg":"Illegal Data Value","level":"error","msg":"Lỗi Modbus từ Slave","slave_id":1,"time":"2025-04-11T17:32:34.3805356+07:00"}
{"address_0based":3109,"address_1based":3110,"count_regs":2,"data_type":"FLOAT32","level":"debug","msg":"Chuẩn bị đọc thanh ghi/cụm","register_name":"Frequency","time":"2025-04-11T17:32:34.4444788+07:00"}
{"byte_length":4,"data_type":"FLOAT32","level":"debug","msg":"Giải mã dữ liệu thanh ghi","raw_bytes_hex":"424826ca","register_name":"Frequency","time":"2025-04-11T17:32:34.46022+07:00"}
{"address_0based":3803,"address_1based":3804,"count_regs":4,"data_type":"DATETIME","level":"debug","msg":"Chuẩn bị đọc thanh ghi/cụm","register_name":"Peak_Demand_Date_time","time":"2025-04-11T17:32:34.4915105+07:00"}
{"byte_length":8,"data_type":"DATETIME","level":"debug","msg":"Giải mã dữ liệu thanh ghi","raw_bytes_hex":"0019040b0f3936b0","register_name":"Peak_Demand_Date_time","time":"2025-04-11T17:32:34.5233371+07:00"}
{"day":11,"hour":15,"level":"debug","minute":57,"month":4,"msg":"Giải mã DATETIME","raw_bytes_hex":"0019040b0f3936b0","register_name":"Peak_Demand_Date_time","second":54,"time":"2025-04-11T17:32:34.5233371+07:00","year_calc":2025,"year_raw":25}
{"ActivePower_A":0,"ActivePower_B":null,"ActivePower_C":null,"ActivePower_Total":0,"ApparentPower_A":0,"ApparentPower_B":null,"ApparentPower_C":null,"ApparentPower_Total":0,"Current_A":0,"Current_Avg":0,"Current_B":null,"Current_C":null,"Current_G":null,"Current_N":null,"Day_7reg":11,"Day_of_Week_7reg":65535,"Frequency":50.0379,"Hour_7reg":18,"Manufacturer":"Schneider Electric","Meter_Model":"INVALID_UTF8_PATTERN","Millisecond_7reg":0,"Minute_7reg":22,"Month_7reg":4,"PF_A":"READ_ERROR","PF_B":"READ_ERROR","PF_C":"READ_ERROR","PF_Total":"READ_ERROR","Peak_Demand_Date_time":"2025-04-11 15:57:54","ReactivePower_A":0,"ReactivePower_B":null,"ReactivePower_C":null,"ReactivePower_Total":0,"Second_7reg":5,"Voltage_AB":null,"Voltage_AN":233.2712,"Voltage_BC":null,"Voltage_BN":null,"Voltage_CA":null,"Voltage_CN":null,"Voltage_LLAvg":null,"Voltage_LNAvg":-0,"Year_7reg":2025,"level":"info","msg":"Modbus Data Read","read_duration_ms":2195,"registers_error":5,"registers_ok":37,"registers_total":42,"slave_id":1,"time":"2025-04-11T17:32:34.5583281+07:00","timestamp_rfc3339":"2025-04-11T17:32:32.3594515+07:00"}
{"address_0based":19,"address_1based":20,"count_regs":10,"data_type":"UTF8","level":"debug","msg":"Chuẩn bị đọc thanh ghi/cụm","register_name":"Meter_Model","time":"2025-04-11T17:32:35.6658476+07:00"}
{"byte_length":20,"data_type":"UTF8","level":"debug","msg":"Giải mã dữ liệu thanh ghi","raw_bytes_hex":"8000800080008000800080008000800080008000","register_name":"Meter_Model","time":"2025-04-11T17:32:35.6975314+07:00"}
{"level":"warning","msg":"Phát hiện dữ liệu UTF8 có vẻ không hợp lệ (pattern 0x8000)","raw_bytes_hex":"8000800080008000800080008000800080008000","register_name":"Meter_Model","time":"2025-04-11T17:32:35.6975314+07:00"}
{"address_0based":69,"address_1based":70,"count_regs":10,"data_type":"UTF8","level":"debug","msg":"Chuẩn bị đọc thanh ghi/cụm","register_name":"Manufacturer","time":"2025-04-11T17:32:35.729673+07:00"}
{"byte_length":20,"data_type":"UTF8","level":"debug","msg":"Giải mã dữ liệu thanh ghi","raw_bytes_hex":"5363686e656964657220456c6563747269630000","register_name":"Manufacturer","time":"2025-04-11T17:32:35.7615503+07:00"}
{"address_0based":1836,"address_1based":1837,"count_regs":1,"data_type":"INT16U","level":"debug","msg":"Chuẩn bị đọc thanh ghi/cụm","register_name":"Year_7reg","time":"2025-04-11T17:32:35.7923526+07:00"}
{"byte_length":2,"data_type":"INT16U","level":"debug","msg":"Giải mã dữ liệu thanh ghi","raw_bytes_hex":"07e9","register_name":"Year_7reg","time":"2025-04-11T17:32:35.8081367+07:00"}
{"address_0based":1837,"address_1based":1838,"count_regs":1,"data_type":"INT16U","level":"debug","msg":"Chuẩn bị đọc thanh ghi/cụm","register_name":"Month_7reg","time":"2025-04-11T17:32:35.8403218+07:00"}
{"byte_length":2,"data_type":"INT16U","level":"debug","msg":"Giải mã dữ liệu thanh ghi","raw_bytes_hex":"0004","register_name":"Month_7reg","time":"2025-04-11T17:32:35.8564541+07:00"}
{"address_0based":1838,"address_1based":1839,"count_regs":1,"data_type":"INT16U","level":"debug","msg":"Chuẩn bị đọc thanh ghi/cụm","register_name":"Day_7reg","time":"2025-04-11T17:32:35.8886259+07:00"}
{"byte_length":2,"data_type":"INT16U","level":"debug","msg":"Giải mã dữ liệu thanh ghi","raw_bytes_hex":"000b","register_name":"Day_7reg","time":"2025-04-11T17:32:35.9048602+07:00"}
{"address_0based":1839,"address_1based":1840,"count_regs":1,"data_type":"INT16U","level":"debug","msg":"Chuẩn bị đọc thanh ghi/cụm","register_name":"Hour_7reg","time":"2025-04-11T17:32:35.9365964+07:00"}
{"byte_length":2,"data_type":"INT16U","level":"debug","msg":"Giải mã dữ liệu thanh ghi","raw_bytes_hex":"0012","register_name":"Hour_7reg","time":"2025-04-11T17:32:35.9525566+07:00"}
{"address_0based":1840,"address_1based":1841,"count_regs":1,"data_type":"INT16U","level":"debug","msg":"Chuẩn bị đọc thanh ghi/cụm","register_name":"Minute_7reg","time":"2025-04-11T17:32:35.9838652+07:00"}
{"byte_length":2,"data_type":"INT16U","level":"debug","msg":"Giải mã dữ liệu thanh ghi","raw_bytes_hex":"0016","register_name":"Minute_7reg","time":"2025-04-11T17:32:35.9991171+07:00"}
{"address_0based":1841,"address_1based":1842,"count_regs":1,"data_type":"INT16U","level":"debug","msg":"Chuẩn bị đọc thanh ghi/cụm","register_name":"Second_7reg","time":"2025-04-11T17:32:36.0305053+07:00"}
{"byte_length":2,"data_type":"INT16U","level":"debug","msg":"Giải mã dữ liệu thanh ghi","raw_bytes_hex":"0008","register_name":"Second_7reg","time":"2025-04-11T17:32:36.0461871+07:00"}
{"address_0based":1842,"address_1based":1843,"count_regs":1,"data_type":"INT16U","level":"debug","msg":"Chuẩn bị đọc thanh ghi/cụm","register_name":"Millisecond_7reg","time":"2025-04-11T17:32:36.0779428+07:00"}
{"byte_length":2,"data_type":"INT16U","level":"debug","msg":"Giải mã dữ liệu thanh ghi","raw_bytes_hex":"0000","register_name":"Millisecond_7reg","time":"2025-04-11T17:32:36.0936507+07:00"}
{"address_0based":1843,"address_1based":1844,"count_regs":1,"data_type":"INT16U","level":"debug","msg":"Chuẩn bị đọc thanh ghi/cụm","register_name":"Day_of_Week_7reg","time":"2025-04-11T17:32:36.1258137+07:00"}
{"byte_length":2,"data_type":"INT16U","level":"debug","msg":"Giải mã dữ liệu thanh ghi","raw_bytes_hex":"ffff","register_name":"Day_of_Week_7reg","time":"2025-04-11T17:32:36.1417385+07:00"}
{"address_0based":2999,"address_1based":3000,"count_regs":2,"data_type":"FLOAT32","level":"debug","msg":"Chuẩn bị đọc thanh ghi/cụm","register_name":"Current_A","time":"2025-04-11T17:32:36.1739539+07:00"}
{"byte_length":4,"data_type":"FLOAT32","level":"debug","msg":"Giải mã dữ liệu thanh ghi","raw_bytes_hex":"00000000","register_name":"Current_A","time":"2025-04-11T17:32:36.1896009+07:00"}
{"address_0based":3001,"address_1based":3002,"count_regs":2,"data_type":"FLOAT32","level":"debug","msg":"Chuẩn bị đọc thanh ghi/cụm","register_name":"Current_B","time":"2025-04-11T17:32:36.2212406+07:00"}
{"byte_length":4,"data_type":"FLOAT32","level":"debug","msg":"Giải mã dữ liệu thanh ghi","raw_bytes_hex":"ffc00000","register_name":"Current_B","time":"2025-04-11T17:32:36.2374156+07:00"}
{"address_0based":3003,"address_1based":3004,"count_regs":2,"data_type":"FLOAT32","level":"debug","msg":"Chuẩn bị đọc thanh ghi/cụm","register_name":"Current_C","time":"2025-04-11T17:32:36.2687039+07:00"}
{"byte_length":4,"data_type":"FLOAT32","level":"debug","msg":"Giải mã dữ liệu thanh ghi","raw_bytes_hex":"ffc00000","register_name":"Current_C","time":"2025-04-11T17:32:36.2847205+07:00"}
{"address_0based":3005,"address_1based":3006,"count_regs":2,"data_type":"FLOAT32","level":"debug","msg":"Chuẩn bị đọc thanh ghi/cụm","register_name":"Current_N","time":"2025-04-11T17:32:36.316155+07:00"}
{"byte_length":4,"data_type":"FLOAT32","level":"debug","msg":"Giải mã dữ liệu thanh ghi","raw_bytes_hex":"ffc00000","register_name":"Current_N","time":"2025-04-11T17:32:36.3320366+07:00"}
{"address_0based":3007,"address_1based":3008,"count_regs":2,"data_type":"FLOAT32","level":"debug","msg":"Chuẩn bị đọc thanh ghi/cụm","register_name":"Current_G","time":"2025-04-11T17:32:36.3637129+07:00"}
{"byte_length":4,"data_type":"FLOAT32","level":"debug","msg":"Giải mã dữ liệu thanh ghi","raw_bytes_hex":"ffc00000","register_name":"Current_G","time":"2025-04-11T17:32:36.3795665+07:00"}
{"address_0based":3009,"address_1based":3010,"count_regs":2,"data_type":"FLOAT32","level":"debug","msg":"Chuẩn bị đọc thanh ghi/cụm","register_name":"Current_Avg","time":"2025-04-11T17:32:36.4109178+07:00"}
{"byte_length":4,"data_type":"FLOAT32","level":"debug","msg":"Giải mã dữ liệu thanh ghi","raw_bytes_hex":"00000000","register_name":"Current_Avg","time":"2025-04-11T17:32:36.4266365+07:00"}
{"address_0based":3019,"address_1based":3020,"count_regs":2,"data_type":"FLOAT32","level":"debug","msg":"Chuẩn bị đọc thanh ghi/cụm","register_name":"Voltage_AB","time":"2025-04-11T17:32:36.4583748+07:00"}
{"byte_length":4,"data_type":"FLOAT32","level":"debug","msg":"Giải mã dữ liệu thanh ghi","raw_bytes_hex":"ffc00000","register_name":"Voltage_AB","time":"2025-04-11T17:32:36.4901612+07:00"}
{"address_0based":3021,"address_1based":3022,"count_regs":2,"data_type":"FLOAT32","level":"debug","msg":"Chuẩn bị đọc thanh ghi/cụm","register_name":"Voltage_BC","time":"2025-04-11T17:32:36.5218453+07:00"}
{"byte_length":4,"data_type":"FLOAT32","level":"debug","msg":"Giải mã dữ liệu thanh ghi","raw_bytes_hex":"ffc00000","register_name":"Voltage_BC","time":"2025-04-11T17:32:36.5376493+07:00"}
{"address_0based":3023,"address_1based":3024,"count_regs":2,"data_type":"FLOAT32","level":"debug","msg":"Chuẩn bị đọc thanh ghi/cụm","register_name":"Voltage_CA","time":"2025-04-11T17:32:36.569363+07:00"}
{"byte_length":4,"data_type":"FLOAT32","level":"debug","msg":"Giải mã dữ liệu thanh ghi","raw_bytes_hex":"ffc00000","register_name":"Voltage_CA","time":"2025-04-11T17:32:36.5856583+07:00"}
{"address_0based":3025,"address_1based":3026,"count_regs":2,"data_type":"FLOAT32","level":"debug","msg":"Chuẩn bị đọc thanh ghi/cụm","register_name":"Voltage_LLAvg","time":"2025-04-11T17:32:36.6175774+07:00"}
{"byte_length":4,"data_type":"FLOAT32","level":"debug","msg":"Giải mã dữ liệu thanh ghi","raw_bytes_hex":"ffc00000","register_name":"Voltage_LLAvg","time":"2025-04-11T17:32:36.6331675+07:00"}
{"address_0based":3027,"address_1based":3028,"count_regs":2,"data_type":"FLOAT32","level":"debug","msg":"Chuẩn bị đọc thanh ghi/cụm","register_name":"Voltage_AN","time":"2025-04-11T17:32:36.6649484+07:00"}
{"byte_length":4,"data_type":"FLOAT32","level":"debug","msg":"Giải mã dữ liệu thanh ghi","raw_bytes_hex":"43692b85","register_name":"Voltage_AN","time":"2025-04-11T17:32:36.6806018+07:00"}
{"address_0based":3029,"address_1based":3030,"count_regs":2,"data_type":"FLOAT32","level":"debug","msg":"Chuẩn bị đọc thanh ghi/cụm","register_name":"Voltage_BN","time":"2025-04-11T17:32:36.7124089+07:00"}
{"byte_length":4,"data_type":"FLOAT32","level":"debug","msg":"Giải mã dữ liệu thanh ghi","raw_bytes_hex":"ffc00000","register_name":"Voltage_BN","time":"2025-04-11T17:32:36.7281364+07:00"}
{"address_0based":3031,"address_1based":3032,"count_regs":2,"data_type":"FLOAT32","level":"debug","msg":"Chuẩn bị đọc thanh ghi/cụm","register_name":"Voltage_CN","time":"2025-04-11T17:32:36.7598083+07:00"}
{"byte_length":4,"data_type":"FLOAT32","level":"debug","msg":"Giải mã dữ liệu thanh ghi","raw_bytes_hex":"ffc00000","register_name":"Voltage_CN","time":"2025-04-11T17:32:36.7755108+07:00"}
{"address_0based":3033,"address_1based":3034,"count_regs":2,"data_type":"FLOAT32","level":"debug","msg":"Chuẩn bị đọc thanh ghi/cụm","register_name":"Voltage_LNAvg","time":"2025-04-11T17:32:36.8077668+07:00"}
{"byte_length":4,"data_type":"FLOAT32","level":"debug","msg":"Giải mã dữ liệu thanh ghi","raw_bytes_hex":"80008000","register_name":"Voltage_LNAvg","time":"2025-04-11T17:32:36.8233774+07:00"}
{"address_0based":3053,"address_1based":3054,"count_regs":2,"data_type":"FLOAT32","level":"debug","msg":"Chuẩn bị đọc thanh ghi/cụm","register_name":"ActivePower_A","time":"2025-04-11T17:32:36.8550446+07:00"}
{"byte_length":4,"data_type":"FLOAT32","level":"debug","msg":"Giải mã dữ liệu thanh ghi","raw_bytes_hex":"00000000","register_name":"ActivePower_A","time":"2025-04-11T17:32:36.8708686+07:00"}
{"address_0based":3055,"address_1based":3056,"count_regs":2,"data_type":"FLOAT32","level":"debug","msg":"Chuẩn bị đọc thanh ghi/cụm","register_name":"ActivePower_B","time":"2025-04-11T17:32:36.9027557+07:00"}
{"byte_length":4,"data_type":"FLOAT32","level":"debug","msg":"Giải mã dữ liệu thanh ghi","raw_bytes_hex":"ffc00000","register_name":"ActivePower_B","time":"2025-04-11T17:32:36.9185149+07:00"}
{"address_0based":3057,"address_1based":3058,"count_regs":2,"data_type":"FLOAT32","level":"debug","msg":"Chuẩn bị đọc thanh ghi/cụm","register_name":"ActivePower_C","time":"2025-04-11T17:32:36.9501659+07:00"}
{"byte_length":4,"data_type":"FLOAT32","level":"debug","msg":"Giải mã dữ liệu thanh ghi","raw_bytes_hex":"ffc00000","register_name":"ActivePower_C","time":"2025-04-11T17:32:36.9659214+07:00"}
{"address_0based":3059,"address_1based":3060,"count_regs":2,"data_type":"FLOAT32","level":"debug","msg":"Chuẩn bị đọc thanh ghi/cụm","register_name":"ActivePower_Total","time":"2025-04-11T17:32:36.9981479+07:00"}
{"byte_length":4,"data_type":"FLOAT32","level":"debug","msg":"Giải mã dữ liệu thanh ghi","raw_bytes_hex":"00000000","register_name":"ActivePower_Total","time":"2025-04-11T17:32:37.0143749+07:00"}
{"address_0based":3061,"address_1based":3062,"count_regs":2,"data_type":"FLOAT32","level":"debug","msg":"Chuẩn bị đọc thanh ghi/cụm","register_name":"ReactivePower_A","time":"2025-04-11T17:32:37.0460243+07:00"}
{"byte_length":4,"data_type":"FLOAT32","level":"debug","msg":"Giải mã dữ liệu thanh ghi","raw_bytes_hex":"00000000","register_name":"ReactivePower_A","time":"2025-04-11T17:32:37.0619266+07:00"}
{"address_0based":3063,"address_1based":3064,"count_regs":2,"data_type":"FLOAT32","level":"debug","msg":"Chuẩn bị đọc thanh ghi/cụm","register_name":"ReactivePower_B","time":"2025-04-11T17:32:37.0936478+07:00"}
{"byte_length":4,"data_type":"FLOAT32","level":"debug","msg":"Giải mã dữ liệu thanh ghi","raw_bytes_hex":"ffc00000","register_name":"ReactivePower_B","time":"2025-04-11T17:32:37.10933+07:00"}
{"address_0based":3065,"address_1based":3066,"count_regs":2,"data_type":"FLOAT32","level":"debug","msg":"Chuẩn bị đọc thanh ghi/cụm","register_name":"ReactivePower_C","time":"2025-04-11T17:32:37.1410676+07:00"}
{"byte_length":4,"data_type":"FLOAT32","level":"debug","msg":"Giải mã dữ liệu thanh ghi","raw_bytes_hex":"ffc00000","register_name":"ReactivePower_C","time":"2025-04-11T17:32:37.1568778+07:00"}
{"address_0based":3067,"address_1based":3068,"count_regs":2,"data_type":"FLOAT32","level":"debug","msg":"Chuẩn bị đọc thanh ghi/cụm","register_name":"ReactivePower_Total","time":"2025-04-11T17:32:37.1887091+07:00"}
{"byte_length":4,"data_type":"FLOAT32","level":"debug","msg":"Giải mã dữ liệu thanh ghi","raw_bytes_hex":"00000000","register_name":"ReactivePower_Total","time":"2025-04-11T17:32:37.204376+07:00"}
{"address_0based":3069,"address_1based":3070,"count_regs":2,"data_type":"FLOAT32","level":"debug","msg":"Chuẩn bị đọc thanh ghi/cụm","register_name":"ApparentPower_A","time":"2025-04-11T17:32:37.2364748+07:00"}
{"byte_length":4,"data_type":"FLOAT32","level":"debug","msg":"Giải mã dữ liệu thanh ghi","raw_bytes_hex":"00000000","register_name":"ApparentPower_A","time":"2025-04-11T17:32:37.2523476+07:00"}
{"address_0based":3071,"address_1based":3072,"count_regs":2,"data_type":"FLOAT32","level":"debug","msg":"Chuẩn bị đọc thanh ghi/cụm","register_name":"ApparentPower_B","time":"2025-04-11T17:32:37.283638+07:00"}
{"byte_length":4,"data_type":"FLOAT32","level":"debug","msg":"Giải mã dữ liệu thanh ghi","raw_bytes_hex":"ffc00000","register_name":"ApparentPower_B","time":"2025-04-11T17:32:37.2992651+07:00"}
{"address_0based":3073,"address_1based":3074,"count_regs":2,"data_type":"FLOAT32","level":"debug","msg":"Chuẩn bị đọc thanh ghi/cụm","register_name":"ApparentPower_C","time":"2025-04-11T17:32:37.3304379+07:00"}
{"byte_length":4,"data_type":"FLOAT32","level":"debug","msg":"Giải mã dữ liệu thanh ghi","raw_bytes_hex":"ffc00000","register_name":"ApparentPower_C","time":"2025-04-11T17:32:37.3461692+07:00"}
{"address_0based":3075,"address_1based":3076,"count_regs":2,"data_type":"FLOAT32","level":"debug","msg":"Chuẩn bị đọc thanh ghi/cụm","register_name":"ApparentPower_Total","time":"2025-04-11T17:32:37.3783829+07:00"}
{"byte_length":4,"data_type":"FLOAT32","level":"debug","msg":"Giải mã dữ liệu thanh ghi","raw_bytes_hex":"00000000","register_name":"ApparentPower_Total","time":"2025-04-11T17:32:37.3940423+07:00"}
{"address_0based":3077,"address_1based":3078,"count_regs":1,"data_type":"4Q_FP_PF","level":"debug","msg":"Chuẩn bị đọc thanh ghi/cụm","register_name":"PF_A","time":"2025-04-11T17:32:37.4257815+07:00"}
{"error":"modbus: exception '3' (illegal data value), function '131'","exception_code":3,"exception_msg":"Illegal Data Value","level":"error","msg":"Lỗi Modbus từ Slave","slave_id":1,"time":"2025-04-11T17:32:37.441393+07:00"}
{"address_0based":3079,"address_1based":3080,"count_regs":1,"data_type":"4Q_FP_PF","level":"debug","msg":"Chuẩn bị đọc thanh ghi/cụm","register_name":"PF_B","time":"2025-04-11T17:32:37.5050331+07:00"}
{"error":"modbus: exception '3' (illegal data value), function '131'","exception_code":3,"exception_msg":"Illegal Data Value","level":"error","msg":"Lỗi Modbus từ Slave","slave_id":1,"time":"2025-04-11T17:32:37.5206953+07:00"}
{"address_0based":3081,"address_1based":3082,"count_regs":1,"data_type":"4Q_FP_PF","level":"debug","msg":"Chuẩn bị đọc thanh ghi/cụm","register_name":"PF_C","time":"2025-04-11T17:32:37.5841493+07:00"}
{"error":"modbus: exception '3' (illegal data value), function '131'","exception_code":3,"exception_msg":"Illegal Data Value","level":"error","msg":"Lỗi Modbus từ Slave","slave_id":1,"time":"2025-04-11T17:32:37.5997475+07:00"}
{"address_0based":3083,"address_1based":3084,"count_regs":1,"data_type":"4Q_FP_PF","level":"debug","msg":"Chuẩn bị đọc thanh ghi/cụm","register_name":"PF_Total","time":"2025-04-11T17:32:37.6640955+07:00"}
{"error":"modbus: exception '3' (illegal data value), function '131'","exception_code":3,"exception_msg":"Illegal Data Value","level":"error","msg":"Lỗi Modbus từ Slave","slave_id":1,"time":"2025-04-11T17:32:37.6799355+07:00"}
{"address_0based":3109,"address_1based":3110,"count_regs":2,"data_type":"FLOAT32","level":"debug","msg":"Chuẩn bị đọc thanh ghi/cụm","register_name":"Frequency","time":"2025-04-11T17:32:37.7441877+07:00"}
{"byte_length":4,"data_type":"FLOAT32","level":"debug","msg":"Giải mã dữ liệu thanh ghi","raw_bytes_hex":"4248211d","register_name":"Frequency","time":"2025-04-11T17:32:37.7598826+07:00"}
{"address_0based":3803,"address_1based":3804,"count_regs":4,"data_type":"DATETIME","level":"debug","msg":"Chuẩn bị đọc thanh ghi/cụm","register_name":"Peak_Demand_Date_time","time":"2025-04-11T17:32:37.7915443+07:00"}
{"byte_length":8,"data_type":"DATETIME","level":"debug","msg":"Giải mã dữ liệu thanh ghi","raw_bytes_hex":"0019040b0f3936b0","register_name":"Peak_Demand_Date_time","time":"2025-04-11T17:32:37.8234609+07:00"}
{"day":11,"hour":15,"level":"debug","minute":57,"month":4,"msg":"Giải mã DATETIME","raw_bytes_hex":"0019040b0f3936b0","register_name":"Peak_Demand_Date_time","second":54,"time":"2025-04-11T17:32:37.8250542+07:00","year_calc":2025,"year_raw":25}
{"ActivePower_A":0,"ActivePower_B":null,"ActivePower_C":null,"ActivePower_Total":0,"ApparentPower_A":0,"ApparentPower_B":null,"ApparentPower_C":null,"ApparentPower_Total":0,"Current_A":0,"Current_Avg":0,"Current_B":null,"Current_C":null,"Current_G":null,"Current_N":null,"Day_7reg":11,"Day_of_Week_7reg":65535,"Frequency":50.0323,"Hour_7reg":18,"Manufacturer":"Schneider Electric","Meter_Model":"INVALID_UTF8_PATTERN","Millisecond_7reg":0,"Minute_7reg":22,"Month_7reg":4,"PF_A":"READ_ERROR","PF_B":"READ_ERROR","PF_C":"READ_ERROR","PF_Total":"READ_ERROR","Peak_Demand_Date_time":"2025-04-11 15:57:54","ReactivePower_A":0,"ReactivePower_B":null,"ReactivePower_C":null,"ReactivePower_Total":0,"Second_7reg":8,"Voltage_AB":null,"Voltage_AN":233.17,"Voltage_BC":null,"Voltage_BN":null,"Voltage_CA":null,"Voltage_CN":null,"Voltage_LLAvg":null,"Voltage_LNAvg":-0,"Year_7reg":2025,"level":"info","msg":"Modbus Data Read","read_duration_ms":2189,"registers_error":5,"registers_ok":37,"registers_total":42,"slave_id":1,"time":"2025-04-11T17:32:37.8584295+07:00","timestamp_rfc3339":"2025-04-11T17:32:35.6657208+07:00"}
{"address_0based":19,"address_1based":20,"count_regs":10,"data_type":"UTF8","level":"debug","msg":"Chuẩn bị đọc thanh ghi/cụm","register_name":"Meter_Model","time":"2025-04-11T17:32:38.9651334+07:00"}
{"byte_length":20,"data_type":"UTF8","level":"debug","msg":"Giải mã dữ liệu thanh ghi","raw_bytes_hex":"8000800080008000800080008000800080008000","register_name":"Meter_Model","time":"2025-04-11T17:32:38.9968175+07:00"}
{"level":"warning","msg":"Phát hiện dữ liệu UTF8 có vẻ không hợp lệ (pattern 0x8000)","raw_bytes_hex":"8000800080008000800080008000800080008000","register_name":"Meter_Model","time":"2025-04-11T17:32:38.9968175+07:00"}
{"address_0based":69,"address_1based":70,"count_regs":10,"data_type":"UTF8","level":"debug","msg":"Chuẩn bị đọc thanh ghi/cụm","register_name":"Manufacturer","time":"2025-04-11T17:32:39.0286685+07:00"}
{"byte_length":20,"data_type":"UTF8","level":"debug","msg":"Giải mã dữ liệu thanh ghi","raw_bytes_hex":"5363686e656964657220456c6563747269630000","register_name":"Manufacturer","time":"2025-04-11T17:32:39.0598725+07:00"}
{"address_0based":1836,"address_1based":1837,"count_regs":1,"data_type":"INT16U","level":"debug","msg":"Chuẩn bị đọc thanh ghi/cụm","register_name":"Year_7reg","time":"2025-04-11T17:32:39.0915235+07:00"}
{"byte_length":2,"data_type":"INT16U","level":"debug","msg":"Giải mã dữ liệu thanh ghi","raw_bytes_hex":"07e9","register_name":"Year_7reg","time":"2025-04-11T17:32:39.1076364+07:00"}
{"address_0based":1837,"address_1based":1838,"count_regs":1,"data_type":"INT16U","level":"debug","msg":"Chuẩn bị đọc thanh ghi/cụm","register_name":"Month_7reg","time":"2025-04-11T17:32:39.1392879+07:00"}
{"byte_length":2,"data_type":"INT16U","level":"debug","msg":"Giải mã dữ liệu thanh ghi","raw_bytes_hex":"0004","register_name":"Month_7reg","time":"2025-04-11T17:32:39.1553992+07:00"}
{"address_0based":1838,"address_1based":1839,"count_regs":1,"data_type":"INT16U","level":"debug","msg":"Chuẩn bị đọc thanh ghi/cụm","register_name":"Day_7reg","time":"2025-04-11T17:32:39.1872001+07:00"}
{"byte_length":2,"data_type":"INT16U","level":"debug","msg":"Giải mã dữ liệu thanh ghi","raw_bytes_hex":"000b","register_name":"Day_7reg","time":"2025-04-11T17:32:39.2032941+07:00"}
{"address_0based":1839,"address_1based":1840,"count_regs":1,"data_type":"INT16U","level":"debug","msg":"Chuẩn bị đọc thanh ghi/cụm","register_name":"Hour_7reg","time":"2025-04-11T17:32:39.2350326+07:00"}
{"byte_length":2,"data_type":"INT16U","level":"debug","msg":"Giải mã dữ liệu thanh ghi","raw_bytes_hex":"0012","register_name":"Hour_7reg","time":"2025-04-11T17:32:39.2512989+07:00"}
{"address_0based":1840,"address_1based":1841,"count_regs":1,"data_type":"INT16U","level":"debug","msg":"Chuẩn bị đọc thanh ghi/cụm","register_name":"Minute_7reg","time":"2025-04-11T17:32:39.282976+07:00"}
{"byte_length":2,"data_type":"INT16U","level":"debug","msg":"Giải mã dữ liệu thanh ghi","raw_bytes_hex":"0016","register_name":"Minute_7reg","time":"2025-04-11T17:32:39.2985884+07:00"}
{"address_0based":1841,"address_1based":1842,"count_regs":1,"data_type":"INT16U","level":"debug","msg":"Chuẩn bị đọc thanh ghi/cụm","register_name":"Second_7reg","time":"2025-04-11T17:32:39.3303184+07:00"}
{"byte_length":2,"data_type":"INT16U","level":"debug","msg":"Giải mã dữ liệu thanh ghi","raw_bytes_hex":"000b","register_name":"Second_7reg","time":"2025-04-11T17:32:39.346438+07:00"}
{"address_0based":1842,"address_1based":1843,"count_regs":1,"data_type":"INT16U","level":"debug","msg":"Chuẩn bị đọc thanh ghi/cụm","register_name":"Millisecond_7reg","time":"2025-04-11T17:32:39.3780926+07:00"}
{"byte_length":2,"data_type":"INT16U","level":"debug","msg":"Giải mã dữ liệu thanh ghi","raw_bytes_hex":"0000","register_name":"Millisecond_7reg","time":"2025-04-11T17:32:39.3942649+07:00"}
{"address_0based":1843,"address_1based":1844,"count_regs":1,"data_type":"INT16U","level":"debug","msg":"Chuẩn bị đọc thanh ghi/cụm","register_name":"Day_of_Week_7reg","time":"2025-04-11T17:32:39.4259104+07:00"}
{"byte_length":2,"data_type":"INT16U","level":"debug","msg":"Giải mã dữ liệu thanh ghi","raw_bytes_hex":"ffff","register_name":"Day_of_Week_7reg","time":"2025-04-11T17:32:39.4420332+07:00"}
{"address_0based":2999,"address_1based":3000,"count_regs":2,"data_type":"FLOAT32","level":"debug","msg":"Chuẩn bị đọc thanh ghi/cụm","register_name":"Current_A","time":"2025-04-11T17:32:39.4736833+07:00"}
{"byte_length":4,"data_type":"FLOAT32","level":"debug","msg":"Giải mã dữ liệu thanh ghi","raw_bytes_hex":"00000000","register_name":"Current_A","time":"2025-04-11T17:32:39.4898141+07:00"}
{"address_0based":3001,"address_1based":3002,"count_regs":2,"data_type":"FLOAT32","level":"debug","msg":"Chuẩn bị đọc thanh ghi/cụm","register_name":"Current_B","time":"2025-04-11T17:32:39.5214604+07:00"}
{"byte_length":4,"data_type":"FLOAT32","level":"debug","msg":"Giải mã dữ liệu thanh ghi","raw_bytes_hex":"ffc00000","register_name":"Current_B","time":"2025-04-11T17:32:39.5376715+07:00"}
{"address_0based":3003,"address_1based":3004,"count_regs":2,"data_type":"FLOAT32","level":"debug","msg":"Chuẩn bị đọc thanh ghi/cụm","register_name":"Current_C","time":"2025-04-11T17:32:39.5693997+07:00"}
{"byte_length":4,"data_type":"FLOAT32","level":"debug","msg":"Giải mã dữ liệu thanh ghi","raw_bytes_hex":"ffc00000","register_name":"Current_C","time":"2025-04-11T17:32:39.5855382+07:00"}
{"address_0based":3005,"address_1based":3006,"count_regs":2,"data_type":"FLOAT32","level":"debug","msg":"Chuẩn bị đọc thanh ghi/cụm","register_name":"Current_N","time":"2025-04-11T17:32:39.6167097+07:00"}
{"byte_length":4,"data_type":"FLOAT32","level":"debug","msg":"Giải mã dữ liệu thanh ghi","raw_bytes_hex":"ffc00000","register_name":"Current_N","time":"2025-04-11T17:32:39.6328587+07:00"}
{"address_0based":3007,"address_1based":3008,"count_regs":2,"data_type":"FLOAT32","level":"debug","msg":"Chuẩn bị đọc thanh ghi/cụm","register_name":"Current_G","time":"2025-04-11T17:32:39.664127+07:00"}
{"byte_length":4,"data_type":"FLOAT32","level":"debug","msg":"Giải mã dữ liệu thanh ghi","raw_bytes_hex":"ffc00000","register_name":"Current_G","time":"2025-04-11T17:32:39.6803584+07:00"}
{"address_0based":3009,"address_1based":3010,"count_regs":2,"data_type":"FLOAT32","level":"debug","msg":"Chuẩn bị đọc thanh ghi/cụm","register_name":"Current_Avg","time":"2025-04-11T17:32:39.7115293+07:00"}
{"byte_length":4,"data_type":"FLOAT32","level":"debug","msg":"Giải mã dữ liệu thanh ghi","raw_bytes_hex":"00000000","register_name":"Current_Avg","time":"2025-04-11T17:32:39.7272404+07:00"}
{"address_0based":3019,"address_1based":3020,"count_regs":2,"data_type":"FLOAT32","level":"debug","msg":"Chuẩn bị đọc thanh ghi/cụm","register_name":"Voltage_AB","time":"2025-04-11T17:32:39.7588928+07:00"}
{"byte_length":4,"data_type":"FLOAT32","level":"debug","msg":"Giải mã dữ liệu thanh ghi","raw_bytes_hex":"ffc00000","register_name":"Voltage_AB","time":"2025-04-11T17:32:39.7750356+07:00"}
{"address_0based":3021,"address_1based":3022,"count_regs":2,"data_type":"FLOAT32","level":"debug","msg":"Chuẩn bị đọc thanh ghi/cụm","register_name":"Voltage_BC","time":"2025-04-11T17:32:39.8066911+07:00"}
{"byte_length":4,"data_type":"FLOAT32","level":"debug","msg":"Giải mã dữ liệu thanh ghi","raw_bytes_hex":"ffc00000","register_name":"Voltage_BC","time":"2025-04-11T17:32:39.8223916+07:00"}
{"address_0based":3023,"address_1based":3024,"count_regs":2,"data_type":"FLOAT32","level":"debug","msg":"Chuẩn bị đọc thanh ghi/cụm","register_name":"Voltage_CA","time":"2025-04-11T17:32:39.8541554+07:00"}
{"byte_length":4,"data_type":"FLOAT32","level":"debug","msg":"Giải mã dữ liệu thanh ghi","raw_bytes_hex":"ffc00000","register_name":"Voltage_CA","time":"2025-04-11T17:32:39.87024+07:00"}
{"address_0based":3025,"address_1based":3026,"count_regs":2,"data_type":"FLOAT32","level":"debug","msg":"Chuẩn bị đọc thanh ghi/cụm","register_name":"Voltage_LLAvg","time":"2025-04-11T17:32:39.9019814+07:00"}
{"byte_length":4,"data_type":"FLOAT32","level":"debug","msg":"Giải mã dữ liệu thanh ghi","raw_bytes_hex":"ffc00000","register_name":"Voltage_LLAvg","time":"2025-04-11T17:32:39.9180501+07:00"}
{"address_0based":3027,"address_1based":3028,"count_regs":2,"data_type":"FLOAT32","level":"debug","msg":"Chuẩn bị đọc thanh ghi/cụm","register_name":"Voltage_AN","time":"2025-04-11T17:32:39.9497918+07:00"}
{"byte_length":4,"data_type":"FLOAT32","level":"debug","msg":"Giải mã dữ liệu thanh ghi","raw_bytes_hex":"4368f2d9","register_name":"Voltage_AN","time":"2025-04-11T17:32:39.9658879+07:00"}
{"address_0based":3029,"address_1based":3030,"count_regs":2,"data_type":"FLOAT32","level":"debug","msg":"Chuẩn bị đọc thanh ghi/cụm","register_name":"Voltage_BN","time":"2025-04-11T17:32:39.9975454+07:00"}
{"byte_length":4,"data_type":"FLOAT32","level":"debug","msg":"Giải mã dữ liệu thanh ghi","raw_bytes_hex":"ffc00000","register_name":"Voltage_BN","time":"2025-04-11T17:32:40.0137006+07:00"}
{"address_0based":3031,"address_1based":3032,"count_regs":2,"data_type":"FLOAT32","level":"debug","msg":"Chuẩn bị đọc thanh ghi/cụm","register_name":"Voltage_CN","time":"2025-04-11T17:32:40.0454738+07:00"}
{"byte_length":4,"data_type":"FLOAT32","level":"debug","msg":"Giải mã dữ liệu thanh ghi","raw_bytes_hex":"ffc00000","register_name":"Voltage_CN","time":"2025-04-11T17:32:40.0610625+07:00"}
{"address_0based":3033,"address_1based":3034,"count_regs":2,"data_type":"FLOAT32","level":"debug","msg":"Chuẩn bị đọc thanh ghi/cụm","register_name":"Voltage_LNAvg","time":"2025-04-11T17:32:40.0927819+07:00"}
{"byte_length":4,"data_type":"FLOAT32","level":"debug","msg":"Giải mã dữ liệu thanh ghi","raw_bytes_hex":"80008000","register_name":"Voltage_LNAvg","time":"2025-04-11T17:32:40.1089188+07:00"}
{"address_0based":3053,"address_1based":3054,"count_regs":2,"data_type":"FLOAT32","level":"debug","msg":"Chuẩn bị đọc thanh ghi/cụm","register_name":"ActivePower_A","time":"2025-04-11T17:32:40.140162+07:00"}
{"byte_length":4,"data_type":"FLOAT32","level":"debug","msg":"Giải mã dữ liệu thanh ghi","raw_bytes_hex":"00000000","register_name":"ActivePower_A","time":"2025-04-11T17:32:40.1562886+07:00"}
{"address_0based":3055,"address_1based":3056,"count_regs":2,"data_type":"FLOAT32","level":"debug","msg":"Chuẩn bị đọc thanh ghi/cụm","register_name":"ActivePower_B","time":"2025-04-11T17:32:40.1880074+07:00"}
{"byte_length":4,"data_type":"FLOAT32","level":"debug","msg":"Giải mã dữ liệu thanh ghi","raw_bytes_hex":"ffc00000","register_name":"ActivePower_B","time":"2025-04-11T17:32:40.2041445+07:00"}
{"address_0based":3057,"address_1based":3058,"count_regs":2,"data_type":"FLOAT32","level":"debug","msg":"Chuẩn bị đọc thanh ghi/cụm","register_name":"ActivePower_C","time":"2025-04-11T17:32:40.2353763+07:00"}
{"byte_length":4,"data_type":"FLOAT32","level":"debug","msg":"Giải mã dữ liệu thanh ghi","raw_bytes_hex":"ffc00000","register_name":"ActivePower_C","time":"2025-04-11T17:32:40.2520371+07:00"}
{"address_0based":3059,"address_1based":3060,"count_regs":2,"data_type":"FLOAT32","level":"debug","msg":"Chuẩn bị đọc thanh ghi/cụm","register_name":"ActivePower_Total","time":"2025-04-11T17:32:40.2827185+07:00"}
{"byte_length":4,"data_type":"FLOAT32","level":"debug","msg":"Giải mã dữ liệu thanh ghi","raw_bytes_hex":"00000000","register_name":"ActivePower_Total","time":"2025-04-11T17:32:40.2985766+07:00"}
{"address_0based":3061,"address_1based":3062,"count_regs":2,"data_type":"FLOAT32","level":"debug","msg":"Chuẩn bị đọc thanh ghi/cụm","register_name":"ReactivePower_A","time":"2025-04-11T17:32:40.3297499+07:00"}
{"byte_length":4,"data_type":"FLOAT32","level":"debug","msg":"Giải mã dữ liệu thanh ghi","raw_bytes_hex":"00000000","register_name":"ReactivePower_A","time":"2025-04-11T17:32:40.345653+07:00"}
{"address_0based":3063,"address_1based":3064,"count_regs":2,"data_type":"FLOAT32","level":"debug","msg":"Chuẩn bị đọc thanh ghi/cụm","register_name":"ReactivePower_B","time":"2025-04-11T17:32:40.3773111+07:00"}
{"byte_length":4,"data_type":"FLOAT32","level":"debug","msg":"Giải mã dữ liệu thanh ghi","raw_bytes_hex":"ffc00000","register_name":"ReactivePower_B","time":"2025-04-11T17:32:40.3951406+07:00"}
{"address_0based":3065,"address_1based":3066,"count_regs":2,"data_type":"FLOAT32","level":"debug","msg":"Chuẩn bị đọc thanh ghi/cụm","register_name":"ReactivePower_C","time":"2025-04-11T17:32:40.4263599+07:00"}
{"byte_length":4,"data_type":"FLOAT32","level":"debug","msg":"Giải mã dữ liệu thanh ghi","raw_bytes_hex":"ffc00000","register_name":"ReactivePower_C","time":"2025-04-11T17:32:40.4424922+07:00"}
{"address_0based":3067,"address_1based":3068,"count_regs":2,"data_type":"FLOAT32","level":"debug","msg":"Chuẩn bị đọc thanh ghi/cụm","register_name":"ReactivePower_Total","time":"2025-04-11T17:32:40.4741451+07:00"}
{"byte_length":4,"data_type":"FLOAT32","level":"debug","msg":"Giải mã dữ liệu thanh ghi","raw_bytes_hex":"00000000","register_name":"ReactivePower_Total","time":"2025-04-11T17:32:40.4899408+07:00"}
{"address_0based":3069,"address_1based":3070,"count_regs":2,"data_type":"FLOAT32","level":"debug","msg":"Chuẩn bị đọc thanh ghi/cụm","register_name":"ApparentPower_A","time":"2025-04-11T17:32:40.521596+07:00"}
{"byte_length":4,"data_type":"FLOAT32","level":"debug","msg":"Giải mã dữ liệu thanh ghi","raw_bytes_hex":"00000000","register_name":"ApparentPower_A","time":"2025-04-11T17:32:40.5377848+07:00"}
{"address_0based":3071,"address_1based":3072,"count_regs":2,"data_type":"FLOAT32","level":"debug","msg":"Chuẩn bị đọc thanh ghi/cụm","register_name":"ApparentPower_B","time":"2025-04-11T17:32:40.5695006+07:00"}
{"byte_length":4,"data_type":"FLOAT32","level":"debug","msg":"Giải mã dữ liệu thanh ghi","raw_bytes_hex":"ffc00000","register_name":"ApparentPower_B","time":"2025-04-11T17:32:40.5855852+07:00"}
{"address_0based":3073,"address_1based":3074,"count_regs":2,"data_type":"FLOAT32","level":"debug","msg":"Chuẩn bị đọc thanh ghi/cụm","register_name":"ApparentPower_C","time":"2025-04-11T17:32:40.6174229+07:00"}
{"byte_length":4,"data_type":"FLOAT32","level":"debug","msg":"Giải mã dữ liệu thanh ghi","raw_bytes_hex":"ffc00000","register_name":"ApparentPower_C","time":"2025-04-11T17:32:40.6330616+07:00"}
{"address_0based":3075,"address_1based":3076,"count_regs":2,"data_type":"FLOAT32","level":"debug","msg":"Chuẩn bị đọc thanh ghi/cụm","register_name":"ApparentPower_Total","time":"2025-04-11T17:32:40.664308+07:00"}
{"byte_length":4,"data_type":"FLOAT32","level":"debug","msg":"Giải mã dữ liệu thanh ghi","raw_bytes_hex":"00000000","register_name":"ApparentPower_Total","time":"2025-04-11T17:32:40.6804265+07:00"}
{"address_0based":3077,"address_1based":3078,"count_regs":1,"data_type":"4Q_FP_PF","level":"debug","msg":"Chuẩn bị đọc thanh ghi/cụm","register_name":"PF_A","time":"2025-04-11T17:32:40.7122617+07:00"}
{"error":"modbus: exception '3' (illegal data value), function '131'","exception_code":3,"exception_msg":"Illegal Data Value","level":"error","msg":"Lỗi Modbus từ Slave","slave_id":1,"time":"2025-04-11T17:32:40.7278329+07:00"}
{"address_0based":3079,"address_1based":3080,"count_regs":1,"data_type":"4Q_FP_PF","level":"debug","msg":"Chuẩn bị đọc thanh ghi/cụm","register_name":"PF_B","time":"2025-04-11T17:32:40.7907338+07:00"}
{"error":"modbus: exception '3' (illegal data value), function '131'","exception_code":3,"exception_msg":"Illegal Data Value","level":"error","msg":"Lỗi Modbus từ Slave","slave_id":1,"time":"2025-04-11T17:32:40.806918+07:00"}
{"address_0based":3081,"address_1based":3082,"count_regs":1,"data_type":"4Q_FP_PF","level":"debug","msg":"Chuẩn bị đọc thanh ghi/cụm","register_name":"PF_C","time":"2025-04-11T17:32:40.8693187+07:00"}
{"error":"modbus: exception '3' (illegal data value), function '131'","exception_code":3,"exception_msg":"Illegal Data Value","level":"error","msg":"Lỗi Modbus từ Slave","slave_id":1,"time":"2025-04-11T17:32:40.8855189+07:00"}
{"address_0based":3083,"address_1based":3084,"count_regs":1,"data_type":"4Q_FP_PF","level":"debug","msg":"Chuẩn bị đọc thanh ghi/cụm","register_name":"PF_Total","time":"2025-04-11T17:32:40.9479182+07:00"}
{"error":"modbus: exception '3' (illegal data value), function '131'","exception_code":3,"exception_msg":"Illegal Data Value","level":"error","msg":"Lỗi Modbus từ Slave","slave_id":1,"time":"2025-04-11T17:32:40.9640696+07:00"}
{"address_0based":3109,"address_1based":3110,"count_regs":2,"data_type":"FLOAT32","level":"debug","msg":"Chuẩn bị đọc thanh ghi/cụm","register_name":"Frequency","time":"2025-04-11T17:32:41.0274395+07:00"}
{"byte_length":4,"data_type":"FLOAT32","level":"debug","msg":"Giải mã dữ liệu thanh ghi","raw_bytes_hex":"424817b3","register_name":"Frequency","time":"2025-04-11T17:32:41.0431615+07:00"}
{"address_0based":3803,"address_1based":3804,"count_regs":4,"data_type":"DATETIME","level":"debug","msg":"Chuẩn bị đọc thanh ghi/cụm","register_name":"Peak_Demand_Date_time","time":"2025-04-11T17:32:41.0748782+07:00"}
{"byte_length":8,"data_type":"DATETIME","level":"debug","msg":"Giải mã dữ liệu thanh ghi","raw_bytes_hex":"0019040b0f3936b0","register_name":"Peak_Demand_Date_time","time":"2025-04-11T17:32:41.1065331+07:00"}
{"day":11,"hour":15,"level":"debug","minute":57,"month":4,"msg":"Giải mã DATETIME","raw_bytes_hex":"0019040b0f3936b0","register_name":"Peak_Demand_Date_time","second":54,"time":"2025-04-11T17:32:41.1065331+07:00","year_calc":2025,"year_raw":25}
{"ActivePower_A":0,"ActivePower_B":null,"ActivePower_C":null,"ActivePower_Total":0,"ApparentPower_A":0,"ApparentPower_B":null,"ApparentPower_C":null,"ApparentPower_Total":0,"Current_A":0,"Current_Avg":0,"Current_B":null,"Current_C":null,"Current_G":null,"Current_N":null,"Day_7reg":11,"Day_of_Week_7reg":65535,"Frequency":50.0231,"Hour_7reg":18,"Manufacturer":"Schneider Electric","Meter_Model":"INVALID_UTF8_PATTERN","Millisecond_7reg":0,"Minute_7reg":22,"Month_7reg":4,"PF_A":"READ_ERROR","PF_B":"READ_ERROR","PF_C":"READ_ERROR","PF_Total":"READ_ERROR","Peak_Demand_Date_time":"2025-04-11 15:57:54","ReactivePower_A":0,"ReactivePower_B":null,"ReactivePower_C":null,"ReactivePower_Total":0,"Second_7reg":11,"Voltage_AB":null,"Voltage_AN":232.9486,"Voltage_BC":null,"Voltage_BN":null,"Voltage_CA":null,"Voltage_CN":null,"Voltage_LLAvg":null,"Voltage_LNAvg":-0,"Year_7reg":2025,"level":"info","msg":"Modbus Data Read","read_duration_ms":2173,"registers_error":5,"registers_ok":37,"registers_total":42,"slave_id":1,"time":"2025-04-11T17:32:41.1417265+07:00","timestamp_rfc3339":"2025-04-11T17:32:38.9651334+07:00"}
