{"address_0based":19,"address_1based":20,"count_regs":10,"data_type":"UTF8","level":"debug","msg":"Chuẩn bị đọc thanh ghi/cụm","register_name":"Meter_Model","time":"2025-04-11T17:28:47.499992+07:00"}
{"byte_length":20,"data_type":"UTF8","level":"debug","msg":"Giải mã dữ liệu thanh ghi","raw_bytes":"8000800080008000800080008000800080008000","register_name":"Meter_Model","time":"2025-04-11T17:28:47.5302915+07:00"}
{"decoded_string":"\ufffd\u0000\ufffd\u0000\ufffd\u0000\ufffd\u0000\ufffd\u0000\ufffd\u0000\ufffd\u0000\ufffd\u0000\ufffd\u0000\ufffd","level":"warning","msg":"Chuỗi UTF8 giải mã có thể chứa ký tự không hợp lệ","raw_bytes_hex":"8000800080008000800080008000800080008000","register_name":"Meter_Model","time":"2025-04-11T17:28:47.5302915+07:00"}
{"address_0based":69,"address_1based":70,"count_regs":10,"data_type":"UTF8","level":"debug","msg":"Chuẩn bị đọc thanh ghi/cụm","register_name":"Manufacturer","time":"2025-04-11T17:28:47.5621612+07:00"}
{"byte_length":20,"data_type":"UTF8","level":"debug","msg":"Giải mã dữ liệu thanh ghi","raw_bytes":"5363686e656964657220456c6563747269630000","register_name":"Manufacturer","time":"2025-04-11T17:28:47.5940198+07:00"}
{"address_0based":1836,"address_1based":1837,"count_regs":1,"data_type":"INT16U","level":"debug","msg":"Chuẩn bị đọc thanh ghi/cụm","register_name":"Year_7reg","time":"2025-04-11T17:28:47.6257183+07:00"}
{"byte_length":2,"data_type":"INT16U","level":"debug","msg":"Giải mã dữ liệu thanh ghi","raw_bytes":"07e9","register_name":"Year_7reg","time":"2025-04-11T17:28:47.6413373+07:00"}
{"address_0based":1837,"address_1based":1838,"count_regs":1,"data_type":"INT16U","level":"debug","msg":"Chuẩn bị đọc thanh ghi/cụm","register_name":"Month_7reg","time":"2025-04-11T17:28:47.6735387+07:00"}
{"byte_length":2,"data_type":"INT16U","level":"debug","msg":"Giải mã dữ liệu thanh ghi","raw_bytes":"0004","register_name":"Month_7reg","time":"2025-04-11T17:28:47.6896561+07:00"}
{"address_0based":1838,"address_1based":1839,"count_regs":1,"data_type":"INT16U","level":"debug","msg":"Chuẩn bị đọc thanh ghi/cụm","register_name":"Day_7reg","time":"2025-04-11T17:28:47.7213111+07:00"}
{"byte_length":2,"data_type":"INT16U","level":"debug","msg":"Giải mã dữ liệu thanh ghi","raw_bytes":"000b","register_name":"Day_7reg","time":"2025-04-11T17:28:47.7374428+07:00"}
{"address_0based":1839,"address_1based":1840,"count_regs":1,"data_type":"INT16U","level":"debug","msg":"Chuẩn bị đọc thanh ghi/cụm","register_name":"Hour_7reg","time":"2025-04-11T17:28:47.7687529+07:00"}
{"byte_length":2,"data_type":"INT16U","level":"debug","msg":"Giải mã dữ liệu thanh ghi","raw_bytes":"0012","register_name":"Hour_7reg","time":"2025-04-11T17:28:47.7849495+07:00"}
{"address_0based":1840,"address_1based":1841,"count_regs":1,"data_type":"INT16U","level":"debug","msg":"Chuẩn bị đọc thanh ghi/cụm","register_name":"Minute_7reg","time":"2025-04-11T17:28:47.8163717+07:00"}
{"byte_length":2,"data_type":"INT16U","level":"debug","msg":"Giải mã dữ liệu thanh ghi","raw_bytes":"0012","register_name":"Minute_7reg","time":"2025-04-11T17:28:47.8319864+07:00"}
{"address_0based":1841,"address_1based":1842,"count_regs":1,"data_type":"INT16U","level":"debug","msg":"Chuẩn bị đọc thanh ghi/cụm","register_name":"Second_7reg","time":"2025-04-11T17:28:47.8636136+07:00"}
{"byte_length":2,"data_type":"INT16U","level":"debug","msg":"Giải mã dữ liệu thanh ghi","raw_bytes":"0014","register_name":"Second_7reg","time":"2025-04-11T17:28:47.8798235+07:00"}
{"address_0based":1842,"address_1based":1843,"count_regs":1,"data_type":"INT16U","level":"debug","msg":"Chuẩn bị đọc thanh ghi/cụm","register_name":"Millisecond_7reg","time":"2025-04-11T17:28:47.9115286+07:00"}
{"byte_length":2,"data_type":"INT16U","level":"debug","msg":"Giải mã dữ liệu thanh ghi","raw_bytes":"0000","register_name":"Millisecond_7reg","time":"2025-04-11T17:28:47.9271757+07:00"}
{"address_0based":1843,"address_1based":1844,"count_regs":1,"data_type":"INT16U","level":"debug","msg":"Chuẩn bị đọc thanh ghi/cụm","register_name":"Day_of_Week_7reg","time":"2025-04-11T17:28:47.9589846+07:00"}
{"byte_length":2,"data_type":"INT16U","level":"debug","msg":"Giải mã dữ liệu thanh ghi","raw_bytes":"ffff","register_name":"Day_of_Week_7reg","time":"2025-04-11T17:28:47.9746137+07:00"}
{"address_0based":2999,"address_1based":3000,"count_regs":2,"data_type":"FLOAT32","level":"debug","msg":"Chuẩn bị đọc thanh ghi/cụm","register_name":"Current_A","time":"2025-04-11T17:28:48.006411+07:00"}
{"byte_length":4,"data_type":"FLOAT32","level":"debug","msg":"Giải mã dữ liệu thanh ghi","raw_bytes":"00000000","register_name":"Current_A","time":"2025-04-11T17:28:48.0225657+07:00"}
{"address_0based":3001,"address_1based":3002,"count_regs":2,"data_type":"FLOAT32","level":"debug","msg":"Chuẩn bị đọc thanh ghi/cụm","register_name":"Current_B","time":"2025-04-11T17:28:48.0542384+07:00"}
{"byte_length":4,"data_type":"FLOAT32","level":"debug","msg":"Giải mã dữ liệu thanh ghi","raw_bytes":"ffc00000","register_name":"Current_B","time":"2025-04-11T17:28:48.0700815+07:00"}
{"address_0based":3003,"address_1based":3004,"count_regs":2,"data_type":"FLOAT32","level":"debug","msg":"Chuẩn bị đọc thanh ghi/cụm","register_name":"Current_C","time":"2025-04-11T17:28:48.0910759+07:00"}
{"byte_length":4,"data_type":"FLOAT32","level":"debug","msg":"Giải mã dữ liệu thanh ghi","raw_bytes":"ffc00000","register_name":"Current_C","time":"2025-04-11T17:28:48.1160763+07:00"}
{"address_0based":3005,"address_1based":3006,"count_regs":2,"data_type":"FLOAT32","level":"debug","msg":"Chuẩn bị đọc thanh ghi/cụm","register_name":"Current_N","time":"2025-04-11T17:28:48.1478882+07:00"}
{"byte_length":4,"data_type":"FLOAT32","level":"debug","msg":"Giải mã dữ liệu thanh ghi","raw_bytes":"ffc00000","register_name":"Current_N","time":"2025-04-11T17:28:48.163502+07:00"}
{"address_0based":3007,"address_1based":3008,"count_regs":2,"data_type":"FLOAT32","level":"debug","msg":"Chuẩn bị đọc thanh ghi/cụm","register_name":"Current_G","time":"2025-04-11T17:28:48.195692+07:00"}
{"byte_length":4,"data_type":"FLOAT32","level":"debug","msg":"Giải mã dữ liệu thanh ghi","raw_bytes":"ffc00000","register_name":"Current_G","time":"2025-04-11T17:28:48.2108241+07:00"}
{"address_0based":3009,"address_1based":3010,"count_regs":2,"data_type":"FLOAT32","level":"debug","msg":"Chuẩn bị đọc thanh ghi/cụm","register_name":"Current_Avg","time":"2025-04-11T17:28:48.2430222+07:00"}
{"byte_length":4,"data_type":"FLOAT32","level":"debug","msg":"Giải mã dữ liệu thanh ghi","raw_bytes":"00000000","register_name":"Current_Avg","time":"2025-04-11T17:28:48.2588098+07:00"}
{"address_0based":3019,"address_1based":3020,"count_regs":2,"data_type":"FLOAT32","level":"debug","msg":"Chuẩn bị đọc thanh ghi/cụm","register_name":"Voltage_AB","time":"2025-04-11T17:28:48.2905145+07:00"}
{"byte_length":4,"data_type":"FLOAT32","level":"debug","msg":"Giải mã dữ liệu thanh ghi","raw_bytes":"ffc00000","register_name":"Voltage_AB","time":"2025-04-11T17:28:48.3065984+07:00"}
{"address_0based":3021,"address_1based":3022,"count_regs":2,"data_type":"FLOAT32","level":"debug","msg":"Chuẩn bị đọc thanh ghi/cụm","register_name":"Voltage_BC","time":"2025-04-11T17:28:48.3382823+07:00"}
{"byte_length":4,"data_type":"FLOAT32","level":"debug","msg":"Giải mã dữ liệu thanh ghi","raw_bytes":"ffc00000","register_name":"Voltage_BC","time":"2025-04-11T17:28:48.3539123+07:00"}
{"address_0based":3023,"address_1based":3024,"count_regs":2,"data_type":"FLOAT32","level":"debug","msg":"Chuẩn bị đọc thanh ghi/cụm","register_name":"Voltage_CA","time":"2025-04-11T17:28:48.3861468+07:00"}
{"byte_length":4,"data_type":"FLOAT32","level":"debug","msg":"Giải mã dữ liệu thanh ghi","raw_bytes":"ffc00000","register_name":"Voltage_CA","time":"2025-04-11T17:28:48.4017101+07:00"}
{"address_0based":3025,"address_1based":3026,"count_regs":2,"data_type":"FLOAT32","level":"debug","msg":"Chuẩn bị đọc thanh ghi/cụm","register_name":"Voltage_LLAvg","time":"2025-04-11T17:28:48.4335463+07:00"}
{"byte_length":4,"data_type":"FLOAT32","level":"debug","msg":"Giải mã dữ liệu thanh ghi","raw_bytes":"ffc00000","register_name":"Voltage_LLAvg","time":"2025-04-11T17:28:48.4497757+07:00"}
{"address_0based":3027,"address_1based":3028,"count_regs":2,"data_type":"FLOAT32","level":"debug","msg":"Chuẩn bị đọc thanh ghi/cụm","register_name":"Voltage_AN","time":"2025-04-11T17:28:48.481118+07:00"}
{"byte_length":4,"data_type":"FLOAT32","level":"debug","msg":"Giải mã dữ liệu thanh ghi","raw_bytes":"436961a4","register_name":"Voltage_AN","time":"2025-04-11T17:28:48.4968054+07:00"}
{"address_0based":3029,"address_1based":3030,"count_regs":2,"data_type":"FLOAT32","level":"debug","msg":"Chuẩn bị đọc thanh ghi/cụm","register_name":"Voltage_BN","time":"2025-04-11T17:28:48.5285228+07:00"}
{"byte_length":4,"data_type":"FLOAT32","level":"debug","msg":"Giải mã dữ liệu thanh ghi","raw_bytes":"ffc00000","register_name":"Voltage_BN","time":"2025-04-11T17:28:48.544262+07:00"}
{"address_0based":3031,"address_1based":3032,"count_regs":2,"data_type":"FLOAT32","level":"debug","msg":"Chuẩn bị đọc thanh ghi/cụm","register_name":"Voltage_CN","time":"2025-04-11T17:28:48.5759429+07:00"}
{"byte_length":4,"data_type":"FLOAT32","level":"debug","msg":"Giải mã dữ liệu thanh ghi","raw_bytes":"ffc00000","register_name":"Voltage_CN","time":"2025-04-11T17:28:48.592169+07:00"}
{"address_0based":3033,"address_1based":3034,"count_regs":2,"data_type":"FLOAT32","level":"debug","msg":"Chuẩn bị đọc thanh ghi/cụm","register_name":"Voltage_LNAvg","time":"2025-04-11T17:28:48.6233302+07:00"}
{"byte_length":4,"data_type":"FLOAT32","level":"debug","msg":"Giải mã dữ liệu thanh ghi","raw_bytes":"80008000","register_name":"Voltage_LNAvg","time":"2025-04-11T17:28:48.6395211+07:00"}
{"address_0based":3053,"address_1based":3054,"count_regs":2,"data_type":"FLOAT32","level":"debug","msg":"Chuẩn bị đọc thanh ghi/cụm","register_name":"ActivePower_A","time":"2025-04-11T17:28:48.6711781+07:00"}
{"byte_length":4,"data_type":"FLOAT32","level":"debug","msg":"Giải mã dữ liệu thanh ghi","raw_bytes":"00000000","register_name":"ActivePower_A","time":"2025-04-11T17:28:48.6872595+07:00"}
{"address_0based":3055,"address_1based":3056,"count_regs":2,"data_type":"FLOAT32","level":"debug","msg":"Chuẩn bị đọc thanh ghi/cụm","register_name":"ActivePower_B","time":"2025-04-11T17:28:48.7191179+07:00"}
{"byte_length":4,"data_type":"FLOAT32","level":"debug","msg":"Giải mã dữ liệu thanh ghi","raw_bytes":"ffc00000","register_name":"ActivePower_B","time":"2025-04-11T17:28:48.7350648+07:00"}
{"address_0based":3057,"address_1based":3058,"count_regs":2,"data_type":"FLOAT32","level":"debug","msg":"Chuẩn bị đọc thanh ghi/cụm","register_name":"ActivePower_C","time":"2025-04-11T17:28:48.7664024+07:00"}
{"byte_length":4,"data_type":"FLOAT32","level":"debug","msg":"Giải mã dữ liệu thanh ghi","raw_bytes":"ffc00000","register_name":"ActivePower_C","time":"2025-04-11T17:28:48.7982186+07:00"}
{"address_0based":3059,"address_1based":3060,"count_regs":2,"data_type":"FLOAT32","level":"debug","msg":"Chuẩn bị đọc thanh ghi/cụm","register_name":"ActivePower_Total","time":"2025-04-11T17:28:48.8291039+07:00"}
{"byte_length":4,"data_type":"FLOAT32","level":"debug","msg":"Giải mã dữ liệu thanh ghi","raw_bytes":"00000000","register_name":"ActivePower_Total","time":"2025-04-11T17:28:48.8448694+07:00"}
{"address_0based":3061,"address_1based":3062,"count_regs":2,"data_type":"FLOAT32","level":"debug","msg":"Chuẩn bị đọc thanh ghi/cụm","register_name":"ReactivePower_A","time":"2025-04-11T17:28:48.8766151+07:00"}
{"byte_length":4,"data_type":"FLOAT32","level":"debug","msg":"Giải mã dữ liệu thanh ghi","raw_bytes":"00000000","register_name":"ReactivePower_A","time":"2025-04-11T17:28:48.8924665+07:00"}
{"address_0based":3063,"address_1based":3064,"count_regs":2,"data_type":"FLOAT32","level":"debug","msg":"Chuẩn bị đọc thanh ghi/cụm","register_name":"ReactivePower_B","time":"2025-04-11T17:28:48.9241055+07:00"}
{"byte_length":4,"data_type":"FLOAT32","level":"debug","msg":"Giải mã dữ liệu thanh ghi","raw_bytes":"ffc00000","register_name":"ReactivePower_B","time":"2025-04-11T17:28:48.9402706+07:00"}
{"address_0based":3065,"address_1based":3066,"count_regs":2,"data_type":"FLOAT32","level":"debug","msg":"Chuẩn bị đọc thanh ghi/cụm","register_name":"ReactivePower_C","time":"2025-04-11T17:28:48.9719506+07:00"}
{"byte_length":4,"data_type":"FLOAT32","level":"debug","msg":"Giải mã dữ liệu thanh ghi","raw_bytes":"ffc00000","register_name":"ReactivePower_C","time":"2025-04-11T17:28:49.0041418+07:00"}
{"address_0based":3067,"address_1based":3068,"count_regs":2,"data_type":"FLOAT32","level":"debug","msg":"Chuẩn bị đọc thanh ghi/cụm","register_name":"ReactivePower_Total","time":"2025-04-11T17:28:49.0358444+07:00"}
{"byte_length":4,"data_type":"FLOAT32","level":"debug","msg":"Giải mã dữ liệu thanh ghi","raw_bytes":"00000000","register_name":"ReactivePower_Total","time":"2025-04-11T17:28:49.0519204+07:00"}
{"address_0based":3069,"address_1based":3070,"count_regs":2,"data_type":"FLOAT32","level":"debug","msg":"Chuẩn bị đọc thanh ghi/cụm","register_name":"ApparentPower_A","time":"2025-04-11T17:28:49.0835563+07:00"}
{"byte_length":4,"data_type":"FLOAT32","level":"debug","msg":"Giải mã dữ liệu thanh ghi","raw_bytes":"00000000","register_name":"ApparentPower_A","time":"2025-04-11T17:28:49.0991893+07:00"}
{"address_0based":3071,"address_1based":3072,"count_regs":2,"data_type":"FLOAT32","level":"debug","msg":"Chuẩn bị đọc thanh ghi/cụm","register_name":"ApparentPower_B","time":"2025-04-11T17:28:49.1313964+07:00"}
{"byte_length":4,"data_type":"FLOAT32","level":"debug","msg":"Giải mã dữ liệu thanh ghi","raw_bytes":"ffc00000","register_name":"ApparentPower_B","time":"2025-04-11T17:28:49.1472104+07:00"}
{"address_0based":3073,"address_1based":3074,"count_regs":2,"data_type":"FLOAT32","level":"debug","msg":"Chuẩn bị đọc thanh ghi/cụm","register_name":"ApparentPower_C","time":"2025-04-11T17:28:49.1794785+07:00"}
{"byte_length":4,"data_type":"FLOAT32","level":"debug","msg":"Giải mã dữ liệu thanh ghi","raw_bytes":"ffc00000","register_name":"ApparentPower_C","time":"2025-04-11T17:28:49.1951687+07:00"}
{"address_0based":3075,"address_1based":3076,"count_regs":2,"data_type":"FLOAT32","level":"debug","msg":"Chuẩn bị đọc thanh ghi/cụm","register_name":"ApparentPower_Total","time":"2025-04-11T17:28:49.2263504+07:00"}
{"byte_length":4,"data_type":"FLOAT32","level":"debug","msg":"Giải mã dữ liệu thanh ghi","raw_bytes":"00000000","register_name":"ApparentPower_Total","time":"2025-04-11T17:28:49.2424604+07:00"}
{"address_0based":3077,"address_1based":3078,"count_regs":1,"data_type":"4Q_FP_PF","level":"debug","msg":"Chuẩn bị đọc thanh ghi/cụm","register_name":"PF_A","time":"2025-04-11T17:28:49.2741609+07:00"}
{"error":"modbus: exception '3' (illegal data value), function '131'","exception_code":3,"exception_msg":"Illegal Data Value","level":"error","msg":"Lỗi Modbus từ Slave","slave_id":1,"time":"2025-04-11T17:28:49.2900257+07:00"}
{"address_0based":3079,"address_1based":3080,"count_regs":1,"data_type":"4Q_FP_PF","level":"debug","msg":"Chuẩn bị đọc thanh ghi/cụm","register_name":"PF_B","time":"2025-04-11T17:28:49.3538176+07:00"}
{"error":"modbus: exception '3' (illegal data value), function '131'","exception_code":3,"exception_msg":"Illegal Data Value","level":"error","msg":"Lỗi Modbus từ Slave","slave_id":1,"time":"2025-04-11T17:28:49.3696466+07:00"}
{"address_0based":3081,"address_1based":3082,"count_regs":1,"data_type":"4Q_FP_PF","level":"debug","msg":"Chuẩn bị đọc thanh ghi/cụm","register_name":"PF_C","time":"2025-04-11T17:28:49.43347+07:00"}
{"error":"modbus: exception '3' (illegal data value), function '131'","exception_code":3,"exception_msg":"Illegal Data Value","level":"error","msg":"Lỗi Modbus từ Slave","slave_id":1,"time":"2025-04-11T17:28:49.4491823+07:00"}
{"address_0based":3083,"address_1based":3084,"count_regs":1,"data_type":"4Q_FP_PF","level":"debug","msg":"Chuẩn bị đọc thanh ghi/cụm","register_name":"PF_Total","time":"2025-04-11T17:28:49.5129951+07:00"}
{"error":"modbus: exception '3' (illegal data value), function '131'","exception_code":3,"exception_msg":"Illegal Data Value","level":"error","msg":"Lỗi Modbus từ Slave","slave_id":1,"time":"2025-04-11T17:28:49.5287355+07:00"}
{"address_0based":3109,"address_1based":3110,"count_regs":2,"data_type":"FLOAT32","level":"debug","msg":"Chuẩn bị đọc thanh ghi/cụm","register_name":"Frequency","time":"2025-04-11T17:28:49.5920951+07:00"}
{"byte_length":4,"data_type":"FLOAT32","level":"debug","msg":"Giải mã dữ liệu thanh ghi","raw_bytes":"42484752","register_name":"Frequency","time":"2025-04-11T17:28:49.6082798+07:00"}
{"address_0based":3803,"address_1based":3804,"count_regs":4,"data_type":"DATETIME","level":"debug","msg":"Chuẩn bị đọc thanh ghi/cụm","register_name":"Peak_Demand_Date_time","time":"2025-04-11T17:28:49.6400313+07:00"}
{"byte_length":8,"data_type":"DATETIME","level":"debug","msg":"Giải mã dữ liệu thanh ghi","raw_bytes":"0019040b0f3936b0","register_name":"Peak_Demand_Date_time","time":"2025-04-11T17:28:49.6713518+07:00"}
{"day":11,"hour":15,"level":"debug","minute":57,"month":4,"msg":"Giải mã DATETIME","raw_bytes_hex":"0019040b0f3936b0","register_name":"Peak_Demand_Date_time","second":54,"time":"2025-04-11T17:28:49.6713518+07:00","year":25}
{"day":11,"hour":15,"level":"warning","minute":57,"month":4,"msg":"Giá trị DATETIME đọc được không hợp lệ","register_name":"Peak_Demand_Date_time","second":54,"time":"2025-04-11T17:28:49.6713518+07:00","year":25}
{"ActivePower_A":0,"ActivePower_B":null,"ActivePower_C":null,"ActivePower_Total":0,"ApparentPower_A":0,"ApparentPower_B":null,"ApparentPower_C":null,"ApparentPower_Total":0,"Current_A":0,"Current_Avg":0,"Current_B":null,"Current_C":null,"Current_G":null,"Current_N":null,"Day_7reg":11,"Day_of_Week_7reg":65535,"Frequency":50.0696,"Hour_7reg":18,"Manufacturer":"Schneider Electric","Meter_Model":"\ufffd\u0000\ufffd\u0000\ufffd\u0000\ufffd\u0000\ufffd\u0000\ufffd\u0000\ufffd\u0000\ufffd\u0000\ufffd\u0000\ufffd","Millisecond_7reg":0,"Minute_7reg":18,"Month_7reg":4,"PF_A":"READ_ERROR","PF_B":"READ_ERROR","PF_C":"READ_ERROR","PF_Total":"READ_ERROR","Peak_Demand_Date_time":"INVALID_DATE_VALUE","ReactivePower_A":0,"ReactivePower_B":null,"ReactivePower_C":null,"ReactivePower_Total":0,"Second_7reg":20,"Voltage_AB":null,"Voltage_AN":233.3814,"Voltage_BC":null,"Voltage_BN":null,"Voltage_CA":null,"Voltage_CN":null,"Voltage_LLAvg":null,"Voltage_LNAvg":-0,"Year_7reg":2025,"level":"info","msg":"Modbus Data Read","read_duration_ms":2203,"registers_error":5,"registers_ok":37,"registers_total":42,"slave_id":1,"time":"2025-04-11T17:28:49.7030303+07:00","timestamp_rfc3339":"2025-04-11T17:28:47.499935+07:00"}
